2023-08-02 05:30:43,437  - Loading graph...
2023-08-02 05:30:43,437  - Graph loaded.
2023-08-02 05:30:43,437  - Converting graph to dict...
2023-08-02 05:30:43,437 Graph converted.
2023-08-02 05:30:43,437 Graph - Number of vertices: 11
2023-08-02 05:30:43,437 Graph - Number of edges: 6.0
2023-08-02 05:30:43,465 Capturing larger degree...
2023-08-02 05:30:43,466 Larger degree captured
2023-08-02 05:30:43,481 BFS vertex 7. Time: 0.00010180473327636719s
2023-08-02 05:30:43,481 BFS vertex 1. Time: 0.0001227855682373047s
2023-08-02 05:30:43,482 BFS vertex 2. Time: 0.00011181831359863281s
2023-08-02 05:30:43,482 BFS vertex 4. Time: 0.0001437664031982422s
2023-08-02 05:30:43,482 BFS vertex 9. Time: 2.5987625122070312e-05s
2023-08-02 05:30:43,482 BFS vertex 6. Time: 0.00014472007751464844s
2023-08-02 05:30:43,482 BFS vertex 3. Time: 2.2172927856445312e-05s
2023-08-02 05:30:43,482 BFS vertex 5. Time: 9.775161743164062e-05s
2023-08-02 05:30:43,482 BFS vertex 11. Time: 0.00013756752014160156s
2023-08-02 05:30:43,482 BFS vertex 10. Time: 2.09808349609375e-05s
2023-08-02 05:30:43,482 BFS vertex 8. Time: 0.00010848045349121094s
2023-08-02 05:30:43,486 Saving degreeList on disk...
2023-08-02 05:30:43,486 Saving variable on disk...
2023-08-02 05:30:43,487 Variable saved. Time: 5.964438120524088e-06m
2023-08-02 05:30:43,487 Execution time - BFS: 0.0003661354382832845m
2023-08-02 05:30:43,493 Creating degree vectors...
2023-08-02 05:30:43,494 Degree vectors created.
2023-08-02 05:30:43,494 Saving degree vectors...
2023-08-02 05:30:43,494 Saving variable on disk...
2023-08-02 05:30:43,494 Variable saved. Time: 2.8292338053385418e-06m
2023-08-02 05:30:43,494 Using compactDegree: True
2023-08-02 05:30:43,494 Calculations until layer: 6
2023-08-02 05:30:43,495 Split degree List...
2023-08-02 05:30:43,497 Recovering compactDegreeList from disk...
2023-08-02 05:30:43,497 Recovering variable...
2023-08-02 05:30:43,498 Variable recovered. Time: 5.435943603515625e-06m
2023-08-02 05:30:43,498 Recovering degree vector from disk...
2023-08-02 05:30:43,498 Recovering variable...
2023-08-02 05:30:43,498 Variable recovered. Time: 9.377797444661458e-07m
2023-08-02 05:30:43,498 Saving variable on disk...
2023-08-02 05:30:43,498 Variable saved. Time: 9.417533874511719e-07m
2023-08-02 05:30:43,498 Saving variable on disk...
2023-08-02 05:30:43,498 Variable saved. Time: 3.1034151713053387e-06m
2023-08-02 05:30:43,499 degreeList 1 completed.
2023-08-02 05:30:43,499 Recovering compactDegreeList from disk...
2023-08-02 05:30:43,499 Recovering variable...
2023-08-02 05:30:43,499 Variable recovered. Time: 9.457270304361979e-07m
2023-08-02 05:30:43,499 Recovering degree vector from disk...
2023-08-02 05:30:43,499 Recovering variable...
2023-08-02 05:30:43,499 Variable recovered. Time: 5.960464477539062e-07m
2023-08-02 05:30:43,499 Saving variable on disk...
2023-08-02 05:30:43,499 Variable saved. Time: 7.510185241699219e-07m
2023-08-02 05:30:43,499 Saving variable on disk...
2023-08-02 05:30:43,500 Variable saved. Time: 2.5431315104166665e-06m
2023-08-02 05:30:43,500 degreeList 2 completed.
2023-08-02 05:30:43,500 Recovering compactDegreeList from disk...
2023-08-02 05:30:43,500 Recovering variable...
2023-08-02 05:30:43,500 Variable recovered. Time: 8.265177408854167e-07m
2023-08-02 05:30:43,500 Recovering degree vector from disk...
2023-08-02 05:30:43,500 Recovering variable...
2023-08-02 05:30:43,500 Variable recovered. Time: 4.847844441731771e-07m
2023-08-02 05:30:43,500 Saving variable on disk...
2023-08-02 05:30:43,500 Variable saved. Time: 6.556510925292969e-07m
2023-08-02 05:30:43,501 Saving variable on disk...
2023-08-02 05:30:43,501 Variable saved. Time: 2.4278958638509115e-06m
2023-08-02 05:30:43,501 degreeList 3 completed.
2023-08-02 05:30:43,501 Recovering compactDegreeList from disk...
2023-08-02 05:30:43,501 Recovering variable...
2023-08-02 05:30:43,501 Variable recovered. Time: 8.662541707356771e-07m
2023-08-02 05:30:43,501 Recovering degree vector from disk...
2023-08-02 05:30:43,501 Recovering variable...
2023-08-02 05:30:43,501 Variable recovered. Time: 5.245208740234375e-07m
2023-08-02 05:30:43,501 Saving variable on disk...
2023-08-02 05:30:43,502 Variable saved. Time: 7.828076680501302e-07m
2023-08-02 05:30:43,502 Saving variable on disk...
2023-08-02 05:30:43,502 Variable saved. Time: 2.8053919474283856e-06m
2023-08-02 05:30:43,502 degreeList 4 completed.
2023-08-02 05:30:43,502 Recovering compactDegreeList from disk...
2023-08-02 05:30:43,502 Recovering variable...
2023-08-02 05:30:43,502 Variable recovered. Time: 8.980433146158854e-07m
2023-08-02 05:30:43,502 Recovering degree vector from disk...
2023-08-02 05:30:43,502 Recovering variable...
2023-08-02 05:30:43,503 Variable recovered. Time: 4.569689432779948e-07m
2023-08-02 05:30:43,503 Saving variable on disk...
2023-08-02 05:30:43,503 Variable saved. Time: 7.073084513346354e-07m
2023-08-02 05:30:43,503 Saving variable on disk...
2023-08-02 05:30:43,503 Variable saved. Time: 1.8874804178873699e-06m
2023-08-02 05:30:43,503 degreeList 5 completed.
2023-08-02 05:30:43,503 Recovering compactDegreeList from disk...
2023-08-02 05:30:43,503 Recovering variable...
2023-08-02 05:30:43,503 Variable recovered. Time: 1.430511474609375e-06m
2023-08-02 05:30:43,504 Recovering degree vector from disk...
2023-08-02 05:30:43,504 Recovering variable...
2023-08-02 05:30:43,504 Variable recovered. Time: 7.430712381998698e-07m
2023-08-02 05:30:43,504 Saving variable on disk...
2023-08-02 05:30:43,504 Variable saved. Time: 1.2159347534179687e-06m
2023-08-02 05:30:43,504 Saving variable on disk...
2023-08-02 05:30:43,504 Variable saved. Time: 3.1312306722005207e-06m
2023-08-02 05:30:43,504 degreeList 6 completed.
2023-08-02 05:30:43,505 Recovering compactDegreeList from disk...
2023-08-02 05:30:43,505 Recovering variable...
2023-08-02 05:30:43,505 Variable recovered. Time: 1.4901161193847656e-06m
2023-08-02 05:30:43,505 Recovering degree vector from disk...
2023-08-02 05:30:43,505 Recovering variable...
2023-08-02 05:30:43,505 Variable recovered. Time: 7.311503092447917e-07m
2023-08-02 05:30:43,505 Saving variable on disk...
2023-08-02 05:30:43,505 Variable saved. Time: 9.218851725260417e-07m
2023-08-02 05:30:43,505 Saving variable on disk...
2023-08-02 05:30:43,506 Variable saved. Time: 2.7100245157877605e-06m
2023-08-02 05:30:43,506 degreeList 7 completed.
2023-08-02 05:30:43,506 Recovering compactDegreeList from disk...
2023-08-02 05:30:43,506 Recovering variable...
2023-08-02 05:30:43,506 Variable recovered. Time: 9.298324584960937e-07m
2023-08-02 05:30:43,506 Recovering degree vector from disk...
2023-08-02 05:30:43,506 Recovering variable...
2023-08-02 05:30:43,506 Variable recovered. Time: 3.973642985026042e-07m
2023-08-02 05:30:43,506 Saving variable on disk...
2023-08-02 05:30:43,507 Variable saved. Time: 7.867813110351562e-07m
2023-08-02 05:30:43,507 Saving variable on disk...
2023-08-02 05:30:43,507 Variable saved. Time: 2.5033950805664062e-06m
2023-08-02 05:30:43,507 degreeList 8 completed.
2023-08-02 05:30:43,510 Executing part 1...
2023-08-02 05:30:43,520 Executing part 2...
2023-08-02 05:30:43,521 Executing part 3...
2023-08-02 05:30:43,521 Executing part 4...
2023-08-02 05:30:43,521 Executing part 5...
2023-08-02 05:30:43,521 Executing part 6...
2023-08-02 05:30:43,521 Executing part 7...
2023-08-02 05:30:43,521 Recovering variable...
2023-08-02 05:30:43,522 Variable recovered. Time: 8.066495259602865e-07m
2023-08-02 05:30:43,522 Recovering variable...
2023-08-02 05:30:43,522 Executing part 8...
2023-08-02 05:30:43,522 Receiving results...
2023-08-02 05:30:43,522 Recovering variable...
2023-08-02 05:30:43,522 Variable recovered. Time: 1.0251998901367187e-06m
2023-08-02 05:30:43,522 Variable recovered. Time: 4.061063130696615e-06m
2023-08-02 05:30:43,522 Recovering variable...
2023-08-02 05:30:43,522 Recovering variable...
2023-08-02 05:30:43,522 Variable recovered. Time: 8.821487426757813e-07m
2023-08-02 05:30:43,522 Recovering variable...
2023-08-02 05:30:43,522 Variable recovered. Time: 3.6478042602539064e-06m
2023-08-02 05:30:43,522 fastDTW between vertices (7, 1). Time: 0.0002503395080566406s
2023-08-02 05:30:43,522 fastDTW between vertices (7, 9). Time: 2.8133392333984375e-05s
2023-08-02 05:30:43,522 fastDTW between vertices (7, 2). Time: 2.4318695068359375e-05s
2023-08-02 05:30:43,522 Variable recovered. Time: 3.111362457275391e-06m
2023-08-02 05:30:43,522 fastDTW between vertices (7, 4). Time: 2.3365020751953125e-05s
2023-08-02 05:30:43,522 fastDTW between vertices (1, 7). Time: 0.0002002716064453125s
2023-08-02 05:30:43,522 fastDTW between vertices (7, 6). Time: 2.288818359375e-05s
2023-08-02 05:30:43,523 fastDTW between vertices (7, 11). Time: 2.5510787963867188e-05s
2023-08-02 05:30:43,523 fastDTW between vertices (1, 9). Time: 2.86102294921875e-05s
2023-08-02 05:30:43,523 fastDTW between vertices (7, 5). Time: 2.2649765014648438e-05s
2023-08-02 05:30:43,523 fastDTW between vertices (1, 2). Time: 2.4318695068359375e-05s
2023-08-02 05:30:43,523 Consolidating distances...
2023-08-02 05:30:43,523 fastDTW between vertices (2, 7). Time: 0.00019216537475585938s
2023-08-02 05:30:43,523 fastDTW between vertices (1, 4). Time: 2.4080276489257812e-05s
2023-08-02 05:30:43,523 Distances consolidated.
2023-08-02 05:30:43,523 Saving variable on disk...
2023-08-02 05:30:43,523 fastDTW between vertices (1, 6). Time: 2.3603439331054688e-05s
2023-08-02 05:30:43,523 fastDTW between vertices (2, 1). Time: 2.7179718017578125e-05s
2023-08-02 05:30:43,523 fastDTW between vertices (1, 11). Time: 2.384185791015625e-05s
2023-08-02 05:30:43,523 fastDTW between vertices (2, 9). Time: 2.3365020751953125e-05s
2023-08-02 05:30:43,523 fastDTW between vertices (1, 5). Time: 2.3365020751953125e-05s
2023-08-02 05:30:43,523 fastDTW between vertices (2, 4). Time: 2.2411346435546875e-05s
2023-08-02 05:30:43,523 fastDTW between vertices (9, 7). Time: 2.3126602172851562e-05s
2023-08-02 05:30:43,523 fastDTW between vertices (2, 6). Time: 3.3855438232421875e-05s
2023-08-02 05:30:43,523 Variable saved. Time: 3.4729639689127604e-06m
2023-08-02 05:30:43,523 fastDTW between vertices (2, 11). Time: 2.8133392333984375e-05s
2023-08-02 05:30:43,523 fastDTW between vertices (9, 1). Time: 3.504753112792969e-05s
2023-08-02 05:30:43,523 fastDTW between vertices (2, 5). Time: 2.5033950805664062e-05s
2023-08-02 05:30:43,523 Recovering variable...
2023-08-02 05:30:43,523 Consolidating distances...
2023-08-02 05:30:43,523 fastDTW between vertices (9, 2). Time: 3.695487976074219e-05s
2023-08-02 05:30:43,523 Distances consolidated.
2023-08-02 05:30:43,523 Saving variable on disk...
2023-08-02 05:30:43,523 fastDTW between vertices (9, 4). Time: 4.00543212890625e-05s
2023-08-02 05:30:43,523 Variable recovered. Time: 8.106231689453125e-07m
2023-08-02 05:30:43,523 Recovering variable...
2023-08-02 05:30:43,523 Recovering variable...
2023-08-02 05:30:43,523 Recovering variable...
2023-08-02 05:30:43,523 fastDTW between vertices (9, 6). Time: 3.528594970703125e-05s
2023-08-02 05:30:43,523 Recovering variable...
2023-08-02 05:30:43,523 Recovering variable...
2023-08-02 05:30:43,523 fastDTW between vertices (9, 11). Time: 3.504753112792969e-05s
2023-08-02 05:30:43,523 Variable recovered. Time: 9.099642435709636e-07m
2023-08-02 05:30:43,523 Variable recovered. Time: 9.894371032714845e-07m
2023-08-02 05:30:43,523 Variable saved. Time: 3.0954678853352863e-06m
2023-08-02 05:30:43,523 Recovering variable...
2023-08-02 05:30:43,523 Recovering variable...
2023-08-02 05:30:43,523 fastDTW between vertices (9, 5). Time: 3.910064697265625e-05s
2023-08-02 05:30:43,523 Variable recovered. Time: 8.304913838704427e-07m
2023-08-02 05:30:43,523 Recovering variable...
2023-08-02 05:30:43,523 Variable recovered. Time: 1.140435536702474e-06m
2023-08-02 05:30:43,523 Consolidating distances...
2023-08-02 05:30:43,523 Recovering variable...
2023-08-02 05:30:43,523 Part 1 completed.
2023-08-02 05:30:43,523 Distances consolidated.
2023-08-02 05:30:43,523 Variable recovered. Time: 4.661083221435547e-06m
2023-08-02 05:30:43,524 Saving variable on disk...
2023-08-02 05:30:43,524 Variable recovered. Time: 4.0888786315917965e-06m
2023-08-02 05:30:43,524 Variable recovered. Time: 4.069010416666667e-06m
2023-08-02 05:30:43,524 Variable recovered. Time: 4.835923512776693e-06m
2023-08-02 05:30:43,524 Part 3 completed.
2023-08-02 05:30:43,524 fastDTW between vertices (4, 7). Time: 0.0002503395080566406s
2023-08-02 05:30:43,524 Variable recovered. Time: 5.737940470377604e-06m
2023-08-02 05:30:43,524 fastDTW between vertices (4, 1). Time: 2.8848648071289062e-05s
2023-08-02 05:30:43,524 fastDTW between vertices (11, 7). Time: 0.0002040863037109375s
2023-08-02 05:30:43,524 Variable saved. Time: 5.49157460530599e-06m
2023-08-02 05:30:43,524 fastDTW between vertices (5, 7). Time: 0.00021696090698242188s
2023-08-02 05:30:43,524 fastDTW between vertices (4, 9). Time: 3.0279159545898438e-05s
2023-08-02 05:30:43,524 fastDTW between vertices (11, 1). Time: 4.0531158447265625e-05s
2023-08-02 05:30:43,524 fastDTW between vertices (6, 7). Time: 0.0002570152282714844s
2023-08-02 05:30:43,524 fastDTW between vertices (5, 1). Time: 3.62396240234375e-05s
2023-08-02 05:30:43,524 fastDTW between vertices (11, 9). Time: 2.6464462280273438e-05s
2023-08-02 05:30:43,524 fastDTW between vertices (4, 2). Time: 6.771087646484375e-05s
2023-08-02 05:30:43,524 fastDTW between vertices (5, 9). Time: 2.4557113647460938e-05s
2023-08-02 05:30:43,524 fastDTW between vertices (6, 1). Time: 4.2438507080078125e-05s
2023-08-02 05:30:43,524 fastDTW between vertices (11, 2). Time: 2.8848648071289062e-05s
2023-08-02 05:30:43,524 fastDTW between vertices (5, 2). Time: 2.3365020751953125e-05s
2023-08-02 05:30:43,524 fastDTW between vertices (4, 6). Time: 5.0067901611328125e-05s
2023-08-02 05:30:43,524 fastDTW between vertices (11, 4). Time: 2.384185791015625e-05s
2023-08-02 05:30:43,524 fastDTW between vertices (8, 7). Time: 0.0002675056457519531s
2023-08-02 05:30:43,524 fastDTW between vertices (5, 4). Time: 2.3603439331054688e-05s
2023-08-02 05:30:43,524 fastDTW between vertices (6, 9). Time: 3.838539123535156e-05s
2023-08-02 05:30:43,524 fastDTW between vertices (11, 6). Time: 2.288818359375e-05s
2023-08-02 05:30:43,524 fastDTW between vertices (8, 1). Time: 3.075599670410156e-05s
2023-08-02 05:30:43,524 fastDTW between vertices (4, 11). Time: 3.6716461181640625e-05s
2023-08-02 05:30:43,524 fastDTW between vertices (5, 6). Time: 2.956390380859375e-05s
2023-08-02 05:30:43,524 fastDTW between vertices (11, 5). Time: 2.2411346435546875e-05s
2023-08-02 05:30:43,524 fastDTW between vertices (6, 2). Time: 3.719329833984375e-05s
2023-08-02 05:30:43,524 fastDTW between vertices (5, 11). Time: 2.5987625122070312e-05s
2023-08-02 05:30:43,524 Consolidating distances...
2023-08-02 05:30:43,524 fastDTW between vertices (8, 9). Time: 3.7670135498046875e-05s
2023-08-02 05:30:43,524 fastDTW between vertices (4, 5). Time: 3.981590270996094e-05s
2023-08-02 05:30:43,524 Part 2 completed.
2023-08-02 05:30:43,524 Distances consolidated.
2023-08-02 05:30:43,524 fastDTW between vertices (10, 7). Time: 2.5272369384765625e-05s
2023-08-02 05:30:43,524 Saving variable on disk...
2023-08-02 05:30:43,524 fastDTW between vertices (6, 4). Time: 5.316734313964844e-05s
2023-08-02 05:30:43,524 fastDTW between vertices (3, 7). Time: 2.9325485229492188e-05s
2023-08-02 05:30:43,524 fastDTW between vertices (8, 2). Time: 4.4345855712890625e-05s
2023-08-02 05:30:43,524 fastDTW between vertices (10, 1). Time: 2.574920654296875e-05s
2023-08-02 05:30:43,524 fastDTW between vertices (3, 1). Time: 2.4080276489257812e-05s
2023-08-02 05:30:43,524 fastDTW between vertices (6, 11). Time: 3.6716461181640625e-05s
2023-08-02 05:30:43,524 fastDTW between vertices (10, 9). Time: 2.3603439331054688e-05s
2023-08-02 05:30:43,524 fastDTW between vertices (8, 4). Time: 3.8623809814453125e-05s
2023-08-02 05:30:43,524 fastDTW between vertices (3, 9). Time: 3.1948089599609375e-05s
2023-08-02 05:30:43,524 fastDTW between vertices (6, 5). Time: 3.62396240234375e-05s
2023-08-02 05:30:43,524 fastDTW between vertices (10, 2). Time: 3.24249267578125e-05s
2023-08-02 05:30:43,524 fastDTW between vertices (8, 6). Time: 2.6941299438476562e-05s
2023-08-02 05:30:43,525 Consolidating distances...
2023-08-02 05:30:43,525 Variable saved. Time: 2.837181091308594e-06m
2023-08-02 05:30:43,525 fastDTW between vertices (10, 4). Time: 2.3603439331054688e-05s
2023-08-02 05:30:43,525 fastDTW between vertices (3, 2). Time: 3.1948089599609375e-05s
2023-08-02 05:30:43,525 fastDTW between vertices (8, 11). Time: 2.3365020751953125e-05s
2023-08-02 05:30:43,525 Distances consolidated.
2023-08-02 05:30:43,525 Consolidating distances...
2023-08-02 05:30:43,525 fastDTW between vertices (10, 6). Time: 2.288818359375e-05s
2023-08-02 05:30:43,525 fastDTW between vertices (3, 4). Time: 2.4080276489257812e-05s
2023-08-02 05:30:43,525 Saving variable on disk...
2023-08-02 05:30:43,525 Distances consolidated.
2023-08-02 05:30:43,525 fastDTW between vertices (10, 11). Time: 2.2411346435546875e-05s
2023-08-02 05:30:43,525 fastDTW between vertices (3, 6). Time: 2.3603439331054688e-05s
2023-08-02 05:30:43,525 Saving variable on disk...
2023-08-02 05:30:43,525 Consolidating distances...
2023-08-02 05:30:43,525 fastDTW between vertices (3, 11). Time: 2.3365020751953125e-05s
2023-08-02 05:30:43,525 Distances consolidated.
2023-08-02 05:30:43,525 Consolidating distances...
2023-08-02 05:30:43,525 Saving variable on disk...
2023-08-02 05:30:43,525 Distances consolidated.
2023-08-02 05:30:43,525 Saving variable on disk...
2023-08-02 05:30:43,525 Part 6 completed.
2023-08-02 05:30:43,525 Variable saved. Time: 2.6384989420572916e-06m
2023-08-02 05:30:43,525 Variable saved. Time: 3.5127003987630206e-06m
2023-08-02 05:30:43,525 Variable saved. Time: 3.902117411295573e-06m
2023-08-02 05:30:43,525 Variable saved. Time: 3.969669342041015e-06m
2023-08-02 05:30:43,525 Part 8 completed.
2023-08-02 05:30:43,526 Part 5 completed.
2023-08-02 05:30:43,526 Part 7 completed.
2023-08-02 05:30:43,526 Part 4 completed.
2023-08-02 05:30:43,531 Creating distance network...
2023-08-02 05:30:43,535 Executing part 1...
2023-08-02 05:30:43,535 Recovering variable...
2023-08-02 05:30:43,535 Variable recovered. Time: 2.09808349609375e-06m
2023-08-02 05:30:43,535 Part 1 executed.
2023-08-02 05:30:43,535 Executing part 2...
2023-08-02 05:30:43,535 Recovering variable...
2023-08-02 05:30:43,535 Variable recovered. Time: 1.2795130411783853e-06m
2023-08-02 05:30:43,535 Part 2 executed.
2023-08-02 05:30:43,535 Executing part 3...
2023-08-02 05:30:43,536 Recovering variable...
2023-08-02 05:30:43,536 Variable recovered. Time: 5.563100179036459e-07m
2023-08-02 05:30:43,536 Part 3 executed.
2023-08-02 05:30:43,536 Executing part 4...
2023-08-02 05:30:43,536 Recovering variable...
2023-08-02 05:30:43,536 Variable recovered. Time: 4.847844441731771e-07m
2023-08-02 05:30:43,536 Part 4 executed.
2023-08-02 05:30:43,536 Executing part 5...
2023-08-02 05:30:43,536 Recovering variable...
2023-08-02 05:30:43,536 Variable recovered. Time: 5.046526590983073e-07m
2023-08-02 05:30:43,536 Part 5 executed.
2023-08-02 05:30:43,536 Executing part 6...
2023-08-02 05:30:43,536 Recovering variable...
2023-08-02 05:30:43,536 Variable recovered. Time: 4.6094258626302084e-07m
2023-08-02 05:30:43,536 Part 6 executed.
2023-08-02 05:30:43,536 Executing part 7...
2023-08-02 05:30:43,536 Recovering variable...
2023-08-02 05:30:43,536 Variable recovered. Time: 6.556510925292969e-07m
2023-08-02 05:30:43,536 Part 7 executed.
2023-08-02 05:30:43,536 Executing part 8...
2023-08-02 05:30:43,536 Recovering variable...
2023-08-02 05:30:43,536 Variable recovered. Time: 5.006790161132813e-07m
2023-08-02 05:30:43,536 Part 8 executed.
2023-08-02 05:30:43,536 Saving variable on disk...
2023-08-02 05:30:43,537 Variable saved. Time: 5.122025807698568e-06m
2023-08-02 05:30:43,537 Saving variable on disk...
2023-08-02 05:30:43,537 Variable saved. Time: 2.205371856689453e-06m
2023-08-02 05:30:43,537 Saving variable on disk...
2023-08-02 05:30:43,537 Variable saved. Time: 6.318092346191406e-07m
2023-08-02 05:30:43,539 - Time - part 1: 0.007999897003173828s
2023-08-02 05:30:43,543 Executing part 1...
2023-08-02 05:30:43,543 Recovering variable...
2023-08-02 05:30:43,543 Variable recovered. Time: 2.2252400716145835e-06m
2023-08-02 05:30:43,543 Part 1 executed.
2023-08-02 05:30:43,543 Executing part 2...
2023-08-02 05:30:43,543 Recovering variable...
2023-08-02 05:30:43,543 Variable recovered. Time: 9.65595245361328e-07m
2023-08-02 05:30:43,543 Part 2 executed.
2023-08-02 05:30:43,543 Executing part 3...
2023-08-02 05:30:43,543 Recovering variable...
2023-08-02 05:30:43,543 Variable recovered. Time: 4.967053731282552e-07m
2023-08-02 05:30:43,543 Part 3 executed.
2023-08-02 05:30:43,544 Executing part 4...
2023-08-02 05:30:43,544 Recovering variable...
2023-08-02 05:30:43,544 Variable recovered. Time: 1.045068105061849e-06m
2023-08-02 05:30:43,544 Part 4 executed.
2023-08-02 05:30:43,544 Executing part 5...
2023-08-02 05:30:43,544 Recovering variable...
2023-08-02 05:30:43,544 Variable recovered. Time: 4.0531158447265624e-07m
2023-08-02 05:30:43,544 Part 5 executed.
2023-08-02 05:30:43,544 Executing part 6...
2023-08-02 05:30:43,544 Recovering variable...
2023-08-02 05:30:43,544 Variable recovered. Time: 4.013379414876302e-07m
2023-08-02 05:30:43,544 Part 6 executed.
2023-08-02 05:30:43,544 Executing part 7...
2023-08-02 05:30:43,544 Recovering variable...
2023-08-02 05:30:43,544 Variable recovered. Time: 5.086263020833333e-07m
2023-08-02 05:30:43,544 Part 7 executed.
2023-08-02 05:30:43,544 Executing part 8...
2023-08-02 05:30:43,544 Recovering variable...
2023-08-02 05:30:43,544 Variable recovered. Time: 3.178914388020833e-07m
2023-08-02 05:30:43,544 Part 8 executed.
2023-08-02 05:30:43,544 Saving variable on disk...
2023-08-02 05:30:43,544 Variable saved. Time: 7.351239522298177e-07m
2023-08-02 05:30:43,544 Saving variable on disk...
2023-08-02 05:30:43,544 Variable saved. Time: 4.6491622924804686e-07m
2023-08-02 05:30:43,544 Saving variable on disk...
2023-08-02 05:30:43,544 Variable saved. Time: 3.536542256673177e-07m
2023-08-02 05:30:43,546 - Time - part 2: 0.007272958755493164s
2023-08-02 05:30:43,546 distance network created.
2023-08-02 05:30:43,546 Transforming distances into weights...
2023-08-02 05:30:43,553 Recovering variable...
2023-08-02 05:30:43,553 Variable recovered. Time: 1.3470649719238282e-06m
2023-08-02 05:30:43,553 Recovering variable...
2023-08-02 05:30:43,553 Variable recovered. Time: 1.8835067749023438e-06m
2023-08-02 05:30:43,553 Executing layer 0...
2023-08-02 05:30:43,554 Saving variable on disk...
2023-08-02 05:30:43,554 Variable saved. Time: 7.0373217264811196e-06m
2023-08-02 05:30:43,554 Saving variable on disk...
2023-08-02 05:30:43,554 Variable saved. Time: 2.181529998779297e-06m
2023-08-02 05:30:43,554 Saving variable on disk...
2023-08-02 05:30:43,555 Variable saved. Time: 1.3907750447591145e-06m
2023-08-02 05:30:43,555 Layer 0 executed.
2023-08-02 05:30:43,555 Recovering variable...
2023-08-02 05:30:43,555 Variable recovered. Time: 3.258387247721354e-07m
2023-08-02 05:30:43,555 Recovering variable...
2023-08-02 05:30:43,555 Variable recovered. Time: 6.635983784993489e-07m
2023-08-02 05:30:43,555 Executing layer 1...
2023-08-02 05:30:43,555 Saving variable on disk...
2023-08-02 05:30:43,555 Variable saved. Time: 3.1987826029459634e-06m
2023-08-02 05:30:43,555 Saving variable on disk...
2023-08-02 05:30:43,555 Variable saved. Time: 1.1920928955078125e-06m
2023-08-02 05:30:43,555 Saving variable on disk...
2023-08-02 05:30:43,556 Variable saved. Time: 1.6649564107259115e-06m
2023-08-02 05:30:43,556 Layer 1 executed.
2023-08-02 05:30:43,556 Recovering variable...
2023-08-02 05:30:43,556 Variable recovered. Time: 2.2649765014648436e-07m
2023-08-02 05:30:43,556 Recovering variable...
2023-08-02 05:30:43,556 Variable recovered. Time: 3.0994415283203126e-07m
2023-08-02 05:30:43,556 Executing layer 2...
2023-08-02 05:30:43,556 Saving variable on disk...
2023-08-02 05:30:43,556 Variable saved. Time: 9.973843892415365e-07m
2023-08-02 05:30:43,556 Saving variable on disk...
2023-08-02 05:30:43,556 Variable saved. Time: 6.477038065592448e-07m
2023-08-02 05:30:43,556 Saving variable on disk...
2023-08-02 05:30:43,556 Variable saved. Time: 5.7220458984375e-07m
2023-08-02 05:30:43,556 Layer 2 executed.
2023-08-02 05:30:43,556 Weights created.
2023-08-02 05:30:43,558 - Time - part 3: 0.011738061904907227s
2023-08-02 05:30:43,561 Consolidating graphs...
2023-08-02 05:30:43,561 Executing layer 0...
2023-08-02 05:30:43,561 Recovering variable...
2023-08-02 05:30:43,561 Variable recovered. Time: 1.0013580322265625e-06m
2023-08-02 05:30:43,561 Layer 0 executed.
2023-08-02 05:30:43,561 Executing layer 1...
2023-08-02 05:30:43,561 Recovering variable...
2023-08-02 05:30:43,561 Variable recovered. Time: 3.894170125325521e-07m
2023-08-02 05:30:43,561 Layer 1 executed.
2023-08-02 05:30:43,561 Executing layer 2...
2023-08-02 05:30:43,561 Recovering variable...
2023-08-02 05:30:43,561 Variable recovered. Time: 1.9470850626627604e-07m
2023-08-02 05:30:43,561 Layer 2 executed.
2023-08-02 05:30:43,561 Saving distancesNets on disk...
2023-08-02 05:30:43,561 Saving variable on disk...
2023-08-02 05:30:43,562 Variable saved. Time: 1.2675921122233072e-06m
2023-08-02 05:30:43,562 Graphs consolidated.
2023-08-02 05:30:43,564 - Time - part 4: 0.005310535430908203s
2023-08-02 05:30:43,566 Executing layer 0...
2023-08-02 05:30:43,567 Recovering variable...
2023-08-02 05:30:43,567 Variable recovered. Time: 3.830591837565104e-06m
2023-08-02 05:30:43,567 Layer 0 executed.
2023-08-02 05:30:43,567 Executing layer 1...
2023-08-02 05:30:43,567 Recovering variable...
2023-08-02 05:30:43,567 Variable recovered. Time: 8.62280527750651e-07m
2023-08-02 05:30:43,567 Layer 1 executed.
2023-08-02 05:30:43,567 Executing layer 2...
2023-08-02 05:30:43,567 Recovering variable...
2023-08-02 05:30:43,567 Variable recovered. Time: 5.006790161132813e-07m
2023-08-02 05:30:43,567 Layer 2 executed.
2023-08-02 05:30:43,567 Saving nets_weights_alias_method_j on disk...
2023-08-02 05:30:43,567 Saving variable on disk...
2023-08-02 05:30:43,568 Variable saved. Time: 4.593531290690104e-06m
2023-08-02 05:30:43,569 - Time - part 5: 0.005441188812255859s
2023-08-02 05:30:43,572 Executing layer 0...
2023-08-02 05:30:43,572 Recovering variable...
2023-08-02 05:30:43,572 Variable recovered. Time: 3.254413604736328e-06m
2023-08-02 05:30:43,572 Layer 0 executed.
2023-08-02 05:30:43,572 Executing layer 1...
2023-08-02 05:30:43,572 Recovering variable...
2023-08-02 05:30:43,572 Variable recovered. Time: 1.136461893717448e-06m
2023-08-02 05:30:43,573 Layer 1 executed.
2023-08-02 05:30:43,573 Executing layer 2...
2023-08-02 05:30:43,573 Recovering variable...
2023-08-02 05:30:43,573 Variable recovered. Time: 3.973642985026042e-07m
2023-08-02 05:30:43,573 Layer 2 executed.
2023-08-02 05:30:43,573 Saving nets_weights_alias_method_q on disk...
2023-08-02 05:30:43,573 Saving variable on disk...
2023-08-02 05:30:43,573 Variable saved. Time: 4.649162292480469e-06m
2023-08-02 05:30:43,575 - Time - part 6: 0.005789279937744141s
2023-08-02 05:30:43,580 Loading distances_nets from disk...
2023-08-02 05:30:43,580 Executing layer 0...
2023-08-02 05:30:43,580 Recovering variable...
2023-08-02 05:30:43,581 Variable recovered. Time: 3.159046173095703e-06m
2023-08-02 05:30:43,581 Layer 0 executed.
2023-08-02 05:30:43,581 Executing layer 1...
2023-08-02 05:30:43,581 Recovering variable...
2023-08-02 05:30:43,581 Variable recovered. Time: 1.0132789611816406e-06m
2023-08-02 05:30:43,581 Layer 1 executed.
2023-08-02 05:30:43,581 Executing layer 2...
2023-08-02 05:30:43,581 Recovering variable...
2023-08-02 05:30:43,581 Variable recovered. Time: 3.894170125325521e-07m
2023-08-02 05:30:43,581 Layer 2 executed.
2023-08-02 05:30:43,581 Saving average_weights on disk...
2023-08-02 05:30:43,581 Saving variable on disk...
2023-08-02 05:30:43,581 Variable saved. Time: 3.266334533691406e-06m
2023-08-02 05:30:43,581 Executing layer 0...
2023-08-02 05:30:43,582 Recovering variable...
2023-08-02 05:30:43,582 Variable recovered. Time: 8.742014567057291e-07m
2023-08-02 05:30:43,582 Layer 0 executed.
2023-08-02 05:30:43,582 Executing layer 1...
2023-08-02 05:30:43,582 Recovering variable...
2023-08-02 05:30:43,582 Variable recovered. Time: 8.225440979003907e-07m
2023-08-02 05:30:43,582 Layer 1 executed.
2023-08-02 05:30:43,582 Executing layer 2...
2023-08-02 05:30:43,582 Recovering variable...
2023-08-02 05:30:43,582 Variable recovered. Time: 3.8544336954752605e-07m
2023-08-02 05:30:43,582 Layer 2 executed.
2023-08-02 05:30:43,582 Saving amount_neighbours on disk...
2023-08-02 05:30:43,582 Saving variable on disk...
2023-08-02 05:30:43,582 Variable saved. Time: 6.953875223795573e-07m
2023-08-02 05:30:43,587 Loading distances_nets on disk...
2023-08-02 05:30:43,587 Recovering variable...
2023-08-02 05:30:43,587 Variable recovered. Time: 1.4901161193847656e-06m
2023-08-02 05:30:43,588 Recovering variable...
2023-08-02 05:30:43,588 Variable recovered. Time: 3.7471453348795573e-06m
2023-08-02 05:30:43,588 Recovering variable...
2023-08-02 05:30:43,588 Variable recovered. Time: 1.5735626220703124e-06m
2023-08-02 05:30:43,588 Recovering variable...
2023-08-02 05:30:43,588 Variable recovered. Time: 2.7418136596679685e-07m
2023-08-02 05:30:43,588 Creating RWs...
2023-08-02 05:30:43,600 Receiving results...
2023-08-02 05:30:43,602 RW - vertex 10. Time : 0.000396728515625s
2023-08-02 05:30:43,603 RW - vertex 6. Time : 0.0002663135528564453s
2023-08-02 05:30:43,603 RW - vertex 8. Time : 0.00020885467529296875s
2023-08-02 05:30:43,603 RW - vertex 11. Time : 0.00023674964904785156s
2023-08-02 05:30:43,603 RW - vertex 10. Time : 0.00039505958557128906s
2023-08-02 05:30:43,603 RW - vertex 7. Time : 0.00020694732666015625s
2023-08-02 05:30:43,603 RW - vertex 6. Time : 0.00021266937255859375s
2023-08-02 05:30:43,603 RW - vertex 10. Time : 0.0004928112030029297s
2023-08-02 05:30:43,604 RW - vertex 8. Time : 0.0002377033233642578s
2023-08-02 05:30:43,604 RW - vertex 2. Time : 0.0002636909484863281s
2023-08-02 05:30:43,604 RW - vertex 10. Time : 0.00034689903259277344s
2023-08-02 05:30:43,604 RW - vertex 10. Time : 0.0005538463592529297s
2023-08-02 05:30:43,604 RW - vertex 6. Time : 0.0004105567932128906s
2023-08-02 05:30:43,604 RW - vertex 10. Time : 0.0005714893341064453s
2023-08-02 05:30:43,604 RW - vertex 11. Time : 0.00025010108947753906s
2023-08-02 05:30:43,604 RW - vertex 1. Time : 0.00025773048400878906s
2023-08-02 05:30:43,604 RW - vertex 6. Time : 0.0002357959747314453s
2023-08-02 05:30:43,604 RW - vertex 6. Time : 0.00024962425231933594s
2023-08-02 05:30:43,604 RW - vertex 7. Time : 0.0002181529998779297s
2023-08-02 05:30:43,604 RW - vertex 4. Time : 0.00023412704467773438s
2023-08-02 05:30:43,604 RW - vertex 6. Time : 0.00036263465881347656s
2023-08-02 05:30:43,604 RW - vertex 8. Time : 0.00021386146545410156s
2023-08-02 05:30:43,604 RW - vertex 8. Time : 0.00040268898010253906s
2023-08-02 05:30:43,604 RW - vertex 8. Time : 0.00022935867309570312s
2023-08-02 05:30:43,604 RW - vertex 10. Time : 0.0005280971527099609s
2023-08-02 05:30:43,604 RW - vertex 10. Time : 0.0006060600280761719s
2023-08-02 05:30:43,605 RW - vertex 2. Time : 0.00022101402282714844s
2023-08-02 05:30:43,605 RW - vertex 3. Time : 0.00023365020751953125s
2023-08-02 05:30:43,605 RW - vertex 11. Time : 0.0002028942108154297s
2023-08-02 05:30:43,605 RW - vertex 11. Time : 0.00022935867309570312s
2023-08-02 05:30:43,605 RW - vertex 1. Time : 0.00020647048950195312s
2023-08-02 05:30:43,605 RW - vertex 9. Time : 0.0001964569091796875s
2023-08-02 05:30:43,605 RW - vertex 8. Time : 0.0003845691680908203s
2023-08-02 05:30:43,605 RW - vertex 11. Time : 0.00040411949157714844s
2023-08-02 05:30:43,605 RW - vertex 6. Time : 0.0004000663757324219s
2023-08-02 05:30:43,605 RW - vertex 7. Time : 0.00020647048950195312s
2023-08-02 05:30:43,605 RW - vertex 7. Time : 0.0002288818359375s
2023-08-02 05:30:43,605 RW - vertex 6. Time : 0.0004813671112060547s
2023-08-02 05:30:43,605 RW - vertex 4. Time : 0.000263214111328125s
2023-08-02 05:30:43,605 RW - vertex 5. Time : 0.00025391578674316406s
2023-08-02 05:30:43,605 RW - vertex 2. Time : 0.0002582073211669922s
2023-08-02 05:30:43,605 RW - vertex 2. Time : 0.00027680397033691406s
2023-08-02 05:30:43,605 RW - vertex 11. Time : 0.00037479400634765625s
2023-08-02 05:30:43,605 RW - vertex 3. Time : 0.00023436546325683594s
2023-08-02 05:30:43,605 RW - vertex 8. Time : 0.0004341602325439453s
2023-08-02 05:30:43,605 RW - vertex 7. Time : 0.0004942417144775391s
2023-08-02 05:30:43,605 RW - vertex 1. Time : 0.00021123886108398438s
2023-08-02 05:30:43,605 RW - vertex 1. Time : 0.00023603439331054688s
2023-08-02 05:30:43,605 RW - vertex 8. Time : 0.0004608631134033203s
2023-08-02 05:30:43,606 RW - vertex 7. Time : 0.00038504600524902344s
2023-08-02 05:30:43,606 RW - vertex 9. Time : 0.0003077983856201172s
2023-08-02 05:30:43,606 RW - vertex 10. Time : 0.00024390220642089844s
2023-08-02 05:30:43,606 RW - vertex 4. Time : 0.0002117156982421875s
2023-08-02 05:30:43,606 Iteration 0 executed.
2023-08-02 05:30:43,606 RW - vertex 4. Time : 0.00022101402282714844s
2023-08-02 05:30:43,606 RW - vertex 11. Time : 0.00037217140197753906s
2023-08-02 05:30:43,606 RW - vertex 2. Time : 0.00045180320739746094s
2023-08-02 05:30:43,606 RW - vertex 5. Time : 0.00020503997802734375s
2023-08-02 05:30:43,606 RW - vertex 6. Time : 0.00021696090698242188s
2023-08-02 05:30:43,606 RW - vertex 3. Time : 0.0002334117889404297s
2023-08-02 05:30:43,606 RW - vertex 11. Time : 0.00047469139099121094s
2023-08-02 05:30:43,606 RW - vertex 3. Time : 0.0002970695495605469s
2023-08-02 05:30:43,606 RW - vertex 2. Time : 0.00036978721618652344s
2023-08-02 05:30:43,606 RW - vertex 8. Time : 0.0002117156982421875s
2023-08-02 05:30:43,606 RW - vertex 7. Time : 0.0004150867462158203s
2023-08-02 05:30:43,606 RW - vertex 9. Time : 0.0002338886260986328s
2023-08-02 05:30:43,606 RW - vertex 9. Time : 0.0002181529998779297s
2023-08-02 05:30:43,606 Iteration 1 executed.
2023-08-02 05:30:43,606 RW - vertex 1. Time : 0.0004756450653076172s
2023-08-02 05:30:43,606 RW - vertex 7. Time : 0.0004661083221435547s
2023-08-02 05:30:43,607 RW - vertex 5. Time : 0.00023674964904785156s
2023-08-02 05:30:43,607 RW - vertex 1. Time : 0.00039887428283691406s
2023-08-02 05:30:43,607 RW - vertex 10. Time : 0.0002503395080566406s
2023-08-02 05:30:43,607 RW - vertex 11. Time : 0.00031256675720214844s
2023-08-02 05:30:43,607 RW - vertex 5. Time : 0.00023412704467773438s
2023-08-02 05:30:43,607 RW - vertex 2. Time : 0.0003986358642578125s
2023-08-02 05:30:43,607 RW - vertex 7. Time : 0.0002167224884033203s
2023-08-02 05:30:43,607 RW - vertex 6. Time : 0.0002243518829345703s
2023-08-02 05:30:43,607 RW - vertex 4. Time : 0.00045037269592285156s
2023-08-02 05:30:43,607 RW - vertex 4. Time : 0.000377655029296875s
2023-08-02 05:30:43,607 RW - vertex 2. Time : 0.0004525184631347656s
2023-08-02 05:30:43,607 RW - vertex 2. Time : 0.00025081634521484375s
2023-08-02 05:30:43,607 RW - vertex 8. Time : 0.0002486705780029297s
2023-08-02 05:30:43,607 Iteration 5 executed.
2023-08-02 05:30:43,607 RW - vertex 1. Time : 0.0004322528839111328s
2023-08-02 05:30:43,607 Iteration 3 executed.
2023-08-02 05:30:43,607 RW - vertex 11. Time : 0.0002002716064453125s
2023-08-02 05:30:43,607 RW - vertex 1. Time : 0.0002048015594482422s
2023-08-02 05:30:43,607 RW - vertex 3. Time : 0.00037670135498046875s
2023-08-02 05:30:43,607 RW - vertex 3. Time : 0.00041222572326660156s
2023-08-02 05:30:43,607 RW - vertex 1. Time : 0.00044798851013183594s
2023-08-02 05:30:43,608 RW - vertex 4. Time : 0.00022649765014648438s
2023-08-02 05:30:43,608 RW - vertex 7. Time : 0.0002257823944091797s
2023-08-02 05:30:43,608 RW - vertex 4. Time : 0.00033974647521972656s
2023-08-02 05:30:43,608 RW - vertex 9. Time : 0.00035858154296875s
2023-08-02 05:30:43,608 RW - vertex 2. Time : 0.00018978118896484375s
2023-08-02 05:30:43,608 RW - vertex 3. Time : 0.00023031234741210938s
2023-08-02 05:30:43,608 RW - vertex 9. Time : 0.00041484832763671875s
2023-08-02 05:30:43,608 RW - vertex 4. Time : 0.0004496574401855469s
2023-08-02 05:30:43,608 RW - vertex 3. Time : 0.00039887428283691406s
2023-08-02 05:30:43,608 RW - vertex 1. Time : 0.0002384185791015625s
2023-08-02 05:30:43,608 RW - vertex 9. Time : 0.000240325927734375s
2023-08-02 05:30:43,608 RW - vertex 5. Time : 0.00040078163146972656s
2023-08-02 05:30:43,608 RW - vertex 4. Time : 0.00022411346435546875s
2023-08-02 05:30:43,608 RW - vertex 5. Time : 0.00019741058349609375s
2023-08-02 05:30:43,608 RW - vertex 5. Time : 0.0004715919494628906s
2023-08-02 05:30:43,608 RW - vertex 9. Time : 0.0003485679626464844s
2023-08-02 05:30:43,608 RW - vertex 3. Time : 0.0004482269287109375s
2023-08-02 05:30:43,609 RW - vertex 3. Time : 0.0002143383026123047s
2023-08-02 05:30:43,609 RW - vertex 9. Time : 0.00021457672119140625s
2023-08-02 05:30:43,609 RW - vertex 9. Time : 0.0002779960632324219s
2023-08-02 05:30:43,609 RW - vertex 5. Time : 0.00035071372985839844s
2023-08-02 05:30:43,609 Iteration 8 executed.
2023-08-02 05:30:43,609 Iteration 4 executed.
2023-08-02 05:30:43,609 Iteration 2 executed.
2023-08-02 05:30:43,609 RW - vertex 5. Time : 0.0002257823944091797s
2023-08-02 05:30:43,609 RW - vertex 5. Time : 0.00025653839111328125s
2023-08-02 05:30:43,610 Iteration 7 executed.
2023-08-02 05:30:43,610 Iteration 9 executed.
2023-08-02 05:30:43,610 Iteration 6 executed.
2023-08-02 05:30:43,613 RWs created. Time: 0.0004194060961405436m
2023-08-02 05:30:43,614 Saving Random Walks on disk...
2023-08-02 05:30:43,618 Initializing creation of the representations...
2023-08-02 05:30:43,618 collecting all words and their counts
2023-08-02 05:30:43,618 {'uri': 'random_walks.txt', 'mode': 'rb', 'buffering': -1, 'encoding': None, 'errors': None, 'newline': None, 'closefd': True, 'opener': None, 'compression': 'infer_from_extension', 'transport_params': None}
2023-08-02 05:30:43,618 PROGRESS: at sentence #0, processed 0 words, keeping 0 word types
2023-08-02 05:30:43,619 collected 11 word types from a corpus of 8800 raw words and 110 sentences
2023-08-02 05:30:43,619 Creating a fresh vocabulary
2023-08-02 05:30:43,620 starting a new internal lifecycle event log for Word2Vec
2023-08-02 05:30:43,620 Word2Vec lifecycle event {'msg': 'effective_min_count=0 retains 11 unique words (100.00% of original 11, drops 0)', 'datetime': '2023-08-02T05:30:43.619652', 'gensim': '4.3.1', 'python': '3.10.9 (main, Mar  1 2023, 18:23:06) [GCC 11.2.0]', 'platform': 'Linux-5.15.90.1-microsoft-standard-WSL2-x86_64-with-glibc2.35', 'event': 'prepare_vocab'}
2023-08-02 05:30:43,620 Word2Vec lifecycle event {'msg': 'effective_min_count=0 leaves 8800 word corpus (100.00% of original 8800, drops 0)', 'datetime': '2023-08-02T05:30:43.620810', 'gensim': '4.3.1', 'python': '3.10.9 (main, Mar  1 2023, 18:23:06) [GCC 11.2.0]', 'platform': 'Linux-5.15.90.1-microsoft-standard-WSL2-x86_64-with-glibc2.35', 'event': 'prepare_vocab'}
2023-08-02 05:30:43,620 deleting the raw counts dictionary of 11 items
2023-08-02 05:30:43,620 sample=0.001 downsamples 11 most-common words
2023-08-02 05:30:43,621 Word2Vec lifecycle event {'msg': 'downsampling leaves estimated 997.6689916159906 word corpus (11.3%% of prior 8800)', 'datetime': '2023-08-02T05:30:43.621018', 'gensim': '4.3.1', 'python': '3.10.9 (main, Mar  1 2023, 18:23:06) [GCC 11.2.0]', 'platform': 'Linux-5.15.90.1-microsoft-standard-WSL2-x86_64-with-glibc2.35', 'event': 'prepare_vocab'}
2023-08-02 05:30:43,621 constructing a huffman tree from 11 words
2023-08-02 05:30:43,621 built huffman tree with maximum node depth 5
2023-08-02 05:30:43,621 estimated required memory for 11 words and 128 dimensions: 24596 bytes
2023-08-02 05:30:43,621 resetting layer weights
2023-08-02 05:30:43,621 Word2Vec lifecycle event {'update': False, 'trim_rule': 'None', 'datetime': '2023-08-02T05:30:43.621770', 'gensim': '4.3.1', 'python': '3.10.9 (main, Mar  1 2023, 18:23:06) [GCC 11.2.0]', 'platform': 'Linux-5.15.90.1-microsoft-standard-WSL2-x86_64-with-glibc2.35', 'event': 'build_vocab'}
2023-08-02 05:30:43,621 Both hierarchical softmax and negative sampling are activated. This is probably a mistake. You should set either 'hs=0' or 'negative=0' to disable one of them. 
2023-08-02 05:30:43,621 Word2Vec lifecycle event {'msg': 'training model with 8 workers on 11 vocabulary and 128 features, using sg=1 hs=1 sample=0.001 negative=5 window=10 shrink_windows=True', 'datetime': '2023-08-02T05:30:43.621890', 'gensim': '4.3.1', 'python': '3.10.9 (main, Mar  1 2023, 18:23:06) [GCC 11.2.0]', 'platform': 'Linux-5.15.90.1-microsoft-standard-WSL2-x86_64-with-glibc2.35', 'event': 'train'}
2023-08-02 05:30:43,623 {'uri': 'random_walks.txt', 'mode': 'rb', 'buffering': -1, 'encoding': None, 'errors': None, 'newline': None, 'closefd': True, 'opener': None, 'compression': 'infer_from_extension', 'transport_params': None}
2023-08-02 05:30:43,624 job loop exiting, total 1 jobs
2023-08-02 05:30:43,624 worker exiting, processed 0 jobs
2023-08-02 05:30:43,625 worker exiting, processed 0 jobs
2023-08-02 05:30:43,625 worker exiting, processed 0 jobs
2023-08-02 05:30:43,625 worker exiting, processed 0 jobs
2023-08-02 05:30:43,625 worker exiting, processed 0 jobs
2023-08-02 05:30:43,625 worker exiting, processed 0 jobs
2023-08-02 05:30:43,625 worker exiting, processed 0 jobs
2023-08-02 05:30:43,625 worker thread finished; awaiting finish of 7 more threads
2023-08-02 05:30:43,626 worker thread finished; awaiting finish of 6 more threads
2023-08-02 05:30:43,626 worker thread finished; awaiting finish of 5 more threads
2023-08-02 05:30:43,626 worker thread finished; awaiting finish of 4 more threads
2023-08-02 05:30:43,626 worker thread finished; awaiting finish of 3 more threads
2023-08-02 05:30:43,626 worker thread finished; awaiting finish of 2 more threads
2023-08-02 05:30:43,626 worker thread finished; awaiting finish of 1 more threads
2023-08-02 05:30:43,628 worker exiting, processed 1 jobs
2023-08-02 05:30:43,628 worker thread finished; awaiting finish of 0 more threads
2023-08-02 05:30:43,628 EPOCH 0: training on 8800 raw words (939 effective words) took 0.0s, 198528 effective words/s
2023-08-02 05:30:43,629 {'uri': 'random_walks.txt', 'mode': 'rb', 'buffering': -1, 'encoding': None, 'errors': None, 'newline': None, 'closefd': True, 'opener': None, 'compression': 'infer_from_extension', 'transport_params': None}
2023-08-02 05:30:43,630 job loop exiting, total 1 jobs
2023-08-02 05:30:43,631 worker exiting, processed 0 jobs
2023-08-02 05:30:43,631 worker exiting, processed 0 jobs
2023-08-02 05:30:43,631 worker exiting, processed 0 jobs
2023-08-02 05:30:43,631 worker exiting, processed 0 jobs
2023-08-02 05:30:43,631 worker exiting, processed 0 jobs
2023-08-02 05:30:43,631 worker exiting, processed 0 jobs
2023-08-02 05:30:43,631 worker exiting, processed 0 jobs
2023-08-02 05:30:43,631 worker thread finished; awaiting finish of 7 more threads
2023-08-02 05:30:43,632 worker thread finished; awaiting finish of 6 more threads
2023-08-02 05:30:43,632 worker thread finished; awaiting finish of 5 more threads
2023-08-02 05:30:43,632 worker thread finished; awaiting finish of 4 more threads
2023-08-02 05:30:43,632 worker thread finished; awaiting finish of 3 more threads
2023-08-02 05:30:43,632 worker thread finished; awaiting finish of 2 more threads
2023-08-02 05:30:43,632 worker thread finished; awaiting finish of 1 more threads
2023-08-02 05:30:43,635 worker exiting, processed 1 jobs
2023-08-02 05:30:43,635 worker thread finished; awaiting finish of 0 more threads
2023-08-02 05:30:43,635 EPOCH 1: training on 8800 raw words (1067 effective words) took 0.0s, 180325 effective words/s
2023-08-02 05:30:43,637 {'uri': 'random_walks.txt', 'mode': 'rb', 'buffering': -1, 'encoding': None, 'errors': None, 'newline': None, 'closefd': True, 'opener': None, 'compression': 'infer_from_extension', 'transport_params': None}
2023-08-02 05:30:43,637 job loop exiting, total 1 jobs
2023-08-02 05:30:43,638 worker exiting, processed 0 jobs
2023-08-02 05:30:43,638 worker exiting, processed 0 jobs
2023-08-02 05:30:43,638 worker exiting, processed 0 jobs
2023-08-02 05:30:43,638 worker exiting, processed 0 jobs
2023-08-02 05:30:43,638 worker exiting, processed 0 jobs
2023-08-02 05:30:43,639 worker exiting, processed 0 jobs
2023-08-02 05:30:43,639 worker exiting, processed 0 jobs
2023-08-02 05:30:43,639 worker thread finished; awaiting finish of 7 more threads
2023-08-02 05:30:43,639 worker thread finished; awaiting finish of 6 more threads
2023-08-02 05:30:43,639 worker thread finished; awaiting finish of 5 more threads
2023-08-02 05:30:43,639 worker thread finished; awaiting finish of 4 more threads
2023-08-02 05:30:43,639 worker thread finished; awaiting finish of 3 more threads
2023-08-02 05:30:43,639 worker thread finished; awaiting finish of 2 more threads
2023-08-02 05:30:43,639 worker thread finished; awaiting finish of 1 more threads
2023-08-02 05:30:43,642 worker exiting, processed 1 jobs
2023-08-02 05:30:43,642 worker thread finished; awaiting finish of 0 more threads
2023-08-02 05:30:43,643 EPOCH 2: training on 8800 raw words (1018 effective words) took 0.0s, 184073 effective words/s
2023-08-02 05:30:43,644 {'uri': 'random_walks.txt', 'mode': 'rb', 'buffering': -1, 'encoding': None, 'errors': None, 'newline': None, 'closefd': True, 'opener': None, 'compression': 'infer_from_extension', 'transport_params': None}
2023-08-02 05:30:43,645 job loop exiting, total 1 jobs
2023-08-02 05:30:43,645 worker exiting, processed 0 jobs
2023-08-02 05:30:43,646 worker exiting, processed 0 jobs
2023-08-02 05:30:43,646 worker exiting, processed 0 jobs
2023-08-02 05:30:43,646 worker exiting, processed 0 jobs
2023-08-02 05:30:43,646 worker exiting, processed 0 jobs
2023-08-02 05:30:43,646 worker exiting, processed 0 jobs
2023-08-02 05:30:43,646 worker exiting, processed 0 jobs
2023-08-02 05:30:43,646 worker thread finished; awaiting finish of 7 more threads
2023-08-02 05:30:43,647 worker thread finished; awaiting finish of 6 more threads
2023-08-02 05:30:43,647 worker thread finished; awaiting finish of 5 more threads
2023-08-02 05:30:43,647 worker thread finished; awaiting finish of 4 more threads
2023-08-02 05:30:43,647 worker thread finished; awaiting finish of 3 more threads
2023-08-02 05:30:43,647 worker thread finished; awaiting finish of 2 more threads
2023-08-02 05:30:43,647 worker thread finished; awaiting finish of 1 more threads
2023-08-02 05:30:43,650 worker exiting, processed 1 jobs
2023-08-02 05:30:43,650 worker thread finished; awaiting finish of 0 more threads
2023-08-02 05:30:43,650 EPOCH 3: training on 8800 raw words (1028 effective words) took 0.0s, 180519 effective words/s
2023-08-02 05:30:43,651 {'uri': 'random_walks.txt', 'mode': 'rb', 'buffering': -1, 'encoding': None, 'errors': None, 'newline': None, 'closefd': True, 'opener': None, 'compression': 'infer_from_extension', 'transport_params': None}
2023-08-02 05:30:43,652 job loop exiting, total 1 jobs
2023-08-02 05:30:43,653 worker exiting, processed 0 jobs
2023-08-02 05:30:43,653 worker exiting, processed 0 jobs
2023-08-02 05:30:43,653 worker exiting, processed 0 jobs
2023-08-02 05:30:43,653 worker exiting, processed 0 jobs
2023-08-02 05:30:43,653 worker exiting, processed 0 jobs
2023-08-02 05:30:43,653 worker exiting, processed 0 jobs
2023-08-02 05:30:43,653 worker exiting, processed 0 jobs
2023-08-02 05:30:43,653 worker thread finished; awaiting finish of 7 more threads
2023-08-02 05:30:43,654 worker thread finished; awaiting finish of 6 more threads
2023-08-02 05:30:43,654 worker thread finished; awaiting finish of 5 more threads
2023-08-02 05:30:43,654 worker thread finished; awaiting finish of 4 more threads
2023-08-02 05:30:43,654 worker thread finished; awaiting finish of 3 more threads
2023-08-02 05:30:43,654 worker thread finished; awaiting finish of 2 more threads
2023-08-02 05:30:43,654 worker thread finished; awaiting finish of 1 more threads
2023-08-02 05:30:43,657 worker exiting, processed 1 jobs
2023-08-02 05:30:43,657 worker thread finished; awaiting finish of 0 more threads
2023-08-02 05:30:43,657 EPOCH 4: training on 8800 raw words (995 effective words) took 0.0s, 186749 effective words/s
2023-08-02 05:30:43,657 Word2Vec lifecycle event {'msg': 'training on 44000 raw words (5047 effective words) took 0.0s, 142258 effective words/s', 'datetime': '2023-08-02T05:30:43.657411', 'gensim': '4.3.1', 'python': '3.10.9 (main, Mar  1 2023, 18:23:06) [GCC 11.2.0]', 'platform': 'Linux-5.15.90.1-microsoft-standard-WSL2-x86_64-with-glibc2.35', 'event': 'train'}
2023-08-02 05:30:43,657 Word2Vec lifecycle event {'params': 'Word2Vec<vocab=11, vector_size=128, alpha=0.025>', 'datetime': '2023-08-02T05:30:43.657496', 'gensim': '4.3.1', 'python': '3.10.9 (main, Mar  1 2023, 18:23:06) [GCC 11.2.0]', 'platform': 'Linux-5.15.90.1-microsoft-standard-WSL2-x86_64-with-glibc2.35', 'event': 'created'}
2023-08-02 05:30:43,657 storing 11x128 projection weights into temp_graph.emb
2023-08-02 05:30:43,657 {'uri': 'temp_graph.emb', 'mode': 'wb', 'buffering': -1, 'encoding': None, 'errors': None, 'newline': None, 'closefd': True, 'opener': None, 'compression': 'infer_from_extension', 'transport_params': None}
2023-08-02 05:30:43,658 Representations created.
