2023-08-02 05:30:43,277  - Loading graph...
2023-08-02 05:30:43,277  - Graph loaded.
2023-08-02 05:30:43,277  - Converting graph to dict...
2023-08-02 05:30:43,277 Graph converted.
2023-08-02 05:30:43,277 Graph - Number of vertices: 28
2023-08-02 05:30:43,277 Graph - Number of edges: 19.0
2023-08-02 05:30:43,290 Capturing larger degree...
2023-08-02 05:30:43,290 Larger degree captured
2023-08-02 05:30:43,304 BFS vertex 11. Time: 0.0001461505889892578s
2023-08-02 05:30:43,304 BFS vertex 1. Time: 2.8133392333984375e-05s
2023-08-02 05:30:43,304 BFS vertex 28. Time: 3.910064697265625e-05s
2023-08-02 05:30:43,304 BFS vertex 25. Time: 7.152557373046875e-06s
2023-08-02 05:30:43,304 BFS vertex 2. Time: 0.000102996826171875s
2023-08-02 05:30:43,304 BFS vertex 17. Time: 2.2649765014648438e-05s
2023-08-02 05:30:43,304 BFS vertex 8. Time: 0.00010418891906738281s
2023-08-02 05:30:43,304 BFS vertex 3. Time: 3.123283386230469e-05s
2023-08-02 05:30:43,304 BFS vertex 19. Time: 0.00010824203491210938s
2023-08-02 05:30:43,305 BFS vertex 4. Time: 2.956390380859375e-05s
2023-08-02 05:30:43,305 BFS vertex 15. Time: 4.2438507080078125e-05s
2023-08-02 05:30:43,305 BFS vertex 23. Time: 4.2438507080078125e-05s
2023-08-02 05:30:43,304 BFS vertex 16. Time: 0.00010967254638671875s
2023-08-02 05:30:43,305 BFS vertex 26. Time: 2.0265579223632812e-05s
2023-08-02 05:30:43,305 BFS vertex 22. Time: 0.00011396408081054688s
2023-08-02 05:30:43,305 BFS vertex 5. Time: 2.3603439331054688e-05s
2023-08-02 05:30:43,305 BFS vertex 18. Time: 9.202957153320312e-05s
2023-08-02 05:30:43,305 BFS vertex 27. Time: 1.8358230590820312e-05s
2023-08-02 05:30:43,305 BFS vertex 7. Time: 2.193450927734375e-05s
2023-08-02 05:30:43,305 BFS vertex 10. Time: 3.0994415283203125e-05s
2023-08-02 05:30:43,305 BFS vertex 13. Time: 1.7642974853515625e-05s
2023-08-02 05:30:43,305 BFS vertex 20. Time: 0.00013780593872070312s
2023-08-02 05:30:43,305 BFS vertex 24. Time: 2.6464462280273438e-05s
2023-08-02 05:30:43,305 BFS vertex 6. Time: 1.7881393432617188e-05s
2023-08-02 05:30:43,305 BFS vertex 12. Time: 4.506111145019531e-05s
2023-08-02 05:30:43,305 BFS vertex 14. Time: 1.0728836059570312e-05s
2023-08-02 05:30:43,305 BFS vertex 21. Time: 5.269050598144531e-05s
2023-08-02 05:30:43,305 BFS vertex 9. Time: 2.3365020751953125e-05s
2023-08-02 05:30:43,309 Saving degreeList on disk...
2023-08-02 05:30:43,309 Saving variable on disk...
2023-08-02 05:30:43,310 Variable saved. Time: 1.1777877807617187e-05m
2023-08-02 05:30:43,310 Execution time - BFS: 0.0003402392069498698m
2023-08-02 05:30:43,314 Creating degree vectors...
2023-08-02 05:30:43,314 Degree vectors created.
2023-08-02 05:30:43,314 Saving degree vectors...
2023-08-02 05:30:43,314 Saving variable on disk...
2023-08-02 05:30:43,314 Variable saved. Time: 2.1775563557942707e-06m
2023-08-02 05:30:43,314 Using compactDegree: True
2023-08-02 05:30:43,314 Calculations until layer: 6
2023-08-02 05:30:43,314 Split degree List...
2023-08-02 05:30:43,317 Recovering compactDegreeList from disk...
2023-08-02 05:30:43,317 Recovering variable...
2023-08-02 05:30:43,317 Variable recovered. Time: 5.916754404703776e-06m
2023-08-02 05:30:43,317 Recovering degree vector from disk...
2023-08-02 05:30:43,317 Recovering variable...
2023-08-02 05:30:43,318 Variable recovered. Time: 8.861223856608073e-07m
2023-08-02 05:30:43,318 Saving variable on disk...
2023-08-02 05:30:43,318 Variable saved. Time: 9.934107462565105e-07m
2023-08-02 05:30:43,318 Saving variable on disk...
2023-08-02 05:30:43,318 Variable saved. Time: 5.499521891276042e-06m
2023-08-02 05:30:43,318 degreeList 1 completed.
2023-08-02 05:30:43,319 Recovering compactDegreeList from disk...
2023-08-02 05:30:43,319 Recovering variable...
2023-08-02 05:30:43,319 Variable recovered. Time: 2.2490819295247396e-06m
2023-08-02 05:30:43,319 Recovering degree vector from disk...
2023-08-02 05:30:43,319 Recovering variable...
2023-08-02 05:30:43,319 Variable recovered. Time: 4.490216573079427e-07m
2023-08-02 05:30:43,319 Saving variable on disk...
2023-08-02 05:30:43,319 Variable saved. Time: 6.516774495442708e-07m
2023-08-02 05:30:43,319 Saving variable on disk...
2023-08-02 05:30:43,319 Variable saved. Time: 3.516674041748047e-06m
2023-08-02 05:30:43,320 degreeList 2 completed.
2023-08-02 05:30:43,320 Recovering compactDegreeList from disk...
2023-08-02 05:30:43,320 Recovering variable...
2023-08-02 05:30:43,320 Variable recovered. Time: 1.811981201171875e-06m
2023-08-02 05:30:43,320 Recovering degree vector from disk...
2023-08-02 05:30:43,320 Recovering variable...
2023-08-02 05:30:43,320 Variable recovered. Time: 5.205472310384114e-07m
2023-08-02 05:30:43,320 Saving variable on disk...
2023-08-02 05:30:43,320 Variable saved. Time: 6.437301635742188e-07m
2023-08-02 05:30:43,320 Saving variable on disk...
2023-08-02 05:30:43,321 Variable saved. Time: 4.414717356363932e-06m
2023-08-02 05:30:43,321 degreeList 3 completed.
2023-08-02 05:30:43,321 Recovering compactDegreeList from disk...
2023-08-02 05:30:43,321 Recovering variable...
2023-08-02 05:30:43,321 Variable recovered. Time: 1.724561055501302e-06m
2023-08-02 05:30:43,321 Recovering degree vector from disk...
2023-08-02 05:30:43,321 Recovering variable...
2023-08-02 05:30:43,321 Variable recovered. Time: 4.3710072835286457e-07m
2023-08-02 05:30:43,322 Saving variable on disk...
2023-08-02 05:30:43,322 Variable saved. Time: 6.635983784993489e-07m
2023-08-02 05:30:43,322 Saving variable on disk...
2023-08-02 05:30:43,322 Variable saved. Time: 3.425280253092448e-06m
2023-08-02 05:30:43,322 degreeList 4 completed.
2023-08-02 05:30:43,322 Recovering compactDegreeList from disk...
2023-08-02 05:30:43,322 Recovering variable...
2023-08-02 05:30:43,322 Variable recovered. Time: 1.9470850626627603e-06m
2023-08-02 05:30:43,323 Recovering degree vector from disk...
2023-08-02 05:30:43,323 Recovering variable...
2023-08-02 05:30:43,323 Variable recovered. Time: 4.569689432779948e-07m
2023-08-02 05:30:43,323 Saving variable on disk...
2023-08-02 05:30:43,323 Variable saved. Time: 6.477038065592448e-07m
2023-08-02 05:30:43,323 Saving variable on disk...
2023-08-02 05:30:43,323 Variable saved. Time: 2.65041987101237e-06m
2023-08-02 05:30:43,323 degreeList 5 completed.
2023-08-02 05:30:43,323 Recovering compactDegreeList from disk...
2023-08-02 05:30:43,323 Recovering variable...
2023-08-02 05:30:43,324 Variable recovered. Time: 1.633167266845703e-06m
2023-08-02 05:30:43,324 Recovering degree vector from disk...
2023-08-02 05:30:43,324 Recovering variable...
2023-08-02 05:30:43,324 Variable recovered. Time: 4.6491622924804686e-07m
2023-08-02 05:30:43,324 Saving variable on disk...
2023-08-02 05:30:43,324 Variable saved. Time: 8.066495259602865e-07m
2023-08-02 05:30:43,324 Saving variable on disk...
2023-08-02 05:30:43,324 Variable saved. Time: 3.353754679361979e-06m
2023-08-02 05:30:43,324 degreeList 6 completed.
2023-08-02 05:30:43,325 Recovering compactDegreeList from disk...
2023-08-02 05:30:43,325 Recovering variable...
2023-08-02 05:30:43,325 Variable recovered. Time: 1.6649564107259115e-06m
2023-08-02 05:30:43,325 Recovering degree vector from disk...
2023-08-02 05:30:43,325 Recovering variable...
2023-08-02 05:30:43,325 Variable recovered. Time: 4.569689432779948e-07m
2023-08-02 05:30:43,325 Saving variable on disk...
2023-08-02 05:30:43,325 Variable saved. Time: 6.437301635742188e-07m
2023-08-02 05:30:43,325 Saving variable on disk...
2023-08-02 05:30:43,325 Variable saved. Time: 2.463658650716146e-06m
2023-08-02 05:30:43,325 degreeList 7 completed.
2023-08-02 05:30:43,326 Recovering compactDegreeList from disk...
2023-08-02 05:30:43,326 Recovering variable...
2023-08-02 05:30:43,326 Variable recovered. Time: 3.1828880310058593e-06m
2023-08-02 05:30:43,326 Recovering degree vector from disk...
2023-08-02 05:30:43,326 Recovering variable...
2023-08-02 05:30:43,326 Variable recovered. Time: 6.67572021484375e-07m
2023-08-02 05:30:43,326 Saving variable on disk...
2023-08-02 05:30:43,326 Variable saved. Time: 1.0331471761067708e-06m
2023-08-02 05:30:43,326 Saving variable on disk...
2023-08-02 05:30:43,327 Variable saved. Time: 4.208087921142578e-06m
2023-08-02 05:30:43,327 degreeList 8 completed.
2023-08-02 05:30:43,329 Executing part 1...
2023-08-02 05:30:43,339 Executing part 2...
2023-08-02 05:30:43,339 Executing part 3...
2023-08-02 05:30:43,339 Executing part 4...
2023-08-02 05:30:43,340 Executing part 5...
2023-08-02 05:30:43,340 Executing part 6...
2023-08-02 05:30:43,340 Executing part 7...
2023-08-02 05:30:43,340 Recovering variable...
2023-08-02 05:30:43,340 Executing part 8...
2023-08-02 05:30:43,340 Receiving results...
2023-08-02 05:30:43,340 Variable recovered. Time: 1.0053316752115886e-06m
2023-08-02 05:30:43,340 Recovering variable...
2023-08-02 05:30:43,340 Recovering variable...
2023-08-02 05:30:43,341 Variable recovered. Time: 9.973843892415365e-07m
2023-08-02 05:30:43,341 Variable recovered. Time: 5.928675333658854e-06m
2023-08-02 05:30:43,341 Recovering variable...
2023-08-02 05:30:43,341 Recovering variable...
2023-08-02 05:30:43,341 Variable recovered. Time: 8.58306884765625e-07m
2023-08-02 05:30:43,341 Recovering variable...
2023-08-02 05:30:43,341 Variable recovered. Time: 5.125999450683594e-06m
2023-08-02 05:30:43,341 fastDTW between vertices (11, 1). Time: 0.0003540515899658203s
2023-08-02 05:30:43,341 fastDTW between vertices (11, 28). Time: 4.076957702636719e-05s
2023-08-02 05:30:43,341 fastDTW between vertices (11, 25). Time: 2.6941299438476562e-05s
2023-08-02 05:30:43,341 Variable recovered. Time: 5.133946736653646e-06m
2023-08-02 05:30:43,341 fastDTW between vertices (11, 2). Time: 2.8848648071289062e-05s
2023-08-02 05:30:43,341 fastDTW between vertices (11, 17). Time: 3.170967102050781e-05s
2023-08-02 05:30:43,341 fastDTW between vertices (2, 28). Time: 0.0002942085266113281s
2023-08-02 05:30:43,341 fastDTW between vertices (11, 3). Time: 2.7894973754882812e-05s
2023-08-02 05:30:43,341 fastDTW between vertices (2, 25). Time: 2.7894973754882812e-05s
2023-08-02 05:30:43,341 fastDTW between vertices (11, 15). Time: 3.886222839355469e-05s
2023-08-02 05:30:43,342 fastDTW between vertices (2, 17). Time: 2.3603439331054688e-05s
2023-08-02 05:30:43,342 fastDTW between vertices (11, 19). Time: 3.886222839355469e-05s
2023-08-02 05:30:43,342 fastDTW between vertices (2, 3). Time: 2.2649765014648438e-05s
2023-08-02 05:30:43,342 fastDTW between vertices (11, 23). Time: 3.8623809814453125e-05s
2023-08-02 05:30:43,342 fastDTW between vertices (2, 15). Time: 2.384185791015625e-05s
2023-08-02 05:30:43,342 fastDTW between vertices (2, 19). Time: 2.3365020751953125e-05s
2023-08-02 05:30:43,342 fastDTW between vertices (8, 4). Time: 0.0003333091735839844s
2023-08-02 05:30:43,342 fastDTW between vertices (11, 26). Time: 3.814697265625e-05s
2023-08-02 05:30:43,341 Recovering variable...
2023-08-02 05:30:43,342 fastDTW between vertices (2, 23). Time: 2.3126602172851562e-05s
2023-08-02 05:30:43,342 fastDTW between vertices (1, 11). Time: 4.124641418457031e-05s
2023-08-02 05:30:43,342 fastDTW between vertices (2, 26). Time: 2.384185791015625e-05s
2023-08-02 05:30:43,342 fastDTW between vertices (8, 11). Time: 6.580352783203125e-05s
2023-08-02 05:30:43,342 Variable recovered. Time: 8.384386698404948e-07m
2023-08-02 05:30:43,342 fastDTW between vertices (1, 28). Time: 3.457069396972656e-05s
2023-08-02 05:30:43,342 Recovering variable...
2023-08-02 05:30:43,342 Recovering variable...
2023-08-02 05:30:43,342 fastDTW between vertices (1, 25). Time: 4.839897155761719e-05s
2023-08-02 05:30:43,342 fastDTW between vertices (8, 1). Time: 8.440017700195312e-05s
2023-08-02 05:30:43,342 fastDTW between vertices (2, 27). Time: 0.00012826919555664062s
2023-08-02 05:30:43,342 fastDTW between vertices (1, 2). Time: 3.2901763916015625e-05s
2023-08-02 05:30:43,342 fastDTW between vertices (8, 28). Time: 5.888938903808594e-05s
2023-08-02 05:30:43,342 fastDTW between vertices (2, 16). Time: 3.790855407714844e-05s
2023-08-02 05:30:43,342 Recovering variable...
2023-08-02 05:30:43,342 Recovering variable...
2023-08-02 05:30:43,342 Recovering variable...
2023-08-02 05:30:43,342 Variable recovered. Time: 1.1444091796875e-06m
2023-08-02 05:30:43,342 fastDTW between vertices (1, 17). Time: 4.1484832763671875e-05s
2023-08-02 05:30:43,342 Recovering variable...
2023-08-02 05:30:43,342 fastDTW between vertices (17, 28). Time: 3.4809112548828125e-05s
2023-08-02 05:30:43,342 fastDTW between vertices (8, 25). Time: 4.291534423828125e-05s
2023-08-02 05:30:43,342 fastDTW between vertices (1, 3). Time: 3.1948089599609375e-05s
2023-08-02 05:30:43,342 fastDTW between vertices (17, 25). Time: 3.0994415283203125e-05s
2023-08-02 05:30:43,342 fastDTW between vertices (8, 2). Time: 4.38690185546875e-05s
2023-08-02 05:30:43,342 Variable recovered. Time: 1.2556711832682292e-06m
2023-08-02 05:30:43,342 Variable recovered. Time: 1.136461893717448e-06m
2023-08-02 05:30:43,342 Variable recovered. Time: 1.2159347534179687e-06m
2023-08-02 05:30:43,342 fastDTW between vertices (1, 15). Time: 3.981590270996094e-05s
2023-08-02 05:30:43,342 fastDTW between vertices (17, 2). Time: 2.5510787963867188e-05s
2023-08-02 05:30:43,342 Variable recovered. Time: 5.3962071736653645e-06m
2023-08-02 05:30:43,342 Recovering variable...
2023-08-02 05:30:43,342 Recovering variable...
2023-08-02 05:30:43,342 Recovering variable...
2023-08-02 05:30:43,342 fastDTW between vertices (1, 19). Time: 3.8623809814453125e-05s
2023-08-02 05:30:43,342 fastDTW between vertices (8, 17). Time: 4.887580871582031e-05s
2023-08-02 05:30:43,342 fastDTW between vertices (17, 3). Time: 3.790855407714844e-05s
2023-08-02 05:30:43,342 fastDTW between vertices (1, 23). Time: 3.933906555175781e-05s
2023-08-02 05:30:43,342 fastDTW between vertices (8, 3). Time: 4.553794860839844e-05s
2023-08-02 05:30:43,342 fastDTW between vertices (17, 15). Time: 3.886222839355469e-05s
2023-08-02 05:30:43,342 fastDTW between vertices (1, 26). Time: 5.412101745605469e-05s
2023-08-02 05:30:43,342 fastDTW between vertices (17, 19). Time: 3.552436828613281e-05s
2023-08-02 05:30:43,342 fastDTW between vertices (8, 15). Time: 6.461143493652344e-05s
2023-08-02 05:30:43,342 fastDTW between vertices (28, 25). Time: 3.075599670410156e-05s
2023-08-02 05:30:43,342 Variable recovered. Time: 6.4015388488769535e-06m
2023-08-02 05:30:43,342 fastDTW between vertices (17, 23). Time: 3.8623809814453125e-05s
2023-08-02 05:30:43,343 fastDTW between vertices (28, 2). Time: 2.4557113647460938e-05s
2023-08-02 05:30:43,343 fastDTW between vertices (8, 19). Time: 6.628036499023438e-05s
2023-08-02 05:30:43,343 fastDTW between vertices (19, 28). Time: 0.0003345012664794922s
2023-08-02 05:30:43,343 Variable recovered. Time: 5.8372815450032554e-06m
2023-08-02 05:30:43,343 fastDTW between vertices (17, 26). Time: 5.936622619628906e-05s
2023-08-02 05:30:43,343 fastDTW between vertices (28, 17). Time: 3.0040740966796875e-05s
2023-08-02 05:30:43,343 Variable recovered. Time: 6.608168284098307e-06m
2023-08-02 05:30:43,343 fastDTW between vertices (19, 25). Time: 3.361701965332031e-05s
2023-08-02 05:30:43,343 fastDTW between vertices (28, 3). Time: 3.147125244140625e-05s
2023-08-02 05:30:43,343 fastDTW between vertices (17, 27). Time: 4.00543212890625e-05s
2023-08-02 05:30:43,343 fastDTW between vertices (4, 8). Time: 8.654594421386719e-05s
2023-08-02 05:30:43,343 Variable recovered. Time: 7.07705815633138e-06m
2023-08-02 05:30:43,343 fastDTW between vertices (19, 2). Time: 3.695487976074219e-05s
2023-08-02 05:30:43,343 fastDTW between vertices (17, 16). Time: 2.4557113647460938e-05s
2023-08-02 05:30:43,343 fastDTW between vertices (28, 15). Time: 4.601478576660156e-05s
2023-08-02 05:30:43,343 fastDTW between vertices (3, 28). Time: 2.2411346435546875e-05s
2023-08-02 05:30:43,343 fastDTW between vertices (4, 11). Time: 6.508827209472656e-05s
2023-08-02 05:30:43,343 fastDTW between vertices (19, 17). Time: 3.743171691894531e-05s
2023-08-02 05:30:43,343 fastDTW between vertices (28, 19). Time: 4.291534423828125e-05s
2023-08-02 05:30:43,343 fastDTW between vertices (3, 25). Time: 2.288818359375e-05s
2023-08-02 05:30:43,343 fastDTW between vertices (16, 28). Time: 0.0002918243408203125s
2023-08-02 05:30:43,343 fastDTW between vertices (19, 3). Time: 5.53131103515625e-05s
2023-08-02 05:30:43,343 fastDTW between vertices (3, 2). Time: 2.8133392333984375e-05s
2023-08-02 05:30:43,343 fastDTW between vertices (28, 23). Time: 5.173683166503906e-05s
2023-08-02 05:30:43,343 fastDTW between vertices (20, 28). Time: 0.00028014183044433594s
2023-08-02 05:30:43,343 fastDTW between vertices (4, 1). Time: 8.58306884765625e-05s
2023-08-02 05:30:43,343 fastDTW between vertices (16, 25). Time: 4.673004150390625e-05s
2023-08-02 05:30:43,343 fastDTW between vertices (3, 17). Time: 2.288818359375e-05s
2023-08-02 05:30:43,343 fastDTW between vertices (22, 28). Time: 0.00026416778564453125s
2023-08-02 05:30:43,343 fastDTW between vertices (20, 25). Time: 2.7894973754882812e-05s
2023-08-02 05:30:43,343 fastDTW between vertices (28, 26). Time: 5.3882598876953125e-05s
2023-08-02 05:30:43,343 fastDTW between vertices (3, 15). Time: 2.288818359375e-05s
2023-08-02 05:30:43,343 fastDTW between vertices (16, 2). Time: 3.743171691894531e-05s
2023-08-02 05:30:43,343 fastDTW between vertices (18, 28). Time: 0.0002644062042236328s
2023-08-02 05:30:43,343 fastDTW between vertices (19, 15). Time: 8.940696716308594e-05s
2023-08-02 05:30:43,343 fastDTW between vertices (20, 2). Time: 2.4080276489257812e-05s
2023-08-02 05:30:43,343 fastDTW between vertices (22, 25). Time: 4.2438507080078125e-05s
2023-08-02 05:30:43,343 fastDTW between vertices (4, 28). Time: 6.866455078125e-05s
2023-08-02 05:30:43,343 fastDTW between vertices (3, 19). Time: 2.2649765014648438e-05s
2023-08-02 05:30:43,343 fastDTW between vertices (28, 27). Time: 4.410743713378906e-05s
2023-08-02 05:30:43,343 fastDTW between vertices (16, 17). Time: 3.695487976074219e-05s
2023-08-02 05:30:43,343 fastDTW between vertices (20, 17). Time: 2.5987625122070312e-05s
2023-08-02 05:30:43,343 fastDTW between vertices (3, 23). Time: 2.2172927856445312e-05s
2023-08-02 05:30:43,343 fastDTW between vertices (18, 25). Time: 4.506111145019531e-05s
2023-08-02 05:30:43,343 fastDTW between vertices (28, 16). Time: 2.3365020751953125e-05s
2023-08-02 05:30:43,343 fastDTW between vertices (22, 2). Time: 4.601478576660156e-05s
2023-08-02 05:30:43,343 fastDTW between vertices (4, 25). Time: 4.8160552978515625e-05s
2023-08-02 05:30:43,343 fastDTW between vertices (20, 3). Time: 2.4318695068359375e-05s
2023-08-02 05:30:43,343 fastDTW between vertices (3, 26). Time: 2.2411346435546875e-05s
2023-08-02 05:30:43,343 fastDTW between vertices (19, 23). Time: 7.700920104980469e-05s
2023-08-02 05:30:43,343 fastDTW between vertices (16, 3). Time: 3.5762786865234375e-05s
2023-08-02 05:30:43,343 fastDTW between vertices (25, 28). Time: 2.9802322387695312e-05s
2023-08-02 05:30:43,343 fastDTW between vertices (18, 2). Time: 4.1961669921875e-05s
2023-08-02 05:30:43,343 fastDTW between vertices (3, 27). Time: 2.8371810913085938e-05s
2023-08-02 05:30:43,343 fastDTW between vertices (22, 17). Time: 4.458427429199219e-05s
2023-08-02 05:30:43,343 fastDTW between vertices (4, 2). Time: 6.0558319091796875e-05s
2023-08-02 05:30:43,343 fastDTW between vertices (16, 15). Time: 3.6716461181640625e-05s
2023-08-02 05:30:43,343 fastDTW between vertices (25, 2). Time: 3.075599670410156e-05s
2023-08-02 05:30:43,343 fastDTW between vertices (20, 15). Time: 6.699562072753906e-05s
2023-08-02 05:30:43,343 fastDTW between vertices (3, 16). Time: 2.4318695068359375e-05s
2023-08-02 05:30:43,343 fastDTW between vertices (19, 26). Time: 7.534027099609375e-05s
2023-08-02 05:30:43,343 Consolidating distances...
2023-08-02 05:30:43,343 fastDTW between vertices (22, 3). Time: 4.3392181396484375e-05s
2023-08-02 05:30:43,343 fastDTW between vertices (25, 17). Time: 2.5033950805664062e-05s
2023-08-02 05:30:43,343 fastDTW between vertices (16, 19). Time: 3.695487976074219e-05s
2023-08-02 05:30:43,343 fastDTW between vertices (18, 17). Time: 3.933906555175781e-05s
2023-08-02 05:30:43,343 fastDTW between vertices (4, 17). Time: 5.078315734863281e-05s
2023-08-02 05:30:43,343 fastDTW between vertices (20, 19). Time: 6.580352783203125e-05s
2023-08-02 05:30:43,343 Distances consolidated.
2023-08-02 05:30:43,343 fastDTW between vertices (25, 3). Time: 3.62396240234375e-05s
2023-08-02 05:30:43,343 fastDTW between vertices (16, 23). Time: 3.600120544433594e-05s
2023-08-02 05:30:43,343 fastDTW between vertices (22, 15). Time: 4.553794860839844e-05s
2023-08-02 05:30:43,343 fastDTW between vertices (19, 27). Time: 8.249282836914062e-05s
2023-08-02 05:30:43,343 Saving variable on disk...
2023-08-02 05:30:43,343 fastDTW between vertices (18, 3). Time: 4.76837158203125e-05s
2023-08-02 05:30:43,343 fastDTW between vertices (4, 3). Time: 4.7206878662109375e-05s
2023-08-02 05:30:43,343 fastDTW between vertices (20, 23). Time: 5.1021575927734375e-05s
2023-08-02 05:30:43,343 fastDTW between vertices (25, 15). Time: 2.86102294921875e-05s
2023-08-02 05:30:43,343 fastDTW between vertices (16, 26). Time: 3.62396240234375e-05s
2023-08-02 05:30:43,343 fastDTW between vertices (19, 16). Time: 3.5762786865234375e-05s
2023-08-02 05:30:43,343 fastDTW between vertices (22, 19). Time: 4.458427429199219e-05s
2023-08-02 05:30:43,343 fastDTW between vertices (25, 19). Time: 2.288818359375e-05s
2023-08-02 05:30:43,344 fastDTW between vertices (18, 15). Time: 4.5299530029296875e-05s
2023-08-02 05:30:43,344 fastDTW between vertices (20, 26). Time: 4.9591064453125e-05s
2023-08-02 05:30:43,344 fastDTW between vertices (4, 15). Time: 7.176399230957031e-05s
2023-08-02 05:30:43,344 fastDTW between vertices (25, 23). Time: 2.3365020751953125e-05s
2023-08-02 05:30:43,344 fastDTW between vertices (16, 27). Time: 3.5762786865234375e-05s
2023-08-02 05:30:43,344 fastDTW between vertices (22, 23). Time: 4.2438507080078125e-05s
2023-08-02 05:30:43,344 fastDTW between vertices (23, 28). Time: 9.250640869140625e-05s
2023-08-02 05:30:43,344 fastDTW between vertices (18, 19). Time: 5.984306335449219e-05s
2023-08-02 05:30:43,344 fastDTW between vertices (20, 27). Time: 8.082389831542969e-05s
2023-08-02 05:30:43,344 fastDTW between vertices (25, 26). Time: 3.5762786865234375e-05s
2023-08-02 05:30:43,344 fastDTW between vertices (5, 28). Time: 4.267692565917969e-05s
2023-08-02 05:30:43,344 fastDTW between vertices (18, 23). Time: 2.5987625122070312e-05s
2023-08-02 05:30:43,344 fastDTW between vertices (4, 19). Time: 7.581710815429688e-05s
2023-08-02 05:30:43,344 fastDTW between vertices (23, 25). Time: 3.3855438232421875e-05s
2023-08-02 05:30:43,344 fastDTW between vertices (25, 27). Time: 2.4557113647460938e-05s
2023-08-02 05:30:43,344 fastDTW between vertices (22, 26). Time: 4.1961669921875e-05s
2023-08-02 05:30:43,344 fastDTW between vertices (21, 28). Time: 4.410743713378906e-05s
2023-08-02 05:30:43,344 fastDTW between vertices (18, 26). Time: 2.384185791015625e-05s
2023-08-02 05:30:43,344 fastDTW between vertices (5, 25). Time: 3.719329833984375e-05s
2023-08-02 05:30:43,344 fastDTW between vertices (25, 16). Time: 2.3603439331054688e-05s
2023-08-02 05:30:43,344 fastDTW between vertices (21, 25). Time: 2.3603439331054688e-05s
2023-08-02 05:30:43,344 fastDTW between vertices (23, 2). Time: 3.600120544433594e-05s
2023-08-02 05:30:43,344 fastDTW between vertices (18, 27). Time: 2.288818359375e-05s
2023-08-02 05:30:43,344 Consolidating distances...
2023-08-02 05:30:43,344 fastDTW between vertices (22, 27). Time: 4.3392181396484375e-05s
2023-08-02 05:30:43,344 fastDTW between vertices (5, 2). Time: 3.5762786865234375e-05s
2023-08-02 05:30:43,344 fastDTW between vertices (15, 28). Time: 8.392333984375e-05s
2023-08-02 05:30:43,344 fastDTW between vertices (21, 2). Time: 2.3365020751953125e-05s
2023-08-02 05:30:43,344 fastDTW between vertices (13, 28). Time: 2.288818359375e-05s
2023-08-02 05:30:43,344 Variable saved. Time: 6.377696990966797e-06m
2023-08-02 05:30:43,344 Distances consolidated.
2023-08-02 05:30:43,344 fastDTW between vertices (23, 17). Time: 4.1961669921875e-05s
2023-08-02 05:30:43,344 Saving variable on disk...
2023-08-02 05:30:43,344 fastDTW between vertices (21, 17). Time: 4.4345855712890625e-05s
2023-08-02 05:30:43,344 fastDTW between vertices (7, 28). Time: 6.651878356933594e-05s
2023-08-02 05:30:43,344 fastDTW between vertices (5, 17). Time: 5.3882598876953125e-05s
2023-08-02 05:30:43,344 fastDTW between vertices (13, 25). Time: 2.956390380859375e-05s
2023-08-02 05:30:43,344 fastDTW between vertices (15, 25). Time: 5.8650970458984375e-05s
2023-08-02 05:30:43,344 fastDTW between vertices (21, 3). Time: 2.47955322265625e-05s
2023-08-02 05:30:43,344 fastDTW between vertices (23, 3). Time: 4.172325134277344e-05s
2023-08-02 05:30:43,344 fastDTW between vertices (13, 2). Time: 2.288818359375e-05s
2023-08-02 05:30:43,344 fastDTW between vertices (5, 3). Time: 3.719329833984375e-05s
2023-08-02 05:30:43,344 fastDTW between vertices (7, 25). Time: 4.363059997558594e-05s
2023-08-02 05:30:43,344 fastDTW between vertices (15, 2). Time: 4.1961669921875e-05s
2023-08-02 05:30:43,344 fastDTW between vertices (13, 17). Time: 2.3126602172851562e-05s
2023-08-02 05:30:43,344 fastDTW between vertices (21, 15). Time: 4.9591064453125e-05s
2023-08-02 05:30:43,344 fastDTW between vertices (5, 15). Time: 3.552436828613281e-05s
2023-08-02 05:30:43,344 fastDTW between vertices (13, 3). Time: 2.3365020751953125e-05s
2023-08-02 05:30:43,344 fastDTW between vertices (7, 2). Time: 4.291534423828125e-05s
2023-08-02 05:30:43,344 fastDTW between vertices (23, 15). Time: 8.702278137207031e-05s
2023-08-02 05:30:43,344 fastDTW between vertices (15, 17). Time: 4.267692565917969e-05s
2023-08-02 05:30:43,344 fastDTW between vertices (21, 19). Time: 4.863739013671875e-05s
2023-08-02 05:30:43,344 fastDTW between vertices (13, 15). Time: 2.3365020751953125e-05s
2023-08-02 05:30:43,344 fastDTW between vertices (5, 19). Time: 3.719329833984375e-05s
2023-08-02 05:30:43,344 fastDTW between vertices (7, 17). Time: 4.220008850097656e-05s
2023-08-02 05:30:43,344 fastDTW between vertices (13, 19). Time: 2.288818359375e-05s
2023-08-02 05:30:43,344 fastDTW between vertices (21, 23). Time: 4.792213439941406e-05s
2023-08-02 05:30:43,344 fastDTW between vertices (15, 3). Time: 5.0067901611328125e-05s
2023-08-02 05:30:43,344 fastDTW between vertices (5, 23). Time: 3.528594970703125e-05s
2023-08-02 05:30:43,344 fastDTW between vertices (13, 23). Time: 2.288818359375e-05s
2023-08-02 05:30:43,344 fastDTW between vertices (23, 19). Time: 8.034706115722656e-05s
2023-08-02 05:30:43,344 fastDTW between vertices (7, 3). Time: 4.38690185546875e-05s
2023-08-02 05:30:43,344 fastDTW between vertices (21, 26). Time: 4.7206878662109375e-05s
2023-08-02 05:30:43,344 fastDTW between vertices (13, 26). Time: 2.3126602172851562e-05s
2023-08-02 05:30:43,344 fastDTW between vertices (5, 26). Time: 3.5762786865234375e-05s
2023-08-02 05:30:43,344 Variable saved. Time: 6.139278411865234e-06m
2023-08-02 05:30:43,344 fastDTW between vertices (23, 26). Time: 6.723403930664062e-05s
2023-08-02 05:30:43,344 fastDTW between vertices (7, 15). Time: 4.0531158447265625e-05s
2023-08-02 05:30:43,344 fastDTW between vertices (15, 19). Time: 9.679794311523438e-05s
2023-08-02 05:30:43,344 fastDTW between vertices (13, 27). Time: 3.4809112548828125e-05s
2023-08-02 05:30:43,344 fastDTW between vertices (21, 27). Time: 4.8160552978515625e-05s
2023-08-02 05:30:43,344 fastDTW between vertices (5, 27). Time: 3.504753112792969e-05s
2023-08-02 05:30:43,344 Part 2 completed.
2023-08-02 05:30:43,344 fastDTW between vertices (24, 28). Time: 2.956390380859375e-05s
2023-08-02 05:30:43,344 fastDTW between vertices (7, 19). Time: 4.4345855712890625e-05s
2023-08-02 05:30:43,344 fastDTW between vertices (23, 27). Time: 6.270408630371094e-05s
2023-08-02 05:30:43,344 fastDTW between vertices (10, 28). Time: 3.62396240234375e-05s
2023-08-02 05:30:43,344 fastDTW between vertices (9, 28). Time: 5.054473876953125e-05s
2023-08-02 05:30:43,344 fastDTW between vertices (24, 25). Time: 2.4557113647460938e-05s
2023-08-02 05:30:43,344 fastDTW between vertices (15, 23). Time: 9.465217590332031e-05s
2023-08-02 05:30:43,344 fastDTW between vertices (23, 16). Time: 2.8371810913085938e-05s
2023-08-02 05:30:43,344 fastDTW between vertices (9, 25). Time: 2.4318695068359375e-05s
2023-08-02 05:30:43,344 fastDTW between vertices (10, 25). Time: 3.6716461181640625e-05s
2023-08-02 05:30:43,344 fastDTW between vertices (7, 23). Time: 4.1484832763671875e-05s
2023-08-02 05:30:43,344 fastDTW between vertices (24, 2). Time: 2.2649765014648438e-05s
2023-08-02 05:30:43,345 fastDTW between vertices (9, 2). Time: 2.384185791015625e-05s
2023-08-02 05:30:43,345 fastDTW between vertices (24, 17). Time: 2.2411346435546875e-05s
2023-08-02 05:30:43,345 fastDTW between vertices (10, 2). Time: 3.552436828613281e-05s
2023-08-02 05:30:43,345 fastDTW between vertices (26, 28). Time: 5.888938903808594e-05s
2023-08-02 05:30:43,345 fastDTW between vertices (7, 26). Time: 4.00543212890625e-05s
2023-08-02 05:30:43,345 fastDTW between vertices (9, 17). Time: 2.3603439331054688e-05s
2023-08-02 05:30:43,345 fastDTW between vertices (24, 3). Time: 2.2411346435546875e-05s
2023-08-02 05:30:43,345 fastDTW between vertices (15, 26). Time: 0.00010538101196289062s
2023-08-02 05:30:43,345 fastDTW between vertices (9, 3). Time: 2.3126602172851562e-05s
2023-08-02 05:30:43,345 fastDTW between vertices (26, 25). Time: 3.1948089599609375e-05s
2023-08-02 05:30:43,345 fastDTW between vertices (10, 17). Time: 3.600120544433594e-05s
2023-08-02 05:30:43,345 fastDTW between vertices (24, 15). Time: 2.2411346435546875e-05s
2023-08-02 05:30:43,345 fastDTW between vertices (7, 27). Time: 4.482269287109375e-05s
2023-08-02 05:30:43,345 Part 1 completed.
2023-08-02 05:30:43,345 fastDTW between vertices (26, 2). Time: 2.9802322387695312e-05s
2023-08-02 05:30:43,345 fastDTW between vertices (9, 15). Time: 4.3392181396484375e-05s
2023-08-02 05:30:43,345 fastDTW between vertices (10, 3). Time: 3.528594970703125e-05s
2023-08-02 05:30:43,345 fastDTW between vertices (24, 19). Time: 2.9087066650390625e-05s
2023-08-02 05:30:43,345 fastDTW between vertices (15, 27). Time: 0.00010442733764648438s
2023-08-02 05:30:43,345 fastDTW between vertices (24, 23). Time: 2.4318695068359375e-05s
2023-08-02 05:30:43,345 fastDTW between vertices (9, 19). Time: 4.315376281738281e-05s
2023-08-02 05:30:43,345 fastDTW between vertices (26, 17). Time: 3.0517578125e-05s
2023-08-02 05:30:43,345 fastDTW between vertices (10, 15). Time: 4.2438507080078125e-05s
2023-08-02 05:30:43,345 fastDTW between vertices (12, 28). Time: 8.988380432128906e-05s
2023-08-02 05:30:43,345 fastDTW between vertices (24, 26). Time: 2.2411346435546875e-05s
2023-08-02 05:30:43,345 fastDTW between vertices (15, 16). Time: 4.363059997558594e-05s
2023-08-02 05:30:43,345 fastDTW between vertices (26, 3). Time: 3.528594970703125e-05s
2023-08-02 05:30:43,345 fastDTW between vertices (9, 23). Time: 5.14984130859375e-05s
2023-08-02 05:30:43,345 fastDTW between vertices (10, 19). Time: 5.7220458984375e-05s
2023-08-02 05:30:43,345 fastDTW between vertices (24, 27). Time: 4.76837158203125e-05s
2023-08-02 05:30:43,345 Consolidating distances...
2023-08-02 05:30:43,345 fastDTW between vertices (12, 25). Time: 6.341934204101562e-05s
2023-08-02 05:30:43,345 fastDTW between vertices (14, 28). Time: 3.0517578125e-05s
2023-08-02 05:30:43,345 fastDTW between vertices (10, 23). Time: 3.7670135498046875e-05s
2023-08-02 05:30:43,345 fastDTW between vertices (9, 26). Time: 5.5789947509765625e-05s
2023-08-02 05:30:43,345 fastDTW between vertices (26, 15). Time: 7.796287536621094e-05s
2023-08-02 05:30:43,345 fastDTW between vertices (12, 2). Time: 4.076957702636719e-05s
2023-08-02 05:30:43,345 Distances consolidated.
2023-08-02 05:30:43,345 fastDTW between vertices (14, 25). Time: 2.5033950805664062e-05s
2023-08-02 05:30:43,345 Saving variable on disk...
2023-08-02 05:30:43,345 fastDTW between vertices (9, 27). Time: 4.291534423828125e-05s
2023-08-02 05:30:43,345 fastDTW between vertices (10, 26). Time: 4.172325134277344e-05s
2023-08-02 05:30:43,345 fastDTW between vertices (14, 2). Time: 2.2649765014648438e-05s
2023-08-02 05:30:43,345 fastDTW between vertices (12, 17). Time: 4.267692565917969e-05s
2023-08-02 05:30:43,345 Consolidating distances...
2023-08-02 05:30:43,345 fastDTW between vertices (26, 19). Time: 6.985664367675781e-05s
2023-08-02 05:30:43,345 fastDTW between vertices (14, 17). Time: 2.2172927856445312e-05s
2023-08-02 05:30:43,345 Distances consolidated.
2023-08-02 05:30:43,345 fastDTW between vertices (10, 27). Time: 4.291534423828125e-05s
2023-08-02 05:30:43,345 Saving variable on disk...
2023-08-02 05:30:43,345 fastDTW between vertices (12, 3). Time: 3.910064697265625e-05s
2023-08-02 05:30:43,345 fastDTW between vertices (14, 3). Time: 2.3365020751953125e-05s
2023-08-02 05:30:43,345 fastDTW between vertices (26, 23). Time: 6.866455078125e-05s
2023-08-02 05:30:43,345 fastDTW between vertices (14, 15). Time: 2.2649765014648438e-05s
2023-08-02 05:30:43,345 fastDTW between vertices (6, 28). Time: 3.7670135498046875e-05s
2023-08-02 05:30:43,345 fastDTW between vertices (14, 19). Time: 2.288818359375e-05s
2023-08-02 05:30:43,345 fastDTW between vertices (6, 25). Time: 3.62396240234375e-05s
2023-08-02 05:30:43,345 fastDTW between vertices (12, 15). Time: 9.298324584960938e-05s
2023-08-02 05:30:43,345 fastDTW between vertices (26, 27). Time: 7.510185241699219e-05s
2023-08-02 05:30:43,345 fastDTW between vertices (14, 23). Time: 3.0994415283203125e-05s
2023-08-02 05:30:43,345 fastDTW between vertices (6, 2). Time: 3.504753112792969e-05s
2023-08-02 05:30:43,345 fastDTW between vertices (14, 26). Time: 2.384185791015625e-05s
2023-08-02 05:30:43,345 fastDTW between vertices (26, 16). Time: 3.170967102050781e-05s
2023-08-02 05:30:43,345 fastDTW between vertices (14, 27). Time: 2.3126602172851562e-05s
2023-08-02 05:30:43,345 fastDTW between vertices (12, 19). Time: 8.726119995117188e-05s
2023-08-02 05:30:43,345 fastDTW between vertices (6, 17). Time: 3.528594970703125e-05s
2023-08-02 05:30:43,345 Consolidating distances...
2023-08-02 05:30:43,345 fastDTW between vertices (27, 28). Time: 6.031990051269531e-05s
2023-08-02 05:30:43,345 Distances consolidated.
2023-08-02 05:30:43,345 fastDTW between vertices (6, 3). Time: 3.5762786865234375e-05s
2023-08-02 05:30:43,345 Variable saved. Time: 7.0889790852864586e-06m
2023-08-02 05:30:43,346 Saving variable on disk...
2023-08-02 05:30:43,346 fastDTW between vertices (27, 25). Time: 3.4809112548828125e-05s
2023-08-02 05:30:43,346 fastDTW between vertices (12, 23). Time: 8.988380432128906e-05s
2023-08-02 05:30:43,346 fastDTW between vertices (6, 15). Time: 3.5762786865234375e-05s
2023-08-02 05:30:43,346 fastDTW between vertices (27, 2). Time: 3.933906555175781e-05s
2023-08-02 05:30:43,346 Variable saved. Time: 6.6677729288736975e-06m
2023-08-02 05:30:43,346 fastDTW between vertices (6, 19). Time: 3.5762786865234375e-05s
2023-08-02 05:30:43,346 fastDTW between vertices (12, 26). Time: 8.130073547363281e-05s
2023-08-02 05:30:43,346 fastDTW between vertices (27, 17). Time: 3.1948089599609375e-05s
2023-08-02 05:30:43,346 fastDTW between vertices (6, 23). Time: 3.552436828613281e-05s
2023-08-02 05:30:43,346 fastDTW between vertices (27, 3). Time: 2.8371810913085938e-05s
2023-08-02 05:30:43,346 fastDTW between vertices (6, 26). Time: 3.600120544433594e-05s
2023-08-02 05:30:43,346 fastDTW between vertices (12, 27). Time: 7.343292236328125e-05s
2023-08-02 05:30:43,346 Consolidating distances...
2023-08-02 05:30:43,346 fastDTW between vertices (27, 15). Time: 6.628036499023438e-05s
2023-08-02 05:30:43,346 fastDTW between vertices (6, 27). Time: 3.600120544433594e-05s
2023-08-02 05:30:43,346 Distances consolidated.
2023-08-02 05:30:43,346 Consolidating distances...
2023-08-02 05:30:43,346 Saving variable on disk...
2023-08-02 05:30:43,346 Part 3 completed.
2023-08-02 05:30:43,346 Variable saved. Time: 7.01745351155599e-06m
2023-08-02 05:30:43,346 Distances consolidated.
2023-08-02 05:30:43,346 fastDTW between vertices (27, 19). Time: 0.00010156631469726562s
2023-08-02 05:30:43,346 Saving variable on disk...
2023-08-02 05:30:43,346 fastDTW between vertices (27, 23). Time: 8.249282836914062e-05s
2023-08-02 05:30:43,346 Part 7 completed.
2023-08-02 05:30:43,346 fastDTW between vertices (27, 26). Time: 7.748603820800781e-05s
2023-08-02 05:30:43,346 Variable saved. Time: 5.95251719156901e-06m
2023-08-02 05:30:43,346 fastDTW between vertices (27, 16). Time: 3.719329833984375e-05s
2023-08-02 05:30:43,346 Consolidating distances...
2023-08-02 05:30:43,346 Part 8 completed.
2023-08-02 05:30:43,346 Distances consolidated.
2023-08-02 05:30:43,346 Saving variable on disk...
2023-08-02 05:30:43,347 Variable saved. Time: 7.764498392740886e-06m
2023-08-02 05:30:43,347 Part 6 completed.
2023-08-02 05:30:43,347 Part 5 completed.
2023-08-02 05:30:43,347 Variable saved. Time: 1.101096471150716e-05m
2023-08-02 05:30:43,348 Part 4 completed.
2023-08-02 05:30:43,354 Creating distance network...
2023-08-02 05:30:43,358 Executing part 1...
2023-08-02 05:30:43,358 Recovering variable...
2023-08-02 05:30:43,359 Variable recovered. Time: 3.941853841145834e-06m
2023-08-02 05:30:43,359 Part 1 executed.
2023-08-02 05:30:43,359 Executing part 2...
2023-08-02 05:30:43,359 Recovering variable...
2023-08-02 05:30:43,359 Variable recovered. Time: 3.1789143880208335e-06m
2023-08-02 05:30:43,359 Part 2 executed.
2023-08-02 05:30:43,359 Executing part 3...
2023-08-02 05:30:43,359 Recovering variable...
2023-08-02 05:30:43,359 Variable recovered. Time: 8.702278137207031e-07m
2023-08-02 05:30:43,359 Part 3 executed.
2023-08-02 05:30:43,359 Executing part 4...
2023-08-02 05:30:43,359 Recovering variable...
2023-08-02 05:30:43,359 Variable recovered. Time: 1.0848045349121093e-06m
2023-08-02 05:30:43,359 Part 4 executed.
2023-08-02 05:30:43,359 Executing part 5...
2023-08-02 05:30:43,359 Recovering variable...
2023-08-02 05:30:43,360 Variable recovered. Time: 8.54333241780599e-07m
2023-08-02 05:30:43,360 Part 5 executed.
2023-08-02 05:30:43,360 Executing part 6...
2023-08-02 05:30:43,360 Recovering variable...
2023-08-02 05:30:43,360 Variable recovered. Time: 7.033348083496094e-07m
2023-08-02 05:30:43,360 Part 6 executed.
2023-08-02 05:30:43,360 Executing part 7...
2023-08-02 05:30:43,360 Recovering variable...
2023-08-02 05:30:43,360 Variable recovered. Time: 8.702278137207031e-07m
2023-08-02 05:30:43,360 Part 7 executed.
2023-08-02 05:30:43,360 Executing part 8...
2023-08-02 05:30:43,360 Recovering variable...
2023-08-02 05:30:43,360 Variable recovered. Time: 8.066495259602865e-07m
2023-08-02 05:30:43,360 Part 8 executed.
2023-08-02 05:30:43,360 Saving variable on disk...
2023-08-02 05:30:43,362 Variable saved. Time: 3.685951232910156e-05m
2023-08-02 05:30:43,362 Saving variable on disk...
2023-08-02 05:30:43,363 Variable saved. Time: 6.182988484700521e-06m
2023-08-02 05:30:43,363 Saving variable on disk...
2023-08-02 05:30:43,363 Variable saved. Time: 2.6067097981770834e-06m
2023-08-02 05:30:43,363 Saving variable on disk...
2023-08-02 05:30:43,363 Variable saved. Time: 1.629193623860677e-06m
2023-08-02 05:30:43,366 - Time - part 1: 0.012151002883911133s
2023-08-02 05:30:43,371 Executing part 1...
2023-08-02 05:30:43,371 Recovering variable...
2023-08-02 05:30:43,371 Variable recovered. Time: 3.437201182047526e-06m
2023-08-02 05:30:43,371 Part 1 executed.
2023-08-02 05:30:43,372 Executing part 2...
2023-08-02 05:30:43,372 Recovering variable...
2023-08-02 05:30:43,372 Variable recovered. Time: 1.0689099629720052e-06m
2023-08-02 05:30:43,372 Part 2 executed.
2023-08-02 05:30:43,372 Executing part 3...
2023-08-02 05:30:43,372 Recovering variable...
2023-08-02 05:30:43,372 Variable recovered. Time: 6.874402364095052e-07m
2023-08-02 05:30:43,372 Part 3 executed.
2023-08-02 05:30:43,372 Executing part 4...
2023-08-02 05:30:43,372 Recovering variable...
2023-08-02 05:30:43,372 Variable recovered. Time: 2.3484230041503905e-06m
2023-08-02 05:30:43,372 Part 4 executed.
2023-08-02 05:30:43,372 Executing part 5...
2023-08-02 05:30:43,372 Recovering variable...
2023-08-02 05:30:43,372 Variable recovered. Time: 7.311503092447917e-07m
2023-08-02 05:30:43,372 Part 5 executed.
2023-08-02 05:30:43,372 Executing part 6...
2023-08-02 05:30:43,372 Recovering variable...
2023-08-02 05:30:43,372 Variable recovered. Time: 7.589658101399739e-07m
2023-08-02 05:30:43,373 Part 6 executed.
2023-08-02 05:30:43,373 Executing part 7...
2023-08-02 05:30:43,373 Recovering variable...
2023-08-02 05:30:43,373 Variable recovered. Time: 7.311503092447917e-07m
2023-08-02 05:30:43,373 Part 7 executed.
2023-08-02 05:30:43,373 Executing part 8...
2023-08-02 05:30:43,373 Recovering variable...
2023-08-02 05:30:43,373 Variable recovered. Time: 8.424123128255208e-07m
2023-08-02 05:30:43,373 Part 8 executed.
2023-08-02 05:30:43,373 Saving variable on disk...
2023-08-02 05:30:43,373 Variable saved. Time: 7.390975952148438e-07m
2023-08-02 05:30:43,373 Saving variable on disk...
2023-08-02 05:30:43,373 Variable saved. Time: 5.086263020833333e-07m
2023-08-02 05:30:43,373 Saving variable on disk...
2023-08-02 05:30:43,373 Variable saved. Time: 4.0531158447265624e-07m
2023-08-02 05:30:43,373 Saving variable on disk...
2023-08-02 05:30:43,373 Variable saved. Time: 4.013379414876302e-07m
2023-08-02 05:30:43,376 - Time - part 2: 0.009431838989257812s
2023-08-02 05:30:43,376 distance network created.
2023-08-02 05:30:43,376 Transforming distances into weights...
2023-08-02 05:30:43,382 Recovering variable...
2023-08-02 05:30:43,383 Variable recovered. Time: 1.4742215474446615e-06m
2023-08-02 05:30:43,383 Recovering variable...
2023-08-02 05:30:43,383 Variable recovered. Time: 4.514058430989583e-06m
2023-08-02 05:30:43,383 Executing layer 0...
2023-08-02 05:30:43,384 Saving variable on disk...
2023-08-02 05:30:43,385 Variable saved. Time: 2.0452340443929036e-05m
2023-08-02 05:30:43,385 Saving variable on disk...
2023-08-02 05:30:43,386 Variable saved. Time: 3.6001205444335937e-06m
2023-08-02 05:30:43,386 Saving variable on disk...
2023-08-02 05:30:43,386 Variable saved. Time: 2.8649965922037762e-06m
2023-08-02 05:30:43,386 Layer 0 executed.
2023-08-02 05:30:43,386 Recovering variable...
2023-08-02 05:30:43,386 Variable recovered. Time: 5.602836608886719e-07m
2023-08-02 05:30:43,386 Recovering variable...
2023-08-02 05:30:43,386 Variable recovered. Time: 1.4980634053548177e-06m
2023-08-02 05:30:43,386 Executing layer 1...
2023-08-02 05:30:43,387 Saving variable on disk...
2023-08-02 05:30:43,388 Variable saved. Time: 1.0879834493001302e-05m
2023-08-02 05:30:43,388 Saving variable on disk...
2023-08-02 05:30:43,388 Variable saved. Time: 2.777576446533203e-06m
2023-08-02 05:30:43,388 Saving variable on disk...
2023-08-02 05:30:43,388 Variable saved. Time: 2.8888384501139324e-06m
2023-08-02 05:30:43,388 Layer 1 executed.
2023-08-02 05:30:43,389 Recovering variable...
2023-08-02 05:30:43,389 Variable recovered. Time: 4.3710072835286457e-07m
2023-08-02 05:30:43,389 Recovering variable...
2023-08-02 05:30:43,389 Variable recovered. Time: 7.311503092447917e-07m
2023-08-02 05:30:43,389 Executing layer 2...
2023-08-02 05:30:43,389 Saving variable on disk...
2023-08-02 05:30:43,389 Variable saved. Time: 3.830591837565104e-06m
2023-08-02 05:30:43,389 Saving variable on disk...
2023-08-02 05:30:43,390 Variable saved. Time: 1.3629595438639323e-06m
2023-08-02 05:30:43,390 Saving variable on disk...
2023-08-02 05:30:43,390 Variable saved. Time: 1.1126200358072917e-06m
2023-08-02 05:30:43,390 Layer 2 executed.
2023-08-02 05:30:43,390 Recovering variable...
2023-08-02 05:30:43,390 Variable recovered. Time: 2.86102294921875e-07m
2023-08-02 05:30:43,390 Recovering variable...
2023-08-02 05:30:43,390 Variable recovered. Time: 5.284945170084636e-07m
2023-08-02 05:30:43,390 Executing layer 3...
2023-08-02 05:30:43,390 Saving variable on disk...
2023-08-02 05:30:43,390 Variable saved. Time: 2.884864807128906e-06m
2023-08-02 05:30:43,390 Saving variable on disk...
2023-08-02 05:30:43,390 Variable saved. Time: 9.854634602864584e-07m
2023-08-02 05:30:43,390 Saving variable on disk...
2023-08-02 05:30:43,391 Variable saved. Time: 1.1324882507324219e-06m
2023-08-02 05:30:43,391 Layer 3 executed.
2023-08-02 05:30:43,391 Weights created.
2023-08-02 05:30:43,395 - Time - part 3: 0.01854562759399414s
2023-08-02 05:30:43,398 Consolidating graphs...
2023-08-02 05:30:43,399 Executing layer 0...
2023-08-02 05:30:43,399 Recovering variable...
2023-08-02 05:30:43,399 Variable recovered. Time: 1.613299051920573e-06m
2023-08-02 05:30:43,399 Layer 0 executed.
2023-08-02 05:30:43,399 Executing layer 1...
2023-08-02 05:30:43,399 Recovering variable...
2023-08-02 05:30:43,399 Variable recovered. Time: 7.708867390950521e-07m
2023-08-02 05:30:43,399 Layer 1 executed.
2023-08-02 05:30:43,399 Executing layer 2...
2023-08-02 05:30:43,399 Recovering variable...
2023-08-02 05:30:43,399 Variable recovered. Time: 4.76837158203125e-07m
2023-08-02 05:30:43,399 Layer 2 executed.
2023-08-02 05:30:43,399 Executing layer 3...
2023-08-02 05:30:43,399 Recovering variable...
2023-08-02 05:30:43,399 Variable recovered. Time: 2.384185791015625e-07m
2023-08-02 05:30:43,399 Layer 3 executed.
2023-08-02 05:30:43,399 Saving distancesNets on disk...
2023-08-02 05:30:43,399 Saving variable on disk...
2023-08-02 05:30:43,399 Variable saved. Time: 1.895427703857422e-06m
2023-08-02 05:30:43,399 Graphs consolidated.
2023-08-02 05:30:43,402 - Time - part 4: 0.007497072219848633s
2023-08-02 05:30:43,408 Executing layer 0...
2023-08-02 05:30:43,408 Recovering variable...
2023-08-02 05:30:43,408 Variable recovered. Time: 6.961822509765625e-06m
2023-08-02 05:30:43,409 Layer 0 executed.
2023-08-02 05:30:43,409 Executing layer 1...
2023-08-02 05:30:43,409 Recovering variable...
2023-08-02 05:30:43,409 Variable recovered. Time: 2.7378400166829425e-06m
2023-08-02 05:30:43,409 Layer 1 executed.
2023-08-02 05:30:43,409 Executing layer 2...
2023-08-02 05:30:43,409 Recovering variable...
2023-08-02 05:30:43,409 Variable recovered. Time: 1.2556711832682292e-06m
2023-08-02 05:30:43,409 Layer 2 executed.
2023-08-02 05:30:43,409 Executing layer 3...
2023-08-02 05:30:43,409 Recovering variable...
2023-08-02 05:30:43,409 Variable recovered. Time: 8.900960286458333e-07m
2023-08-02 05:30:43,409 Layer 3 executed.
2023-08-02 05:30:43,409 Saving nets_weights_alias_method_j on disk...
2023-08-02 05:30:43,409 Saving variable on disk...
2023-08-02 05:30:43,410 Variable saved. Time: 1.655419667561849e-05m
2023-08-02 05:30:43,413 - Time - part 5: 0.010339021682739258s
2023-08-02 05:30:43,416 Executing layer 0...
2023-08-02 05:30:43,417 Recovering variable...
2023-08-02 05:30:43,417 Variable recovered. Time: 8.861223856608072e-06m
2023-08-02 05:30:43,417 Layer 0 executed.
2023-08-02 05:30:43,417 Executing layer 1...
2023-08-02 05:30:43,417 Recovering variable...
2023-08-02 05:30:43,418 Variable recovered. Time: 2.4437904357910156e-06m
2023-08-02 05:30:43,418 Layer 1 executed.
2023-08-02 05:30:43,418 Executing layer 2...
2023-08-02 05:30:43,418 Recovering variable...
2023-08-02 05:30:43,418 Variable recovered. Time: 1.3232231140136718e-06m
2023-08-02 05:30:43,418 Layer 2 executed.
2023-08-02 05:30:43,418 Executing layer 3...
2023-08-02 05:30:43,418 Recovering variable...
2023-08-02 05:30:43,418 Variable recovered. Time: 1.0251998901367187e-06m
2023-08-02 05:30:43,418 Layer 3 executed.
2023-08-02 05:30:43,418 Saving nets_weights_alias_method_q on disk...
2023-08-02 05:30:43,418 Saving variable on disk...
2023-08-02 05:30:43,419 Variable saved. Time: 1.3585885365804037e-05m
2023-08-02 05:30:43,422 - Time - part 6: 0.008881092071533203s
2023-08-02 05:30:43,427 Loading distances_nets from disk...
2023-08-02 05:30:43,427 Executing layer 0...
2023-08-02 05:30:43,428 Recovering variable...
2023-08-02 05:30:43,428 Variable recovered. Time: 4.951159159342448e-06m
2023-08-02 05:30:43,428 Layer 0 executed.
2023-08-02 05:30:43,428 Executing layer 1...
2023-08-02 05:30:43,428 Recovering variable...
2023-08-02 05:30:43,428 Variable recovered. Time: 1.7921129862467448e-06m
2023-08-02 05:30:43,428 Layer 1 executed.
2023-08-02 05:30:43,428 Executing layer 2...
2023-08-02 05:30:43,428 Recovering variable...
2023-08-02 05:30:43,428 Variable recovered. Time: 8.106231689453125e-07m
2023-08-02 05:30:43,428 Layer 2 executed.
2023-08-02 05:30:43,428 Executing layer 3...
2023-08-02 05:30:43,428 Recovering variable...
2023-08-02 05:30:43,429 Variable recovered. Time: 6.794929504394531e-07m
2023-08-02 05:30:43,429 Layer 3 executed.
2023-08-02 05:30:43,429 Saving average_weights on disk...
2023-08-02 05:30:43,429 Saving variable on disk...
2023-08-02 05:30:43,429 Variable saved. Time: 2.09808349609375e-06m
2023-08-02 05:30:43,429 Executing layer 0...
2023-08-02 05:30:43,429 Recovering variable...
2023-08-02 05:30:43,429 Variable recovered. Time: 1.5815099080403647e-06m
2023-08-02 05:30:43,429 Layer 0 executed.
2023-08-02 05:30:43,429 Executing layer 1...
2023-08-02 05:30:43,429 Recovering variable...
2023-08-02 05:30:43,429 Variable recovered. Time: 1.5060106913248697e-06m
2023-08-02 05:30:43,429 Layer 1 executed.
2023-08-02 05:30:43,429 Executing layer 2...
2023-08-02 05:30:43,429 Recovering variable...
2023-08-02 05:30:43,429 Variable recovered. Time: 6.039937337239583e-07m
2023-08-02 05:30:43,429 Layer 2 executed.
2023-08-02 05:30:43,429 Executing layer 3...
2023-08-02 05:30:43,430 Recovering variable...
2023-08-02 05:30:43,430 Variable recovered. Time: 5.324681599934896e-07m
2023-08-02 05:30:43,430 Layer 3 executed.
2023-08-02 05:30:43,430 Saving amount_neighbours on disk...
2023-08-02 05:30:43,430 Saving variable on disk...
2023-08-02 05:30:43,430 Variable saved. Time: 7.311503092447917e-07m
2023-08-02 05:30:43,435 Loading distances_nets on disk...
2023-08-02 05:30:43,435 Recovering variable...
2023-08-02 05:30:43,435 Variable recovered. Time: 2.1298726399739584e-06m
2023-08-02 05:30:43,435 Recovering variable...
2023-08-02 05:30:43,435 Variable recovered. Time: 5.737940470377604e-06m
2023-08-02 05:30:43,435 Recovering variable...
2023-08-02 05:30:43,436 Variable recovered. Time: 4.625320434570312e-06m
2023-08-02 05:30:43,436 Recovering variable...
2023-08-02 05:30:43,436 Variable recovered. Time: 3.0994415283203126e-07m
2023-08-02 05:30:43,436 Creating RWs...
2023-08-02 05:30:43,452 Receiving results...
2023-08-02 05:30:43,466 RW - vertex 25. Time : 0.0004856586456298828s
2023-08-02 05:30:43,466 RW - vertex 25. Time : 0.00047850608825683594s
2023-08-02 05:30:43,466 RW - vertex 25. Time : 0.00047469139099121094s
2023-08-02 05:30:43,466 RW - vertex 25. Time : 0.0009107589721679688s
2023-08-02 05:30:43,466 RW - vertex 25. Time : 0.0006520748138427734s
2023-08-02 05:30:43,466 RW - vertex 25. Time : 0.0003859996795654297s
2023-08-02 05:30:43,467 RW - vertex 8. Time : 0.0002620220184326172s
2023-08-02 05:30:43,466 RW - vertex 25. Time : 0.0006349086761474609s
2023-08-02 05:30:43,467 RW - vertex 8. Time : 0.000308990478515625s
2023-08-02 05:30:43,467 RW - vertex 8. Time : 0.0003094673156738281s
2023-08-02 05:30:43,467 RW - vertex 8. Time : 0.00028514862060546875s
2023-08-02 05:30:43,467 RW - vertex 25. Time : 0.0006821155548095703s
2023-08-02 05:30:43,467 RW - vertex 8. Time : 0.0004949569702148438s
2023-08-02 05:30:43,467 RW - vertex 26. Time : 0.0002415180206298828s
2023-08-02 05:30:43,467 RW - vertex 8. Time : 0.0004546642303466797s
2023-08-02 05:30:43,467 RW - vertex 8. Time : 0.00024580955505371094s
2023-08-02 05:30:43,467 RW - vertex 26. Time : 0.0002598762512207031s
2023-08-02 05:30:43,467 RW - vertex 26. Time : 0.0002639293670654297s
2023-08-02 05:30:43,467 RW - vertex 26. Time : 0.0002772808074951172s
2023-08-02 05:30:43,467 RW - vertex 15. Time : 0.0002562999725341797s
2023-08-02 05:30:43,467 RW - vertex 26. Time : 0.0002624988555908203s
2023-08-02 05:30:43,467 RW - vertex 15. Time : 0.0002536773681640625s
2023-08-02 05:30:43,467 RW - vertex 15. Time : 0.0002694129943847656s
2023-08-02 05:30:43,467 RW - vertex 26. Time : 0.00032019615173339844s
2023-08-02 05:30:43,467 RW - vertex 15. Time : 0.0002295970916748047s
2023-08-02 05:30:43,467 RW - vertex 8. Time : 0.0005373954772949219s
2023-08-02 05:30:43,467 RW - vertex 26. Time : 0.0005235671997070312s
2023-08-02 05:30:43,467 RW - vertex 20. Time : 0.00022292137145996094s
2023-08-02 05:30:43,467 RW - vertex 15. Time : 0.00022292137145996094s
2023-08-02 05:30:43,467 RW - vertex 20. Time : 0.0002415180206298828s
2023-08-02 05:30:43,467 RW - vertex 20. Time : 0.00024366378784179688s
2023-08-02 05:30:43,468 RW - vertex 20. Time : 0.00026416778564453125s
2023-08-02 05:30:43,468 RW - vertex 20. Time : 0.0002646446228027344s
2023-08-02 05:30:43,468 RW - vertex 15. Time : 0.0004291534423828125s
2023-08-02 05:30:43,468 RW - vertex 1. Time : 0.00028061866760253906s
2023-08-02 05:30:43,468 RW - vertex 26. Time : 0.000392913818359375s
2023-08-02 05:30:43,468 RW - vertex 1. Time : 0.0003905296325683594s
2023-08-02 05:30:43,468 RW - vertex 1. Time : 0.0003693103790283203s
2023-08-02 05:30:43,468 RW - vertex 1. Time : 0.0002129077911376953s
2023-08-02 05:30:43,468 RW - vertex 1. Time : 0.00022721290588378906s
2023-08-02 05:30:43,468 RW - vertex 15. Time : 0.0005192756652832031s
2023-08-02 05:30:43,468 RW - vertex 22. Time : 0.0002257823944091797s
2023-08-02 05:30:43,468 RW - vertex 15. Time : 0.0002162456512451172s
2023-08-02 05:30:43,468 RW - vertex 22. Time : 0.00023651123046875s
2023-08-02 05:30:43,468 RW - vertex 20. Time : 0.00044035911560058594s
2023-08-02 05:30:43,468 RW - vertex 22. Time : 0.00023174285888671875s
2023-08-02 05:30:43,468 RW - vertex 22. Time : 0.0002944469451904297s
2023-08-02 05:30:43,468 RW - vertex 28. Time : 0.00023889541625976562s
2023-08-02 05:30:43,468 RW - vertex 20. Time : 0.000217437744140625s
2023-08-02 05:30:43,468 RW - vertex 22. Time : 0.0004432201385498047s
2023-08-02 05:30:43,468 RW - vertex 28. Time : 0.0002155303955078125s
2023-08-02 05:30:43,468 RW - vertex 20. Time : 0.00045228004455566406s
2023-08-02 05:30:43,469 RW - vertex 28. Time : 0.00027751922607421875s
2023-08-02 05:30:43,469 RW - vertex 2. Time : 0.000278472900390625s
2023-08-02 05:30:43,469 RW - vertex 1. Time : 0.00029778480529785156s
2023-08-02 05:30:43,469 RW - vertex 1. Time : 0.00042128562927246094s
2023-08-02 05:30:43,469 RW - vertex 28. Time : 0.00042057037353515625s
2023-08-02 05:30:43,469 RW - vertex 2. Time : 0.0002593994140625s
2023-08-02 05:30:43,469 RW - vertex 4. Time : 0.00020933151245117188s
2023-08-02 05:30:43,469 RW - vertex 22. Time : 0.0002243518829345703s
2023-08-02 05:30:43,469 RW - vertex 28. Time : 0.0005252361297607422s
2023-08-02 05:30:43,469 RW - vertex 2. Time : 0.0003578662872314453s
2023-08-02 05:30:43,469 RW - vertex 2. Time : 0.00022149085998535156s
2023-08-02 05:30:43,469 RW - vertex 4. Time : 0.0002372264862060547s
2023-08-02 05:30:43,469 RW - vertex 1. Time : 0.0004811286926269531s
2023-08-02 05:30:43,469 RW - vertex 7. Time : 0.00023627281188964844s
2023-08-02 05:30:43,469 RW - vertex 22. Time : 0.0003800392150878906s
2023-08-02 05:30:43,469 RW - vertex 4. Time : 0.00022220611572265625s
2023-08-02 05:30:43,469 RW - vertex 28. Time : 0.00029277801513671875s
2023-08-02 05:30:43,469 RW - vertex 7. Time : 0.00023818016052246094s
2023-08-02 05:30:43,469 RW - vertex 4. Time : 0.00026917457580566406s
2023-08-02 05:30:43,469 RW - vertex 17. Time : 0.00022745132446289062s
2023-08-02 05:30:43,469 RW - vertex 2. Time : 0.00046372413635253906s
2023-08-02 05:30:43,469 RW - vertex 28. Time : 0.0002884864807128906s
2023-08-02 05:30:43,469 RW - vertex 22. Time : 0.0004215240478515625s
2023-08-02 05:30:43,469 RW - vertex 7. Time : 0.00022459030151367188s
2023-08-02 05:30:43,469 RW - vertex 17. Time : 0.000209808349609375s
2023-08-02 05:30:43,470 RW - vertex 7. Time : 0.0002410411834716797s
2023-08-02 05:30:43,470 RW - vertex 2. Time : 0.0003437995910644531s
2023-08-02 05:30:43,470 RW - vertex 10. Time : 0.0002472400665283203s
2023-08-02 05:30:43,470 RW - vertex 17. Time : 0.00024080276489257812s
2023-08-02 05:30:43,470 RW - vertex 10. Time : 0.00026226043701171875s
2023-08-02 05:30:43,470 RW - vertex 2. Time : 0.00034880638122558594s
2023-08-02 05:30:43,470 RW - vertex 17. Time : 0.00027251243591308594s
2023-08-02 05:30:43,470 RW - vertex 4. Time : 0.00022935867309570312s
2023-08-02 05:30:43,470 RW - vertex 4. Time : 0.0004436969757080078s
2023-08-02 05:30:43,470 RW - vertex 3. Time : 0.00023436546325683594s
2023-08-02 05:30:43,470 RW - vertex 10. Time : 0.0002186298370361328s
2023-08-02 05:30:43,470 RW - vertex 28. Time : 0.0004990100860595703s
2023-08-02 05:30:43,470 RW - vertex 3. Time : 0.0002474784851074219s
2023-08-02 05:30:43,470 RW - vertex 10. Time : 0.0002448558807373047s
2023-08-02 05:30:43,470 RW - vertex 7. Time : 0.0002372264862060547s
2023-08-02 05:30:43,470 RW - vertex 6. Time : 0.00021648406982421875s
2023-08-02 05:30:43,470 RW - vertex 3. Time : 0.00019693374633789062s
2023-08-02 05:30:43,470 RW - vertex 4. Time : 0.00035691261291503906s
2023-08-02 05:30:43,470 RW - vertex 6. Time : 0.00023674964904785156s
2023-08-02 05:30:43,470 RW - vertex 17. Time : 0.0002219676971435547s
2023-08-02 05:30:43,470 RW - vertex 3. Time : 0.00023746490478515625s
2023-08-02 05:30:43,470 RW - vertex 7. Time : 0.0004971027374267578s
2023-08-02 05:30:43,470 RW - vertex 5. Time : 0.00024390220642089844s
2023-08-02 05:30:43,470 RW - vertex 6. Time : 0.00022459030151367188s
2023-08-02 05:30:43,470 RW - vertex 2. Time : 0.0004551410675048828s
2023-08-02 05:30:43,471 RW - vertex 5. Time : 0.0002505779266357422s
2023-08-02 05:30:43,471 RW - vertex 7. Time : 0.0003998279571533203s
2023-08-02 05:30:43,471 RW - vertex 10. Time : 0.0002601146697998047s
2023-08-02 05:30:43,471 RW - vertex 6. Time : 0.0002696514129638672s
2023-08-02 05:30:43,471 RW - vertex 23. Time : 0.00024366378784179688s
2023-08-02 05:30:43,471 RW - vertex 5. Time : 0.00023984909057617188s
2023-08-02 05:30:43,471 RW - vertex 23. Time : 0.00022029876708984375s
2023-08-02 05:30:43,471 RW - vertex 17. Time : 0.00047135353088378906s
2023-08-02 05:30:43,471 RW - vertex 3. Time : 0.00023555755615234375s
2023-08-02 05:30:43,471 RW - vertex 5. Time : 0.00021886825561523438s
2023-08-02 05:30:43,471 RW - vertex 18. Time : 0.00022363662719726562s
2023-08-02 05:30:43,471 RW - vertex 23. Time : 0.00024509429931640625s
2023-08-02 05:30:43,471 RW - vertex 4. Time : 0.0004563331604003906s
2023-08-02 05:30:43,471 RW - vertex 17. Time : 0.00034809112548828125s
2023-08-02 05:30:43,471 RW - vertex 18. Time : 0.00020623207092285156s
2023-08-02 05:30:43,471 RW - vertex 23. Time : 0.0002033710479736328s
2023-08-02 05:30:43,471 RW - vertex 6. Time : 0.0002129077911376953s
2023-08-02 05:30:43,471 RW - vertex 12. Time : 0.00024580955505371094s
2023-08-02 05:30:43,471 RW - vertex 18. Time : 0.00021839141845703125s
2023-08-02 05:30:43,471 RW - vertex 12. Time : 0.00021576881408691406s
2023-08-02 05:30:43,471 RW - vertex 10. Time : 0.00038361549377441406s
2023-08-02 05:30:43,471 RW - vertex 18. Time : 0.000225067138671875s
2023-08-02 05:30:43,471 RW - vertex 10. Time : 0.0004825592041015625s
2023-08-02 05:30:43,471 RW - vertex 14. Time : 0.00021195411682128906s
2023-08-02 05:30:43,471 RW - vertex 5. Time : 0.0002300739288330078s
2023-08-02 05:30:43,471 RW - vertex 12. Time : 0.0002129077911376953s
2023-08-02 05:30:43,472 RW - vertex 7. Time : 0.0005054473876953125s
2023-08-02 05:30:43,472 RW - vertex 14. Time : 0.00037169456481933594s
2023-08-02 05:30:43,472 RW - vertex 9. Time : 0.00021791458129882812s
2023-08-02 05:30:43,472 RW - vertex 12. Time : 0.00024056434631347656s
2023-08-02 05:30:43,472 RW - vertex 14. Time : 0.00022864341735839844s
2023-08-02 05:30:43,472 RW - vertex 23. Time : 0.0002617835998535156s
2023-08-02 05:30:43,472 RW - vertex 3. Time : 0.0004177093505859375s
2023-08-02 05:30:43,472 RW - vertex 3. Time : 0.00041604042053222656s
2023-08-02 05:30:43,472 RW - vertex 14. Time : 0.00022602081298828125s
2023-08-02 05:30:43,472 RW - vertex 9. Time : 0.0002167224884033203s
2023-08-02 05:30:43,472 RW - vertex 24. Time : 0.0002465248107910156s
2023-08-02 05:30:43,472 RW - vertex 18. Time : 0.00021576881408691406s
2023-08-02 05:30:43,472 RW - vertex 17. Time : 0.0004608631134033203s
2023-08-02 05:30:43,472 RW - vertex 9. Time : 0.00040340423583984375s
2023-08-02 05:30:43,472 RW - vertex 21. Time : 0.0002448558807373047s
2023-08-02 05:30:43,472 RW - vertex 12. Time : 0.0002231597900390625s
2023-08-02 05:30:43,472 RW - vertex 6. Time : 0.00032067298889160156s
2023-08-02 05:30:43,472 RW - vertex 24. Time : 0.00032329559326171875s
2023-08-02 05:30:43,472 RW - vertex 9. Time : 0.0003972053527832031s
2023-08-02 05:30:43,472 RW - vertex 6. Time : 0.0004584789276123047s
2023-08-02 05:30:43,472 RW - vertex 24. Time : 0.0002262592315673828s
2023-08-02 05:30:43,473 RW - vertex 10. Time : 0.0005822181701660156s
2023-08-02 05:30:43,473 RW - vertex 5. Time : 0.0004305839538574219s
2023-08-02 05:30:43,473 RW - vertex 14. Time : 0.0004220008850097656s
2023-08-02 05:30:43,473 RW - vertex 24. Time : 0.00043964385986328125s
2023-08-02 05:30:43,473 RW - vertex 21. Time : 0.0005183219909667969s
2023-08-02 05:30:43,473 RW - vertex 5. Time : 0.0004608631134033203s
2023-08-02 05:30:43,473 RW - vertex 13. Time : 0.0005936622619628906s
2023-08-02 05:30:43,473 RW - vertex 3. Time : 0.0002818107604980469s
2023-08-02 05:30:43,473 RW - vertex 21. Time : 0.0005390644073486328s
2023-08-02 05:30:43,473 RW - vertex 23. Time : 0.0002536773681640625s
2023-08-02 05:30:43,473 RW - vertex 9. Time : 0.00036215782165527344s
2023-08-02 05:30:43,473 RW - vertex 23. Time : 0.00025844573974609375s
2023-08-02 05:30:43,473 RW - vertex 6. Time : 0.00022363662719726562s
2023-08-02 05:30:43,473 RW - vertex 18. Time : 0.00024056434631347656s
2023-08-02 05:30:43,473 RW - vertex 19. Time : 0.0003714561462402344s
2023-08-02 05:30:43,473 RW - vertex 13. Time : 0.00034046173095703125s
2023-08-02 05:30:43,473 RW - vertex 21. Time : 0.00045180320739746094s
2023-08-02 05:30:43,473 RW - vertex 13. Time : 0.00046563148498535156s
2023-08-02 05:30:43,474 RW - vertex 18. Time : 0.00028395652770996094s
2023-08-02 05:30:43,474 RW - vertex 5. Time : 0.0002875328063964844s
2023-08-02 05:30:43,474 RW - vertex 24. Time : 0.00040984153747558594s
2023-08-02 05:30:43,474 RW - vertex 12. Time : 0.00030422210693359375s
2023-08-02 05:30:43,474 RW - vertex 12. Time : 0.00023794174194335938s
2023-08-02 05:30:43,474 RW - vertex 23. Time : 0.00022125244140625s
2023-08-02 05:30:43,474 RW - vertex 16. Time : 0.0004329681396484375s
2023-08-02 05:30:43,474 RW - vertex 14. Time : 0.00020837783813476562s
2023-08-02 05:30:43,474 RW - vertex 19. Time : 0.00043201446533203125s
2023-08-02 05:30:43,474 RW - vertex 13. Time : 0.00043463706970214844s
2023-08-02 05:30:43,474 RW - vertex 19. Time : 0.0004961490631103516s
2023-08-02 05:30:43,474 RW - vertex 21. Time : 0.00034880638122558594s
2023-08-02 05:30:43,474 RW - vertex 18. Time : 0.00020956993103027344s
2023-08-02 05:30:43,474 RW - vertex 14. Time : 0.000240325927734375s
2023-08-02 05:30:43,474 RW - vertex 9. Time : 0.0002193450927734375s
2023-08-02 05:30:43,474 RW - vertex 11. Time : 0.0003762245178222656s
2023-08-02 05:30:43,474 RW - vertex 12. Time : 0.00022411346435546875s
2023-08-02 05:30:43,474 RW - vertex 9. Time : 0.00021219253540039062s
2023-08-02 05:30:43,474 RW - vertex 16. Time : 0.0004119873046875s
2023-08-02 05:30:43,474 RW - vertex 19. Time : 0.0004329681396484375s
2023-08-02 05:30:43,474 RW - vertex 24. Time : 0.00022292137145996094s
2023-08-02 05:30:43,474 RW - vertex 13. Time : 0.0003638267517089844s
2023-08-02 05:30:43,475 RW - vertex 16. Time : 0.00048613548278808594s
2023-08-02 05:30:43,475 RW - vertex 14. Time : 0.0002474784851074219s
2023-08-02 05:30:43,475 RW - vertex 24. Time : 0.0002434253692626953s
2023-08-02 05:30:43,475 RW - vertex 21. Time : 0.0002353191375732422s
2023-08-02 05:30:43,475 RW - vertex 27. Time : 0.0003943443298339844s
2023-08-02 05:30:43,475 RW - vertex 11. Time : 0.0004448890686035156s
2023-08-02 05:30:43,475 RW - vertex 21. Time : 0.00021028518676757812s
2023-08-02 05:30:43,475 RW - vertex 9. Time : 0.00025463104248046875s
2023-08-02 05:30:43,475 RW - vertex 16. Time : 0.00046706199645996094s
2023-08-02 05:30:43,475 RW - vertex 19. Time : 0.0004200935363769531s
2023-08-02 05:30:43,475 RW - vertex 13. Time : 0.00022935867309570312s
2023-08-02 05:30:43,475 RW - vertex 11. Time : 0.0004477500915527344s
2023-08-02 05:30:43,475 RW - vertex 13. Time : 0.00023484230041503906s
2023-08-02 05:30:43,475 RW - vertex 24. Time : 0.00022649765014648438s
2023-08-02 05:30:43,475 RW - vertex 19. Time : 0.00021886825561523438s
2023-08-02 05:30:43,475 RW - vertex 27. Time : 0.0004963874816894531s
2023-08-02 05:30:43,475 RW - vertex 11. Time : 0.0004436969757080078s
2023-08-02 05:30:43,475 RW - vertex 16. Time : 0.0004987716674804688s
2023-08-02 05:30:43,476 RW - vertex 27. Time : 0.0004718303680419922s
2023-08-02 05:30:43,476 RW - vertex 19. Time : 0.00042510032653808594s
2023-08-02 05:30:43,476 RW - vertex 16. Time : 0.0004215240478515625s
2023-08-02 05:30:43,476 RW - vertex 21. Time : 0.0004589557647705078s
2023-08-02 05:30:43,476 Iteration 1 executed.
2023-08-02 05:30:43,476 RW - vertex 25. Time : 0.00045490264892578125s
2023-08-02 05:30:43,476 RW - vertex 16. Time : 0.00025343894958496094s
2023-08-02 05:30:43,476 RW - vertex 27. Time : 0.00045871734619140625s
2023-08-02 05:30:43,476 RW - vertex 11. Time : 0.0004792213439941406s
2023-08-02 05:30:43,476 RW - vertex 11. Time : 0.00047659873962402344s
2023-08-02 05:30:43,476 RW - vertex 11. Time : 0.0002865791320800781s
2023-08-02 05:30:43,476 RW - vertex 13. Time : 0.000507354736328125s
2023-08-02 05:30:43,476 RW - vertex 8. Time : 0.0004456043243408203s
2023-08-02 05:30:43,477 RW - vertex 27. Time : 0.0002319812774658203s
2023-08-02 05:30:43,477 RW - vertex 27. Time : 0.00046563148498535156s
2023-08-02 05:30:43,477 RW - vertex 27. Time : 0.000453948974609375s
2023-08-02 05:30:43,477 RW - vertex 19. Time : 0.0004603862762451172s
2023-08-02 05:30:43,477 RW - vertex 26. Time : 0.00043272972106933594s
2023-08-02 05:30:43,477 Iteration 4 executed.
2023-08-02 05:30:43,477 Iteration 5 executed.
2023-08-02 05:30:43,477 RW - vertex 16. Time : 0.0003528594970703125s
2023-08-02 05:30:43,477 RW - vertex 15. Time : 0.000308990478515625s
2023-08-02 05:30:43,477 RW - vertex 11. Time : 0.00021386146545410156s
2023-08-02 05:30:43,478 RW - vertex 20. Time : 0.00026702880859375s
2023-08-02 05:30:43,478 RW - vertex 25. Time : 0.0003979206085205078s
2023-08-02 05:30:43,478 Iteration 2 executed.
2023-08-02 05:30:43,478 RW - vertex 27. Time : 0.0002582073211669922s
2023-08-02 05:30:43,478 RW - vertex 1. Time : 0.00023102760314941406s
2023-08-02 05:30:43,478 RW - vertex 8. Time : 0.00033736228942871094s
2023-08-02 05:30:43,478 Iteration 7 executed.
2023-08-02 05:30:43,478 RW - vertex 22. Time : 0.0002460479736328125s
2023-08-02 05:30:43,478 Iteration 3 executed.
2023-08-02 05:30:43,478 Iteration 6 executed.
2023-08-02 05:30:43,478 RW - vertex 28. Time : 0.00023293495178222656s
2023-08-02 05:30:43,478 Iteration 0 executed.
2023-08-02 05:30:43,478 RW - vertex 26. Time : 0.00037550926208496094s
2023-08-02 05:30:43,479 RW - vertex 2. Time : 0.00025200843811035156s
2023-08-02 05:30:43,479 RW - vertex 15. Time : 0.00035381317138671875s
2023-08-02 05:30:43,479 RW - vertex 4. Time : 0.00022029876708984375s
2023-08-02 05:30:43,479 RW - vertex 7. Time : 0.00022983551025390625s
2023-08-02 05:30:43,479 RW - vertex 20. Time : 0.0003731250762939453s
2023-08-02 05:30:43,480 RW - vertex 17. Time : 0.00022077560424804688s
2023-08-02 05:30:43,480 RW - vertex 1. Time : 0.00023889541625976562s
2023-08-02 05:30:43,480 RW - vertex 10. Time : 0.0002346038818359375s
2023-08-02 05:30:43,480 RW - vertex 22. Time : 0.00021791458129882812s
2023-08-02 05:30:43,480 RW - vertex 28. Time : 0.00020766258239746094s
2023-08-02 05:30:43,480 RW - vertex 3. Time : 0.0002238750457763672s
2023-08-02 05:30:43,480 RW - vertex 6. Time : 0.00021314620971679688s
2023-08-02 05:30:43,480 RW - vertex 2. Time : 0.0002505779266357422s
2023-08-02 05:30:43,481 RW - vertex 5. Time : 0.000225067138671875s
2023-08-02 05:30:43,481 RW - vertex 4. Time : 0.0002384185791015625s
2023-08-02 05:30:43,481 RW - vertex 23. Time : 0.00024008750915527344s
2023-08-02 05:30:43,481 RW - vertex 7. Time : 0.00020313262939453125s
2023-08-02 05:30:43,481 RW - vertex 17. Time : 0.00022530555725097656s
2023-08-02 05:30:43,481 RW - vertex 18. Time : 0.0002372264862060547s
2023-08-02 05:30:43,481 RW - vertex 12. Time : 0.00021982192993164062s
2023-08-02 05:30:43,481 RW - vertex 10. Time : 0.00022864341735839844s
2023-08-02 05:30:43,482 RW - vertex 14. Time : 0.0002560615539550781s
2023-08-02 05:30:43,482 RW - vertex 3. Time : 0.00036978721618652344s
2023-08-02 05:30:43,482 RW - vertex 9. Time : 0.000324249267578125s
2023-08-02 05:30:43,482 RW - vertex 6. Time : 0.0003979206085205078s
2023-08-02 05:30:43,482 RW - vertex 24. Time : 0.0003917217254638672s
2023-08-02 05:30:43,483 RW - vertex 5. Time : 0.000385284423828125s
2023-08-02 05:30:43,483 RW - vertex 21. Time : 0.00033402442932128906s
2023-08-02 05:30:43,483 RW - vertex 23. Time : 0.00022602081298828125s
2023-08-02 05:30:43,483 RW - vertex 13. Time : 0.00024771690368652344s
2023-08-02 05:30:43,483 RW - vertex 18. Time : 0.0002357959747314453s
2023-08-02 05:30:43,483 RW - vertex 19. Time : 0.0002765655517578125s
2023-08-02 05:30:43,483 RW - vertex 12. Time : 0.0002346038818359375s
2023-08-02 05:30:43,484 RW - vertex 16. Time : 0.00026488304138183594s
2023-08-02 05:30:43,484 RW - vertex 14. Time : 0.00026345252990722656s
2023-08-02 05:30:43,484 RW - vertex 11. Time : 0.0004010200500488281s
2023-08-02 05:30:43,484 RW - vertex 9. Time : 0.00042366981506347656s
2023-08-02 05:30:43,485 RW - vertex 27. Time : 0.0004038810729980469s
2023-08-02 05:30:43,485 RW - vertex 24. Time : 0.00037288665771484375s
2023-08-02 05:30:43,485 RW - vertex 21. Time : 0.0003581047058105469s
2023-08-02 05:30:43,485 Iteration 8 executed.
2023-08-02 05:30:43,485 RW - vertex 13. Time : 0.0003848075866699219s
2023-08-02 05:30:43,486 RW - vertex 19. Time : 0.00038552284240722656s
2023-08-02 05:30:43,486 RW - vertex 16. Time : 0.0002713203430175781s
2023-08-02 05:30:43,487 RW - vertex 11. Time : 0.0002281665802001953s
2023-08-02 05:30:43,487 RW - vertex 27. Time : 0.0002231597900390625s
2023-08-02 05:30:43,487 Iteration 9 executed.
2023-08-02 05:30:43,494 RWs created. Time: 0.0009649197260538737m
2023-08-02 05:30:43,494 Saving Random Walks on disk...
2023-08-02 05:30:43,500 Initializing creation of the representations...
2023-08-02 05:30:43,500 collecting all words and their counts
2023-08-02 05:30:43,501 {'uri': 'random_walks.txt', 'mode': 'rb', 'buffering': -1, 'encoding': None, 'errors': None, 'newline': None, 'closefd': True, 'opener': None, 'compression': 'infer_from_extension', 'transport_params': None}
2023-08-02 05:30:43,501 PROGRESS: at sentence #0, processed 0 words, keeping 0 word types
2023-08-02 05:30:43,503 collected 28 word types from a corpus of 22400 raw words and 280 sentences
2023-08-02 05:30:43,503 Creating a fresh vocabulary
2023-08-02 05:30:43,505 starting a new internal lifecycle event log for Word2Vec
2023-08-02 05:30:43,505 Word2Vec lifecycle event {'msg': 'effective_min_count=0 retains 28 unique words (100.00% of original 28, drops 0)', 'datetime': '2023-08-02T05:30:43.503736', 'gensim': '4.3.1', 'python': '3.10.9 (main, Mar  1 2023, 18:23:06) [GCC 11.2.0]', 'platform': 'Linux-5.15.90.1-microsoft-standard-WSL2-x86_64-with-glibc2.35', 'event': 'prepare_vocab'}
2023-08-02 05:30:43,505 Word2Vec lifecycle event {'msg': 'effective_min_count=0 leaves 22400 word corpus (100.00% of original 22400, drops 0)', 'datetime': '2023-08-02T05:30:43.505370', 'gensim': '4.3.1', 'python': '3.10.9 (main, Mar  1 2023, 18:23:06) [GCC 11.2.0]', 'platform': 'Linux-5.15.90.1-microsoft-standard-WSL2-x86_64-with-glibc2.35', 'event': 'prepare_vocab'}
2023-08-02 05:30:43,505 deleting the raw counts dictionary of 28 items
2023-08-02 05:30:43,505 sample=0.001 downsamples 28 most-common words
2023-08-02 05:30:43,505 Word2Vec lifecycle event {'msg': 'downsampling leaves estimated 3912.237416076548 word corpus (17.5%% of prior 22400)', 'datetime': '2023-08-02T05:30:43.505632', 'gensim': '4.3.1', 'python': '3.10.9 (main, Mar  1 2023, 18:23:06) [GCC 11.2.0]', 'platform': 'Linux-5.15.90.1-microsoft-standard-WSL2-x86_64-with-glibc2.35', 'event': 'prepare_vocab'}
2023-08-02 05:30:43,505 constructing a huffman tree from 28 words
2023-08-02 05:30:43,506 built huffman tree with maximum node depth 8
2023-08-02 05:30:43,506 estimated required memory for 28 words and 128 dimensions: 62608 bytes
2023-08-02 05:30:43,506 resetting layer weights
2023-08-02 05:30:43,506 Word2Vec lifecycle event {'update': False, 'trim_rule': 'None', 'datetime': '2023-08-02T05:30:43.506863', 'gensim': '4.3.1', 'python': '3.10.9 (main, Mar  1 2023, 18:23:06) [GCC 11.2.0]', 'platform': 'Linux-5.15.90.1-microsoft-standard-WSL2-x86_64-with-glibc2.35', 'event': 'build_vocab'}
2023-08-02 05:30:43,506 Both hierarchical softmax and negative sampling are activated. This is probably a mistake. You should set either 'hs=0' or 'negative=0' to disable one of them. 
2023-08-02 05:30:43,506 Word2Vec lifecycle event {'msg': 'training model with 8 workers on 28 vocabulary and 128 features, using sg=1 hs=1 sample=0.001 negative=5 window=10 shrink_windows=True', 'datetime': '2023-08-02T05:30:43.506962', 'gensim': '4.3.1', 'python': '3.10.9 (main, Mar  1 2023, 18:23:06) [GCC 11.2.0]', 'platform': 'Linux-5.15.90.1-microsoft-standard-WSL2-x86_64-with-glibc2.35', 'event': 'train'}
2023-08-02 05:30:43,508 {'uri': 'random_walks.txt', 'mode': 'rb', 'buffering': -1, 'encoding': None, 'errors': None, 'newline': None, 'closefd': True, 'opener': None, 'compression': 'infer_from_extension', 'transport_params': None}
2023-08-02 05:30:43,510 job loop exiting, total 3 jobs
2023-08-02 05:30:43,513 worker exiting, processed 0 jobs
2023-08-02 05:30:43,513 worker exiting, processed 0 jobs
2023-08-02 05:30:43,513 worker exiting, processed 0 jobs
2023-08-02 05:30:43,513 worker exiting, processed 0 jobs
2023-08-02 05:30:43,513 worker exiting, processed 0 jobs
2023-08-02 05:30:43,513 worker thread finished; awaiting finish of 7 more threads
2023-08-02 05:30:43,515 worker thread finished; awaiting finish of 6 more threads
2023-08-02 05:30:43,516 worker thread finished; awaiting finish of 5 more threads
2023-08-02 05:30:43,516 worker thread finished; awaiting finish of 4 more threads
2023-08-02 05:30:43,516 worker thread finished; awaiting finish of 3 more threads
2023-08-02 05:30:43,520 worker exiting, processed 1 jobs
2023-08-02 05:30:43,520 worker thread finished; awaiting finish of 2 more threads
2023-08-02 05:30:43,528 worker exiting, processed 1 jobs
2023-08-02 05:30:43,528 worker thread finished; awaiting finish of 1 more threads
2023-08-02 05:30:43,530 worker exiting, processed 1 jobs
2023-08-02 05:30:43,530 worker thread finished; awaiting finish of 0 more threads
2023-08-02 05:30:43,530 EPOCH 0: training on 22400 raw words (3861 effective words) took 0.0s, 216460 effective words/s
2023-08-02 05:30:43,532 {'uri': 'random_walks.txt', 'mode': 'rb', 'buffering': -1, 'encoding': None, 'errors': None, 'newline': None, 'closefd': True, 'opener': None, 'compression': 'infer_from_extension', 'transport_params': None}
2023-08-02 05:30:43,534 job loop exiting, total 3 jobs
2023-08-02 05:30:43,534 worker exiting, processed 0 jobs
2023-08-02 05:30:43,534 worker exiting, processed 0 jobs
2023-08-02 05:30:43,534 worker exiting, processed 0 jobs
2023-08-02 05:30:43,534 worker exiting, processed 0 jobs
2023-08-02 05:30:43,534 worker exiting, processed 0 jobs
2023-08-02 05:30:43,534 worker thread finished; awaiting finish of 7 more threads
2023-08-02 05:30:43,537 worker thread finished; awaiting finish of 6 more threads
2023-08-02 05:30:43,537 worker thread finished; awaiting finish of 5 more threads
2023-08-02 05:30:43,537 worker thread finished; awaiting finish of 4 more threads
2023-08-02 05:30:43,537 worker thread finished; awaiting finish of 3 more threads
2023-08-02 05:30:43,541 worker exiting, processed 1 jobs
2023-08-02 05:30:43,542 worker thread finished; awaiting finish of 2 more threads
2023-08-02 05:30:43,549 worker exiting, processed 1 jobs
2023-08-02 05:30:43,549 worker thread finished; awaiting finish of 1 more threads
2023-08-02 05:30:43,552 worker exiting, processed 1 jobs
2023-08-02 05:30:43,552 worker thread finished; awaiting finish of 0 more threads
2023-08-02 05:30:43,552 EPOCH 1: training on 22400 raw words (3898 effective words) took 0.0s, 191439 effective words/s
2023-08-02 05:30:43,554 {'uri': 'random_walks.txt', 'mode': 'rb', 'buffering': -1, 'encoding': None, 'errors': None, 'newline': None, 'closefd': True, 'opener': None, 'compression': 'infer_from_extension', 'transport_params': None}
2023-08-02 05:30:43,555 job loop exiting, total 3 jobs
2023-08-02 05:30:43,556 worker exiting, processed 0 jobs
2023-08-02 05:30:43,556 worker exiting, processed 0 jobs
2023-08-02 05:30:43,556 worker exiting, processed 0 jobs
2023-08-02 05:30:43,556 worker exiting, processed 0 jobs
2023-08-02 05:30:43,556 worker exiting, processed 0 jobs
2023-08-02 05:30:43,556 worker thread finished; awaiting finish of 7 more threads
2023-08-02 05:30:43,558 worker thread finished; awaiting finish of 6 more threads
2023-08-02 05:30:43,558 worker thread finished; awaiting finish of 5 more threads
2023-08-02 05:30:43,558 worker thread finished; awaiting finish of 4 more threads
2023-08-02 05:30:43,559 worker thread finished; awaiting finish of 3 more threads
2023-08-02 05:30:43,563 worker exiting, processed 1 jobs
2023-08-02 05:30:43,563 worker thread finished; awaiting finish of 2 more threads
2023-08-02 05:30:43,572 worker exiting, processed 1 jobs
2023-08-02 05:30:43,572 worker thread finished; awaiting finish of 1 more threads
2023-08-02 05:30:43,574 worker exiting, processed 1 jobs
2023-08-02 05:30:43,574 worker thread finished; awaiting finish of 0 more threads
2023-08-02 05:30:43,574 EPOCH 2: training on 22400 raw words (3924 effective words) took 0.0s, 193571 effective words/s
2023-08-02 05:30:43,576 {'uri': 'random_walks.txt', 'mode': 'rb', 'buffering': -1, 'encoding': None, 'errors': None, 'newline': None, 'closefd': True, 'opener': None, 'compression': 'infer_from_extension', 'transport_params': None}
2023-08-02 05:30:43,577 job loop exiting, total 3 jobs
2023-08-02 05:30:43,578 worker exiting, processed 0 jobs
2023-08-02 05:30:43,578 worker exiting, processed 0 jobs
2023-08-02 05:30:43,578 worker exiting, processed 0 jobs
2023-08-02 05:30:43,578 worker exiting, processed 0 jobs
2023-08-02 05:30:43,578 worker exiting, processed 0 jobs
2023-08-02 05:30:43,579 worker thread finished; awaiting finish of 7 more threads
2023-08-02 05:30:43,580 worker thread finished; awaiting finish of 6 more threads
2023-08-02 05:30:43,581 worker thread finished; awaiting finish of 5 more threads
2023-08-02 05:30:43,581 worker thread finished; awaiting finish of 4 more threads
2023-08-02 05:30:43,581 worker thread finished; awaiting finish of 3 more threads
2023-08-02 05:30:43,585 worker exiting, processed 1 jobs
2023-08-02 05:30:43,585 worker thread finished; awaiting finish of 2 more threads
2023-08-02 05:30:43,593 worker exiting, processed 1 jobs
2023-08-02 05:30:43,594 worker thread finished; awaiting finish of 1 more threads
2023-08-02 05:30:43,595 worker exiting, processed 1 jobs
2023-08-02 05:30:43,595 worker thread finished; awaiting finish of 0 more threads
2023-08-02 05:30:43,595 EPOCH 3: training on 22400 raw words (3834 effective words) took 0.0s, 193375 effective words/s
2023-08-02 05:30:43,597 {'uri': 'random_walks.txt', 'mode': 'rb', 'buffering': -1, 'encoding': None, 'errors': None, 'newline': None, 'closefd': True, 'opener': None, 'compression': 'infer_from_extension', 'transport_params': None}
2023-08-02 05:30:43,601 job loop exiting, total 3 jobs
2023-08-02 05:30:43,601 worker exiting, processed 0 jobs
2023-08-02 05:30:43,601 worker exiting, processed 0 jobs
2023-08-02 05:30:43,601 worker exiting, processed 0 jobs
2023-08-02 05:30:43,602 worker exiting, processed 0 jobs
2023-08-02 05:30:43,602 worker exiting, processed 0 jobs
2023-08-02 05:30:43,602 worker thread finished; awaiting finish of 7 more threads
2023-08-02 05:30:43,602 worker thread finished; awaiting finish of 6 more threads
2023-08-02 05:30:43,602 worker thread finished; awaiting finish of 5 more threads
2023-08-02 05:30:43,602 worker thread finished; awaiting finish of 4 more threads
2023-08-02 05:30:43,603 worker thread finished; awaiting finish of 3 more threads
2023-08-02 05:30:43,606 worker exiting, processed 1 jobs
2023-08-02 05:30:43,606 worker thread finished; awaiting finish of 2 more threads
2023-08-02 05:30:43,614 worker exiting, processed 1 jobs
2023-08-02 05:30:43,614 worker thread finished; awaiting finish of 1 more threads
2023-08-02 05:30:43,617 worker exiting, processed 1 jobs
2023-08-02 05:30:43,618 worker thread finished; awaiting finish of 0 more threads
2023-08-02 05:30:43,618 EPOCH 4: training on 22400 raw words (3931 effective words) took 0.0s, 191722 effective words/s
2023-08-02 05:30:43,618 Word2Vec lifecycle event {'msg': 'training on 112000 raw words (19448 effective words) took 0.1s, 174441 effective words/s', 'datetime': '2023-08-02T05:30:43.618494', 'gensim': '4.3.1', 'python': '3.10.9 (main, Mar  1 2023, 18:23:06) [GCC 11.2.0]', 'platform': 'Linux-5.15.90.1-microsoft-standard-WSL2-x86_64-with-glibc2.35', 'event': 'train'}
2023-08-02 05:30:43,618 Word2Vec lifecycle event {'params': 'Word2Vec<vocab=28, vector_size=128, alpha=0.025>', 'datetime': '2023-08-02T05:30:43.618565', 'gensim': '4.3.1', 'python': '3.10.9 (main, Mar  1 2023, 18:23:06) [GCC 11.2.0]', 'platform': 'Linux-5.15.90.1-microsoft-standard-WSL2-x86_64-with-glibc2.35', 'event': 'created'}
2023-08-02 05:30:43,618 storing 28x128 projection weights into temp_graph.emb
2023-08-02 05:30:43,618 {'uri': 'temp_graph.emb', 'mode': 'wb', 'buffering': -1, 'encoding': None, 'errors': None, 'newline': None, 'closefd': True, 'opener': None, 'compression': 'infer_from_extension', 'transport_params': None}
2023-08-02 05:30:43,620 Representations created.
