2023-08-02 05:30:44,258  - Loading graph...
2023-08-02 05:30:44,258  - Graph loaded.
2023-08-02 05:30:44,258  - Converting graph to dict...
2023-08-02 05:30:44,258 Graph converted.
2023-08-02 05:30:44,258 Graph - Number of vertices: 13
2023-08-02 05:30:44,258 Graph - Number of edges: 7.0
2023-08-02 05:30:44,275 Capturing larger degree...
2023-08-02 05:30:44,275 Larger degree captured
2023-08-02 05:30:44,296 BFS vertex 7. Time: 0.0001957416534423828s
2023-08-02 05:30:44,296 BFS vertex 1. Time: 0.00018930435180664062s
2023-08-02 05:30:44,297 BFS vertex 8. Time: 1.71661376953125e-05s
2023-08-02 05:30:44,297 BFS vertex 4. Time: 1.7881393432617188e-05s
2023-08-02 05:30:44,297 BFS vertex 13. Time: 0.00011086463928222656s
2023-08-02 05:30:44,297 BFS vertex 2. Time: 0.0001385211944580078s
2023-08-02 05:30:44,297 BFS vertex 3. Time: 0.00013899803161621094s
2023-08-02 05:30:44,297 BFS vertex 5. Time: 3.886222839355469e-05s
2023-08-02 05:30:44,297 BFS vertex 9. Time: 0.0001583099365234375s
2023-08-02 05:30:44,297 BFS vertex 12. Time: 0.0001418590545654297s
2023-08-02 05:30:44,297 BFS vertex 6. Time: 2.1696090698242188e-05s
2023-08-02 05:30:44,297 BFS vertex 11. Time: 0.00016832351684570312s
2023-08-02 05:30:44,298 BFS vertex 10. Time: 3.0279159545898438e-05s
2023-08-02 05:30:44,303 Saving degreeList on disk...
2023-08-02 05:30:44,303 Saving variable on disk...
2023-08-02 05:30:44,303 Variable saved. Time: 7.987022399902344e-06m
2023-08-02 05:30:44,303 Execution time - BFS: 0.0004705031712849935m
2023-08-02 05:30:44,308 Creating degree vectors...
2023-08-02 05:30:44,308 Degree vectors created.
2023-08-02 05:30:44,308 Saving degree vectors...
2023-08-02 05:30:44,308 Saving variable on disk...
2023-08-02 05:30:44,309 Variable saved. Time: 1.6053517659505208e-06m
2023-08-02 05:30:44,309 Using compactDegree: True
2023-08-02 05:30:44,309 Calculations until layer: 6
2023-08-02 05:30:44,309 Split degree List...
2023-08-02 05:30:44,312 Recovering compactDegreeList from disk...
2023-08-02 05:30:44,312 Recovering variable...
2023-08-02 05:30:44,312 Variable recovered. Time: 4.545847574869792e-06m
2023-08-02 05:30:44,313 Recovering degree vector from disk...
2023-08-02 05:30:44,313 Recovering variable...
2023-08-02 05:30:44,313 Variable recovered. Time: 9.775161743164062e-07m
2023-08-02 05:30:44,313 Saving variable on disk...
2023-08-02 05:30:44,313 Variable saved. Time: 1.5815099080403647e-06m
2023-08-02 05:30:44,313 Saving variable on disk...
2023-08-02 05:30:44,313 Variable saved. Time: 3.3895174662272136e-06m
2023-08-02 05:30:44,313 degreeList 1 completed.
2023-08-02 05:30:44,314 Recovering compactDegreeList from disk...
2023-08-02 05:30:44,314 Recovering variable...
2023-08-02 05:30:44,314 Variable recovered. Time: 1.0331471761067708e-06m
2023-08-02 05:30:44,314 Recovering degree vector from disk...
2023-08-02 05:30:44,314 Recovering variable...
2023-08-02 05:30:44,314 Variable recovered. Time: 4.251797993977865e-07m
2023-08-02 05:30:44,314 Saving variable on disk...
2023-08-02 05:30:44,314 Variable saved. Time: 7.987022399902344e-07m
2023-08-02 05:30:44,314 Saving variable on disk...
2023-08-02 05:30:44,314 Variable saved. Time: 2.666314442952474e-06m
2023-08-02 05:30:44,315 degreeList 2 completed.
2023-08-02 05:30:44,315 Recovering compactDegreeList from disk...
2023-08-02 05:30:44,315 Recovering variable...
2023-08-02 05:30:44,315 Variable recovered. Time: 1.2040138244628906e-06m
2023-08-02 05:30:44,315 Recovering degree vector from disk...
2023-08-02 05:30:44,315 Recovering variable...
2023-08-02 05:30:44,315 Variable recovered. Time: 5.284945170084636e-07m
2023-08-02 05:30:44,315 Saving variable on disk...
2023-08-02 05:30:44,315 Variable saved. Time: 7.867813110351562e-07m
2023-08-02 05:30:44,315 Saving variable on disk...
2023-08-02 05:30:44,316 Variable saved. Time: 2.968311309814453e-06m
2023-08-02 05:30:44,316 degreeList 3 completed.
2023-08-02 05:30:44,316 Recovering compactDegreeList from disk...
2023-08-02 05:30:44,316 Recovering variable...
2023-08-02 05:30:44,316 Variable recovered. Time: 1.0768572489420573e-06m
2023-08-02 05:30:44,316 Recovering degree vector from disk...
2023-08-02 05:30:44,316 Recovering variable...
2023-08-02 05:30:44,316 Variable recovered. Time: 4.450480143229167e-07m
2023-08-02 05:30:44,316 Saving variable on disk...
2023-08-02 05:30:44,316 Variable saved. Time: 7.907549540201823e-07m
2023-08-02 05:30:44,316 Saving variable on disk...
2023-08-02 05:30:44,317 Variable saved. Time: 2.7855237325032553e-06m
2023-08-02 05:30:44,317 degreeList 4 completed.
2023-08-02 05:30:44,317 Recovering compactDegreeList from disk...
2023-08-02 05:30:44,317 Recovering variable...
2023-08-02 05:30:44,317 Variable recovered. Time: 1.2993812561035157e-06m
2023-08-02 05:30:44,317 Recovering degree vector from disk...
2023-08-02 05:30:44,317 Recovering variable...
2023-08-02 05:30:44,317 Variable recovered. Time: 5.364418029785156e-07m
2023-08-02 05:30:44,318 Saving variable on disk...
2023-08-02 05:30:44,318 Variable saved. Time: 8.900960286458333e-07m
2023-08-02 05:30:44,318 Saving variable on disk...
2023-08-02 05:30:44,318 Variable saved. Time: 3.254413604736328e-06m
2023-08-02 05:30:44,318 degreeList 5 completed.
2023-08-02 05:30:44,318 Recovering compactDegreeList from disk...
2023-08-02 05:30:44,318 Recovering variable...
2023-08-02 05:30:44,318 Variable recovered. Time: 9.258588155110677e-07m
2023-08-02 05:30:44,319 Recovering degree vector from disk...
2023-08-02 05:30:44,319 Recovering variable...
2023-08-02 05:30:44,319 Variable recovered. Time: 4.7286351521809897e-07m
2023-08-02 05:30:44,319 Saving variable on disk...
2023-08-02 05:30:44,319 Variable saved. Time: 7.271766662597656e-07m
2023-08-02 05:30:44,319 Saving variable on disk...
2023-08-02 05:30:44,319 Variable saved. Time: 2.6861826578776044e-06m
2023-08-02 05:30:44,319 degreeList 6 completed.
2023-08-02 05:30:44,319 Recovering compactDegreeList from disk...
2023-08-02 05:30:44,319 Recovering variable...
2023-08-02 05:30:44,320 Variable recovered. Time: 8.940696716308594e-07m
2023-08-02 05:30:44,320 Recovering degree vector from disk...
2023-08-02 05:30:44,320 Recovering variable...
2023-08-02 05:30:44,320 Variable recovered. Time: 3.973642985026042e-07m
2023-08-02 05:30:44,320 Saving variable on disk...
2023-08-02 05:30:44,320 Variable saved. Time: 6.834665934244792e-07m
2023-08-02 05:30:44,320 Saving variable on disk...
2023-08-02 05:30:44,320 Variable saved. Time: 2.9802322387695312e-06m
2023-08-02 05:30:44,320 degreeList 7 completed.
2023-08-02 05:30:44,320 Recovering compactDegreeList from disk...
2023-08-02 05:30:44,321 Recovering variable...
2023-08-02 05:30:44,321 Variable recovered. Time: 1.0887781778971354e-06m
2023-08-02 05:30:44,321 Recovering degree vector from disk...
2023-08-02 05:30:44,321 Recovering variable...
2023-08-02 05:30:44,321 Variable recovered. Time: 3.973642985026042e-07m
2023-08-02 05:30:44,321 Saving variable on disk...
2023-08-02 05:30:44,321 Variable saved. Time: 6.67572021484375e-07m
2023-08-02 05:30:44,321 Saving variable on disk...
2023-08-02 05:30:44,321 Variable saved. Time: 2.3802121480305988e-06m
2023-08-02 05:30:44,321 degreeList 8 completed.
2023-08-02 05:30:44,324 Executing part 1...
2023-08-02 05:30:44,339 Executing part 2...
2023-08-02 05:30:44,339 Executing part 3...
2023-08-02 05:30:44,339 Executing part 4...
2023-08-02 05:30:44,339 Executing part 5...
2023-08-02 05:30:44,340 Recovering variable...
2023-08-02 05:30:44,340 Recovering variable...
2023-08-02 05:30:44,341 Executing part 6...
2023-08-02 05:30:44,341 Variable recovered. Time: 1.148382822672526e-06m
2023-08-02 05:30:44,341 Executing part 7...
2023-08-02 05:30:44,341 Variable recovered. Time: 8.980433146158854e-07m
2023-08-02 05:30:44,341 Recovering variable...
2023-08-02 05:30:44,341 Recovering variable...
2023-08-02 05:30:44,340 Recovering variable...
2023-08-02 05:30:44,341 Executing part 8...
2023-08-02 05:30:44,341 Recovering variable...
2023-08-02 05:30:44,341 Receiving results...
2023-08-02 05:30:44,341 Variable recovered. Time: 1.0768572489420573e-06m
2023-08-02 05:30:44,341 Recovering variable...
2023-08-02 05:30:44,341 Variable recovered. Time: 1.0768572489420573e-06m
2023-08-02 05:30:44,341 Recovering variable...
2023-08-02 05:30:44,341 Variable recovered. Time: 3.997484842936198e-06m
2023-08-02 05:30:44,341 Variable recovered. Time: 3.83456548055013e-06m
2023-08-02 05:30:44,341 Variable recovered. Time: 3.274281819661458e-06m
2023-08-02 05:30:44,341 Variable recovered. Time: 3.2186508178710938e-06m
2023-08-02 05:30:44,341 fastDTW between vertices (7, 1). Time: 0.0002913475036621094s
2023-08-02 05:30:44,341 fastDTW between vertices (13, 7). Time: 0.00028824806213378906s
2023-08-02 05:30:44,341 fastDTW between vertices (7, 13). Time: 3.24249267578125e-05s
2023-08-02 05:30:44,341 fastDTW between vertices (13, 1). Time: 3.266334533691406e-05s
2023-08-02 05:30:44,341 fastDTW between vertices (2, 7). Time: 0.00024771690368652344s
2023-08-02 05:30:44,341 fastDTW between vertices (7, 2). Time: 2.5033950805664062e-05s
2023-08-02 05:30:44,341 fastDTW between vertices (13, 2). Time: 2.384185791015625e-05s
2023-08-02 05:30:44,341 fastDTW between vertices (3, 7). Time: 0.00024008750915527344s
2023-08-02 05:30:44,341 fastDTW between vertices (7, 5). Time: 2.3126602172851562e-05s
2023-08-02 05:30:44,341 fastDTW between vertices (13, 5). Time: 2.3126602172851562e-05s
2023-08-02 05:30:44,341 fastDTW between vertices (2, 1). Time: 2.7894973754882812e-05s
2023-08-02 05:30:44,342 fastDTW between vertices (3, 1). Time: 2.7418136596679688e-05s
2023-08-02 05:30:44,342 fastDTW between vertices (7, 3). Time: 2.2649765014648438e-05s
2023-08-02 05:30:44,342 fastDTW between vertices (13, 3). Time: 2.288818359375e-05s
2023-08-02 05:30:44,342 fastDTW between vertices (2, 13). Time: 3.4332275390625e-05s
2023-08-02 05:30:44,342 fastDTW between vertices (3, 13). Time: 2.384185791015625e-05s
2023-08-02 05:30:44,342 fastDTW between vertices (7, 4). Time: 2.3365020751953125e-05s
2023-08-02 05:30:44,342 fastDTW between vertices (13, 4). Time: 2.288818359375e-05s
2023-08-02 05:30:44,342 fastDTW between vertices (3, 2). Time: 2.3126602172851562e-05s
2023-08-02 05:30:44,342 fastDTW between vertices (7, 9). Time: 2.2411346435546875e-05s
2023-08-02 05:30:44,342 fastDTW between vertices (13, 9). Time: 2.2411346435546875e-05s
2023-08-02 05:30:44,342 fastDTW between vertices (2, 5). Time: 3.552436828613281e-05s
2023-08-02 05:30:44,342 fastDTW between vertices (3, 5). Time: 2.2649765014648438e-05s
2023-08-02 05:30:44,342 fastDTW between vertices (7, 6). Time: 2.2411346435546875e-05s
2023-08-02 05:30:44,342 fastDTW between vertices (13, 6). Time: 2.4318695068359375e-05s
2023-08-02 05:30:44,342 fastDTW between vertices (2, 3). Time: 3.504753112792969e-05s
2023-08-02 05:30:44,342 Consolidating distances...
2023-08-02 05:30:44,342 fastDTW between vertices (3, 4). Time: 2.3603439331054688e-05s
2023-08-02 05:30:44,342 fastDTW between vertices (1, 7). Time: 2.3365020751953125e-05s
2023-08-02 05:30:44,342 Distances consolidated.
2023-08-02 05:30:44,341 Recovering variable...
2023-08-02 05:30:44,342 fastDTW between vertices (3, 9). Time: 2.2649765014648438e-05s
2023-08-02 05:30:44,342 fastDTW between vertices (1, 13). Time: 2.2649765014648438e-05s
2023-08-02 05:30:44,342 fastDTW between vertices (2, 4). Time: 3.5762786865234375e-05s
2023-08-02 05:30:44,342 Recovering variable...
2023-08-02 05:30:44,342 Saving variable on disk...
2023-08-02 05:30:44,342 fastDTW between vertices (1, 2). Time: 2.3126602172851562e-05s
2023-08-02 05:30:44,342 fastDTW between vertices (3, 6). Time: 3.5762786865234375e-05s
2023-08-02 05:30:44,342 fastDTW between vertices (2, 9). Time: 3.4809112548828125e-05s
2023-08-02 05:30:44,342 fastDTW between vertices (1, 5). Time: 2.2172927856445312e-05s
2023-08-02 05:30:44,342 Consolidating distances...
2023-08-02 05:30:44,342 Variable recovered. Time: 9.179115295410156e-07m
2023-08-02 05:30:44,342 Variable recovered. Time: 1.148382822672526e-06m
2023-08-02 05:30:44,342 fastDTW between vertices (1, 3). Time: 2.1696090698242188e-05s
2023-08-02 05:30:44,342 fastDTW between vertices (2, 6). Time: 3.552436828613281e-05s
2023-08-02 05:30:44,342 Recovering variable...
2023-08-02 05:30:44,342 Recovering variable...
2023-08-02 05:30:44,342 Recovering variable...
2023-08-02 05:30:44,342 Distances consolidated.
2023-08-02 05:30:44,342 Recovering variable...
2023-08-02 05:30:44,342 fastDTW between vertices (1, 4). Time: 2.2172927856445312e-05s
2023-08-02 05:30:44,342 fastDTW between vertices (5, 7). Time: 3.337860107421875e-05s
2023-08-02 05:30:44,342 Saving variable on disk...
2023-08-02 05:30:44,342 fastDTW between vertices (1, 9). Time: 2.1457672119140625e-05s
2023-08-02 05:30:44,342 fastDTW between vertices (5, 1). Time: 3.647804260253906e-05s
2023-08-02 05:30:44,342 fastDTW between vertices (1, 6). Time: 2.5987625122070312e-05s
2023-08-02 05:30:44,342 Variable saved. Time: 4.394849141438802e-06m
2023-08-02 05:30:44,342 Variable recovered. Time: 1.148382822672526e-06m
2023-08-02 05:30:44,342 Variable recovered. Time: 1.148382822672526e-06m
2023-08-02 05:30:44,342 Consolidating distances...
2023-08-02 05:30:44,342 Recovering variable...
2023-08-02 05:30:44,342 Recovering variable...
2023-08-02 05:30:44,342 fastDTW between vertices (5, 13). Time: 3.981590270996094e-05s
2023-08-02 05:30:44,342 Distances consolidated.
2023-08-02 05:30:44,342 Variable recovered. Time: 3.953774770100911e-06m
2023-08-02 05:30:44,342 Saving variable on disk...
2023-08-02 05:30:44,342 fastDTW between vertices (5, 2). Time: 3.910064697265625e-05s
2023-08-02 05:30:44,342 Variable saved. Time: 3.898143768310547e-06m
2023-08-02 05:30:44,342 fastDTW between vertices (5, 3). Time: 3.528594970703125e-05s
2023-08-02 05:30:44,342 Variable recovered. Time: 5.682309468587239e-06m
2023-08-02 05:30:44,342 fastDTW between vertices (5, 4). Time: 4.1484832763671875e-05s
2023-08-02 05:30:44,342 fastDTW between vertices (5, 9). Time: 3.838539123535156e-05s
2023-08-02 05:30:44,342 Variable recovered. Time: 5.4637591044108076e-06m
2023-08-02 05:30:44,343 Variable recovered. Time: 5.4478645324707035e-06m
2023-08-02 05:30:44,343 fastDTW between vertices (5, 6). Time: 4.076957702636719e-05s
2023-08-02 05:30:44,343 Consolidating distances...
2023-08-02 05:30:44,343 fastDTW between vertices (9, 7). Time: 0.0003349781036376953s
2023-08-02 05:30:44,343 Variable saved. Time: 6.326039632161459e-06m
2023-08-02 05:30:44,343 Distances consolidated.
2023-08-02 05:30:44,343 Saving variable on disk...
2023-08-02 05:30:44,343 fastDTW between vertices (9, 1). Time: 4.673004150390625e-05s
2023-08-02 05:30:44,343 fastDTW between vertices (8, 7). Time: 0.0003447532653808594s
2023-08-02 05:30:44,343 fastDTW between vertices (9, 13). Time: 5.555152893066406e-05s
2023-08-02 05:30:44,343 Part 2 completed.
2023-08-02 05:30:44,343 fastDTW between vertices (8, 1). Time: 4.3392181396484375e-05s
2023-08-02 05:30:44,343 fastDTW between vertices (9, 2). Time: 2.5033950805664062e-05s
2023-08-02 05:30:44,343 fastDTW between vertices (12, 7). Time: 0.0003154277801513672s
2023-08-02 05:30:44,343 fastDTW between vertices (11, 7). Time: 0.000308990478515625s
2023-08-02 05:30:44,343 Part 4 completed.
2023-08-02 05:30:44,343 fastDTW between vertices (9, 5). Time: 2.384185791015625e-05s
2023-08-02 05:30:44,343 fastDTW between vertices (8, 13). Time: 4.458427429199219e-05s
2023-08-02 05:30:44,343 fastDTW between vertices (9, 3). Time: 2.4318695068359375e-05s
2023-08-02 05:30:44,343 fastDTW between vertices (12, 1). Time: 4.363059997558594e-05s
2023-08-02 05:30:44,343 fastDTW between vertices (11, 1). Time: 4.315376281738281e-05s
2023-08-02 05:30:44,343 fastDTW between vertices (9, 4). Time: 2.2649765014648438e-05s
2023-08-02 05:30:44,343 fastDTW between vertices (8, 2). Time: 4.38690185546875e-05s
2023-08-02 05:30:44,343 fastDTW between vertices (11, 13). Time: 4.029273986816406e-05s
2023-08-02 05:30:44,343 fastDTW between vertices (12, 13). Time: 4.315376281738281e-05s
2023-08-02 05:30:44,343 fastDTW between vertices (9, 6). Time: 2.574920654296875e-05s
2023-08-02 05:30:44,343 Part 1 completed.
2023-08-02 05:30:44,343 Variable saved. Time: 5.3246815999348956e-06m
2023-08-02 05:30:44,343 fastDTW between vertices (6, 7). Time: 2.3365020751953125e-05s
2023-08-02 05:30:44,343 fastDTW between vertices (8, 5). Time: 4.363059997558594e-05s
2023-08-02 05:30:44,343 fastDTW between vertices (11, 2). Time: 4.220008850097656e-05s
2023-08-02 05:30:44,343 fastDTW between vertices (12, 2). Time: 4.220008850097656e-05s
2023-08-02 05:30:44,343 fastDTW between vertices (6, 1). Time: 2.2649765014648438e-05s
2023-08-02 05:30:44,343 fastDTW between vertices (11, 5). Time: 3.504753112792969e-05s
2023-08-02 05:30:44,343 fastDTW between vertices (8, 3). Time: 4.5299530029296875e-05s
2023-08-02 05:30:44,343 fastDTW between vertices (6, 13). Time: 2.3365020751953125e-05s
2023-08-02 05:30:44,343 fastDTW between vertices (12, 5). Time: 4.315376281738281e-05s
2023-08-02 05:30:44,343 fastDTW between vertices (6, 2). Time: 2.3126602172851562e-05s
2023-08-02 05:30:44,343 fastDTW between vertices (11, 3). Time: 4.8160552978515625e-05s
2023-08-02 05:30:44,343 fastDTW between vertices (8, 4). Time: 4.482269287109375e-05s
2023-08-02 05:30:44,343 fastDTW between vertices (12, 3). Time: 5.221366882324219e-05s
2023-08-02 05:30:44,343 fastDTW between vertices (6, 5). Time: 4.220008850097656e-05s
2023-08-02 05:30:44,343 fastDTW between vertices (11, 4). Time: 2.9802322387695312e-05s
2023-08-02 05:30:44,343 fastDTW between vertices (6, 3). Time: 2.6464462280273438e-05s
2023-08-02 05:30:44,343 Part 3 completed.
2023-08-02 05:30:44,343 fastDTW between vertices (8, 9). Time: 4.792213439941406e-05s
2023-08-02 05:30:44,343 fastDTW between vertices (11, 9). Time: 2.47955322265625e-05s
2023-08-02 05:30:44,343 fastDTW between vertices (12, 4). Time: 6.151199340820312e-05s
2023-08-02 05:30:44,343 fastDTW between vertices (6, 4). Time: 2.4318695068359375e-05s
2023-08-02 05:30:44,343 fastDTW between vertices (10, 7). Time: 2.3126602172851562e-05s
2023-08-02 05:30:44,344 fastDTW between vertices (6, 9). Time: 2.3365020751953125e-05s
2023-08-02 05:30:44,344 fastDTW between vertices (4, 7). Time: 4.363059997558594e-05s
2023-08-02 05:30:44,344 fastDTW between vertices (10, 1). Time: 2.2411346435546875e-05s
2023-08-02 05:30:44,344 fastDTW between vertices (12, 9). Time: 4.410743713378906e-05s
2023-08-02 05:30:44,344 Consolidating distances...
2023-08-02 05:30:44,344 fastDTW between vertices (10, 13). Time: 4.267692565917969e-05s
2023-08-02 05:30:44,344 Consolidating distances...
2023-08-02 05:30:44,344 Distances consolidated.
2023-08-02 05:30:44,344 fastDTW between vertices (4, 1). Time: 8.082389831542969e-05s
2023-08-02 05:30:44,344 Saving variable on disk...
2023-08-02 05:30:44,344 fastDTW between vertices (10, 2). Time: 2.3603439331054688e-05s
2023-08-02 05:30:44,344 Distances consolidated.
2023-08-02 05:30:44,344 fastDTW between vertices (10, 5). Time: 2.2411346435546875e-05s
2023-08-02 05:30:44,344 Saving variable on disk...
2023-08-02 05:30:44,344 fastDTW between vertices (4, 13). Time: 4.57763671875e-05s
2023-08-02 05:30:44,344 fastDTW between vertices (10, 3). Time: 2.193450927734375e-05s
2023-08-02 05:30:44,344 fastDTW between vertices (10, 4). Time: 2.3365020751953125e-05s
2023-08-02 05:30:44,344 fastDTW between vertices (4, 2). Time: 4.1484832763671875e-05s
2023-08-02 05:30:44,344 fastDTW between vertices (10, 9). Time: 2.288818359375e-05s
2023-08-02 05:30:44,344 Consolidating distances...
2023-08-02 05:30:44,344 fastDTW between vertices (4, 5). Time: 3.814697265625e-05s
2023-08-02 05:30:44,344 Distances consolidated.
2023-08-02 05:30:44,344 Variable saved. Time: 3.7471453348795573e-06m
2023-08-02 05:30:44,344 Saving variable on disk...
2023-08-02 05:30:44,344 fastDTW between vertices (4, 3). Time: 4.00543212890625e-05s
2023-08-02 05:30:44,344 Variable saved. Time: 3.921985626220703e-06m
2023-08-02 05:30:44,344 fastDTW between vertices (4, 9). Time: 4.124641418457031e-05s
2023-08-02 05:30:44,344 fastDTW between vertices (4, 6). Time: 3.743171691894531e-05s
2023-08-02 05:30:44,344 Consolidating distances...
2023-08-02 05:30:44,344 Variable saved. Time: 3.4689903259277345e-06m
2023-08-02 05:30:44,344 Distances consolidated.
2023-08-02 05:30:44,344 Part 6 completed.
2023-08-02 05:30:44,344 Saving variable on disk...
2023-08-02 05:30:44,345 Part 7 completed.
2023-08-02 05:30:44,345 Part 8 completed.
2023-08-02 05:30:44,345 Variable saved. Time: 4.04516855875651e-06m
2023-08-02 05:30:44,345 Part 5 completed.
2023-08-02 05:30:44,351 Creating distance network...
2023-08-02 05:30:44,356 Executing part 1...
2023-08-02 05:30:44,357 Recovering variable...
2023-08-02 05:30:44,357 Variable recovered. Time: 3.8584073384602865e-06m
2023-08-02 05:30:44,357 Part 1 executed.
2023-08-02 05:30:44,357 Executing part 2...
2023-08-02 05:30:44,357 Recovering variable...
2023-08-02 05:30:44,357 Variable recovered. Time: 8.106231689453125e-07m
2023-08-02 05:30:44,357 Part 2 executed.
2023-08-02 05:30:44,357 Executing part 3...
2023-08-02 05:30:44,357 Recovering variable...
2023-08-02 05:30:44,357 Variable recovered. Time: 5.7220458984375e-07m
2023-08-02 05:30:44,357 Part 3 executed.
2023-08-02 05:30:44,357 Executing part 4...
2023-08-02 05:30:44,357 Recovering variable...
2023-08-02 05:30:44,358 Variable recovered. Time: 5.404154459635417e-07m
2023-08-02 05:30:44,358 Part 4 executed.
2023-08-02 05:30:44,358 Executing part 5...
2023-08-02 05:30:44,358 Recovering variable...
2023-08-02 05:30:44,358 Variable recovered. Time: 6.596247355143229e-07m
2023-08-02 05:30:44,358 Part 5 executed.
2023-08-02 05:30:44,358 Executing part 6...
2023-08-02 05:30:44,358 Recovering variable...
2023-08-02 05:30:44,358 Variable recovered. Time: 6.119410196940105e-07m
2023-08-02 05:30:44,358 Part 6 executed.
2023-08-02 05:30:44,358 Executing part 7...
2023-08-02 05:30:44,358 Recovering variable...
2023-08-02 05:30:44,358 Variable recovered. Time: 4.291534423828125e-07m
2023-08-02 05:30:44,358 Part 7 executed.
2023-08-02 05:30:44,358 Executing part 8...
2023-08-02 05:30:44,358 Recovering variable...
2023-08-02 05:30:44,358 Variable recovered. Time: 6.318092346191406e-07m
2023-08-02 05:30:44,358 Part 8 executed.
2023-08-02 05:30:44,358 Saving variable on disk...
2023-08-02 05:30:44,359 Variable saved. Time: 1.1225541432698568e-05m
2023-08-02 05:30:44,359 Saving variable on disk...
2023-08-02 05:30:44,359 Variable saved. Time: 6.751219431559245e-06m
2023-08-02 05:30:44,359 Saving variable on disk...
2023-08-02 05:30:44,359 Variable saved. Time: 7.112820943196615e-07m
2023-08-02 05:30:44,362 - Time - part 1: 0.010955095291137695s
2023-08-02 05:30:44,367 Executing part 1...
2023-08-02 05:30:44,367 Recovering variable...
2023-08-02 05:30:44,367 Variable recovered. Time: 3.429253896077474e-06m
2023-08-02 05:30:44,368 Part 1 executed.
2023-08-02 05:30:44,368 Executing part 2...
2023-08-02 05:30:44,368 Recovering variable...
2023-08-02 05:30:44,368 Variable recovered. Time: 7.788340250651042e-07m
2023-08-02 05:30:44,368 Part 2 executed.
2023-08-02 05:30:44,368 Executing part 3...
2023-08-02 05:30:44,368 Recovering variable...
2023-08-02 05:30:44,368 Variable recovered. Time: 5.483627319335937e-07m
2023-08-02 05:30:44,368 Part 3 executed.
2023-08-02 05:30:44,368 Executing part 4...
2023-08-02 05:30:44,368 Recovering variable...
2023-08-02 05:30:44,368 Variable recovered. Time: 4.7286351521809897e-07m
2023-08-02 05:30:44,368 Part 4 executed.
2023-08-02 05:30:44,368 Executing part 5...
2023-08-02 05:30:44,368 Recovering variable...
2023-08-02 05:30:44,368 Variable recovered. Time: 5.046526590983073e-07m
2023-08-02 05:30:44,368 Part 5 executed.
2023-08-02 05:30:44,368 Executing part 6...
2023-08-02 05:30:44,368 Recovering variable...
2023-08-02 05:30:44,368 Variable recovered. Time: 5.205472310384114e-07m
2023-08-02 05:30:44,368 Part 6 executed.
2023-08-02 05:30:44,368 Executing part 7...
2023-08-02 05:30:44,368 Recovering variable...
2023-08-02 05:30:44,368 Variable recovered. Time: 5.404154459635417e-07m
2023-08-02 05:30:44,368 Part 7 executed.
2023-08-02 05:30:44,368 Executing part 8...
2023-08-02 05:30:44,368 Recovering variable...
2023-08-02 05:30:44,369 Variable recovered. Time: 4.251797993977865e-07m
2023-08-02 05:30:44,369 Part 8 executed.
2023-08-02 05:30:44,369 Saving variable on disk...
2023-08-02 05:30:44,369 Variable saved. Time: 8.702278137207031e-07m
2023-08-02 05:30:44,369 Saving variable on disk...
2023-08-02 05:30:44,369 Variable saved. Time: 5.284945170084636e-07m
2023-08-02 05:30:44,369 Saving variable on disk...
2023-08-02 05:30:44,369 Variable saved. Time: 3.8544336954752605e-07m
2023-08-02 05:30:44,373 - Time - part 2: 0.011090517044067383s
2023-08-02 05:30:44,373 distance network created.
2023-08-02 05:30:44,374 Transforming distances into weights...
2023-08-02 05:30:44,380 Recovering variable...
2023-08-02 05:30:44,380 Variable recovered. Time: 1.1801719665527344e-06m
2023-08-02 05:30:44,380 Recovering variable...
