2023-08-02 05:30:44,245  - Loading graph...
2023-08-02 05:30:44,245  - Graph loaded.
2023-08-02 05:30:44,245  - Converting graph to dict...
2023-08-02 05:30:44,245 Graph converted.
2023-08-02 05:30:44,245 Graph - Number of vertices: 20
2023-08-02 05:30:44,245 Graph - Number of edges: 16.0
2023-08-02 05:30:44,259 Capturing larger degree...
2023-08-02 05:30:44,259 Larger degree captured
2023-08-02 05:30:44,275 BFS vertex 8. Time: 0.000102996826171875s
2023-08-02 05:30:44,275 BFS vertex 1. Time: 2.5272369384765625e-05s
2023-08-02 05:30:44,276 BFS vertex 7. Time: 0.00034880638122558594s
2023-08-02 05:30:44,276 BFS vertex 3. Time: 0.00019097328186035156s
2023-08-02 05:30:44,276 BFS vertex 6. Time: 2.288818359375e-05s
2023-08-02 05:30:44,276 BFS vertex 11. Time: 0.00020551681518554688s
2023-08-02 05:30:44,276 BFS vertex 2. Time: 3.314018249511719e-05s
2023-08-02 05:30:44,277 BFS vertex 4. Time: 3.337860107421875e-05s
2023-08-02 05:30:44,277 BFS vertex 19. Time: 3.7670135498046875e-05s
2023-08-02 05:30:44,276 BFS vertex 13. Time: 0.00017118453979492188s
2023-08-02 05:30:44,277 BFS vertex 5. Time: 3.9577484130859375e-05s
2023-08-02 05:30:44,277 BFS vertex 15. Time: 0.00014781951904296875s
2023-08-02 05:30:44,277 BFS vertex 14. Time: 5.173683166503906e-05s
2023-08-02 05:30:44,277 BFS vertex 10. Time: 0.000125885009765625s
2023-08-02 05:30:44,277 BFS vertex 17. Time: 0.00011539459228515625s
2023-08-02 05:30:44,277 BFS vertex 20. Time: 2.0503997802734375e-05s
2023-08-02 05:30:44,277 BFS vertex 9. Time: 4.863739013671875e-05s
2023-08-02 05:30:44,277 BFS vertex 12. Time: 3.314018249511719e-05s
2023-08-02 05:30:44,277 BFS vertex 16. Time: 2.6941299438476562e-05s
2023-08-02 05:30:44,277 BFS vertex 18. Time: 1.8358230590820312e-05s
2023-08-02 05:30:44,282 Saving degreeList on disk...
2023-08-02 05:30:44,282 Saving variable on disk...
2023-08-02 05:30:44,283 Variable saved. Time: 8.658568064371746e-06m
2023-08-02 05:30:44,283 Execution time - BFS: 0.00039956967035929364m
2023-08-02 05:30:44,287 Creating degree vectors...
2023-08-02 05:30:44,288 Degree vectors created.
2023-08-02 05:30:44,288 Saving degree vectors...
2023-08-02 05:30:44,288 Saving variable on disk...
2023-08-02 05:30:44,288 Variable saved. Time: 3.226598103841146e-06m
2023-08-02 05:30:44,288 Using compactDegree: True
2023-08-02 05:30:44,288 Calculations until layer: 6
2023-08-02 05:30:44,288 Split degree List...
2023-08-02 05:30:44,291 Recovering compactDegreeList from disk...
2023-08-02 05:30:44,292 Recovering variable...
2023-08-02 05:30:44,293 Variable recovered. Time: 9.640057881673176e-06m
2023-08-02 05:30:44,293 Recovering degree vector from disk...
2023-08-02 05:30:44,293 Recovering variable...
2023-08-02 05:30:44,293 Variable recovered. Time: 1.4503796895345051e-06m
2023-08-02 05:30:44,293 Saving variable on disk...
2023-08-02 05:30:44,293 Variable saved. Time: 1.6729036966959635e-06m
2023-08-02 05:30:44,293 Saving variable on disk...
2023-08-02 05:30:44,293 Variable saved. Time: 4.692872365315755e-06m
2023-08-02 05:30:44,294 degreeList 1 completed.
2023-08-02 05:30:44,294 Recovering compactDegreeList from disk...
2023-08-02 05:30:44,294 Recovering variable...
2023-08-02 05:30:44,295 Variable recovered. Time: 2.2411346435546876e-06m
2023-08-02 05:30:44,295 Recovering degree vector from disk...
2023-08-02 05:30:44,295 Recovering variable...
2023-08-02 05:30:44,295 Variable recovered. Time: 7.907549540201823e-07m
2023-08-02 05:30:44,295 Saving variable on disk...
2023-08-02 05:30:44,295 Variable saved. Time: 1.0530153910319011e-06m
2023-08-02 05:30:44,295 Saving variable on disk...
2023-08-02 05:30:44,295 Variable saved. Time: 4.525979359944662e-06m
2023-08-02 05:30:44,296 degreeList 2 completed.
2023-08-02 05:30:44,296 Recovering compactDegreeList from disk...
2023-08-02 05:30:44,296 Recovering variable...
2023-08-02 05:30:44,296 Variable recovered. Time: 1.2874603271484376e-06m
2023-08-02 05:30:44,296 Recovering degree vector from disk...
2023-08-02 05:30:44,296 Recovering variable...
2023-08-02 05:30:44,296 Variable recovered. Time: 4.80810801188151e-07m
2023-08-02 05:30:44,296 Saving variable on disk...
2023-08-02 05:30:44,296 Variable saved. Time: 7.62939453125e-07m
2023-08-02 05:30:44,297 Saving variable on disk...
2023-08-02 05:30:44,297 Variable saved. Time: 2.952416737874349e-06m
2023-08-02 05:30:44,297 degreeList 3 completed.
2023-08-02 05:30:44,297 Recovering compactDegreeList from disk...
2023-08-02 05:30:44,298 Recovering variable...
2023-08-02 05:30:44,298 Variable recovered. Time: 2.3245811462402344e-06m
2023-08-02 05:30:44,298 Recovering degree vector from disk...
2023-08-02 05:30:44,298 Recovering variable...
2023-08-02 05:30:44,298 Variable recovered. Time: 7.390975952148438e-07m
2023-08-02 05:30:44,298 Saving variable on disk...
2023-08-02 05:30:44,298 Variable saved. Time: 1.5457471211751302e-06m
2023-08-02 05:30:44,298 Saving variable on disk...
2023-08-02 05:30:44,299 Variable saved. Time: 5.284945170084636e-06m
2023-08-02 05:30:44,299 degreeList 4 completed.
2023-08-02 05:30:44,299 Recovering compactDegreeList from disk...
2023-08-02 05:30:44,299 Recovering variable...
2023-08-02 05:30:44,299 Variable recovered. Time: 2.4040540059407553e-06m
2023-08-02 05:30:44,299 Recovering degree vector from disk...
2023-08-02 05:30:44,299 Recovering variable...
2023-08-02 05:30:44,300 Variable recovered. Time: 5.841255187988282e-07m
2023-08-02 05:30:44,300 Saving variable on disk...
2023-08-02 05:30:44,300 Variable saved. Time: 1.2159347534179687e-06m
2023-08-02 05:30:44,300 Saving variable on disk...
2023-08-02 05:30:44,300 Variable saved. Time: 6.5604845682779946e-06m
2023-08-02 05:30:44,300 degreeList 5 completed.
2023-08-02 05:30:44,301 Recovering compactDegreeList from disk...
2023-08-02 05:30:44,301 Recovering variable...
2023-08-02 05:30:44,301 Variable recovered. Time: 1.6967455546061197e-06m
2023-08-02 05:30:44,301 Recovering degree vector from disk...
2023-08-02 05:30:44,301 Recovering variable...
2023-08-02 05:30:44,301 Variable recovered. Time: 1.1046727498372397e-06m
2023-08-02 05:30:44,301 Saving variable on disk...
2023-08-02 05:30:44,301 Variable saved. Time: 1.152356465657552e-06m
2023-08-02 05:30:44,301 Saving variable on disk...
2023-08-02 05:30:44,302 Variable saved. Time: 6.580352783203125e-06m
2023-08-02 05:30:44,302 degreeList 6 completed.
2023-08-02 05:30:44,303 Recovering compactDegreeList from disk...
2023-08-02 05:30:44,303 Recovering variable...
2023-08-02 05:30:44,303 Variable recovered. Time: 2.884864807128906e-06m
2023-08-02 05:30:44,303 Recovering degree vector from disk...
2023-08-02 05:30:44,303 Recovering variable...
2023-08-02 05:30:44,303 Variable recovered. Time: 5.364418029785156e-07m
2023-08-02 05:30:44,303 Saving variable on disk...
2023-08-02 05:30:44,303 Variable saved. Time: 7.033348083496094e-07m
2023-08-02 05:30:44,303 Saving variable on disk...
2023-08-02 05:30:44,303 Variable saved. Time: 4.645188649495443e-06m
2023-08-02 05:30:44,304 degreeList 7 completed.
2023-08-02 05:30:44,304 Recovering compactDegreeList from disk...
2023-08-02 05:30:44,304 Recovering variable...
2023-08-02 05:30:44,304 Variable recovered. Time: 1.2715657552083333e-06m
2023-08-02 05:30:44,304 Recovering degree vector from disk...
2023-08-02 05:30:44,304 Recovering variable...
2023-08-02 05:30:44,304 Variable recovered. Time: 5.920728047688802e-07m
