2023-08-02 05:30:44,290  - Loading graph...
2023-08-02 05:30:44,290  - Graph loaded.
2023-08-02 05:30:44,290  - Converting graph to dict...
2023-08-02 05:30:44,290 Graph converted.
2023-08-02 05:30:44,290 Graph - Number of vertices: 13
2023-08-02 05:30:44,290 Graph - Number of edges: 9.0
2023-08-02 05:30:44,311 Capturing larger degree...
2023-08-02 05:30:44,312 Larger degree captured
2023-08-02 05:30:44,325 BFS vertex 9. Time: 0.00014281272888183594s
2023-08-02 05:30:44,325 BFS vertex 1. Time: 3.5762786865234375e-05s
2023-08-02 05:30:44,325 BFS vertex 4. Time: 0.00015616416931152344s
2023-08-02 05:30:44,325 BFS vertex 2. Time: 0.00012564659118652344s
2023-08-02 05:30:44,325 BFS vertex 7. Time: 2.384185791015625e-05s
2023-08-02 05:30:44,325 BFS vertex 3. Time: 0.0001480579376220703s
2023-08-02 05:30:44,326 BFS vertex 10. Time: 0.0001468658447265625s
2023-08-02 05:30:44,326 BFS vertex 6. Time: 0.000156402587890625s
2023-08-02 05:30:44,326 BFS vertex 5. Time: 3.504753112792969e-05s
2023-08-02 05:30:44,326 BFS vertex 8. Time: 5.221366882324219e-05s
2023-08-02 05:30:44,326 BFS vertex 12. Time: 0.00012946128845214844s
2023-08-02 05:30:44,326 BFS vertex 11. Time: 0.00019931793212890625s
2023-08-02 05:30:44,326 BFS vertex 13. Time: 5.364418029785156e-05s
2023-08-02 05:30:44,331 Saving degreeList on disk...
2023-08-02 05:30:44,331 Saving variable on disk...
2023-08-02 05:30:44,332 Variable saved. Time: 8.177757263183593e-06m
2023-08-02 05:30:44,332 Execution time - BFS: 0.000340123971303304m
2023-08-02 05:30:44,336 Creating degree vectors...
2023-08-02 05:30:44,337 Degree vectors created.
2023-08-02 05:30:44,337 Saving degree vectors...
2023-08-02 05:30:44,337 Saving variable on disk...
2023-08-02 05:30:44,337 Variable saved. Time: 3.1908353169759113e-06m
2023-08-02 05:30:44,337 Using compactDegree: True
2023-08-02 05:30:44,337 Calculations until layer: 6
2023-08-02 05:30:44,337 Split degree List...
2023-08-02 05:30:44,340 Recovering compactDegreeList from disk...
2023-08-02 05:30:44,341 Recovering variable...
2023-08-02 05:30:44,341 Variable recovered. Time: 5.841255187988281e-06m
2023-08-02 05:30:44,341 Recovering degree vector from disk...
2023-08-02 05:30:44,341 Recovering variable...
2023-08-02 05:30:44,341 Variable recovered. Time: 1.1006991068522134e-06m
2023-08-02 05:30:44,341 Saving variable on disk...
2023-08-02 05:30:44,341 Variable saved. Time: 1.8239021301269532e-06m
2023-08-02 05:30:44,341 Saving variable on disk...
2023-08-02 05:30:44,342 Variable saved. Time: 3.7590662638346356e-06m
2023-08-02 05:30:44,342 degreeList 1 completed.
2023-08-02 05:30:44,343 Recovering compactDegreeList from disk...
2023-08-02 05:30:44,343 Recovering variable...
2023-08-02 05:30:44,343 Variable recovered. Time: 1.3907750447591145e-06m
2023-08-02 05:30:44,343 Recovering degree vector from disk...
2023-08-02 05:30:44,343 Recovering variable...
2023-08-02 05:30:44,343 Variable recovered. Time: 5.880991617838542e-07m
2023-08-02 05:30:44,343 Saving variable on disk...
2023-08-02 05:30:44,343 Variable saved. Time: 8.54333241780599e-07m
2023-08-02 05:30:44,343 Saving variable on disk...
2023-08-02 05:30:44,343 Variable saved. Time: 2.5192896525065104e-06m
2023-08-02 05:30:44,344 degreeList 2 completed.
2023-08-02 05:30:44,344 Recovering compactDegreeList from disk...
2023-08-02 05:30:44,344 Recovering variable...
2023-08-02 05:30:44,344 Variable recovered. Time: 1.1205673217773438e-06m
2023-08-02 05:30:44,344 Recovering degree vector from disk...
2023-08-02 05:30:44,344 Recovering variable...
2023-08-02 05:30:44,344 Variable recovered. Time: 4.212061564127604e-07m
2023-08-02 05:30:44,344 Saving variable on disk...
2023-08-02 05:30:44,344 Variable saved. Time: 6.715456644694011e-07m
2023-08-02 05:30:44,344 Saving variable on disk...
2023-08-02 05:30:44,345 Variable saved. Time: 1.6649564107259115e-06m
2023-08-02 05:30:44,345 degreeList 3 completed.
2023-08-02 05:30:44,345 Recovering compactDegreeList from disk...
2023-08-02 05:30:44,345 Recovering variable...
2023-08-02 05:30:44,345 Variable recovered. Time: 9.059906005859375e-07m
2023-08-02 05:30:44,345 Recovering degree vector from disk...
2023-08-02 05:30:44,345 Recovering variable...
2023-08-02 05:30:44,345 Variable recovered. Time: 3.695487976074219e-07m
2023-08-02 05:30:44,345 Saving variable on disk...
2023-08-02 05:30:44,345 Variable saved. Time: 8.225440979003907e-07m
2023-08-02 05:30:44,345 Saving variable on disk...
2023-08-02 05:30:44,346 Variable saved. Time: 2.1219253540039063e-06m
2023-08-02 05:30:44,346 degreeList 4 completed.
2023-08-02 05:30:44,346 Recovering compactDegreeList from disk...
2023-08-02 05:30:44,346 Recovering variable...
2023-08-02 05:30:44,346 Variable recovered. Time: 1.0609626770019532e-06m
2023-08-02 05:30:44,346 Recovering degree vector from disk...
2023-08-02 05:30:44,346 Recovering variable...
2023-08-02 05:30:44,346 Variable recovered. Time: 7.589658101399739e-07m
2023-08-02 05:30:44,346 Saving variable on disk...
2023-08-02 05:30:44,346 Variable saved. Time: 8.781750996907552e-07m
2023-08-02 05:30:44,346 Saving variable on disk...
2023-08-02 05:30:44,347 Variable saved. Time: 2.086162567138672e-06m
2023-08-02 05:30:44,347 degreeList 5 completed.
2023-08-02 05:30:44,347 Recovering compactDegreeList from disk...
2023-08-02 05:30:44,347 Recovering variable...
2023-08-02 05:30:44,347 Variable recovered. Time: 1.1126200358072917e-06m
2023-08-02 05:30:44,347 Recovering degree vector from disk...
2023-08-02 05:30:44,347 Recovering variable...
2023-08-02 05:30:44,347 Variable recovered. Time: 4.927317301432292e-07m
2023-08-02 05:30:44,347 Saving variable on disk...
2023-08-02 05:30:44,348 Variable saved. Time: 7.987022399902344e-07m
2023-08-02 05:30:44,348 Saving variable on disk...
2023-08-02 05:30:44,348 Variable saved. Time: 2.11795171101888e-06m
2023-08-02 05:30:44,348 degreeList 6 completed.
2023-08-02 05:30:44,348 Recovering compactDegreeList from disk...
2023-08-02 05:30:44,348 Recovering variable...
2023-08-02 05:30:44,348 Variable recovered. Time: 1.0093053181966146e-06m
2023-08-02 05:30:44,348 Recovering degree vector from disk...
2023-08-02 05:30:44,349 Recovering variable...
2023-08-02 05:30:44,349 Variable recovered. Time: 4.80810801188151e-07m
2023-08-02 05:30:44,349 Saving variable on disk...
2023-08-02 05:30:44,349 Variable saved. Time: 6.67572021484375e-07m
2023-08-02 05:30:44,349 Saving variable on disk...
2023-08-02 05:30:44,349 Variable saved. Time: 3.3259391784667967e-06m
2023-08-02 05:30:44,349 degreeList 7 completed.
2023-08-02 05:30:44,349 Recovering compactDegreeList from disk...
2023-08-02 05:30:44,350 Recovering variable...
2023-08-02 05:30:44,350 Variable recovered. Time: 9.973843892415365e-07m
2023-08-02 05:30:44,350 Recovering degree vector from disk...
2023-08-02 05:30:44,350 Recovering variable...
2023-08-02 05:30:44,350 Variable recovered. Time: 7.947285970052084e-07m
2023-08-02 05:30:44,350 Saving variable on disk...
2023-08-02 05:30:44,350 Variable saved. Time: 7.033348083496094e-07m
2023-08-02 05:30:44,350 Saving variable on disk...
2023-08-02 05:30:44,350 Variable saved. Time: 2.956390380859375e-06m
2023-08-02 05:30:44,350 degreeList 8 completed.
2023-08-02 05:30:44,353 Executing part 1...
2023-08-02 05:30:44,367 Executing part 2...
2023-08-02 05:30:44,367 Executing part 3...
2023-08-02 05:30:44,367 Executing part 4...
2023-08-02 05:30:44,368 Executing part 5...
2023-08-02 05:30:44,368 Executing part 6...
2023-08-02 05:30:44,368 Executing part 7...
2023-08-02 05:30:44,368 Executing part 8...
2023-08-02 05:30:44,368 Receiving results...
2023-08-02 05:30:44,368 Recovering variable...
2023-08-02 05:30:44,369 Variable recovered. Time: 7.748603820800781e-07m
2023-08-02 05:30:44,369 Recovering variable...
2023-08-02 05:30:44,369 Variable recovered. Time: 4.3710072835286456e-06m
2023-08-02 05:30:44,369 fastDTW between vertices (9, 1). Time: 0.0003046989440917969s
2023-08-02 05:30:44,369 fastDTW between vertices (9, 4). Time: 2.8371810913085938e-05s
2023-08-02 05:30:44,369 fastDTW between vertices (9, 2). Time: 3.2901763916015625e-05s
2023-08-02 05:30:44,369 Recovering variable...
2023-08-02 05:30:44,369 Recovering variable...
2023-08-02 05:30:44,370 fastDTW between vertices (9, 7). Time: 6.151199340820312e-05s
2023-08-02 05:30:44,370 fastDTW between vertices (9, 3). Time: 4.076957702636719e-05s
2023-08-02 05:30:44,370 Variable recovered. Time: 1.1285146077473958e-06m
2023-08-02 05:30:44,370 fastDTW between vertices (9, 5). Time: 3.3855438232421875e-05s
2023-08-02 05:30:44,370 Variable recovered. Time: 1.994768778483073e-06m
2023-08-02 05:30:44,370 Recovering variable...
2023-08-02 05:30:44,369 Recovering variable...
2023-08-02 05:30:44,370 Recovering variable...
2023-08-02 05:30:44,370 fastDTW between vertices (9, 6). Time: 2.4080276489257812e-05s
2023-08-02 05:30:44,370 fastDTW between vertices (9, 8). Time: 2.6226043701171875e-05s
2023-08-02 05:30:44,370 fastDTW between vertices (1, 4). Time: 2.3365020751953125e-05s
2023-08-02 05:30:44,370 Variable recovered. Time: 1.1324882507324219e-06m
2023-08-02 05:30:44,370 Recovering variable...
2023-08-02 05:30:44,370 fastDTW between vertices (1, 2). Time: 2.288818359375e-05s
2023-08-02 05:30:44,370 Recovering variable...
2023-08-02 05:30:44,370 fastDTW between vertices (1, 7). Time: 2.4080276489257812e-05s
2023-08-02 05:30:44,370 Recovering variable...
2023-08-02 05:30:44,370 fastDTW between vertices (1, 3). Time: 2.2649765014648438e-05s
2023-08-02 05:30:44,370 Variable recovered. Time: 1.1046727498372397e-06m
2023-08-02 05:30:44,370 fastDTW between vertices (1, 5). Time: 3.0517578125e-05s
2023-08-02 05:30:44,370 Recovering variable...
2023-08-02 05:30:44,370 Variable recovered. Time: 5.2531560262044275e-06m
2023-08-02 05:30:44,370 Recovering variable...
2023-08-02 05:30:44,370 Recovering variable...
2023-08-02 05:30:44,370 fastDTW between vertices (1, 6). Time: 3.24249267578125e-05s
2023-08-02 05:30:44,370 Variable recovered. Time: 6.04391098022461e-06m
2023-08-02 05:30:44,370 Variable recovered. Time: 1.0132789611816406e-06m
2023-08-02 05:30:44,370 Recovering variable...
2023-08-02 05:30:44,370 fastDTW between vertices (1, 8). Time: 3.170967102050781e-05s
2023-08-02 05:30:44,370 Variable recovered. Time: 4.359086354573568e-06m
2023-08-02 05:30:44,370 fastDTW between vertices (1, 11). Time: 3.0994415283203125e-05s
2023-08-02 05:30:44,370 Variable recovered. Time: 1.0093053181966146e-06m
2023-08-02 05:30:44,370 Variable recovered. Time: 1.049041748046875e-06m
2023-08-02 05:30:44,370 Consolidating distances...
2023-08-02 05:30:44,370 Recovering variable...
2023-08-02 05:30:44,370 Recovering variable...
2023-08-02 05:30:44,370 Distances consolidated.
2023-08-02 05:30:44,370 Saving variable on disk...
2023-08-02 05:30:44,370 Variable recovered. Time: 4.784266153971354e-06m
2023-08-02 05:30:44,370 fastDTW between vertices (4, 1). Time: 0.00032019615173339844s
2023-08-02 05:30:44,371 Variable recovered. Time: 4.700819651285807e-06m
2023-08-02 05:30:44,371 fastDTW between vertices (2, 1). Time: 0.000347137451171875s
2023-08-02 05:30:44,371 fastDTW between vertices (3, 1). Time: 0.0002903938293457031s
2023-08-02 05:30:44,371 fastDTW between vertices (4, 2). Time: 3.600120544433594e-05s
2023-08-02 05:30:44,371 fastDTW between vertices (3, 4). Time: 3.0040740966796875e-05s
2023-08-02 05:30:44,371 fastDTW between vertices (4, 7). Time: 2.47955322265625e-05s
2023-08-02 05:30:44,371 fastDTW between vertices (2, 4). Time: 4.553794860839844e-05s
2023-08-02 05:30:44,371 Variable recovered. Time: 5.316734313964844e-06m
2023-08-02 05:30:44,371 fastDTW between vertices (3, 2). Time: 2.5033950805664062e-05s
2023-08-02 05:30:44,371 fastDTW between vertices (4, 3). Time: 2.5033950805664062e-05s
2023-08-02 05:30:44,371 fastDTW between vertices (2, 7). Time: 3.838539123535156e-05s
2023-08-02 05:30:44,371 Variable recovered. Time: 5.793571472167969e-06m
2023-08-02 05:30:44,371 fastDTW between vertices (10, 9). Time: 0.0002548694610595703s
2023-08-02 05:30:44,371 fastDTW between vertices (3, 7). Time: 2.5272369384765625e-05s
2023-08-02 05:30:44,371 fastDTW between vertices (4, 5). Time: 2.47955322265625e-05s
2023-08-02 05:30:44,371 fastDTW between vertices (10, 1). Time: 2.9087066650390625e-05s
2023-08-02 05:30:44,371 fastDTW between vertices (3, 5). Time: 2.3365020751953125e-05s
2023-08-02 05:30:44,371 Variable saved. Time: 6.552537282307943e-06m
2023-08-02 05:30:44,371 fastDTW between vertices (4, 6). Time: 2.5510787963867188e-05s
2023-08-02 05:30:44,371 fastDTW between vertices (2, 3). Time: 3.838539123535156e-05s
2023-08-02 05:30:44,371 fastDTW between vertices (10, 4). Time: 2.4080276489257812e-05s
2023-08-02 05:30:44,371 fastDTW between vertices (3, 6). Time: 2.4318695068359375e-05s
2023-08-02 05:30:44,371 fastDTW between vertices (4, 8). Time: 2.4080276489257812e-05s
2023-08-02 05:30:44,371 fastDTW between vertices (6, 1). Time: 0.00028014183044433594s
2023-08-02 05:30:44,371 fastDTW between vertices (2, 5). Time: 3.552436828613281e-05s
2023-08-02 05:30:44,371 fastDTW between vertices (10, 2). Time: 2.3603439331054688e-05s
2023-08-02 05:30:44,371 fastDTW between vertices (3, 8). Time: 2.3603439331054688e-05s
2023-08-02 05:30:44,371 fastDTW between vertices (4, 11). Time: 2.5510787963867188e-05s
2023-08-02 05:30:44,371 fastDTW between vertices (10, 7). Time: 2.5510787963867188e-05s
2023-08-02 05:30:44,371 fastDTW between vertices (6, 4). Time: 3.552436828613281e-05s
2023-08-02 05:30:44,371 Consolidating distances...
2023-08-02 05:30:44,371 fastDTW between vertices (3, 11). Time: 2.4557113647460938e-05s
2023-08-02 05:30:44,371 fastDTW between vertices (2, 6). Time: 3.552436828613281e-05s
2023-08-02 05:30:44,371 Distances consolidated.
2023-08-02 05:30:44,371 Consolidating distances...
2023-08-02 05:30:44,371 fastDTW between vertices (10, 3). Time: 2.288818359375e-05s
2023-08-02 05:30:44,371 Saving variable on disk...
2023-08-02 05:30:44,371 fastDTW between vertices (11, 1). Time: 0.0002815723419189453s
2023-08-02 05:30:44,371 fastDTW between vertices (6, 2). Time: 3.0994415283203125e-05s
2023-08-02 05:30:44,371 Distances consolidated.
2023-08-02 05:30:44,371 fastDTW between vertices (2, 8). Time: 3.695487976074219e-05s
2023-08-02 05:30:44,371 fastDTW between vertices (10, 5). Time: 2.3365020751953125e-05s
2023-08-02 05:30:44,371 Saving variable on disk...
2023-08-02 05:30:44,371 fastDTW between vertices (12, 1). Time: 0.0002982616424560547s
2023-08-02 05:30:44,371 fastDTW between vertices (6, 7). Time: 3.075599670410156e-05s
2023-08-02 05:30:44,371 fastDTW between vertices (11, 4). Time: 4.00543212890625e-05s
2023-08-02 05:30:44,371 fastDTW between vertices (10, 6). Time: 2.9802322387695312e-05s
2023-08-02 05:30:44,371 fastDTW between vertices (2, 11). Time: 4.3392181396484375e-05s
2023-08-02 05:30:44,371 fastDTW between vertices (6, 3). Time: 3.0040740966796875e-05s
2023-08-02 05:30:44,371 fastDTW between vertices (12, 4). Time: 4.458427429199219e-05s
2023-08-02 05:30:44,371 fastDTW between vertices (11, 2). Time: 3.6716461181640625e-05s
2023-08-02 05:30:44,371 fastDTW between vertices (5, 1). Time: 3.266334533691406e-05s
2023-08-02 05:30:44,371 fastDTW between vertices (7, 1). Time: 4.267692565917969e-05s
2023-08-02 05:30:44,371 fastDTW between vertices (5, 4). Time: 2.2649765014648438e-05s
2023-08-02 05:30:44,371 fastDTW between vertices (6, 5). Time: 4.1484832763671875e-05s
2023-08-02 05:30:44,371 Variable saved. Time: 2.65041987101237e-06m
2023-08-02 05:30:44,371 Variable saved. Time: 3.1709671020507814e-06m
2023-08-02 05:30:44,371 fastDTW between vertices (11, 7). Time: 3.600120544433594e-05s
2023-08-02 05:30:44,371 fastDTW between vertices (12, 2). Time: 4.291534423828125e-05s
2023-08-02 05:30:44,371 fastDTW between vertices (5, 2). Time: 2.3126602172851562e-05s
2023-08-02 05:30:44,371 fastDTW between vertices (7, 4). Time: 4.267692565917969e-05s
2023-08-02 05:30:44,371 fastDTW between vertices (6, 8). Time: 4.649162292480469e-05s
2023-08-02 05:30:44,371 fastDTW between vertices (11, 3). Time: 3.552436828613281e-05s
2023-08-02 05:30:44,371 fastDTW between vertices (5, 7). Time: 2.2172927856445312e-05s
2023-08-02 05:30:44,371 fastDTW between vertices (12, 7). Time: 4.2438507080078125e-05s
2023-08-02 05:30:44,371 fastDTW between vertices (5, 3). Time: 2.2172927856445312e-05s
2023-08-02 05:30:44,371 fastDTW between vertices (7, 2). Time: 4.2438507080078125e-05s
2023-08-02 05:30:44,371 Part 1 completed.
2023-08-02 05:30:44,371 fastDTW between vertices (6, 11). Time: 4.887580871582031e-05s
2023-08-02 05:30:44,371 fastDTW between vertices (11, 5). Time: 5.2928924560546875e-05s
2023-08-02 05:30:44,371 fastDTW between vertices (12, 3). Time: 4.315376281738281e-05s
2023-08-02 05:30:44,371 fastDTW between vertices (5, 6). Time: 3.0040740966796875e-05s
2023-08-02 05:30:44,371 fastDTW between vertices (7, 3). Time: 4.315376281738281e-05s
2023-08-02 05:30:44,371 fastDTW between vertices (8, 1). Time: 4.601478576660156e-05s
2023-08-02 05:30:44,371 fastDTW between vertices (5, 8). Time: 3.123283386230469e-05s
2023-08-02 05:30:44,371 fastDTW between vertices (11, 6). Time: 4.9114227294921875e-05s
2023-08-02 05:30:44,372 fastDTW between vertices (12, 5). Time: 8.273124694824219e-05s
2023-08-02 05:30:44,372 fastDTW between vertices (5, 11). Time: 3.886222839355469e-05s
2023-08-02 05:30:44,372 fastDTW between vertices (7, 5). Time: 6.031990051269531e-05s
2023-08-02 05:30:44,372 fastDTW between vertices (8, 4). Time: 4.100799560546875e-05s
2023-08-02 05:30:44,372 Consolidating distances...
2023-08-02 05:30:44,372 fastDTW between vertices (11, 8). Time: 5.340576171875e-05s
2023-08-02 05:30:44,372 Distances consolidated.
2023-08-02 05:30:44,372 fastDTW between vertices (8, 2). Time: 3.314018249511719e-05s
2023-08-02 05:30:44,372 Consolidating distances...
2023-08-02 05:30:44,372 fastDTW between vertices (7, 6). Time: 4.029273986816406e-05s
2023-08-02 05:30:44,372 fastDTW between vertices (12, 6). Time: 6.008148193359375e-05s
2023-08-02 05:30:44,372 Saving variable on disk...
2023-08-02 05:30:44,372 Distances consolidated.
2023-08-02 05:30:44,372 fastDTW between vertices (8, 7). Time: 3.075599670410156e-05s
2023-08-02 05:30:44,372 Saving variable on disk...
2023-08-02 05:30:44,372 fastDTW between vertices (7, 8). Time: 4.315376281738281e-05s
2023-08-02 05:30:44,372 Part 2 completed.
2023-08-02 05:30:44,372 fastDTW between vertices (12, 8). Time: 6.103515625e-05s
2023-08-02 05:30:44,372 fastDTW between vertices (8, 3). Time: 3.0279159545898438e-05s
2023-08-02 05:30:44,372 Part 4 completed.
2023-08-02 05:30:44,372 fastDTW between vertices (7, 11). Time: 4.267692565917969e-05s
2023-08-02 05:30:44,372 fastDTW between vertices (8, 5). Time: 4.2438507080078125e-05s
2023-08-02 05:30:44,372 Consolidating distances...
2023-08-02 05:30:44,372 fastDTW between vertices (13, 1). Time: 6.031990051269531e-05s
2023-08-02 05:30:44,372 Distances consolidated.
2023-08-02 05:30:44,372 fastDTW between vertices (8, 6). Time: 4.696846008300781e-05s
2023-08-02 05:30:44,372 fastDTW between vertices (13, 4). Time: 4.100799560546875e-05s
2023-08-02 05:30:44,372 Variable saved. Time: 4.3352444966634115e-06m
2023-08-02 05:30:44,372 Saving variable on disk...
2023-08-02 05:30:44,372 fastDTW between vertices (8, 11). Time: 4.291534423828125e-05s
2023-08-02 05:30:44,372 Variable saved. Time: 4.3710072835286456e-06m
2023-08-02 05:30:44,372 fastDTW between vertices (13, 2). Time: 4.100799560546875e-05s
2023-08-02 05:30:44,372 Consolidating distances...
2023-08-02 05:30:44,372 fastDTW between vertices (13, 7). Time: 3.600120544433594e-05s
2023-08-02 05:30:44,372 Distances consolidated.
2023-08-02 05:30:44,372 Saving variable on disk...
2023-08-02 05:30:44,372 fastDTW between vertices (13, 3). Time: 3.6716461181640625e-05s
2023-08-02 05:30:44,372 fastDTW between vertices (13, 5). Time: 5.173683166503906e-05s
2023-08-02 05:30:44,372 Part 5 completed.
2023-08-02 05:30:44,372 fastDTW between vertices (13, 6). Time: 5.340576171875e-05s
2023-08-02 05:30:44,372 Variable saved. Time: 6.3498814900716145e-06m
2023-08-02 05:30:44,372 fastDTW between vertices (13, 8). Time: 5.364418029785156e-05s
2023-08-02 05:30:44,372 Consolidating distances...
2023-08-02 05:30:44,373 Part 7 completed.
2023-08-02 05:30:44,373 Variable saved. Time: 6.151199340820313e-06m
2023-08-02 05:30:44,373 Distances consolidated.
2023-08-02 05:30:44,373 Saving variable on disk...
2023-08-02 05:30:44,373 Part 3 completed.
2023-08-02 05:30:44,373 Variable saved. Time: 5.630652109781901e-06m
2023-08-02 05:30:44,373 Part 6 completed.
2023-08-02 05:30:44,373 Part 8 completed.
2023-08-02 05:30:44,379 Creating distance network...
2023-08-02 05:30:44,383 Executing part 1...
2023-08-02 05:30:44,383 Recovering variable...
2023-08-02 05:30:44,384 Variable recovered. Time: 5.14984130859375e-06m
2023-08-02 05:30:44,384 Part 1 executed.
2023-08-02 05:30:44,384 Executing part 2...
2023-08-02 05:30:44,384 Recovering variable...
2023-08-02 05:30:44,384 Variable recovered. Time: 6.794929504394531e-07m
2023-08-02 05:30:44,384 Part 2 executed.
2023-08-02 05:30:44,384 Executing part 3...
2023-08-02 05:30:44,384 Recovering variable...
2023-08-02 05:30:44,384 Variable recovered. Time: 6.596247355143229e-07m
2023-08-02 05:30:44,384 Part 3 executed.
2023-08-02 05:30:44,384 Executing part 4...
2023-08-02 05:30:44,384 Recovering variable...
2023-08-02 05:30:44,384 Variable recovered. Time: 5.602836608886719e-07m
2023-08-02 05:30:44,384 Part 4 executed.
2023-08-02 05:30:44,384 Executing part 5...
2023-08-02 05:30:44,384 Recovering variable...
2023-08-02 05:30:44,384 Variable recovered. Time: 5.245208740234375e-07m
2023-08-02 05:30:44,384 Part 5 executed.
2023-08-02 05:30:44,385 Executing part 6...
2023-08-02 05:30:44,385 Recovering variable...
2023-08-02 05:30:44,385 Variable recovered. Time: 6.477038065592448e-07m
2023-08-02 05:30:44,385 Part 6 executed.
2023-08-02 05:30:44,385 Executing part 7...
2023-08-02 05:30:44,385 Recovering variable...
2023-08-02 05:30:44,385 Variable recovered. Time: 5.642573038736979e-07m
2023-08-02 05:30:44,385 Part 7 executed.
2023-08-02 05:30:44,385 Executing part 8...
2023-08-02 05:30:44,385 Recovering variable...
2023-08-02 05:30:44,385 Variable recovered. Time: 7.271766662597656e-07m
2023-08-02 05:30:44,385 Part 8 executed.
2023-08-02 05:30:44,385 Saving variable on disk...
2023-08-02 05:30:44,386 Variable saved. Time: 9.171168009440105e-06m
2023-08-02 05:30:44,386 Saving variable on disk...
2023-08-02 05:30:44,386 Variable saved. Time: 3.6716461181640626e-06m
2023-08-02 05:30:44,386 Saving variable on disk...
2023-08-02 05:30:44,386 Variable saved. Time: 1.1722246805826824e-06m
2023-08-02 05:30:44,389 - Time - part 1: 0.009380340576171875s
2023-08-02 05:30:44,393 Executing part 1...
2023-08-02 05:30:44,393 Recovering variable...
2023-08-02 05:30:44,394 Variable recovered. Time: 4.378954569498698e-06m
2023-08-02 05:30:44,394 Part 1 executed.
2023-08-02 05:30:44,394 Executing part 2...
2023-08-02 05:30:44,394 Recovering variable...
2023-08-02 05:30:44,394 Variable recovered. Time: 8.066495259602865e-07m
2023-08-02 05:30:44,394 Part 2 executed.
2023-08-02 05:30:44,394 Executing part 3...
2023-08-02 05:30:44,394 Recovering variable...
2023-08-02 05:30:44,394 Variable recovered. Time: 5.841255187988282e-07m
2023-08-02 05:30:44,394 Part 3 executed.
2023-08-02 05:30:44,394 Executing part 4...
2023-08-02 05:30:44,394 Recovering variable...
2023-08-02 05:30:44,394 Variable recovered. Time: 4.7286351521809897e-07m
2023-08-02 05:30:44,394 Part 4 executed.
2023-08-02 05:30:44,394 Executing part 5...
2023-08-02 05:30:44,394 Recovering variable...
2023-08-02 05:30:44,394 Variable recovered. Time: 4.450480143229167e-07m
2023-08-02 05:30:44,394 Part 5 executed.
2023-08-02 05:30:44,394 Executing part 6...
2023-08-02 05:30:44,395 Recovering variable...
2023-08-02 05:30:44,395 Variable recovered. Time: 5.324681599934896e-07m
2023-08-02 05:30:44,395 Part 6 executed.
2023-08-02 05:30:44,395 Executing part 7...
2023-08-02 05:30:44,395 Recovering variable...
2023-08-02 05:30:44,395 Variable recovered. Time: 5.245208740234375e-07m
2023-08-02 05:30:44,395 Part 7 executed.
2023-08-02 05:30:44,395 Executing part 8...
2023-08-02 05:30:44,395 Recovering variable...
2023-08-02 05:30:44,395 Variable recovered. Time: 5.602836608886719e-07m
2023-08-02 05:30:44,395 Part 8 executed.
2023-08-02 05:30:44,395 Saving variable on disk...
2023-08-02 05:30:44,395 Variable saved. Time: 1.0649363199869792e-06m
2023-08-02 05:30:44,395 Saving variable on disk...
2023-08-02 05:30:44,395 Variable saved. Time: 5.006790161132813e-07m
2023-08-02 05:30:44,395 Saving variable on disk...
2023-08-02 05:30:44,395 Variable saved. Time: 3.973642985026042e-07m
2023-08-02 05:30:44,399 - Time - part 2: 0.009846210479736328s
2023-08-02 05:30:44,399 distance network created.
2023-08-02 05:30:44,399 Transforming distances into weights...
2023-08-02 05:30:44,406 Recovering variable...
2023-08-02 05:30:44,406 Variable recovered. Time: 1.3152758280436198e-06m
2023-08-02 05:30:44,406 Recovering variable...
2023-08-02 05:30:44,407 Variable recovered. Time: 2.8332074483235676e-06m
2023-08-02 05:30:44,407 Executing layer 0...
2023-08-02 05:30:44,407 Saving variable on disk...
2023-08-02 05:30:44,408 Variable saved. Time: 8.757909138997396e-06m
2023-08-02 05:30:44,408 Saving variable on disk...
2023-08-02 05:30:44,408 Variable saved. Time: 4.200140635172526e-06m
2023-08-02 05:30:44,408 Saving variable on disk...
2023-08-02 05:30:44,408 Variable saved. Time: 1.637140909830729e-06m
2023-08-02 05:30:44,408 Layer 0 executed.
2023-08-02 05:30:44,408 Recovering variable...
2023-08-02 05:30:44,408 Variable recovered. Time: 3.5762786865234375e-07m
2023-08-02 05:30:44,408 Recovering variable...
2023-08-02 05:30:44,408 Variable recovered. Time: 7.708867390950521e-07m
2023-08-02 05:30:44,409 Executing layer 1...
2023-08-02 05:30:44,409 Saving variable on disk...
2023-08-02 05:30:44,409 Variable saved. Time: 5.0425529479980465e-06m
2023-08-02 05:30:44,409 Saving variable on disk...
2023-08-02 05:30:44,409 Variable saved. Time: 1.2675921122233072e-06m
2023-08-02 05:30:44,409 Saving variable on disk...
2023-08-02 05:30:44,410 Variable saved. Time: 1.418590545654297e-06m
2023-08-02 05:30:44,410 Layer 1 executed.
2023-08-02 05:30:44,410 Recovering variable...
2023-08-02 05:30:44,410 Variable recovered. Time: 2.7418136596679685e-07m
2023-08-02 05:30:44,410 Recovering variable...
2023-08-02 05:30:44,410 Variable recovered. Time: 5.642573038736979e-07m
2023-08-02 05:30:44,410 Executing layer 2...
2023-08-02 05:30:44,410 Saving variable on disk...
2023-08-02 05:30:44,410 Variable saved. Time: 1.8397967020670573e-06m
2023-08-02 05:30:44,410 Saving variable on disk...
2023-08-02 05:30:44,410 Variable saved. Time: 1.0013580322265625e-06m
2023-08-02 05:30:44,410 Saving variable on disk...
2023-08-02 05:30:44,410 Variable saved. Time: 9.377797444661458e-07m
2023-08-02 05:30:44,410 Layer 2 executed.
2023-08-02 05:30:44,410 Weights created.
2023-08-02 05:30:44,413 - Time - part 3: 0.014277219772338867s
2023-08-02 05:30:44,417 Consolidating graphs...
2023-08-02 05:30:44,417 Executing layer 0...
2023-08-02 05:30:44,417 Recovering variable...
2023-08-02 05:30:44,417 Variable recovered. Time: 1.1086463928222657e-06m
2023-08-02 05:30:44,417 Layer 0 executed.
2023-08-02 05:30:44,417 Executing layer 1...
2023-08-02 05:30:44,417 Recovering variable...
2023-08-02 05:30:44,417 Variable recovered. Time: 5.841255187988282e-07m
2023-08-02 05:30:44,417 Layer 1 executed.
2023-08-02 05:30:44,417 Executing layer 2...
2023-08-02 05:30:44,417 Recovering variable...
2023-08-02 05:30:44,417 Variable recovered. Time: 2.2649765014648436e-07m
2023-08-02 05:30:44,417 Layer 2 executed.
2023-08-02 05:30:44,417 Saving distancesNets on disk...
2023-08-02 05:30:44,417 Saving variable on disk...
2023-08-02 05:30:44,418 Variable saved. Time: 1.613299051920573e-06m
2023-08-02 05:30:44,418 Graphs consolidated.
2023-08-02 05:30:44,421 - Time - part 4: 0.007546901702880859s
2023-08-02 05:30:44,425 Executing layer 0...
2023-08-02 05:30:44,425 Recovering variable...
2023-08-02 05:30:44,425 Variable recovered. Time: 4.172325134277344e-06m
2023-08-02 05:30:44,425 Layer 0 executed.
2023-08-02 05:30:44,425 Executing layer 1...
2023-08-02 05:30:44,425 Recovering variable...
2023-08-02 05:30:44,425 Variable recovered. Time: 1.1722246805826824e-06m
2023-08-02 05:30:44,426 Layer 1 executed.
2023-08-02 05:30:44,426 Executing layer 2...
2023-08-02 05:30:44,426 Recovering variable...
2023-08-02 05:30:44,426 Variable recovered. Time: 8.344650268554688e-07m
2023-08-02 05:30:44,426 Layer 2 executed.
2023-08-02 05:30:44,426 Saving nets_weights_alias_method_j on disk...
2023-08-02 05:30:44,426 Saving variable on disk...
2023-08-02 05:30:44,426 Variable saved. Time: 7.482369740804036e-06m
2023-08-02 05:30:44,429 - Time - part 5: 0.008150815963745117s
2023-08-02 05:30:44,433 Executing layer 0...
2023-08-02 05:30:44,433 Recovering variable...
2023-08-02 05:30:44,433 Variable recovered. Time: 4.541873931884766e-06m
2023-08-02 05:30:44,433 Layer 0 executed.
2023-08-02 05:30:44,433 Executing layer 1...
2023-08-02 05:30:44,433 Recovering variable...
2023-08-02 05:30:44,433 Variable recovered. Time: 9.735425313313801e-07m
2023-08-02 05:30:44,434 Layer 1 executed.
2023-08-02 05:30:44,434 Executing layer 2...
2023-08-02 05:30:44,434 Recovering variable...
2023-08-02 05:30:44,434 Variable recovered. Time: 7.867813110351562e-07m
2023-08-02 05:30:44,434 Layer 2 executed.
2023-08-02 05:30:44,434 Saving nets_weights_alias_method_q on disk...
2023-08-02 05:30:44,434 Saving variable on disk...
2023-08-02 05:30:44,434 Variable saved. Time: 6.3300132751464845e-06m
2023-08-02 05:30:44,436 - Time - part 6: 0.007025718688964844s
2023-08-02 05:30:44,441 Loading distances_nets from disk...
2023-08-02 05:30:44,441 Executing layer 0...
2023-08-02 05:30:44,441 Recovering variable...
2023-08-02 05:30:44,442 Variable recovered. Time: 2.8133392333984377e-06m
2023-08-02 05:30:44,442 Layer 0 executed.
2023-08-02 05:30:44,442 Executing layer 1...
2023-08-02 05:30:44,442 Recovering variable...
2023-08-02 05:30:44,442 Variable recovered. Time: 1.045068105061849e-06m
2023-08-02 05:30:44,442 Layer 1 executed.
2023-08-02 05:30:44,442 Executing layer 2...
2023-08-02 05:30:44,442 Recovering variable...
2023-08-02 05:30:44,442 Variable recovered. Time: 5.006790161132813e-07m
2023-08-02 05:30:44,442 Layer 2 executed.
2023-08-02 05:30:44,442 Saving average_weights on disk...
2023-08-02 05:30:44,442 Saving variable on disk...
2023-08-02 05:30:44,442 Variable saved. Time: 2.642472585042318e-06m
2023-08-02 05:30:44,442 Executing layer 0...
2023-08-02 05:30:44,442 Recovering variable...
2023-08-02 05:30:44,442 Variable recovered. Time: 9.298324584960937e-07m
2023-08-02 05:30:44,442 Layer 0 executed.
2023-08-02 05:30:44,442 Executing layer 1...
2023-08-02 05:30:44,442 Recovering variable...
2023-08-02 05:30:44,443 Variable recovered. Time: 7.867813110351562e-07m
2023-08-02 05:30:44,443 Layer 1 executed.
2023-08-02 05:30:44,443 Executing layer 2...
2023-08-02 05:30:44,443 Recovering variable...
2023-08-02 05:30:44,443 Variable recovered. Time: 4.569689432779948e-07m
2023-08-02 05:30:44,443 Layer 2 executed.
2023-08-02 05:30:44,443 Saving amount_neighbours on disk...
2023-08-02 05:30:44,443 Saving variable on disk...
2023-08-02 05:30:44,443 Variable saved. Time: 6.914138793945312e-07m
2023-08-02 05:30:44,447 Loading distances_nets on disk...
2023-08-02 05:30:44,448 Recovering variable...
2023-08-02 05:30:44,448 Variable recovered. Time: 1.0053316752115886e-06m
2023-08-02 05:30:44,448 Recovering variable...
2023-08-02 05:30:44,448 Variable recovered. Time: 4.152456919352214e-06m
2023-08-02 05:30:44,448 Recovering variable...
2023-08-02 05:30:44,448 Variable recovered. Time: 2.284844716389974e-06m
2023-08-02 05:30:44,448 Recovering variable...
2023-08-02 05:30:44,448 Variable recovered. Time: 2.7815500895182293e-07m
2023-08-02 05:30:44,449 Creating RWs...
2023-08-02 05:30:44,461 Receiving results...
2023-08-02 05:30:44,461 RW - vertex 9. Time : 0.000453948974609375s
2023-08-02 05:30:44,462 RW - vertex 5. Time : 0.0002582073211669922s
2023-08-02 05:30:44,462 RW - vertex 13. Time : 0.00024271011352539062s
2023-08-02 05:30:44,462 RW - vertex 6. Time : 0.00028443336486816406s
2023-08-02 05:30:44,463 RW - vertex 11. Time : 0.0002243518829345703s
2023-08-02 05:30:44,463 RW - vertex 12. Time : 0.0002353191375732422s
2023-08-02 05:30:44,463 RW - vertex 8. Time : 0.00020384788513183594s
2023-08-02 05:30:44,463 RW - vertex 12. Time : 0.0004067420959472656s
2023-08-02 05:30:44,463 RW - vertex 2. Time : 0.00028014183044433594s
2023-08-02 05:30:44,463 RW - vertex 12. Time : 0.00043487548828125s
2023-08-02 05:30:44,464 RW - vertex 13. Time : 0.0003008842468261719s
2023-08-02 05:30:44,464 RW - vertex 4. Time : 0.00024890899658203125s
2023-08-02 05:30:44,464 RW - vertex 13. Time : 0.00023746490478515625s
2023-08-02 05:30:44,464 RW - vertex 3. Time : 0.00022220611572265625s
2023-08-02 05:30:44,464 RW - vertex 3. Time : 0.00022983551025390625s
2023-08-02 05:30:44,464 RW - vertex 12. Time : 0.00038051605224609375s
2023-08-02 05:30:44,464 RW - vertex 12. Time : 0.0006041526794433594s
2023-08-02 05:30:44,464 RW - vertex 12. Time : 0.0006694793701171875s
2023-08-02 05:30:44,464 RW - vertex 12. Time : 0.00038814544677734375s
2023-08-02 05:30:44,464 RW - vertex 3. Time : 0.00025153160095214844s
2023-08-02 05:30:44,464 RW - vertex 10. Time : 0.00023412704467773438s
2023-08-02 05:30:44,464 RW - vertex 10. Time : 0.00025177001953125s
2023-08-02 05:30:44,464 RW - vertex 13. Time : 0.00025081634521484375s
2023-08-02 05:30:44,464 RW - vertex 12. Time : 0.0005650520324707031s
2023-08-02 05:30:44,464 RW - vertex 1. Time : 0.00021219253540039062s
2023-08-02 05:30:44,464 RW - vertex 10. Time : 0.0002338886260986328s
2023-08-02 05:30:44,465 RW - vertex 1. Time : 0.0002219676971435547s
2023-08-02 05:30:44,464 RW - vertex 13. Time : 0.00023818016052246094s
2023-08-02 05:30:44,465 RW - vertex 13. Time : 0.0004279613494873047s
2023-08-02 05:30:44,465 RW - vertex 3. Time : 0.00021839141845703125s
2023-08-02 05:30:44,465 RW - vertex 13. Time : 0.0004673004150390625s
2023-08-02 05:30:44,465 RW - vertex 7. Time : 0.0002205371856689453s
2023-08-02 05:30:44,465 RW - vertex 5. Time : 0.00020694732666015625s
2023-08-02 05:30:44,465 RW - vertex 1. Time : 0.0002295970916748047s
2023-08-02 05:30:44,465 RW - vertex 3. Time : 0.000244140625s
2023-08-02 05:30:44,465 RW - vertex 10. Time : 0.0001952648162841797s
2023-08-02 05:30:44,465 RW - vertex 13. Time : 0.000457763671875s
2023-08-02 05:30:44,465 RW - vertex 9. Time : 0.0002257823944091797s
2023-08-02 05:30:44,465 RW - vertex 5. Time : 0.0002262592315673828s
2023-08-02 05:30:44,465 RW - vertex 10. Time : 0.0002446174621582031s
2023-08-02 05:30:44,465 RW - vertex 3. Time : 0.00042438507080078125s
2023-08-02 05:30:44,465 RW - vertex 1. Time : 0.00025081634521484375s
2023-08-02 05:30:44,465 RW - vertex 3. Time : 0.0004544258117675781s
2023-08-02 05:30:44,465 RW - vertex 7. Time : 0.0002574920654296875s
2023-08-02 05:30:44,465 Iteration 0 executed.
2023-08-02 05:30:44,465 RW - vertex 1. Time : 0.00024056434631347656s
2023-08-02 05:30:44,465 RW - vertex 9. Time : 0.0003066062927246094s
2023-08-02 05:30:44,465 RW - vertex 12. Time : 0.0002524852752685547s
2023-08-02 05:30:44,465 RW - vertex 5. Time : 0.00025200843811035156s
2023-08-02 05:30:44,465 RW - vertex 3. Time : 0.0004999637603759766s
2023-08-02 05:30:44,466 RW - vertex 4. Time : 0.00021457672119140625s
2023-08-02 05:30:44,466 RW - vertex 5. Time : 0.00020694732666015625s
2023-08-02 05:30:44,466 RW - vertex 13. Time : 0.00025463104248046875s
2023-08-02 05:30:44,466 RW - vertex 10. Time : 0.0004470348358154297s
2023-08-02 05:30:44,466 RW - vertex 10. Time : 0.0004630088806152344s
2023-08-02 05:30:44,466 RW - vertex 9. Time : 0.0002288818359375s
2023-08-02 05:30:44,466 RW - vertex 7. Time : 0.0003917217254638672s
2023-08-02 05:30:44,466 RW - vertex 8. Time : 0.00024366378784179688s
2023-08-02 05:30:44,466 RW - vertex 9. Time : 0.0002453327178955078s
2023-08-02 05:30:44,466 RW - vertex 3. Time : 0.00020647048950195312s
2023-08-02 05:30:44,466 RW - vertex 7. Time : 0.00021004676818847656s
2023-08-02 05:30:44,466 RW - vertex 10. Time : 0.0005013942718505859s
2023-08-02 05:30:44,466 RW - vertex 2. Time : 0.0002186298370361328s
2023-08-02 05:30:44,466 RW - vertex 7. Time : 0.0002090930938720703s
2023-08-02 05:30:44,466 RW - vertex 10. Time : 0.00021505355834960938s
2023-08-02 05:30:44,466 RW - vertex 1. Time : 0.0004324913024902344s
2023-08-02 05:30:44,466 RW - vertex 4. Time : 0.0003886222839355469s
2023-08-02 05:30:44,466 RW - vertex 1. Time : 0.0004985332489013672s
2023-08-02 05:30:44,466 RW - vertex 4. Time : 0.00026297569274902344s
2023-08-02 05:30:44,466 RW - vertex 6. Time : 0.00026035308837890625s
2023-08-02 05:30:44,466 RW - vertex 4. Time : 0.0002522468566894531s
2023-08-02 05:30:44,466 RW - vertex 1. Time : 0.00021266937255859375s
2023-08-02 05:30:44,467 RW - vertex 8. Time : 0.0002193450927734375s
2023-08-02 05:30:44,467 RW - vertex 1. Time : 0.00045371055603027344s
2023-08-02 05:30:44,467 RW - vertex 11. Time : 0.00021910667419433594s
2023-08-02 05:30:44,467 RW - vertex 5. Time : 0.000396728515625s
2023-08-02 05:30:44,467 RW - vertex 5. Time : 0.00020551681518554688s
2023-08-02 05:30:44,467 RW - vertex 8. Time : 0.0003807544708251953s
2023-08-02 05:30:44,467 RW - vertex 8. Time : 0.00023365020751953125s
2023-08-02 05:30:44,467 RW - vertex 2. Time : 0.00022220611572265625s
2023-08-02 05:30:44,467 RW - vertex 5. Time : 0.00047206878662109375s
2023-08-02 05:30:44,467 RW - vertex 9. Time : 0.0002028942108154297s
2023-08-02 05:30:44,467 RW - vertex 2. Time : 0.00021886825561523438s
2023-08-02 05:30:44,467 Iteration 1 executed.
2023-08-02 05:30:44,467 RW - vertex 6. Time : 0.00021696090698242188s
2023-08-02 05:30:44,467 RW - vertex 5. Time : 0.0004172325134277344s
2023-08-02 05:30:44,467 RW - vertex 9. Time : 0.0003833770751953125s
2023-08-02 05:30:44,467 RW - vertex 6. Time : 0.0001881122589111328s
2023-08-02 05:30:44,467 RW - vertex 7. Time : 0.0002224445343017578s
2023-08-02 05:30:44,467 RW - vertex 2. Time : 0.00043129920959472656s
2023-08-02 05:30:44,467 RW - vertex 12. Time : 0.000255584716796875s
2023-08-02 05:30:44,467 RW - vertex 11. Time : 0.0002338886260986328s
2023-08-02 05:30:44,467 RW - vertex 9. Time : 0.0004937648773193359s
2023-08-02 05:30:44,467 RW - vertex 11. Time : 0.00024127960205078125s
2023-08-02 05:30:44,467 RW - vertex 4. Time : 0.0002532005310058594s
2023-08-02 05:30:44,467 RW - vertex 6. Time : 0.0002751350402832031s
2023-08-02 05:30:44,467 RW - vertex 9. Time : 0.0004127025604248047s
2023-08-02 05:30:44,468 RW - vertex 13. Time : 0.0002219676971435547s
2023-08-02 05:30:44,468 RW - vertex 7. Time : 0.0004420280456542969s
2023-08-02 05:30:44,468 RW - vertex 8. Time : 0.0002257823944091797s
2023-08-02 05:30:44,468 Iteration 5 executed.
2023-08-02 05:30:44,468 RW - vertex 11. Time : 0.000217437744140625s
2023-08-02 05:30:44,468 RW - vertex 3. Time : 0.00020766258239746094s
2023-08-02 05:30:44,468 RW - vertex 7. Time : 0.0004448890686035156s
2023-08-02 05:30:44,468 RW - vertex 2. Time : 0.00019979476928710938s
2023-08-02 05:30:44,468 Iteration 7 executed.
2023-08-02 05:30:44,468 RW - vertex 7. Time : 0.00042557716369628906s
2023-08-02 05:30:44,468 RW - vertex 10. Time : 0.00020933151245117188s
2023-08-02 05:30:44,468 RW - vertex 4. Time : 0.00044989585876464844s
2023-08-02 05:30:44,468 Iteration 2 executed.
2023-08-02 05:30:44,468 RW - vertex 6. Time : 0.00022339820861816406s
2023-08-02 05:30:44,468 RW - vertex 4. Time : 0.00043463706970214844s
2023-08-02 05:30:44,468 RW - vertex 1. Time : 0.00023674964904785156s
2023-08-02 05:30:44,468 RW - vertex 11. Time : 0.0002467632293701172s
2023-08-02 05:30:44,468 RW - vertex 4. Time : 0.0004417896270751953s
2023-08-02 05:30:44,469 RW - vertex 8. Time : 0.0004246234893798828s
2023-08-02 05:30:44,469 RW - vertex 5. Time : 0.00022220611572265625s
2023-08-02 05:30:44,469 Iteration 8 executed.
2023-08-02 05:30:44,469 RW - vertex 8. Time : 0.00046062469482421875s
2023-08-02 05:30:44,469 RW - vertex 9. Time : 0.000232696533203125s
2023-08-02 05:30:44,469 RW - vertex 2. Time : 0.00048804283142089844s
2023-08-02 05:30:44,469 RW - vertex 8. Time : 0.0005505084991455078s
2023-08-02 05:30:44,469 RW - vertex 7. Time : 0.00022649765014648438s
2023-08-02 05:30:44,469 RW - vertex 4. Time : 0.00025534629821777344s
2023-08-02 05:30:44,469 RW - vertex 2. Time : 0.0005288124084472656s
2023-08-02 05:30:44,470 RW - vertex 6. Time : 0.00047469139099121094s
2023-08-02 05:30:44,470 RW - vertex 2. Time : 0.0005021095275878906s
2023-08-02 05:30:44,470 RW - vertex 8. Time : 0.000244140625s
2023-08-02 05:30:44,470 RW - vertex 6. Time : 0.0004756450653076172s
2023-08-02 05:30:44,470 RW - vertex 2. Time : 0.00022721290588378906s
2023-08-02 05:30:44,470 RW - vertex 6. Time : 0.00041103363037109375s
2023-08-02 05:30:44,470 RW - vertex 11. Time : 0.0005469322204589844s
2023-08-02 05:30:44,470 RW - vertex 6. Time : 0.0002892017364501953s
2023-08-02 05:30:44,471 RW - vertex 11. Time : 0.0004904270172119141s
2023-08-02 05:30:44,471 RW - vertex 11. Time : 0.0002655982971191406s
2023-08-02 05:30:44,471 RW - vertex 11. Time : 0.0004706382751464844s
2023-08-02 05:30:44,471 Iteration 4 executed.
2023-08-02 05:30:44,471 Iteration 9 executed.
2023-08-02 05:30:44,471 Iteration 3 executed.
2023-08-02 05:30:44,471 Iteration 6 executed.
2023-08-02 05:30:44,475 RWs created. Time: 0.000436703364054362m
2023-08-02 05:30:44,475 Saving Random Walks on disk...
2023-08-02 05:30:44,479 Initializing creation of the representations...
2023-08-02 05:30:44,480 collecting all words and their counts
2023-08-02 05:30:44,480 {'uri': 'random_walks.txt', 'mode': 'rb', 'buffering': -1, 'encoding': None, 'errors': None, 'newline': None, 'closefd': True, 'opener': None, 'compression': 'infer_from_extension', 'transport_params': None}
2023-08-02 05:30:44,480 PROGRESS: at sentence #0, processed 0 words, keeping 0 word types
2023-08-02 05:30:44,481 collected 13 word types from a corpus of 10400 raw words and 130 sentences
2023-08-02 05:30:44,481 Creating a fresh vocabulary
2023-08-02 05:30:44,482 starting a new internal lifecycle event log for Word2Vec
2023-08-02 05:30:44,482 Word2Vec lifecycle event {'msg': 'effective_min_count=0 retains 13 unique words (100.00% of original 13, drops 0)', 'datetime': '2023-08-02T05:30:44.481437', 'gensim': '4.3.1', 'python': '3.10.9 (main, Mar  1 2023, 18:23:06) [GCC 11.2.0]', 'platform': 'Linux-5.15.90.1-microsoft-standard-WSL2-x86_64-with-glibc2.35', 'event': 'prepare_vocab'}
2023-08-02 05:30:44,482 Word2Vec lifecycle event {'msg': 'effective_min_count=0 leaves 10400 word corpus (100.00% of original 10400, drops 0)', 'datetime': '2023-08-02T05:30:44.482423', 'gensim': '4.3.1', 'python': '3.10.9 (main, Mar  1 2023, 18:23:06) [GCC 11.2.0]', 'platform': 'Linux-5.15.90.1-microsoft-standard-WSL2-x86_64-with-glibc2.35', 'event': 'prepare_vocab'}
2023-08-02 05:30:44,482 deleting the raw counts dictionary of 13 items
2023-08-02 05:30:44,482 sample=0.001 downsamples 13 most-common words
2023-08-02 05:30:44,482 Word2Vec lifecycle event {'msg': 'downsampling leaves estimated 1253.3994211399674 word corpus (12.1%% of prior 10400)', 'datetime': '2023-08-02T05:30:44.482591', 'gensim': '4.3.1', 'python': '3.10.9 (main, Mar  1 2023, 18:23:06) [GCC 11.2.0]', 'platform': 'Linux-5.15.90.1-microsoft-standard-WSL2-x86_64-with-glibc2.35', 'event': 'prepare_vocab'}
2023-08-02 05:30:44,482 constructing a huffman tree from 13 words
2023-08-02 05:30:44,482 built huffman tree with maximum node depth 6
2023-08-02 05:30:44,483 estimated required memory for 13 words and 128 dimensions: 29068 bytes
2023-08-02 05:30:44,483 resetting layer weights
2023-08-02 05:30:44,483 Word2Vec lifecycle event {'update': False, 'trim_rule': 'None', 'datetime': '2023-08-02T05:30:44.483299', 'gensim': '4.3.1', 'python': '3.10.9 (main, Mar  1 2023, 18:23:06) [GCC 11.2.0]', 'platform': 'Linux-5.15.90.1-microsoft-standard-WSL2-x86_64-with-glibc2.35', 'event': 'build_vocab'}
2023-08-02 05:30:44,483 Both hierarchical softmax and negative sampling are activated. This is probably a mistake. You should set either 'hs=0' or 'negative=0' to disable one of them. 
2023-08-02 05:30:44,483 Word2Vec lifecycle event {'msg': 'training model with 8 workers on 13 vocabulary and 128 features, using sg=1 hs=1 sample=0.001 negative=5 window=10 shrink_windows=True', 'datetime': '2023-08-02T05:30:44.483410', 'gensim': '4.3.1', 'python': '3.10.9 (main, Mar  1 2023, 18:23:06) [GCC 11.2.0]', 'platform': 'Linux-5.15.90.1-microsoft-standard-WSL2-x86_64-with-glibc2.35', 'event': 'train'}
2023-08-02 05:30:44,485 {'uri': 'random_walks.txt', 'mode': 'rb', 'buffering': -1, 'encoding': None, 'errors': None, 'newline': None, 'closefd': True, 'opener': None, 'compression': 'infer_from_extension', 'transport_params': None}
2023-08-02 05:30:44,486 job loop exiting, total 2 jobs
2023-08-02 05:30:44,487 worker exiting, processed 0 jobs
2023-08-02 05:30:44,487 worker exiting, processed 0 jobs
2023-08-02 05:30:44,488 worker exiting, processed 0 jobs
2023-08-02 05:30:44,488 worker exiting, processed 0 jobs
2023-08-02 05:30:44,488 worker exiting, processed 0 jobs
2023-08-02 05:30:44,488 worker exiting, processed 0 jobs
2023-08-02 05:30:44,488 worker thread finished; awaiting finish of 7 more threads
2023-08-02 05:30:44,489 worker thread finished; awaiting finish of 6 more threads
2023-08-02 05:30:44,489 worker thread finished; awaiting finish of 5 more threads
2023-08-02 05:30:44,489 worker thread finished; awaiting finish of 4 more threads
2023-08-02 05:30:44,489 worker thread finished; awaiting finish of 3 more threads
2023-08-02 05:30:44,489 worker thread finished; awaiting finish of 2 more threads
2023-08-02 05:30:44,489 worker thread finished; awaiting finish of 1 more threads
2023-08-02 05:30:44,488 worker exiting, processed 1 jobs
2023-08-02 05:30:44,493 worker exiting, processed 1 jobs
2023-08-02 05:30:44,494 worker thread finished; awaiting finish of 0 more threads
2023-08-02 05:30:44,494 EPOCH 0: training on 10400 raw words (1235 effective words) took 0.0s, 162120 effective words/s
2023-08-02 05:30:44,495 {'uri': 'random_walks.txt', 'mode': 'rb', 'buffering': -1, 'encoding': None, 'errors': None, 'newline': None, 'closefd': True, 'opener': None, 'compression': 'infer_from_extension', 'transport_params': None}
2023-08-02 05:30:44,496 job loop exiting, total 2 jobs
2023-08-02 05:30:44,498 worker exiting, processed 0 jobs
2023-08-02 05:30:44,499 worker exiting, processed 1 jobs
2023-08-02 05:30:44,498 worker exiting, processed 0 jobs
2023-08-02 05:30:44,498 worker exiting, processed 0 jobs
2023-08-02 05:30:44,498 worker exiting, processed 0 jobs
2023-08-02 05:30:44,498 worker exiting, processed 0 jobs
2023-08-02 05:30:44,498 worker exiting, processed 0 jobs
2023-08-02 05:30:44,498 worker thread finished; awaiting finish of 7 more threads
2023-08-02 05:30:44,500 worker thread finished; awaiting finish of 6 more threads
2023-08-02 05:30:44,500 worker thread finished; awaiting finish of 5 more threads
2023-08-02 05:30:44,500 worker thread finished; awaiting finish of 4 more threads
2023-08-02 05:30:44,500 worker thread finished; awaiting finish of 3 more threads
2023-08-02 05:30:44,500 worker thread finished; awaiting finish of 2 more threads
2023-08-02 05:30:44,500 worker thread finished; awaiting finish of 1 more threads
2023-08-02 05:30:44,505 worker exiting, processed 1 jobs
2023-08-02 05:30:44,505 worker thread finished; awaiting finish of 0 more threads
2023-08-02 05:30:44,505 EPOCH 1: training on 10400 raw words (1291 effective words) took 0.0s, 134771 effective words/s
2023-08-02 05:30:44,510 {'uri': 'random_walks.txt', 'mode': 'rb', 'buffering': -1, 'encoding': None, 'errors': None, 'newline': None, 'closefd': True, 'opener': None, 'compression': 'infer_from_extension', 'transport_params': None}
2023-08-02 05:30:44,511 job loop exiting, total 2 jobs
2023-08-02 05:30:44,516 worker exiting, processed 1 jobs
2023-08-02 05:30:44,516 worker exiting, processed 0 jobs
2023-08-02 05:30:44,516 worker exiting, processed 0 jobs
2023-08-02 05:30:44,519 worker exiting, processed 0 jobs
2023-08-02 05:30:44,519 worker thread finished; awaiting finish of 7 more threads
2023-08-02 05:30:44,519 worker exiting, processed 0 jobs
2023-08-02 05:30:44,519 worker exiting, processed 0 jobs
2023-08-02 05:30:44,519 worker exiting, processed 0 jobs
2023-08-02 05:30:44,519 worker exiting, processed 1 jobs
2023-08-02 05:30:44,519 worker thread finished; awaiting finish of 6 more threads
2023-08-02 05:30:44,520 worker thread finished; awaiting finish of 5 more threads
2023-08-02 05:30:44,520 worker thread finished; awaiting finish of 4 more threads
2023-08-02 05:30:44,520 worker thread finished; awaiting finish of 3 more threads
2023-08-02 05:30:44,520 worker thread finished; awaiting finish of 2 more threads
2023-08-02 05:30:44,520 worker thread finished; awaiting finish of 1 more threads
2023-08-02 05:30:44,520 worker thread finished; awaiting finish of 0 more threads
2023-08-02 05:30:44,520 EPOCH 2: training on 10400 raw words (1254 effective words) took 0.0s, 130958 effective words/s
2023-08-02 05:30:44,521 {'uri': 'random_walks.txt', 'mode': 'rb', 'buffering': -1, 'encoding': None, 'errors': None, 'newline': None, 'closefd': True, 'opener': None, 'compression': 'infer_from_extension', 'transport_params': None}
2023-08-02 05:30:44,529 job loop exiting, total 2 jobs
2023-08-02 05:30:44,529 worker exiting, processed 1 jobs
2023-08-02 05:30:44,529 worker exiting, processed 0 jobs
2023-08-02 05:30:44,529 worker exiting, processed 0 jobs
2023-08-02 05:30:44,530 worker thread finished; awaiting finish of 7 more threads
2023-08-02 05:30:44,530 worker thread finished; awaiting finish of 6 more threads
2023-08-02 05:30:44,530 worker thread finished; awaiting finish of 5 more threads
2023-08-02 05:30:44,530 worker thread finished; awaiting finish of 4 more threads
2023-08-02 05:30:44,530 worker thread finished; awaiting finish of 3 more threads
2023-08-02 05:30:44,530 worker thread finished; awaiting finish of 2 more threads
2023-08-02 05:30:44,530 worker thread finished; awaiting finish of 1 more threads
2023-08-02 05:30:44,530 worker thread finished; awaiting finish of 0 more threads
2023-08-02 05:30:44,530 EPOCH 3: training on 10400 raw words (1215 effective words) took 0.0s, 130946 effective words/s
2023-08-02 05:30:44,530 worker exiting, processed 0 jobs
2023-08-02 05:30:44,530 worker exiting, processed 0 jobs
2023-08-02 05:30:44,530 worker exiting, processed 0 jobs
2023-08-02 05:30:44,530 worker exiting, processed 0 jobs
2023-08-02 05:30:44,530 worker exiting, processed 1 jobs
2023-08-02 05:30:44,531 {'uri': 'random_walks.txt', 'mode': 'rb', 'buffering': -1, 'encoding': None, 'errors': None, 'newline': None, 'closefd': True, 'opener': None, 'compression': 'infer_from_extension', 'transport_params': None}
2023-08-02 05:30:44,540 job loop exiting, total 2 jobs
2023-08-02 05:30:44,540 worker exiting, processed 1 jobs
2023-08-02 05:30:44,540 worker exiting, processed 0 jobs
2023-08-02 05:30:44,540 worker exiting, processed 0 jobs
2023-08-02 05:30:44,540 worker thread finished; awaiting finish of 7 more threads
2023-08-02 05:30:44,541 worker thread finished; awaiting finish of 6 more threads
2023-08-02 05:30:44,541 worker thread finished; awaiting finish of 5 more threads
2023-08-02 05:30:44,541 worker thread finished; awaiting finish of 4 more threads
2023-08-02 05:30:44,541 worker thread finished; awaiting finish of 3 more threads
2023-08-02 05:30:44,541 worker thread finished; awaiting finish of 2 more threads
2023-08-02 05:30:44,541 worker thread finished; awaiting finish of 1 more threads
2023-08-02 05:30:44,541 worker thread finished; awaiting finish of 0 more threads
2023-08-02 05:30:44,541 EPOCH 4: training on 10400 raw words (1261 effective words) took 0.0s, 132673 effective words/s
2023-08-02 05:30:44,541 Word2Vec lifecycle event {'msg': 'training on 52000 raw words (6256 effective words) took 0.1s, 108121 effective words/s', 'datetime': '2023-08-02T05:30:44.541312', 'gensim': '4.3.1', 'python': '3.10.9 (main, Mar  1 2023, 18:23:06) [GCC 11.2.0]', 'platform': 'Linux-5.15.90.1-microsoft-standard-WSL2-x86_64-with-glibc2.35', 'event': 'train'}
2023-08-02 05:30:44,541 Word2Vec lifecycle event {'params': 'Word2Vec<vocab=13, vector_size=128, alpha=0.025>', 'datetime': '2023-08-02T05:30:44.541374', 'gensim': '4.3.1', 'python': '3.10.9 (main, Mar  1 2023, 18:23:06) [GCC 11.2.0]', 'platform': 'Linux-5.15.90.1-microsoft-standard-WSL2-x86_64-with-glibc2.35', 'event': 'created'}
2023-08-02 05:30:44,541 storing 13x128 projection weights into temp_graph.emb
2023-08-02 05:30:44,541 {'uri': 'temp_graph.emb', 'mode': 'wb', 'buffering': -1, 'encoding': None, 'errors': None, 'newline': None, 'closefd': True, 'opener': None, 'compression': 'infer_from_extension', 'transport_params': None}
2023-08-02 05:30:44,542 Representations created.
