2023-08-17 05:15:21,473  - Loading graph...
2023-08-17 05:15:21,474  - Graph loaded.
2023-08-17 05:15:21,474  - Converting graph to dict...
2023-08-17 05:15:21,474 Graph converted.
2023-08-17 05:15:21,474 Graph - Number of vertices: 50
2023-08-17 05:15:21,474 Graph - Number of edges: 581.0
2023-08-17 05:15:21,488 Capturing larger degree...
2023-08-17 05:15:21,489 Larger degree captured
2023-08-17 05:15:21,499 BFS vertex 0. Time: 0.0001609325408935547s
2023-08-17 05:15:21,499 BFS vertex 1. Time: 0.0001049041748046875s
2023-08-17 05:15:21,499 BFS vertex 2. Time: 7.557868957519531e-05s
2023-08-17 05:15:21,499 BFS vertex 3. Time: 7.343292236328125e-05s
2023-08-17 05:15:21,500 BFS vertex 4. Time: 6.699562072753906e-05s
2023-08-17 05:15:21,499 BFS vertex 6. Time: 0.00020551681518554688s
2023-08-17 05:15:21,500 BFS vertex 5. Time: 0.00012183189392089844s
2023-08-17 05:15:21,500 BFS vertex 7. Time: 7.700920104980469e-05s
2023-08-17 05:15:21,500 BFS vertex 26. Time: 0.0001804828643798828s
2023-08-17 05:15:21,500 BFS vertex 23. Time: 0.0002605915069580078s
2023-08-17 05:15:21,500 BFS vertex 8. Time: 6.818771362304688e-05s
2023-08-17 05:15:21,500 BFS vertex 36. Time: 7.677078247070312e-05s
2023-08-17 05:15:21,500 BFS vertex 11. Time: 0.00022912025451660156s
2023-08-17 05:15:21,500 BFS vertex 28. Time: 0.00020647048950195312s
2023-08-17 05:15:21,500 BFS vertex 14. Time: 6.413459777832031e-05s
2023-08-17 05:15:21,500 BFS vertex 9. Time: 6.413459777832031e-05s
2023-08-17 05:15:21,500 BFS vertex 12. Time: 8.940696716308594e-05s
2023-08-17 05:15:21,500 BFS vertex 40. Time: 0.00012445449829101562s
2023-08-17 05:15:21,500 BFS vertex 13. Time: 0.00018358230590820312s
2023-08-17 05:15:21,500 BFS vertex 21. Time: 5.7220458984375e-05s
2023-08-17 05:15:21,500 BFS vertex 34. Time: 7.05718994140625e-05s
2023-08-17 05:15:21,500 BFS vertex 47. Time: 0.0002048015594482422s
2023-08-17 05:15:21,500 BFS vertex 29. Time: 9.942054748535156e-05s
2023-08-17 05:15:21,500 BFS vertex 17. Time: 0.000110626220703125s
2023-08-17 05:15:21,500 BFS vertex 22. Time: 8.535385131835938e-05s
2023-08-17 05:15:21,500 BFS vertex 18. Time: 0.00010991096496582031s
2023-08-17 05:15:21,500 BFS vertex 37. Time: 8.654594421386719e-05s
2023-08-17 05:15:21,500 BFS vertex 41. Time: 0.00012421607971191406s
2023-08-17 05:15:21,500 BFS vertex 46. Time: 9.274482727050781e-05s
2023-08-17 05:15:21,500 BFS vertex 30. Time: 0.00010752677917480469s
2023-08-17 05:15:21,500 BFS vertex 38. Time: 5.888938903808594e-05s
2023-08-17 05:15:21,500 BFS vertex 31. Time: 8.368492126464844e-05s
2023-08-17 05:15:21,500 BFS vertex 10. Time: 9.870529174804688e-05s
2023-08-17 05:15:21,501 BFS vertex 44. Time: 0.00011944770812988281s
2023-08-17 05:15:21,501 BFS vertex 48. Time: 8.535385131835938e-05s
2023-08-17 05:15:21,501 BFS vertex 45. Time: 8.273124694824219e-05s
2023-08-17 05:15:21,501 BFS vertex 39. Time: 9.822845458984375e-05s
2023-08-17 05:15:21,501 BFS vertex 27. Time: 8.320808410644531e-05s
2023-08-17 05:15:21,501 BFS vertex 16. Time: 8.797645568847656e-05s
2023-08-17 05:15:21,501 BFS vertex 24. Time: 8.20159912109375e-05s
2023-08-17 05:15:21,501 BFS vertex 49. Time: 0.00010848045349121094s
2023-08-17 05:15:21,501 BFS vertex 42. Time: 8.416175842285156e-05s
2023-08-17 05:15:21,501 BFS vertex 20. Time: 0.00010085105895996094s
2023-08-17 05:15:21,501 BFS vertex 32. Time: 8.559226989746094e-05s
2023-08-17 05:15:21,501 BFS vertex 15. Time: 0.00010991096496582031s
2023-08-17 05:15:21,501 BFS vertex 43. Time: 8.654594421386719e-05s
2023-08-17 05:15:21,501 BFS vertex 35. Time: 9.799003601074219e-05s
2023-08-17 05:15:21,501 BFS vertex 33. Time: 9.679794311523438e-05s
2023-08-17 05:15:21,501 BFS vertex 25. Time: 6.246566772460938e-05s
2023-08-17 05:15:21,501 BFS vertex 19. Time: 0.00011444091796875s
2023-08-17 05:15:21,505 Saving degreeList on disk...
2023-08-17 05:15:21,505 Saving variable on disk...
2023-08-17 05:15:21,506 Variable saved. Time: 1.523892084757487e-05m
2023-08-17 05:15:21,506 Execution time - BFS: 0.0003035306930541992m
2023-08-17 05:15:21,510 Creating degree vectors...
2023-08-17 05:15:21,510 Degree vectors created.
2023-08-17 05:15:21,510 Saving degree vectors...
2023-08-17 05:15:21,510 Saving variable on disk...
2023-08-17 05:15:21,511 Variable saved. Time: 3.421306610107422e-06m
2023-08-17 05:15:21,511 Using compactDegree: True
2023-08-17 05:15:21,511 Calculations until layer: 6
2023-08-17 05:15:21,511 Split degree List...
2023-08-17 05:15:21,513 Recovering compactDegreeList from disk...
2023-08-17 05:15:21,513 Recovering variable...
2023-08-17 05:15:21,514 Variable recovered. Time: 9.628136952718099e-06m
2023-08-17 05:15:21,514 Recovering degree vector from disk...
2023-08-17 05:15:21,514 Recovering variable...
2023-08-17 05:15:21,514 Variable recovered. Time: 1.1205673217773438e-06m
2023-08-17 05:15:21,514 Saving variable on disk...
2023-08-17 05:15:21,514 Variable saved. Time: 9.65595245361328e-07m
2023-08-17 05:15:21,515 Saving variable on disk...
2023-08-17 05:15:21,515 Variable saved. Time: 7.1088473002115885e-06m
2023-08-17 05:15:21,515 degreeList 1 completed.
2023-08-17 05:15:21,516 Recovering compactDegreeList from disk...
2023-08-17 05:15:21,516 Recovering variable...
2023-08-17 05:15:21,516 Variable recovered. Time: 3.0835469563802084e-06m
2023-08-17 05:15:21,516 Recovering degree vector from disk...
2023-08-17 05:15:21,516 Recovering variable...
2023-08-17 05:15:21,516 Variable recovered. Time: 5.205472310384114e-07m
2023-08-17 05:15:21,516 Saving variable on disk...
2023-08-17 05:15:21,516 Variable saved. Time: 6.67572021484375e-07m
2023-08-17 05:15:21,516 Saving variable on disk...
2023-08-17 05:15:21,517 Variable saved. Time: 6.643931070963542e-06m
2023-08-17 05:15:21,517 degreeList 2 completed.
2023-08-17 05:15:21,517 Recovering compactDegreeList from disk...
2023-08-17 05:15:21,517 Recovering variable...
2023-08-17 05:15:21,517 Variable recovered. Time: 2.8252601623535155e-06m
2023-08-17 05:15:21,518 Recovering degree vector from disk...
2023-08-17 05:15:21,518 Recovering variable...
2023-08-17 05:15:21,518 Variable recovered. Time: 5.920728047688802e-07m
2023-08-17 05:15:21,518 Saving variable on disk...
2023-08-17 05:15:21,518 Variable saved. Time: 6.357828776041666e-07m
2023-08-17 05:15:21,518 Saving variable on disk...
2023-08-17 05:15:21,518 Variable saved. Time: 6.707509358723958e-06m
2023-08-17 05:15:21,518 degreeList 3 completed.
2023-08-17 05:15:21,519 Recovering compactDegreeList from disk...
2023-08-17 05:15:21,519 Recovering variable...
2023-08-17 05:15:21,519 Variable recovered. Time: 2.566973368326823e-06m
2023-08-17 05:15:21,519 Recovering degree vector from disk...
2023-08-17 05:15:21,519 Recovering variable...
2023-08-17 05:15:21,519 Variable recovered. Time: 6.000200907389323e-07m
2023-08-17 05:15:21,519 Saving variable on disk...
2023-08-17 05:15:21,519 Variable saved. Time: 6.397565205891927e-07m
2023-08-17 05:15:21,519 Saving variable on disk...
2023-08-17 05:15:21,520 Variable saved. Time: 6.945927937825521e-06m
2023-08-17 05:15:21,520 degreeList 4 completed.
2023-08-17 05:15:21,520 Recovering compactDegreeList from disk...
2023-08-17 05:15:21,520 Recovering variable...
2023-08-17 05:15:21,520 Variable recovered. Time: 2.853075663248698e-06m
2023-08-17 05:15:21,521 Recovering degree vector from disk...
2023-08-17 05:15:21,521 Recovering variable...
2023-08-17 05:15:21,521 Variable recovered. Time: 5.165735880533854e-07m
2023-08-17 05:15:21,521 Saving variable on disk...
2023-08-17 05:15:21,521 Variable saved. Time: 6.397565205891927e-07m
2023-08-17 05:15:21,521 Saving variable on disk...
2023-08-17 05:15:21,521 Variable saved. Time: 4.756450653076172e-06m
2023-08-17 05:15:21,521 degreeList 5 completed.
2023-08-17 05:15:21,522 Recovering compactDegreeList from disk...
2023-08-17 05:15:21,522 Recovering variable...
2023-08-17 05:15:21,522 Variable recovered. Time: 2.7418136596679688e-06m
2023-08-17 05:15:21,522 Recovering degree vector from disk...
2023-08-17 05:15:21,522 Recovering variable...
2023-08-17 05:15:21,522 Variable recovered. Time: 5.284945170084636e-07m
2023-08-17 05:15:21,522 Saving variable on disk...
2023-08-17 05:15:21,522 Variable saved. Time: 6.477038065592448e-07m
2023-08-17 05:15:21,522 Saving variable on disk...
2023-08-17 05:15:21,522 Variable saved. Time: 5.543231964111328e-06m
2023-08-17 05:15:21,523 degreeList 6 completed.
2023-08-17 05:15:21,523 Recovering compactDegreeList from disk...
2023-08-17 05:15:21,523 Recovering variable...
2023-08-17 05:15:21,523 Variable recovered. Time: 2.491474151611328e-06m
2023-08-17 05:15:21,523 Recovering degree vector from disk...
2023-08-17 05:15:21,523 Recovering variable...
2023-08-17 05:15:21,523 Variable recovered. Time: 4.7286351521809897e-07m
2023-08-17 05:15:21,523 Saving variable on disk...
2023-08-17 05:15:21,523 Variable saved. Time: 6.357828776041666e-07m
2023-08-17 05:15:21,523 Saving variable on disk...
2023-08-17 05:15:21,524 Variable saved. Time: 5.2889188130696615e-06m
2023-08-17 05:15:21,524 degreeList 7 completed.
2023-08-17 05:15:21,524 Recovering compactDegreeList from disk...
2023-08-17 05:15:21,524 Recovering variable...
2023-08-17 05:15:21,525 Variable recovered. Time: 2.5510787963867186e-06m
2023-08-17 05:15:21,525 Recovering degree vector from disk...
2023-08-17 05:15:21,525 Recovering variable...
2023-08-17 05:15:21,525 Variable recovered. Time: 5.006790161132813e-07m
2023-08-17 05:15:21,525 Saving variable on disk...
2023-08-17 05:15:21,525 Variable saved. Time: 6.477038065592448e-07m
2023-08-17 05:15:21,525 Saving variable on disk...
2023-08-17 05:15:21,525 Variable saved. Time: 4.835923512776693e-06m
2023-08-17 05:15:21,525 degreeList 8 completed.
2023-08-17 05:15:21,527 Executing part 1...
2023-08-17 05:15:21,536 Executing part 2...
2023-08-17 05:15:21,537 Executing part 3...
2023-08-17 05:15:21,537 Executing part 4...
2023-08-17 05:15:21,537 Recovering variable...
2023-08-17 05:15:21,537 Executing part 5...
2023-08-17 05:15:21,537 Variable recovered. Time: 9.973843892415365e-07m
2023-08-17 05:15:21,537 Executing part 6...
2023-08-17 05:15:21,537 Recovering variable...
2023-08-17 05:15:21,537 Executing part 7...
2023-08-17 05:15:21,537 Executing part 8...
2023-08-17 05:15:21,538 Variable recovered. Time: 8.881092071533203e-06m
2023-08-17 05:15:21,538 Recovering variable...
2023-08-17 05:15:21,538 Receiving results...
2023-08-17 05:15:21,538 Recovering variable...
2023-08-17 05:15:21,538 Variable recovered. Time: 1.0649363199869792e-06m
2023-08-17 05:15:21,538 Recovering variable...
2023-08-17 05:15:21,538 Recovering variable...
2023-08-17 05:15:21,538 Variable recovered. Time: 1.1722246805826824e-06m
2023-08-17 05:15:21,538 Recovering variable...
2023-08-17 05:15:21,538 Recovering variable...
2023-08-17 05:15:21,538 Variable recovered. Time: 1.0371208190917968e-06m
2023-08-17 05:15:21,538 Recovering variable...
2023-08-17 05:15:21,538 Variable recovered. Time: 9.338061014811198e-07m
2023-08-17 05:15:21,538 Recovering variable...
2023-08-17 05:15:21,538 Recovering variable...
2023-08-17 05:15:21,538 Recovering variable...
2023-08-17 05:15:21,538 Variable recovered. Time: 9.179115295410156e-07m
2023-08-17 05:15:21,538 Variable recovered. Time: 1.160303751627604e-06m
2023-08-17 05:15:21,538 Recovering variable...
2023-08-17 05:15:21,538 Recovering variable...
2023-08-17 05:15:21,538 Recovering variable...
2023-08-17 05:15:21,538 Variable recovered. Time: 7.915496826171876e-06m
2023-08-17 05:15:21,538 Variable recovered. Time: 1.1761983235677084e-06m
2023-08-17 05:15:21,539 Variable recovered. Time: 9.767214457194011e-06m
2023-08-17 05:15:21,539 Recovering variable...
2023-08-17 05:15:21,539 Variable recovered. Time: 7.661183675130208e-06m
2023-08-17 05:15:21,539 Variable recovered. Time: 9.071826934814452e-06m
2023-08-17 05:15:21,539 fastDTW between vertices (0, 8). Time: 0.0011525154113769531s
2023-08-17 05:15:21,539 Variable recovered. Time: 8.519490559895834e-06m
2023-08-17 05:15:21,539 Variable recovered. Time: 9.012222290039062e-06m
2023-08-17 05:15:21,539 Variable recovered. Time: 1.1352698008219401e-05m
2023-08-17 05:15:21,540 fastDTW between vertices (6, 29). Time: 0.0010113716125488281s
2023-08-17 05:15:21,540 fastDTW between vertices (23, 38). Time: 0.0010335445404052734s
2023-08-17 05:15:21,540 fastDTW between vertices (0, 41). Time: 0.0007963180541992188s
2023-08-17 05:15:21,540 fastDTW between vertices (26, 18). Time: 0.0010344982147216797s
2023-08-17 05:15:21,540 fastDTW between vertices (11, 12). Time: 0.0010886192321777344s
2023-08-17 05:15:21,540 fastDTW between vertices (28, 1). Time: 0.0010335445404052734s
2023-08-17 05:15:21,540 fastDTW between vertices (13, 1). Time: 0.0010852813720703125s
2023-08-17 05:15:21,540 fastDTW between vertices (23, 16). Time: 0.0007307529449462891s
2023-08-17 05:15:21,540 fastDTW between vertices (0, 15). Time: 0.0007960796356201172s
2023-08-17 05:15:21,541 fastDTW between vertices (6, 10). Time: 0.0008931159973144531s
2023-08-17 05:15:21,541 fastDTW between vertices (26, 6). Time: 0.0007226467132568359s
2023-08-17 05:15:21,541 fastDTW between vertices (11, 31). Time: 0.0007152557373046875s
2023-08-17 05:15:21,541 fastDTW between vertices (13, 28). Time: 0.0007295608520507812s
2023-08-17 05:15:21,541 fastDTW between vertices (28, 46). Time: 0.0008652210235595703s
2023-08-17 05:15:21,541 fastDTW between vertices (47, 26). Time: 0.001653432846069336s
2023-08-17 05:15:21,541 fastDTW between vertices (23, 30). Time: 0.0007452964782714844s
2023-08-17 05:15:21,541 fastDTW between vertices (0, 14). Time: 0.0007050037384033203s
2023-08-17 05:15:21,541 fastDTW between vertices (26, 29). Time: 0.0006716251373291016s
2023-08-17 05:15:21,541 fastDTW between vertices (6, 1). Time: 0.000766754150390625s
2023-08-17 05:15:21,541 fastDTW between vertices (11, 33). Time: 0.0008015632629394531s
2023-08-17 05:15:21,542 fastDTW between vertices (13, 46). Time: 0.0007143020629882812s
2023-08-17 05:15:21,542 fastDTW between vertices (28, 13). Time: 0.0006928443908691406s
2023-08-17 05:15:21,542 fastDTW between vertices (0, 37). Time: 0.0007460117340087891s
2023-08-17 05:15:21,542 fastDTW between vertices (23, 5). Time: 0.0007989406585693359s
2023-08-17 05:15:21,542 fastDTW between vertices (26, 10). Time: 0.0007512569427490234s
2023-08-17 05:15:21,542 fastDTW between vertices (6, 28). Time: 0.0006856918334960938s
2023-08-17 05:15:21,542 fastDTW between vertices (11, 27). Time: 0.00069427490234375s
2023-08-17 05:15:21,542 fastDTW between vertices (13, 2). Time: 0.0007152557373046875s
2023-08-17 05:15:21,542 fastDTW between vertices (28, 2). Time: 0.0007243156433105469s
2023-08-17 05:15:21,542 fastDTW between vertices (47, 18). Time: 0.0013387203216552734s
2023-08-17 05:15:21,543 fastDTW between vertices (26, 47). Time: 0.0007104873657226562s
2023-08-17 05:15:21,543 fastDTW between vertices (0, 17). Time: 0.000762939453125s
2023-08-17 05:15:21,543 fastDTW between vertices (23, 7). Time: 0.0007882118225097656s
2023-08-17 05:15:21,543 fastDTW between vertices (6, 46). Time: 0.0007333755493164062s
2023-08-17 05:15:21,543 fastDTW between vertices (11, 0). Time: 0.0007252693176269531s
2023-08-17 05:15:21,543 fastDTW between vertices (13, 45). Time: 0.0006706714630126953s
2023-08-17 05:15:21,543 fastDTW between vertices (28, 45). Time: 0.0006926059722900391s
2023-08-17 05:15:21,544 fastDTW between vertices (23, 21). Time: 0.0006814002990722656s
2023-08-17 05:15:21,544 fastDTW between vertices (6, 13). Time: 0.0007245540618896484s
2023-08-17 05:15:21,544 fastDTW between vertices (26, 1). Time: 0.0007643699645996094s
2023-08-17 05:15:21,544 fastDTW between vertices (0, 48). Time: 0.0007758140563964844s
2023-08-17 05:15:21,544 fastDTW between vertices (11, 8). Time: 0.0006859302520751953s
2023-08-17 05:15:21,544 fastDTW between vertices (47, 6). Time: 0.0013575553894042969s
2023-08-17 05:15:21,544 fastDTW between vertices (13, 39). Time: 0.0007121562957763672s
2023-08-17 05:15:21,544 fastDTW between vertices (28, 39). Time: 0.0007100105285644531s
2023-08-17 05:15:21,544 fastDTW between vertices (6, 26). Time: 0.0007333755493164062s
2023-08-17 05:15:21,544 fastDTW between vertices (23, 44). Time: 0.0007996559143066406s
2023-08-17 05:15:21,544 fastDTW between vertices (11, 41). Time: 0.0007436275482177734s
2023-08-17 05:15:21,544 fastDTW between vertices (26, 28). Time: 0.0008015632629394531s
2023-08-17 05:15:21,544 fastDTW between vertices (0, 32). Time: 0.0007863044738769531s
2023-08-17 05:15:21,545 fastDTW between vertices (13, 35). Time: 0.0006866455078125s
2023-08-17 05:15:21,545 fastDTW between vertices (28, 35). Time: 0.0007164478302001953s
2023-08-17 05:15:21,545 fastDTW between vertices (6, 18). Time: 0.0006883144378662109s
2023-08-17 05:15:21,545 fastDTW between vertices (23, 34). Time: 0.0006642341613769531s
2023-08-17 05:15:21,545 fastDTW between vertices (26, 46). Time: 0.0006694793701171875s
2023-08-17 05:15:21,545 fastDTW between vertices (0, 43). Time: 0.0006859302520751953s
2023-08-17 05:15:21,545 fastDTW between vertices (11, 15). Time: 0.0007028579711914062s
2023-08-17 05:15:21,545 fastDTW between vertices (47, 29). Time: 0.001277923583984375s
2023-08-17 05:15:21,545 fastDTW between vertices (28, 6). Time: 0.0006940364837646484s
2023-08-17 05:15:21,545 fastDTW between vertices (13, 6). Time: 0.0007419586181640625s
2023-08-17 05:15:21,546 fastDTW between vertices (23, 42). Time: 0.0006756782531738281s
2023-08-17 05:15:21,546 fastDTW between vertices (6, 2). Time: 0.0007214546203613281s
2023-08-17 05:15:21,546 fastDTW between vertices (26, 13). Time: 0.0006880760192871094s
2023-08-17 05:15:21,546 fastDTW between vertices (11, 14). Time: 0.0006918907165527344s
2023-08-17 05:15:21,546 fastDTW between vertices (0, 25). Time: 0.0008180141448974609s
2023-08-17 05:15:21,546 fastDTW between vertices (13, 29). Time: 0.0006299018859863281s
2023-08-17 05:15:21,546 fastDTW between vertices (28, 29). Time: 0.0006482601165771484s
2023-08-17 05:15:21,547 fastDTW between vertices (6, 45). Time: 0.0006699562072753906s
2023-08-17 05:15:21,547 fastDTW between vertices (23, 19). Time: 0.0007154941558837891s
2023-08-17 05:15:21,547 fastDTW between vertices (26, 2). Time: 0.0007143020629882812s
2023-08-17 05:15:21,547 fastDTW between vertices (47, 10). Time: 0.0013966560363769531s
2023-08-17 05:15:21,547 fastDTW between vertices (11, 37). Time: 0.0007424354553222656s
2023-08-17 05:15:21,547 fastDTW between vertices (13, 10). Time: 0.0007579326629638672s
2023-08-17 05:15:21,547 fastDTW between vertices (28, 10). Time: 0.0007634162902832031s
2023-08-17 05:15:21,547 fastDTW between vertices (0, 3). Time: 0.0007910728454589844s
2023-08-17 05:15:21,547 fastDTW between vertices (6, 39). Time: 0.0007450580596923828s
2023-08-17 05:15:21,547 fastDTW between vertices (26, 45). Time: 0.0007038116455078125s
2023-08-17 05:15:21,547 fastDTW between vertices (23, 20). Time: 0.0007617473602294922s
2023-08-17 05:15:21,548 fastDTW between vertices (11, 17). Time: 0.0007641315460205078s
2023-08-17 05:15:21,548 fastDTW between vertices (13, 11). Time: 0.0007250308990478516s
2023-08-17 05:15:21,548 fastDTW between vertices (28, 11). Time: 0.0007407665252685547s
2023-08-17 05:15:21,548 fastDTW between vertices (0, 9). Time: 0.0007522106170654297s
2023-08-17 05:15:21,548 fastDTW between vertices (6, 35). Time: 0.0006670951843261719s
2023-08-17 05:15:21,548 fastDTW between vertices (26, 39). Time: 0.0007030963897705078s
2023-08-17 05:15:21,548 fastDTW between vertices (23, 4). Time: 0.0006892681121826172s
2023-08-17 05:15:21,548 fastDTW between vertices (47, 1). Time: 0.0014581680297851562s
2023-08-17 05:15:21,548 fastDTW between vertices (11, 48). Time: 0.000850677490234375s
2023-08-17 05:15:21,548 fastDTW between vertices (13, 12). Time: 0.0007684230804443359s
2023-08-17 05:15:21,549 fastDTW between vertices (1, 28). Time: 0.0007696151733398438s
2023-08-17 05:15:21,549 fastDTW between vertices (28, 12). Time: 0.0008053779602050781s
2023-08-17 05:15:21,549 fastDTW between vertices (40, 3). Time: 0.0007493495941162109s
2023-08-17 05:15:21,549 fastDTW between vertices (36, 3). Time: 0.0007822513580322266s
2023-08-17 05:15:21,549 fastDTW between vertices (7, 5). Time: 0.0008664131164550781s
2023-08-17 05:15:21,549 fastDTW between vertices (18, 26). Time: 0.0007157325744628906s
2023-08-17 05:15:21,549 fastDTW between vertices (29, 6). Time: 0.0007021427154541016s
2023-08-17 05:15:21,549 fastDTW between vertices (1, 46). Time: 0.0007619857788085938s
2023-08-17 05:15:21,549 fastDTW between vertices (12, 11). Time: 0.0008687973022460938s
2023-08-17 05:15:21,550 fastDTW between vertices (47, 28). Time: 0.0013985633850097656s
2023-08-17 05:15:21,550 fastDTW between vertices (40, 9). Time: 0.0007278919219970703s
2023-08-17 05:15:21,550 fastDTW between vertices (36, 9). Time: 0.000751495361328125s
2023-08-17 05:15:21,550 fastDTW between vertices (7, 21). Time: 0.0007524490356445312s
2023-08-17 05:15:21,550 fastDTW between vertices (18, 6). Time: 0.0007519721984863281s
2023-08-17 05:15:21,550 fastDTW between vertices (29, 10). Time: 0.0007431507110595703s
2023-08-17 05:15:21,550 fastDTW between vertices (1, 13). Time: 0.0007891654968261719s
2023-08-17 05:15:21,550 fastDTW between vertices (12, 31). Time: 0.0007722377777099609s
2023-08-17 05:15:21,550 fastDTW between vertices (40, 36). Time: 0.0007252693176269531s
2023-08-17 05:15:21,551 fastDTW between vertices (36, 40). Time: 0.000732421875s
2023-08-17 05:15:21,551 fastDTW between vertices (7, 44). Time: 0.0008165836334228516s
2023-08-17 05:15:21,551 fastDTW between vertices (18, 29). Time: 0.0007374286651611328s
2023-08-17 05:15:21,551 fastDTW between vertices (29, 1). Time: 0.0007562637329101562s
2023-08-17 05:15:21,551 fastDTW between vertices (47, 46). Time: 0.0012867450714111328s
2023-08-17 05:15:21,551 fastDTW between vertices (1, 2). Time: 0.0008127689361572266s
2023-08-17 05:15:21,551 fastDTW between vertices (40, 24). Time: 0.0006701946258544922s
2023-08-17 05:15:21,551 fastDTW between vertices (36, 24). Time: 0.0006906986236572266s
2023-08-17 05:15:21,551 fastDTW between vertices (7, 34). Time: 0.0007314682006835938s
2023-08-17 05:15:21,552 fastDTW between vertices (29, 28). Time: 0.0006711483001708984s
2023-08-17 05:15:21,552 fastDTW between vertices (18, 10). Time: 0.0007433891296386719s
2023-08-17 05:15:21,552 fastDTW between vertices (12, 33). Time: 0.001468658447265625s
2023-08-17 05:15:21,552 fastDTW between vertices (1, 45). Time: 0.0007138252258300781s
2023-08-17 05:15:21,552 fastDTW between vertices (40, 4). Time: 0.000659942626953125s
2023-08-17 05:15:21,552 fastDTW between vertices (36, 4). Time: 0.0006682872772216797s
2023-08-17 05:15:21,552 fastDTW between vertices (47, 13). Time: 0.0008893013000488281s
2023-08-17 05:15:21,552 fastDTW between vertices (7, 42). Time: 0.0006916522979736328s
2023-08-17 05:15:21,552 fastDTW between vertices (18, 47). Time: 0.0006961822509765625s
2023-08-17 05:15:21,552 fastDTW between vertices (29, 46). Time: 0.0008392333984375s
2023-08-17 05:15:21,553 fastDTW between vertices (1, 39). Time: 0.0007586479187011719s
2023-08-17 05:15:21,553 fastDTW between vertices (36, 22). Time: 0.0006885528564453125s
2023-08-17 05:15:21,553 fastDTW between vertices (40, 22). Time: 0.0007367134094238281s
2023-08-17 05:15:21,553 fastDTW between vertices (47, 2). Time: 0.0007529258728027344s
2023-08-17 05:15:21,553 fastDTW between vertices (7, 23). Time: 0.0007829666137695312s
2023-08-17 05:15:21,553 fastDTW between vertices (29, 13). Time: 0.0006358623504638672s
2023-08-17 05:15:21,553 fastDTW between vertices (18, 1). Time: 0.0007257461547851562s
2023-08-17 05:15:21,553 fastDTW between vertices (12, 27). Time: 0.0013990402221679688s
2023-08-17 05:15:21,553 fastDTW between vertices (1, 35). Time: 0.0006864070892333984s
2023-08-17 05:15:21,553 fastDTW between vertices (36, 0). Time: 0.0006911754608154297s
2023-08-17 05:15:21,553 fastDTW between vertices (40, 0). Time: 0.0006966590881347656s
2023-08-17 05:15:21,553 fastDTW between vertices (47, 45). Time: 0.0006923675537109375s
2023-08-17 05:15:21,554 fastDTW between vertices (7, 4). Time: 0.0007219314575195312s
2023-08-17 05:15:21,554 fastDTW between vertices (29, 26). Time: 0.0006854534149169922s
2023-08-17 05:15:21,554 fastDTW between vertices (18, 28). Time: 0.0006921291351318359s
2023-08-17 05:15:21,554 fastDTW between vertices (36, 8). Time: 0.0006780624389648438s
2023-08-17 05:15:21,554 fastDTW between vertices (1, 6). Time: 0.0007839202880859375s
2023-08-17 05:15:21,554 fastDTW between vertices (40, 8). Time: 0.0007152557373046875s
2023-08-17 05:15:21,554 fastDTW between vertices (47, 39). Time: 0.0009343624114990234s
2023-08-17 05:15:21,555 fastDTW between vertices (29, 18). Time: 0.0007112026214599609s
2023-08-17 05:15:21,555 fastDTW between vertices (18, 46). Time: 0.0007393360137939453s
2023-08-17 05:15:21,555 fastDTW between vertices (7, 22). Time: 0.0008392333984375s
2023-08-17 05:15:21,555 fastDTW between vertices (12, 0). Time: 0.0014691352844238281s
2023-08-17 05:15:21,555 fastDTW between vertices (36, 41). Time: 0.000713348388671875s
2023-08-17 05:15:21,555 fastDTW between vertices (40, 41). Time: 0.0006632804870605469s
2023-08-17 05:15:21,555 fastDTW between vertices (1, 29). Time: 0.0007431507110595703s
2023-08-17 05:15:21,555 fastDTW between vertices (30, 38). Time: 0.0006659030914306641s
2023-08-17 05:15:21,555 fastDTW between vertices (29, 2). Time: 0.0006520748138427734s
2023-08-17 05:15:21,555 fastDTW between vertices (18, 13). Time: 0.0007183551788330078s
2023-08-17 05:15:21,555 fastDTW between vertices (7, 38). Time: 0.0007083415985107422s
2023-08-17 05:15:21,556 fastDTW between vertices (40, 15). Time: 0.0007131099700927734s
2023-08-17 05:15:21,556 fastDTW between vertices (36, 15). Time: 0.0007328987121582031s
2023-08-17 05:15:21,556 fastDTW between vertices (1, 10). Time: 0.0007863044738769531s
2023-08-17 05:15:21,556 fastDTW between vertices (30, 16). Time: 0.0007302761077880859s
2023-08-17 05:15:21,556 fastDTW between vertices (29, 45). Time: 0.0007808208465576172s
2023-08-17 05:15:21,556 fastDTW between vertices (18, 2). Time: 0.0007073879241943359s
2023-08-17 05:15:21,556 fastDTW between vertices (12, 8). Time: 0.0013985633850097656s
2023-08-17 05:15:21,556 fastDTW between vertices (7, 16). Time: 0.0007436275482177734s
2023-08-17 05:15:21,556 fastDTW between vertices (40, 14). Time: 0.0006434917449951172s
2023-08-17 05:15:21,556 fastDTW between vertices (36, 14). Time: 0.0006856918334960938s
2023-08-17 05:15:21,557 fastDTW between vertices (1, 11). Time: 0.000774383544921875s
2023-08-17 05:15:21,557 fastDTW between vertices (30, 19). Time: 0.0007159709930419922s
2023-08-17 05:15:21,557 fastDTW between vertices (18, 45). Time: 0.0007040500640869141s
2023-08-17 05:15:21,557 fastDTW between vertices (40, 37). Time: 0.00064849853515625s
2023-08-17 05:15:21,557 fastDTW between vertices (29, 39). Time: 0.0008826255798339844s
2023-08-17 05:15:21,557 fastDTW between vertices (7, 30). Time: 0.0008695125579833984s
2023-08-17 05:15:21,557 fastDTW between vertices (36, 37). Time: 0.0008654594421386719s
2023-08-17 05:15:21,557 fastDTW between vertices (1, 12). Time: 0.0008103847503662109s
2023-08-17 05:15:21,558 fastDTW between vertices (12, 41). Time: 0.0013294219970703125s
2023-08-17 05:15:21,558 fastDTW between vertices (30, 20). Time: 0.0007946491241455078s
2023-08-17 05:15:21,558 fastDTW between vertices (18, 39). Time: 0.0007100105285644531s
2023-08-17 05:15:21,558 fastDTW between vertices (41, 0). Time: 0.0006952285766601562s
2023-08-17 05:15:21,558 fastDTW between vertices (29, 35). Time: 0.0007610321044921875s
2023-08-17 05:15:21,558 fastDTW between vertices (7, 3). Time: 0.0007941722869873047s
2023-08-17 05:15:21,558 fastDTW between vertices (14, 0). Time: 0.0006890296936035156s
2023-08-17 05:15:21,558 fastDTW between vertices (2, 45). Time: 0.0006630420684814453s
2023-08-17 05:15:21,558 fastDTW between vertices (10, 6). Time: 0.0007431507110595703s
2023-08-17 05:15:21,558 fastDTW between vertices (41, 8). Time: 0.0006456375122070312s
2023-08-17 05:15:21,559 fastDTW between vertices (46, 1). Time: 0.000743865966796875s
2023-08-17 05:15:21,559 fastDTW between vertices (8, 0). Time: 0.0007045269012451172s
2023-08-17 05:15:21,559 fastDTW between vertices (14, 8). Time: 0.0006620883941650391s
2023-08-17 05:15:21,559 fastDTW between vertices (30, 23). Time: 0.0012669563293457031s
2023-08-17 05:15:21,559 fastDTW between vertices (2, 39). Time: 0.0007302761077880859s
2023-08-17 05:15:21,559 fastDTW between vertices (12, 15). Time: 0.0014109611511230469s
2023-08-17 05:15:21,559 fastDTW between vertices (41, 15). Time: 0.0006518363952636719s
2023-08-17 05:15:21,559 fastDTW between vertices (10, 29). Time: 0.0006902217864990234s
2023-08-17 05:15:21,559 fastDTW between vertices (8, 41). Time: 0.0006422996520996094s
2023-08-17 05:15:21,559 fastDTW between vertices (46, 28). Time: 0.0006814002990722656s
2023-08-17 05:15:21,559 fastDTW between vertices (14, 41). Time: 0.0006401538848876953s
2023-08-17 05:15:21,560 fastDTW between vertices (2, 35). Time: 0.0006694793701171875s
2023-08-17 05:15:21,560 fastDTW between vertices (41, 14). Time: 0.000667572021484375s
2023-08-17 05:15:21,560 fastDTW between vertices (10, 1). Time: 0.0007975101470947266s
2023-08-17 05:15:21,560 fastDTW between vertices (8, 15). Time: 0.0007359981536865234s
2023-08-17 05:15:21,560 fastDTW between vertices (46, 13). Time: 0.0006995201110839844s
2023-08-17 05:15:21,560 fastDTW between vertices (14, 15). Time: 0.0006923675537109375s
2023-08-17 05:15:21,560 fastDTW between vertices (30, 49). Time: 0.0013246536254882812s
2023-08-17 05:15:21,560 fastDTW between vertices (2, 11). Time: 0.0007605552673339844s
2023-08-17 05:15:21,561 fastDTW between vertices (12, 14). Time: 0.0014400482177734375s
2023-08-17 05:15:21,561 fastDTW between vertices (41, 37). Time: 0.0006759166717529297s
2023-08-17 05:15:21,561 fastDTW between vertices (10, 28). Time: 0.0007519721984863281s
2023-08-17 05:15:21,561 fastDTW between vertices (8, 14). Time: 0.0006697177886962891s
2023-08-17 05:15:21,561 fastDTW between vertices (14, 37). Time: 0.0006656646728515625s
2023-08-17 05:15:21,561 fastDTW between vertices (46, 2). Time: 0.0007531642913818359s
2023-08-17 05:15:21,561 fastDTW between vertices (2, 12). Time: 0.0007617473602294922s
2023-08-17 05:15:21,561 fastDTW between vertices (30, 5). Time: 0.0009429454803466797s
2023-08-17 05:15:21,561 fastDTW between vertices (41, 17). Time: 0.0006749629974365234s
2023-08-17 05:15:21,562 fastDTW between vertices (8, 37). Time: 0.0006568431854248047s
2023-08-17 05:15:21,562 fastDTW between vertices (14, 17). Time: 0.0006968975067138672s
2023-08-17 05:15:21,562 fastDTW between vertices (10, 46). Time: 0.0007560253143310547s
2023-08-17 05:15:21,562 fastDTW between vertices (46, 45). Time: 0.0007228851318359375s
2023-08-17 05:15:21,562 fastDTW between vertices (41, 48). Time: 0.0006783008575439453s
2023-08-17 05:15:21,562 fastDTW between vertices (2, 31). Time: 0.0007102489471435547s
2023-08-17 05:15:21,562 fastDTW between vertices (12, 37). Time: 0.0014393329620361328s
2023-08-17 05:15:21,562 fastDTW between vertices (30, 7). Time: 0.0007727146148681641s
2023-08-17 05:15:21,562 fastDTW between vertices (8, 17). Time: 0.0006799697875976562s
2023-08-17 05:15:21,562 fastDTW between vertices (14, 48). Time: 0.000736236572265625s
2023-08-17 05:15:21,562 fastDTW between vertices (10, 13). Time: 0.0007331371307373047s
2023-08-17 05:15:21,562 fastDTW between vertices (46, 39). Time: 0.000732421875s
2023-08-17 05:15:21,563 fastDTW between vertices (41, 32). Time: 0.0007014274597167969s
2023-08-17 05:15:21,563 fastDTW between vertices (30, 21). Time: 0.0007307529449462891s
2023-08-17 05:15:21,563 fastDTW between vertices (2, 33). Time: 0.0008022785186767578s
2023-08-17 05:15:21,563 fastDTW between vertices (8, 48). Time: 0.0007185935974121094s
2023-08-17 05:15:21,563 fastDTW between vertices (14, 32). Time: 0.0006990432739257812s
2023-08-17 05:15:21,563 fastDTW between vertices (10, 26). Time: 0.0007417201995849609s
2023-08-17 05:15:21,563 fastDTW between vertices (46, 35). Time: 0.0006504058837890625s
2023-08-17 05:15:21,563 fastDTW between vertices (41, 43). Time: 0.0006334781646728516s
2023-08-17 05:15:21,564 fastDTW between vertices (12, 17). Time: 0.001497507095336914s
2023-08-17 05:15:21,564 fastDTW between vertices (2, 27). Time: 0.0006973743438720703s
2023-08-17 05:15:21,564 fastDTW between vertices (30, 44). Time: 0.0007338523864746094s
2023-08-17 05:15:21,564 fastDTW between vertices (8, 32). Time: 0.0007722377777099609s
2023-08-17 05:15:21,564 fastDTW between vertices (46, 6). Time: 0.0007266998291015625s
2023-08-17 05:15:21,564 fastDTW between vertices (10, 18). Time: 0.0007579326629638672s
2023-08-17 05:15:21,564 fastDTW between vertices (14, 43). Time: 0.001049041748046875s
2023-08-17 05:15:21,564 fastDTW between vertices (41, 25). Time: 0.0007534027099609375s
2023-08-17 05:15:21,564 fastDTW between vertices (30, 34). Time: 0.000789642333984375s
2023-08-17 05:15:21,564 fastDTW between vertices (2, 1). Time: 0.0008051395416259766s
2023-08-17 05:15:21,565 fastDTW between vertices (8, 43). Time: 0.0007598400115966797s
2023-08-17 05:15:21,565 fastDTW between vertices (46, 29). Time: 0.0007402896881103516s
2023-08-17 05:15:21,565 fastDTW between vertices (10, 2). Time: 0.0007634162902832031s
2023-08-17 05:15:21,565 fastDTW between vertices (14, 25). Time: 0.0007467269897460938s
2023-08-17 05:15:21,565 fastDTW between vertices (41, 3). Time: 0.0007231235504150391s
2023-08-17 05:15:21,565 fastDTW between vertices (12, 48). Time: 0.0014481544494628906s
2023-08-17 05:15:21,565 fastDTW between vertices (30, 42). Time: 0.0007014274597167969s
2023-08-17 05:15:21,565 fastDTW between vertices (2, 28). Time: 0.0007023811340332031s
2023-08-17 05:15:21,566 fastDTW between vertices (8, 25). Time: 0.0007908344268798828s
2023-08-17 05:15:21,566 fastDTW between vertices (46, 10). Time: 0.0007419586181640625s
2023-08-17 05:15:21,566 fastDTW between vertices (10, 45). Time: 0.0007150173187255859s
2023-08-17 05:15:21,566 fastDTW between vertices (41, 9). Time: 0.0006921291351318359s
2023-08-17 05:15:21,566 fastDTW between vertices (14, 3). Time: 0.0007297992706298828s
2023-08-17 05:15:21,566 fastDTW between vertices (2, 46). Time: 0.0007183551788330078s
2023-08-17 05:15:21,566 fastDTW between vertices (39, 2). Time: 0.0007696151733398438s
2023-08-17 05:15:21,566 fastDTW between vertices (8, 3). Time: 0.0006964206695556641s
2023-08-17 05:15:21,566 fastDTW between vertices (46, 11). Time: 0.0006978511810302734s
2023-08-17 05:15:21,566 fastDTW between vertices (10, 39). Time: 0.00081634521484375s
2023-08-17 05:15:21,567 fastDTW between vertices (14, 9). Time: 0.0007131099700927734s
2023-08-17 05:15:21,567 fastDTW between vertices (17, 0). Time: 0.001424551010131836s
2023-08-17 05:15:21,567 fastDTW between vertices (44, 5). Time: 0.001016855239868164s
2023-08-17 05:15:21,567 fastDTW between vertices (39, 45). Time: 0.0010743141174316406s
2023-08-17 05:15:21,567 fastDTW between vertices (2, 13). Time: 0.0011055469512939453s
2023-08-17 05:15:21,567 fastDTW between vertices (34, 5). Time: 0.0007536411285400391s
2023-08-17 05:15:21,568 fastDTW between vertices (8, 9). Time: 0.0013055801391601562s
2023-08-17 05:15:21,568 fastDTW between vertices (46, 12). Time: 0.0014863014221191406s
2023-08-17 05:15:21,568 fastDTW between vertices (10, 35). Time: 0.00135040283203125s
2023-08-17 05:15:21,568 fastDTW between vertices (17, 8). Time: 0.0013501644134521484s
2023-08-17 05:15:21,568 fastDTW between vertices (34, 7). Time: 0.0007469654083251953s
2023-08-17 05:15:21,568 fastDTW between vertices (3, 9). Time: 0.0009624958038330078s
2023-08-17 05:15:21,568 fastDTW between vertices (44, 7). Time: 0.0015349388122558594s
2023-08-17 05:15:21,569 fastDTW between vertices (39, 35). Time: 0.0013461112976074219s
2023-08-17 05:15:21,569 fastDTW between vertices (34, 21). Time: 0.0007045269012451172s
2023-08-17 05:15:21,569 fastDTW between vertices (3, 40). Time: 0.0007622241973876953s
2023-08-17 05:15:21,569 fastDTW between vertices (9, 3). Time: 0.001561880111694336s
2023-08-17 05:15:21,569 fastDTW between vertices (48, 0). Time: 0.001477956771850586s
2023-08-17 05:15:21,569 fastDTW between vertices (27, 11). Time: 0.0014417171478271484s
2023-08-17 05:15:21,570 fastDTW between vertices (17, 41). Time: 0.0014219284057617188s
2023-08-17 05:15:21,570 fastDTW between vertices (34, 44). Time: 0.0007367134094238281s
2023-08-17 05:15:21,570 fastDTW between vertices (3, 36). Time: 0.000835418701171875s
2023-08-17 05:15:21,570 fastDTW between vertices (44, 21). Time: 0.0013973712921142578s
2023-08-17 05:15:21,570 fastDTW between vertices (39, 11). Time: 0.001512765884399414s
2023-08-17 05:15:21,570 fastDTW between vertices (34, 42). Time: 0.0006794929504394531s
2023-08-17 05:15:21,571 fastDTW between vertices (3, 24). Time: 0.0008082389831542969s
2023-08-17 05:15:21,571 fastDTW between vertices (9, 40). Time: 0.001425027847290039s
2023-08-17 05:15:21,571 fastDTW between vertices (48, 8). Time: 0.0013873577117919922s
2023-08-17 05:15:21,571 fastDTW between vertices (27, 12). Time: 0.0015325546264648438s
2023-08-17 05:15:21,571 fastDTW between vertices (17, 15). Time: 0.0014739036560058594s
2023-08-17 05:15:21,571 fastDTW between vertices (34, 23). Time: 0.0006964206695556641s
2023-08-17 05:15:21,571 fastDTW between vertices (44, 34). Time: 0.0013763904571533203s
2023-08-17 05:15:21,572 fastDTW between vertices (3, 4). Time: 0.0007596015930175781s
2023-08-17 05:15:21,572 fastDTW between vertices (39, 12). Time: 0.001577138900756836s
2023-08-17 05:15:21,572 fastDTW between vertices (34, 4). Time: 0.0006964206695556641s
2023-08-17 05:15:21,572 fastDTW between vertices (48, 41). Time: 0.0013599395751953125s
2023-08-17 05:15:21,572 fastDTW between vertices (9, 36). Time: 0.0014355182647705078s
2023-08-17 05:15:21,572 fastDTW between vertices (3, 22). Time: 0.0007834434509277344s
2023-08-17 05:15:21,572 fastDTW between vertices (27, 31). Time: 0.0013628005981445312s
2023-08-17 05:15:21,573 fastDTW between vertices (17, 14). Time: 0.0014383792877197266s
2023-08-17 05:15:21,573 fastDTW between vertices (34, 22). Time: 0.0007190704345703125s
2023-08-17 05:15:21,573 fastDTW between vertices (44, 42). Time: 0.0013699531555175781s
2023-08-17 05:15:21,573 fastDTW between vertices (3, 0). Time: 0.0007860660552978516s
2023-08-17 05:15:21,573 fastDTW between vertices (39, 31). Time: 0.001369476318359375s
2023-08-17 05:15:21,573 fastDTW between vertices (34, 38). Time: 0.0006854534149169922s
2023-08-17 05:15:21,574 fastDTW between vertices (48, 15). Time: 0.0014619827270507812s
2023-08-17 05:15:21,574 fastDTW between vertices (9, 24). Time: 0.0017158985137939453s
2023-08-17 05:15:21,574 fastDTW between vertices (3, 8). Time: 0.000766754150390625s
2023-08-17 05:15:21,574 fastDTW between vertices (27, 33). Time: 0.0015676021575927734s
2023-08-17 05:15:21,574 fastDTW between vertices (17, 37). Time: 0.0014765262603759766s
2023-08-17 05:15:21,574 fastDTW between vertices (34, 16). Time: 0.000743865966796875s
2023-08-17 05:15:21,574 fastDTW between vertices (44, 23). Time: 0.0015149116516113281s
2023-08-17 05:15:21,575 fastDTW between vertices (3, 41). Time: 0.0007441043853759766s
2023-08-17 05:15:21,575 fastDTW between vertices (39, 33). Time: 0.0015349388122558594s
2023-08-17 05:15:21,575 fastDTW between vertices (34, 30). Time: 0.0007183551788330078s
2023-08-17 05:15:21,575 fastDTW between vertices (48, 14). Time: 0.0013489723205566406s
2023-08-17 05:15:21,576 fastDTW between vertices (9, 4). Time: 0.0014188289642333984s
2023-08-17 05:15:21,576 fastDTW between vertices (27, 0). Time: 0.0014529228210449219s
2023-08-17 05:15:21,576 fastDTW between vertices (17, 48). Time: 0.001455068588256836s
2023-08-17 05:15:21,576 fastDTW between vertices (3, 15). Time: 0.0007748603820800781s
2023-08-17 05:15:21,576 fastDTW between vertices (34, 3). Time: 0.0007581710815429688s
2023-08-17 05:15:21,576 fastDTW between vertices (44, 4). Time: 0.0013971328735351562s
2023-08-17 05:15:21,576 fastDTW between vertices (39, 27). Time: 0.0014700889587402344s
2023-08-17 05:15:21,576 fastDTW between vertices (37, 0). Time: 0.0007355213165283203s
2023-08-17 05:15:21,576 fastDTW between vertices (3, 14). Time: 0.000789642333984375s
2023-08-17 05:15:21,577 fastDTW between vertices (48, 37). Time: 0.0013856887817382812s
2023-08-17 05:15:21,577 fastDTW between vertices (27, 8). Time: 0.0014629364013671875s
2023-08-17 05:15:21,577 fastDTW between vertices (9, 22). Time: 0.0015032291412353516s
2023-08-17 05:15:21,577 fastDTW between vertices (37, 8). Time: 0.0006964206695556641s
2023-08-17 05:15:21,577 fastDTW between vertices (17, 32). Time: 0.0015566349029541016s
2023-08-17 05:15:21,577 fastDTW between vertices (3, 37). Time: 0.0008077621459960938s
2023-08-17 05:15:21,577 fastDTW between vertices (44, 22). Time: 0.0015444755554199219s
2023-08-17 05:15:21,578 fastDTW between vertices (37, 41). Time: 0.0007426738739013672s
2023-08-17 05:15:21,578 fastDTW between vertices (39, 1). Time: 0.0016016960144042969s
2023-08-17 05:15:21,578 fastDTW between vertices (4, 22). Time: 0.0007810592651367188s
2023-08-17 05:15:21,578 fastDTW between vertices (48, 17). Time: 0.0015540122985839844s
2023-08-17 05:15:21,579 fastDTW between vertices (27, 41). Time: 0.0014157295227050781s
2023-08-17 05:15:21,579 fastDTW between vertices (9, 0). Time: 0.0015413761138916016s
2023-08-17 05:15:21,579 fastDTW between vertices (37, 15). Time: 0.0007092952728271484s
2023-08-17 05:15:21,579 fastDTW between vertices (17, 43). Time: 0.0014560222625732422s
2023-08-17 05:15:21,579 fastDTW between vertices (44, 38). Time: 0.0014209747314453125s
2023-08-17 05:15:21,579 fastDTW between vertices (4, 5). Time: 0.0007660388946533203s
2023-08-17 05:15:21,579 fastDTW between vertices (37, 14). Time: 0.0006914138793945312s
2023-08-17 05:15:21,580 fastDTW between vertices (39, 28). Time: 0.0014119148254394531s
2023-08-17 05:15:21,580 fastDTW between vertices (4, 7). Time: 0.0007472038269042969s
2023-08-17 05:15:21,580 fastDTW between vertices (48, 32). Time: 0.0014247894287109375s
2023-08-17 05:15:21,580 fastDTW between vertices (27, 15). Time: 0.0014939308166503906s
2023-08-17 05:15:21,580 fastDTW between vertices (9, 8). Time: 0.0013878345489501953s
2023-08-17 05:15:21,580 fastDTW between vertices (37, 17). Time: 0.0007491111755371094s
2023-08-17 05:15:21,580 fastDTW between vertices (17, 25). Time: 0.0015516281127929688s
2023-08-17 05:15:21,580 fastDTW between vertices (44, 16). Time: 0.0014667510986328125s
2023-08-17 05:15:21,581 fastDTW between vertices (4, 21). Time: 0.0007050037384033203s
2023-08-17 05:15:21,581 fastDTW between vertices (39, 46). Time: 0.0014455318450927734s
2023-08-17 05:15:21,581 fastDTW between vertices (37, 48). Time: 0.0007300376892089844s
2023-08-17 05:15:21,581 fastDTW between vertices (48, 43). Time: 0.0013735294342041016s
2023-08-17 05:15:21,581 fastDTW between vertices (4, 44). Time: 0.000736236572265625s
2023-08-17 05:15:21,582 fastDTW between vertices (27, 14). Time: 0.0014009475708007812s
2023-08-17 05:15:21,582 fastDTW between vertices (9, 41). Time: 0.0013954639434814453s
2023-08-17 05:15:21,582 fastDTW between vertices (37, 32). Time: 0.0007236003875732422s
2023-08-17 05:15:21,582 fastDTW between vertices (17, 3). Time: 0.0016002655029296875s
2023-08-17 05:15:21,582 fastDTW between vertices (44, 30). Time: 0.0014715194702148438s
2023-08-17 05:15:21,582 fastDTW between vertices (4, 34). Time: 0.0007238388061523438s
2023-08-17 05:15:21,582 fastDTW between vertices (39, 13). Time: 0.0011522769927978516s
2023-08-17 05:15:21,583 fastDTW between vertices (37, 43). Time: 0.0007040500640869141s
2023-08-17 05:15:21,583 fastDTW between vertices (9, 15). Time: 0.0009176731109619141s
2023-08-17 05:15:21,583 fastDTW between vertices (27, 37). Time: 0.001087188720703125s
2023-08-17 05:15:21,583 fastDTW between vertices (4, 42). Time: 0.0007278919219970703s
2023-08-17 05:15:21,583 fastDTW between vertices (48, 25). Time: 0.0015783309936523438s
2023-08-17 05:15:21,583 fastDTW between vertices (17, 9). Time: 0.0008838176727294922s
2023-08-17 05:15:21,583 fastDTW between vertices (20, 19). Time: 0.0007777214050292969s
2023-08-17 05:15:21,583 fastDTW between vertices (9, 14). Time: 0.0007388591766357422s
2023-08-17 05:15:21,583 fastDTW between vertices (37, 25). Time: 0.000766754150390625s
2023-08-17 05:15:21,584 fastDTW between vertices (27, 17). Time: 0.0007586479187011719s
2023-08-17 05:15:21,584 fastDTW between vertices (44, 3). Time: 0.0014998912811279297s
2023-08-17 05:15:21,584 fastDTW between vertices (4, 3). Time: 0.0007317066192626953s
2023-08-17 05:15:21,584 fastDTW between vertices (31, 11). Time: 0.0006930828094482422s
2023-08-17 05:15:21,584 fastDTW between vertices (20, 49). Time: 0.0007224082946777344s
2023-08-17 05:15:21,584 fastDTW between vertices (9, 37). Time: 0.0008764266967773438s
2023-08-17 05:15:21,584 fastDTW between vertices (48, 3). Time: 0.0014088153839111328s
2023-08-17 05:15:21,585 fastDTW between vertices (27, 48). Time: 0.0008978843688964844s
2023-08-17 05:15:21,585 fastDTW between vertices (4, 9). Time: 0.00091552734375s
2023-08-17 05:15:21,585 fastDTW between vertices (37, 3). Time: 0.001257181167602539s
2023-08-17 05:15:21,585 fastDTW between vertices (20, 38). Time: 0.0009045600891113281s
2023-08-17 05:15:21,585 fastDTW between vertices (31, 12). Time: 0.0011756420135498047s
2023-08-17 05:15:21,585 fastDTW between vertices (21, 5). Time: 0.0008144378662109375s
2023-08-17 05:15:21,585 fastDTW between vertices (48, 9). Time: 0.0008060932159423828s
2023-08-17 05:15:21,585 fastDTW between vertices (42, 5). Time: 0.0007765293121337891s
2023-08-17 05:15:21,585 fastDTW between vertices (4, 40). Time: 0.0007305145263671875s
2023-08-17 05:15:21,585 fastDTW between vertices (49, 19). Time: 0.0017588138580322266s
2023-08-17 05:15:21,586 fastDTW between vertices (20, 16). Time: 0.0007402896881103516s
2023-08-17 05:15:21,586 fastDTW between vertices (37, 9). Time: 0.0009183883666992188s
2023-08-17 05:15:21,586 fastDTW between vertices (16, 38). Time: 0.0007231235504150391s
2023-08-17 05:15:21,586 fastDTW between vertices (21, 7). Time: 0.000762939453125s
2023-08-17 05:15:21,586 fastDTW between vertices (4, 36). Time: 0.0007076263427734375s
2023-08-17 05:15:21,586 fastDTW between vertices (42, 7). Time: 0.0007545948028564453s
2023-08-17 05:15:21,586 fastDTW between vertices (31, 33). Time: 0.0014057159423828125s
2023-08-17 05:15:21,586 fastDTW between vertices (20, 30). Time: 0.0007843971252441406s
2023-08-17 05:15:21,586 fastDTW between vertices (38, 16). Time: 0.0007231235504150391s
2023-08-17 05:15:21,587 fastDTW between vertices (21, 44). Time: 0.0006759166717529297s
2023-08-17 05:15:21,587 fastDTW between vertices (16, 30). Time: 0.0007035732269287109s
2023-08-17 05:15:21,587 fastDTW between vertices (4, 24). Time: 0.0006859302520751953s
2023-08-17 05:15:21,587 fastDTW between vertices (42, 21). Time: 0.0006473064422607422s
2023-08-17 05:15:21,587 fastDTW between vertices (49, 20). Time: 0.0014548301696777344s
2023-08-17 05:15:21,587 fastDTW between vertices (38, 30). Time: 0.0007119178771972656s
2023-08-17 05:15:21,587 fastDTW between vertices (20, 23). Time: 0.0007395744323730469s
2023-08-17 05:15:21,587 fastDTW between vertices (21, 34). Time: 0.0006766319274902344s
2023-08-17 05:15:21,588 fastDTW between vertices (16, 19). Time: 0.0007798671722412109s
2023-08-17 05:15:21,588 fastDTW between vertices (42, 44). Time: 0.0006814002990722656s
2023-08-17 05:15:21,588 fastDTW between vertices (5, 7). Time: 0.0008237361907958984s
2023-08-17 05:15:21,588 fastDTW between vertices (31, 27). Time: 0.0012922286987304688s
2023-08-17 05:15:21,588 fastDTW between vertices (38, 19). Time: 0.0007138252258300781s
2023-08-17 05:15:21,588 fastDTW between vertices (20, 5). Time: 0.0007905960083007812s
2023-08-17 05:15:21,588 fastDTW between vertices (21, 42). Time: 0.0006840229034423828s
2023-08-17 05:15:21,588 fastDTW between vertices (42, 34). Time: 0.000705718994140625s
2023-08-17 05:15:21,588 fastDTW between vertices (16, 20). Time: 0.000759124755859375s
2023-08-17 05:15:21,588 fastDTW between vertices (49, 38). Time: 0.0013523101806640625s
2023-08-17 05:15:21,589 fastDTW between vertices (5, 21). Time: 0.0007760524749755859s
2023-08-17 05:15:21,589 fastDTW between vertices (20, 7). Time: 0.0007665157318115234s
2023-08-17 05:15:21,589 fastDTW between vertices (38, 20). Time: 0.0008461475372314453s
2023-08-17 05:15:21,589 fastDTW between vertices (21, 23). Time: 0.0007238388061523438s
2023-08-17 05:15:21,589 fastDTW between vertices (42, 23). Time: 0.000713348388671875s
2023-08-17 05:15:21,589 fastDTW between vertices (16, 23). Time: 0.0007541179656982422s
2023-08-17 05:15:21,589 fastDTW between vertices (31, 0). Time: 0.0013854503631591797s
2023-08-17 05:15:21,589 fastDTW between vertices (5, 44). Time: 0.0008299350738525391s
2023-08-17 05:15:21,590 fastDTW between vertices (21, 4). Time: 0.0006587505340576172s
2023-08-17 05:15:21,590 fastDTW between vertices (20, 21). Time: 0.0007355213165283203s
2023-08-17 05:15:21,590 fastDTW between vertices (42, 4). Time: 0.0006430149078369141s
2023-08-17 05:15:21,590 fastDTW between vertices (16, 49). Time: 0.00074005126953125s
2023-08-17 05:15:21,590 fastDTW between vertices (49, 16). Time: 0.0014545917510986328s
2023-08-17 05:15:21,590 fastDTW between vertices (38, 23). Time: 0.0009713172912597656s
2023-08-17 05:15:21,590 fastDTW between vertices (5, 34). Time: 0.0008454322814941406s
2023-08-17 05:15:21,591 fastDTW between vertices (21, 22). Time: 0.0008614063262939453s
2023-08-17 05:15:21,591 fastDTW between vertices (31, 8). Time: 0.001272439956665039s
2023-08-17 05:15:21,591 fastDTW between vertices (42, 22). Time: 0.0007526874542236328s
2023-08-17 05:15:21,591 fastDTW between vertices (38, 49). Time: 0.0006933212280273438s
2023-08-17 05:15:21,591 fastDTW between vertices (20, 44). Time: 0.0009579658508300781s
2023-08-17 05:15:21,591 fastDTW between vertices (16, 5). Time: 0.0008118152618408203s
2023-08-17 05:15:21,591 fastDTW between vertices (5, 42). Time: 0.0008106231689453125s
2023-08-17 05:15:21,591 fastDTW between vertices (21, 38). Time: 0.0006906986236572266s
2023-08-17 05:15:21,591 fastDTW between vertices (42, 38). Time: 0.0006732940673828125s
2023-08-17 05:15:21,591 fastDTW between vertices (49, 30). Time: 0.0014255046844482422s
2023-08-17 05:15:21,591 fastDTW between vertices (38, 5). Time: 0.0007534027099609375s
2023-08-17 05:15:21,592 fastDTW between vertices (16, 7). Time: 0.0007832050323486328s
2023-08-17 05:15:21,592 fastDTW between vertices (20, 34). Time: 0.0009298324584960938s
2023-08-17 05:15:21,592 fastDTW between vertices (31, 41). Time: 0.0013077259063720703s
2023-08-17 05:15:21,592 fastDTW between vertices (21, 16). Time: 0.0006945133209228516s
2023-08-17 05:15:21,592 fastDTW between vertices (42, 16). Time: 0.0006890296936035156s
2023-08-17 05:15:21,592 fastDTW between vertices (5, 23). Time: 0.0007898807525634766s
2023-08-17 05:15:21,592 fastDTW between vertices (38, 7). Time: 0.0007386207580566406s
2023-08-17 05:15:21,592 fastDTW between vertices (16, 21). Time: 0.0007429122924804688s
2023-08-17 05:15:21,593 fastDTW between vertices (20, 42). Time: 0.0009553432464599609s
2023-08-17 05:15:21,593 fastDTW between vertices (42, 30). Time: 0.0006964206695556641s
2023-08-17 05:15:21,593 fastDTW between vertices (21, 30). Time: 0.0007059574127197266s
2023-08-17 05:15:21,593 fastDTW between vertices (5, 4). Time: 0.0007791519165039062s
2023-08-17 05:15:21,593 fastDTW between vertices (49, 23). Time: 0.001444101333618164s
2023-08-17 05:15:21,593 fastDTW between vertices (38, 21). Time: 0.0006906986236572266s
2023-08-17 05:15:21,593 fastDTW between vertices (16, 44). Time: 0.0007381439208984375s
2023-08-17 05:15:21,593 fastDTW between vertices (31, 15). Time: 0.001340627670288086s
2023-08-17 05:15:21,593 fastDTW between vertices (35, 2). Time: 0.0007388591766357422s
2023-08-17 05:15:21,594 fastDTW between vertices (42, 3). Time: 0.0007359981536865234s
2023-08-17 05:15:21,594 fastDTW between vertices (21, 3). Time: 0.0007507801055908203s
2023-08-17 05:15:21,594 fastDTW between vertices (38, 44). Time: 0.0007016658782958984s
2023-08-17 05:15:21,594 fastDTW between vertices (5, 22). Time: 0.0008234977722167969s
2023-08-17 05:15:21,594 fastDTW between vertices (16, 34). Time: 0.0008122920989990234s
2023-08-17 05:15:21,594 fastDTW between vertices (43, 0). Time: 0.0007264614105224609s
2023-08-17 05:15:21,594 fastDTW between vertices (22, 4). Time: 0.0007634162902832031s
2023-08-17 05:15:21,594 fastDTW between vertices (35, 45). Time: 0.0008537769317626953s
2023-08-17 05:15:21,595 fastDTW between vertices (38, 34). Time: 0.0007245540618896484s
2023-08-17 05:15:21,595 fastDTW between vertices (5, 38). Time: 0.0008115768432617188s
2023-08-17 05:15:21,595 fastDTW between vertices (49, 5). Time: 0.0015766620635986328s
2023-08-17 05:15:21,595 fastDTW between vertices (31, 14). Time: 0.001270294189453125s
2023-08-17 05:15:21,595 fastDTW between vertices (16, 42). Time: 0.0007402896881103516s
2023-08-17 05:15:21,595 fastDTW between vertices (43, 8). Time: 0.0007238388061523438s
2023-08-17 05:15:21,595 fastDTW between vertices (22, 5). Time: 0.0008156299591064453s
2023-08-17 05:15:21,595 fastDTW between vertices (38, 42). Time: 0.0006902217864990234s
2023-08-17 05:15:21,595 Consolidating distances...
2023-08-17 05:15:21,595 fastDTW between vertices (35, 39). Time: 0.0009300708770751953s
2023-08-17 05:15:21,595 Distances consolidated.
2023-08-17 05:15:21,595 fastDTW between vertices (5, 16). Time: 0.0008161067962646484s
2023-08-17 05:15:21,596 Saving variable on disk...
2023-08-17 05:15:21,596 fastDTW between vertices (32, 0). Time: 0.0007331371307373047s
2023-08-17 05:15:21,596 fastDTW between vertices (43, 41). Time: 0.0006663799285888672s
2023-08-17 05:15:21,596 fastDTW between vertices (31, 37). Time: 0.0012810230255126953s
2023-08-17 05:15:21,596 fastDTW between vertices (22, 7). Time: 0.0007960796356201172s
2023-08-17 05:15:21,596 fastDTW between vertices (35, 11). Time: 0.0007147789001464844s
2023-08-17 05:15:21,596 fastDTW between vertices (49, 7). Time: 0.0015034675598144531s
2023-08-17 05:15:21,596 fastDTW between vertices (5, 30). Time: 0.0007600784301757812s
2023-08-17 05:15:21,596 Variable saved. Time: 1.2079874674479166e-05m
2023-08-17 05:15:21,596 fastDTW between vertices (32, 8). Time: 0.0007033348083496094s
2023-08-17 05:15:21,597 fastDTW between vertices (22, 21). Time: 0.0007030963897705078s
2023-08-17 05:15:21,597 Part 4 completed.
2023-08-17 05:15:21,597 fastDTW between vertices (35, 12). Time: 0.0007407665252685547s
2023-08-17 05:15:21,597 fastDTW between vertices (43, 15). Time: 0.0011186599731445312s
2023-08-17 05:15:21,597 fastDTW between vertices (5, 3). Time: 0.0008332729339599609s
2023-08-17 05:15:21,597 fastDTW between vertices (32, 41). Time: 0.0006794929504394531s
2023-08-17 05:15:21,597 Consolidating distances...
2023-08-17 05:15:21,597 Distances consolidated.
2023-08-17 05:15:21,597 Saving variable on disk...
2023-08-17 05:15:21,598 fastDTW between vertices (31, 17). Time: 0.0013422966003417969s
2023-08-17 05:15:21,598 fastDTW between vertices (49, 21). Time: 0.0013625621795654297s
2023-08-17 05:15:21,598 fastDTW between vertices (35, 31). Time: 0.0006833076477050781s
2023-08-17 05:15:21,598 fastDTW between vertices (22, 44). Time: 0.0007991790771484375s
2023-08-17 05:15:21,598 Variable saved. Time: 8.138020833333333e-06m
2023-08-17 05:15:21,598 fastDTW between vertices (32, 15). Time: 0.0007762908935546875s
2023-08-17 05:15:21,598 fastDTW between vertices (43, 14). Time: 0.0009632110595703125s
2023-08-17 05:15:21,598 Part 1 completed.
2023-08-17 05:15:21,598 fastDTW between vertices (22, 34). Time: 0.000713348388671875s
2023-08-17 05:15:21,599 fastDTW between vertices (32, 14). Time: 0.0007138252258300781s
2023-08-17 05:15:21,599 fastDTW between vertices (31, 48). Time: 0.0013217926025390625s
2023-08-17 05:15:21,599 fastDTW between vertices (49, 44). Time: 0.0014536380767822266s
2023-08-17 05:15:21,599 fastDTW between vertices (43, 37). Time: 0.0011360645294189453s
2023-08-17 05:15:21,599 fastDTW between vertices (22, 42). Time: 0.0007228851318359375s
2023-08-17 05:15:21,600 fastDTW between vertices (32, 37). Time: 0.0007793903350830078s
2023-08-17 05:15:21,600 fastDTW between vertices (22, 3). Time: 0.0007882118225097656s
2023-08-17 05:15:21,600 fastDTW between vertices (35, 33). Time: 0.002370595932006836s
2023-08-17 05:15:21,600 fastDTW between vertices (45, 2). Time: 0.001363992691040039s
2023-08-17 05:15:21,600 fastDTW between vertices (32, 17). Time: 0.0007796287536621094s
2023-08-17 05:15:21,600 fastDTW between vertices (43, 17). Time: 0.0011594295501708984s
2023-08-17 05:15:21,601 fastDTW between vertices (49, 34). Time: 0.0014221668243408203s
2023-08-17 05:15:21,601 fastDTW between vertices (35, 27). Time: 0.0007295608520507812s
2023-08-17 05:15:21,601 fastDTW between vertices (22, 9). Time: 0.0007693767547607422s
2023-08-17 05:15:21,601 fastDTW between vertices (32, 48). Time: 0.0007321834564208984s
2023-08-17 05:15:21,602 fastDTW between vertices (43, 48). Time: 0.001161336898803711s
2023-08-17 05:15:21,602 fastDTW between vertices (35, 1). Time: 0.0007545948028564453s
2023-08-17 05:15:21,602 fastDTW between vertices (22, 40). Time: 0.0007748603820800781s
2023-08-17 05:15:21,602 fastDTW between vertices (45, 39). Time: 0.0013451576232910156s
2023-08-17 05:15:21,602 fastDTW between vertices (32, 43). Time: 0.0007503032684326172s
2023-08-17 05:15:21,602 fastDTW between vertices (49, 42). Time: 0.0013813972473144531s
2023-08-17 05:15:21,602 fastDTW between vertices (35, 28). Time: 0.00072479248046875s
2023-08-17 05:15:21,603 fastDTW between vertices (22, 36). Time: 0.0007343292236328125s
2023-08-17 05:15:21,603 fastDTW between vertices (32, 25). Time: 0.0007987022399902344s
2023-08-17 05:15:21,603 fastDTW between vertices (43, 32). Time: 0.0011751651763916016s
2023-08-17 05:15:21,603 fastDTW between vertices (45, 35). Time: 0.001249551773071289s
2023-08-17 05:15:21,603 fastDTW between vertices (35, 46). Time: 0.0006606578826904297s
2023-08-17 05:15:21,603 fastDTW between vertices (22, 24). Time: 0.0007419586181640625s
2023-08-17 05:15:21,603 Consolidating distances...
2023-08-17 05:15:21,603 Distances consolidated.
2023-08-17 05:15:21,603 Saving variable on disk...
2023-08-17 05:15:21,604 fastDTW between vertices (15, 0). Time: 0.001504659652709961s
2023-08-17 05:15:21,604 fastDTW between vertices (35, 13). Time: 0.0006868839263916016s
2023-08-17 05:15:21,604 Variable saved. Time: 9.882450103759766e-06m
2023-08-17 05:15:21,605 fastDTW between vertices (45, 11). Time: 0.0014348030090332031s
2023-08-17 05:15:21,605 fastDTW between vertices (25, 0). Time: 0.0009491443634033203s
2023-08-17 05:15:21,605 Part 2 completed.
2023-08-17 05:15:21,605 fastDTW between vertices (15, 8). Time: 0.001420736312866211s
2023-08-17 05:15:21,606 fastDTW between vertices (25, 8). Time: 0.0008225440979003906s
2023-08-17 05:15:21,606 fastDTW between vertices (32, 3). Time: 0.0031914710998535156s
2023-08-17 05:15:21,606 fastDTW between vertices (45, 12). Time: 0.0014052391052246094s
2023-08-17 05:15:21,607 fastDTW between vertices (25, 41). Time: 0.0007395744323730469s
2023-08-17 05:15:21,607 fastDTW between vertices (15, 41). Time: 0.0013537406921386719s
2023-08-17 05:15:21,607 fastDTW between vertices (43, 25). Time: 0.003962516784667969s
2023-08-17 05:15:21,607 fastDTW between vertices (32, 9). Time: 0.0008339881896972656s
2023-08-17 05:15:21,608 fastDTW between vertices (25, 15). Time: 0.0008804798126220703s
2023-08-17 05:15:21,608 fastDTW between vertices (45, 31). Time: 0.0012810230255126953s
2023-08-17 05:15:21,608 fastDTW between vertices (33, 11). Time: 0.0008320808410644531s
2023-08-17 05:15:21,608 fastDTW between vertices (43, 3). Time: 0.0011687278747558594s
2023-08-17 05:15:21,608 fastDTW between vertices (15, 14). Time: 0.0013949871063232422s
2023-08-17 05:15:21,608 fastDTW between vertices (25, 14). Time: 0.0007920265197753906s
2023-08-17 05:15:21,609 fastDTW between vertices (33, 12). Time: 0.0008385181427001953s
2023-08-17 05:15:21,609 fastDTW between vertices (45, 33). Time: 0.0014111995697021484s
2023-08-17 05:15:21,609 fastDTW between vertices (25, 37). Time: 0.0007960796356201172s
2023-08-17 05:15:21,609 fastDTW between vertices (43, 9). Time: 0.001100301742553711s
2023-08-17 05:15:21,609 Consolidating distances...
2023-08-17 05:15:21,610 Distances consolidated.
2023-08-17 05:15:21,610 fastDTW between vertices (33, 31). Time: 0.0007386207580566406s
2023-08-17 05:15:21,610 Saving variable on disk...
2023-08-17 05:15:21,610 fastDTW between vertices (15, 37). Time: 0.0014252662658691406s
2023-08-17 05:15:21,610 Variable saved. Time: 1.0526180267333984e-05m
2023-08-17 05:15:21,610 fastDTW between vertices (25, 17). Time: 0.001051187515258789s
2023-08-17 05:15:21,610 fastDTW between vertices (33, 27). Time: 0.0007703304290771484s
2023-08-17 05:15:21,611 fastDTW between vertices (45, 27). Time: 0.0013437271118164062s
2023-08-17 05:15:21,611 Part 7 completed.
2023-08-17 05:15:21,611 fastDTW between vertices (33, 0). Time: 0.0007953643798828125s
2023-08-17 05:15:21,611 fastDTW between vertices (15, 17). Time: 0.0014629364013671875s
2023-08-17 05:15:21,611 fastDTW between vertices (25, 48). Time: 0.0010421276092529297s
2023-08-17 05:15:21,612 fastDTW between vertices (45, 1). Time: 0.0014100074768066406s
2023-08-17 05:15:21,612 fastDTW between vertices (33, 8). Time: 0.0007615089416503906s
2023-08-17 05:15:21,612 fastDTW between vertices (25, 32). Time: 0.0007798671722412109s
2023-08-17 05:15:21,613 fastDTW between vertices (15, 48). Time: 0.0015215873718261719s
2023-08-17 05:15:21,613 fastDTW between vertices (33, 41). Time: 0.0011355876922607422s
2023-08-17 05:15:21,613 fastDTW between vertices (45, 28). Time: 0.0013134479522705078s
2023-08-17 05:15:21,614 fastDTW between vertices (25, 43). Time: 0.001428842544555664s
2023-08-17 05:15:21,614 fastDTW between vertices (15, 32). Time: 0.0015234947204589844s
2023-08-17 05:15:21,615 fastDTW between vertices (45, 46). Time: 0.001285552978515625s
2023-08-17 05:15:21,615 fastDTW between vertices (33, 15). Time: 0.0015785694122314453s
2023-08-17 05:15:21,615 fastDTW between vertices (25, 3). Time: 0.0015778541564941406s
2023-08-17 05:15:21,616 fastDTW between vertices (15, 43). Time: 0.0013964176177978516s
2023-08-17 05:15:21,616 fastDTW between vertices (45, 13). Time: 0.0013506412506103516s
2023-08-17 05:15:21,616 fastDTW between vertices (33, 14). Time: 0.0015075206756591797s
2023-08-17 05:15:21,617 fastDTW between vertices (25, 9). Time: 0.0015611648559570312s
2023-08-17 05:15:21,617 Consolidating distances...
2023-08-17 05:15:21,617 Distances consolidated.
2023-08-17 05:15:21,617 Saving variable on disk...
2023-08-17 05:15:21,618 fastDTW between vertices (15, 25). Time: 0.0015499591827392578s
2023-08-17 05:15:21,618 fastDTW between vertices (24, 3). Time: 0.0015559196472167969s
2023-08-17 05:15:21,618 fastDTW between vertices (33, 37). Time: 0.0014815330505371094s
2023-08-17 05:15:21,618 Variable saved. Time: 1.1169910430908203e-05m
2023-08-17 05:15:21,619 Part 8 completed.
2023-08-17 05:15:21,619 fastDTW between vertices (15, 3). Time: 0.0015118122100830078s
2023-08-17 05:15:21,619 fastDTW between vertices (24, 9). Time: 0.0014660358428955078s
2023-08-17 05:15:21,620 fastDTW between vertices (33, 17). Time: 0.001519918441772461s
2023-08-17 05:15:21,621 fastDTW between vertices (15, 9). Time: 0.0014514923095703125s
2023-08-17 05:15:21,621 fastDTW between vertices (24, 40). Time: 0.0013566017150878906s
2023-08-17 05:15:21,621 fastDTW between vertices (33, 48). Time: 0.0015134811401367188s
2023-08-17 05:15:21,621 Consolidating distances...
2023-08-17 05:15:21,621 Distances consolidated.
2023-08-17 05:15:21,621 Saving variable on disk...
2023-08-17 05:15:21,622 fastDTW between vertices (19, 20). Time: 0.001470804214477539s
2023-08-17 05:15:21,622 fastDTW between vertices (24, 36). Time: 0.0014493465423583984s
2023-08-17 05:15:21,622 Variable saved. Time: 1.2425581614176432e-05m
2023-08-17 05:15:21,623 Part 6 completed.
2023-08-17 05:15:21,624 fastDTW between vertices (24, 4). Time: 0.0013916492462158203s
2023-08-17 05:15:21,624 fastDTW between vertices (19, 49). Time: 0.001459360122680664s
2023-08-17 05:15:21,625 fastDTW between vertices (19, 38). Time: 0.001432657241821289s
2023-08-17 05:15:21,625 fastDTW between vertices (24, 22). Time: 0.0015060901641845703s
2023-08-17 05:15:21,627 fastDTW between vertices (19, 16). Time: 0.0015137195587158203s
2023-08-17 05:15:21,627 fastDTW between vertices (24, 0). Time: 0.0014808177947998047s
2023-08-17 05:15:21,628 fastDTW between vertices (24, 8). Time: 0.0014183521270751953s
2023-08-17 05:15:21,628 fastDTW between vertices (19, 30). Time: 0.0015270709991455078s
2023-08-17 05:15:21,630 fastDTW between vertices (24, 41). Time: 0.001384735107421875s
2023-08-17 05:15:21,630 fastDTW between vertices (19, 23). Time: 0.0014789104461669922s
2023-08-17 05:15:21,631 fastDTW between vertices (24, 15). Time: 0.0014910697937011719s
2023-08-17 05:15:21,632 fastDTW between vertices (19, 5). Time: 0.0015594959259033203s
2023-08-17 05:15:21,633 fastDTW between vertices (24, 14). Time: 0.0013892650604248047s
2023-08-17 05:15:21,633 fastDTW between vertices (19, 7). Time: 0.0016148090362548828s
2023-08-17 05:15:21,634 fastDTW between vertices (24, 37). Time: 0.001504659652709961s
2023-08-17 05:15:21,634 Consolidating distances...
2023-08-17 05:15:21,635 Distances consolidated.
2023-08-17 05:15:21,635 Saving variable on disk...
2023-08-17 05:15:21,635 fastDTW between vertices (19, 21). Time: 0.0013883113861083984s
2023-08-17 05:15:21,635 Variable saved. Time: 1.2683868408203126e-05m
2023-08-17 05:15:21,636 Part 5 completed.
2023-08-17 05:15:21,636 fastDTW between vertices (19, 44). Time: 0.001300811767578125s
2023-08-17 05:15:21,637 fastDTW between vertices (19, 34). Time: 0.0007195472717285156s
2023-08-17 05:15:21,638 fastDTW between vertices (19, 42). Time: 0.0007359981536865234s
2023-08-17 05:15:21,638 Consolidating distances...
2023-08-17 05:15:21,638 Distances consolidated.
2023-08-17 05:15:21,638 Saving variable on disk...
2023-08-17 05:15:21,638 Variable saved. Time: 8.31286112467448e-06m
2023-08-17 05:15:21,639 Part 3 completed.
2023-08-17 05:15:21,644 Creating distance network...
2023-08-17 05:15:21,650 Executing part 1...
2023-08-17 05:15:21,650 Recovering variable...
2023-08-17 05:15:21,650 Variable recovered. Time: 4.804134368896484e-06m
2023-08-17 05:15:21,651 Part 1 executed.
2023-08-17 05:15:21,651 Executing part 2...
2023-08-17 05:15:21,651 Recovering variable...
2023-08-17 05:15:21,651 Variable recovered. Time: 1.3192494710286458e-06m
2023-08-17 05:15:21,651 Part 2 executed.
2023-08-17 05:15:21,651 Executing part 3...
2023-08-17 05:15:21,651 Recovering variable...
2023-08-17 05:15:21,652 Variable recovered. Time: 2.6325384775797527e-05m
2023-08-17 05:15:21,653 Part 3 executed.
2023-08-17 05:15:21,653 Executing part 4...
2023-08-17 05:15:21,653 Recovering variable...
2023-08-17 05:15:21,653 Variable recovered. Time: 1.2596448262532552e-06m
2023-08-17 05:15:21,653 Part 4 executed.
2023-08-17 05:15:21,653 Executing part 5...
2023-08-17 05:15:21,653 Recovering variable...
2023-08-17 05:15:21,653 Variable recovered. Time: 1.1642773946126303e-06m
2023-08-17 05:15:21,653 Part 5 executed.
2023-08-17 05:15:21,653 Executing part 6...
2023-08-17 05:15:21,653 Recovering variable...
2023-08-17 05:15:21,653 Variable recovered. Time: 1.3470649719238282e-06m
2023-08-17 05:15:21,653 Part 6 executed.
2023-08-17 05:15:21,653 Executing part 7...
2023-08-17 05:15:21,653 Recovering variable...
2023-08-17 05:15:21,653 Variable recovered. Time: 1.708666483561198e-06m
2023-08-17 05:15:21,654 Part 7 executed.
2023-08-17 05:15:21,654 Executing part 8...
2023-08-17 05:15:21,654 Recovering variable...
2023-08-17 05:15:21,654 Variable recovered. Time: 1.0251998901367187e-06m
2023-08-17 05:15:21,654 Part 8 executed.
2023-08-17 05:15:21,654 Saving variable on disk...
2023-08-17 05:15:21,655 Variable saved. Time: 1.8203258514404296e-05m
2023-08-17 05:15:21,655 Saving variable on disk...
2023-08-17 05:15:21,656 Variable saved. Time: 1.1777877807617187e-05m
2023-08-17 05:15:21,656 Saving variable on disk...
2023-08-17 05:15:21,656 Variable saved. Time: 1.113414764404297e-05m
2023-08-17 05:15:21,659 - Time - part 1: 0.01475381851196289s
2023-08-17 05:15:21,662 Executing part 1...
2023-08-17 05:15:21,663 Recovering variable...
2023-08-17 05:15:21,663 Variable recovered. Time: 5.217393239339193e-06m
2023-08-17 05:15:21,663 Part 1 executed.
2023-08-17 05:15:21,663 Executing part 2...
2023-08-17 05:15:21,663 Recovering variable...
2023-08-17 05:15:21,663 Variable recovered. Time: 1.1046727498372397e-06m
2023-08-17 05:15:21,663 Part 2 executed.
2023-08-17 05:15:21,663 Executing part 3...
2023-08-17 05:15:21,663 Recovering variable...
2023-08-17 05:15:21,663 Variable recovered. Time: 1.4543533325195312e-06m
2023-08-17 05:15:21,664 Part 3 executed.
2023-08-17 05:15:21,664 Executing part 4...
2023-08-17 05:15:21,664 Recovering variable...
