2023-08-02 05:30:43,329  - Loading graph...
2023-08-02 05:30:43,329  - Graph loaded.
2023-08-02 05:30:43,329  - Converting graph to dict...
2023-08-02 05:30:43,329 Graph converted.
2023-08-02 05:30:43,329 Graph - Number of vertices: 10
2023-08-02 05:30:43,329 Graph - Number of edges: 5.0
2023-08-02 05:30:43,343 Capturing larger degree...
2023-08-02 05:30:43,343 Larger degree captured
2023-08-02 05:30:43,364 BFS vertex 10. Time: 0.00015544891357421875s
2023-08-02 05:30:43,364 BFS vertex 1. Time: 0.00011491775512695312s
2023-08-02 05:30:43,364 BFS vertex 9. Time: 0.00010132789611816406s
2023-08-02 05:30:43,365 BFS vertex 2. Time: 2.2649765014648438e-05s
2023-08-02 05:30:43,364 BFS vertex 8. Time: 0.00011086463928222656s
2023-08-02 05:30:43,365 BFS vertex 3. Time: 0.000125885009765625s
2023-08-02 05:30:43,365 BFS vertex 7. Time: 0.00011181831359863281s
2023-08-02 05:30:43,365 BFS vertex 6. Time: 0.00010395050048828125s
2023-08-02 05:30:43,365 BFS vertex 4. Time: 2.8371810913085938e-05s
2023-08-02 05:30:43,365 BFS vertex 5. Time: 0.00012087821960449219s
2023-08-02 05:30:43,369 Saving degreeList on disk...
2023-08-02 05:30:43,369 Saving variable on disk...
2023-08-02 05:30:43,369 Variable saved. Time: 5.594889322916666e-06m
2023-08-02 05:30:43,369 Execution time - BFS: 0.00043861865997314454m
2023-08-02 05:30:43,373 Creating degree vectors...
2023-08-02 05:30:43,373 Degree vectors created.
2023-08-02 05:30:43,373 Saving degree vectors...
2023-08-02 05:30:43,373 Saving variable on disk...
2023-08-02 05:30:43,373 Variable saved. Time: 1.3907750447591145e-06m
2023-08-02 05:30:43,373 Using compactDegree: True
2023-08-02 05:30:43,373 Calculations until layer: 6
2023-08-02 05:30:43,373 Split degree List...
2023-08-02 05:30:43,376 Recovering compactDegreeList from disk...
2023-08-02 05:30:43,376 Recovering variable...
2023-08-02 05:30:43,377 Variable recovered. Time: 5.276997884114583e-06m
2023-08-02 05:30:43,377 Recovering degree vector from disk...
2023-08-02 05:30:43,377 Recovering variable...
2023-08-02 05:30:43,377 Variable recovered. Time: 6.198883056640625e-07m
2023-08-02 05:30:43,377 Saving variable on disk...
2023-08-02 05:30:43,377 Variable saved. Time: 1.0927518208821614e-06m
2023-08-02 05:30:43,377 Saving variable on disk...
2023-08-02 05:30:43,377 Variable saved. Time: 3.703435262044271e-06m
2023-08-02 05:30:43,378 degreeList 1 completed.
2023-08-02 05:30:43,378 Recovering compactDegreeList from disk...
2023-08-02 05:30:43,378 Recovering variable...
2023-08-02 05:30:43,378 Variable recovered. Time: 1.0291735331217447e-06m
2023-08-02 05:30:43,378 Recovering degree vector from disk...
2023-08-02 05:30:43,378 Recovering variable...
2023-08-02 05:30:43,378 Variable recovered. Time: 3.337860107421875e-07m
2023-08-02 05:30:43,378 Saving variable on disk...
2023-08-02 05:30:43,378 Variable saved. Time: 1.0132789611816406e-06m
2023-08-02 05:30:43,378 Saving variable on disk...
2023-08-02 05:30:43,379 Variable saved. Time: 3.7789344787597655e-06m
2023-08-02 05:30:43,379 degreeList 2 completed.
2023-08-02 05:30:43,379 Recovering compactDegreeList from disk...
2023-08-02 05:30:43,379 Recovering variable...
2023-08-02 05:30:43,379 Variable recovered. Time: 1.2914339701334636e-06m
2023-08-02 05:30:43,379 Recovering degree vector from disk...
2023-08-02 05:30:43,380 Recovering variable...
2023-08-02 05:30:43,380 Variable recovered. Time: 3.933906555175781e-07m
2023-08-02 05:30:43,380 Saving variable on disk...
2023-08-02 05:30:43,380 Variable saved. Time: 9.298324584960937e-07m
2023-08-02 05:30:43,380 Saving variable on disk...
2023-08-02 05:30:43,380 Variable saved. Time: 3.981590270996094e-06m
2023-08-02 05:30:43,380 degreeList 3 completed.
2023-08-02 05:30:43,381 Recovering compactDegreeList from disk...
2023-08-02 05:30:43,381 Recovering variable...
2023-08-02 05:30:43,381 Variable recovered. Time: 1.0291735331217447e-06m
2023-08-02 05:30:43,381 Recovering degree vector from disk...
2023-08-02 05:30:43,381 Recovering variable...
2023-08-02 05:30:43,381 Variable recovered. Time: 3.0199686686197915e-07m
2023-08-02 05:30:43,381 Saving variable on disk...
2023-08-02 05:30:43,381 Variable saved. Time: 7.510185241699219e-07m
2023-08-02 05:30:43,381 Saving variable on disk...
2023-08-02 05:30:43,381 Variable saved. Time: 2.952416737874349e-06m
2023-08-02 05:30:43,381 degreeList 4 completed.
2023-08-02 05:30:43,382 Recovering compactDegreeList from disk...
2023-08-02 05:30:43,382 Recovering variable...
2023-08-02 05:30:43,382 Variable recovered. Time: 9.377797444661458e-07m
2023-08-02 05:30:43,382 Recovering degree vector from disk...
2023-08-02 05:30:43,382 Recovering variable...
2023-08-02 05:30:43,382 Variable recovered. Time: 3.894170125325521e-07m
2023-08-02 05:30:43,382 Saving variable on disk...
2023-08-02 05:30:43,382 Variable saved. Time: 7.073084513346354e-07m
2023-08-02 05:30:43,382 Saving variable on disk...
2023-08-02 05:30:43,382 Variable saved. Time: 1.994768778483073e-06m
2023-08-02 05:30:43,382 degreeList 5 completed.
2023-08-02 05:30:43,383 Recovering compactDegreeList from disk...
2023-08-02 05:30:43,383 Recovering variable...
2023-08-02 05:30:43,383 Variable recovered. Time: 8.225440979003907e-07m
2023-08-02 05:30:43,383 Recovering degree vector from disk...
2023-08-02 05:30:43,383 Recovering variable...
2023-08-02 05:30:43,383 Variable recovered. Time: 2.5033950805664064e-07m
2023-08-02 05:30:43,383 Saving variable on disk...
2023-08-02 05:30:43,383 Variable saved. Time: 6.278355916341146e-07m
2023-08-02 05:30:43,383 Saving variable on disk...
2023-08-02 05:30:43,383 Variable saved. Time: 1.8040339152018229e-06m
2023-08-02 05:30:43,383 degreeList 6 completed.
2023-08-02 05:30:43,384 Recovering compactDegreeList from disk...
2023-08-02 05:30:43,384 Recovering variable...
2023-08-02 05:30:43,384 Variable recovered. Time: 8.145968119303385e-07m
2023-08-02 05:30:43,384 Recovering degree vector from disk...
2023-08-02 05:30:43,384 Recovering variable...
2023-08-02 05:30:43,384 Variable recovered. Time: 2.5431315104166666e-07m
2023-08-02 05:30:43,384 Saving variable on disk...
2023-08-02 05:30:43,384 Variable saved. Time: 6.437301635742188e-07m
2023-08-02 05:30:43,384 Saving variable on disk...
2023-08-02 05:30:43,384 Variable saved. Time: 1.8040339152018229e-06m
2023-08-02 05:30:43,384 degreeList 7 completed.
2023-08-02 05:30:43,385 Recovering compactDegreeList from disk...
2023-08-02 05:30:43,385 Recovering variable...
2023-08-02 05:30:43,385 Variable recovered. Time: 8.185704549153645e-07m
2023-08-02 05:30:43,385 Recovering degree vector from disk...
2023-08-02 05:30:43,385 Recovering variable...
2023-08-02 05:30:43,385 Variable recovered. Time: 2.582867940266927e-07m
2023-08-02 05:30:43,385 Saving variable on disk...
2023-08-02 05:30:43,385 Variable saved. Time: 6.039937337239583e-07m
2023-08-02 05:30:43,385 Saving variable on disk...
2023-08-02 05:30:43,385 Variable saved. Time: 1.8517176310221354e-06m
2023-08-02 05:30:43,385 degreeList 8 completed.
2023-08-02 05:30:43,387 Executing part 1...
2023-08-02 05:30:43,400 Executing part 2...
2023-08-02 05:30:43,401 Executing part 3...
2023-08-02 05:30:43,401 Executing part 4...
2023-08-02 05:30:43,401 Recovering variable...
2023-08-02 05:30:43,402 Variable recovered. Time: 1.235802968343099e-06m
2023-08-02 05:30:43,402 Executing part 5...
2023-08-02 05:30:43,402 Recovering variable...
2023-08-02 05:30:43,402 Recovering variable...
2023-08-02 05:30:43,402 Variable recovered. Time: 1.247723897298177e-06m
2023-08-02 05:30:43,402 Recovering variable...
2023-08-02 05:30:43,402 Executing part 6...
2023-08-02 05:30:43,402 Variable recovered. Time: 4.319349924723307e-06m
2023-08-02 05:30:43,402 Executing part 7...
2023-08-02 05:30:43,402 Variable recovered. Time: 3.0835469563802084e-06m
2023-08-02 05:30:43,402 Recovering variable...
2023-08-02 05:30:43,402 fastDTW between vertices (10, 1). Time: 0.0002830028533935547s
2023-08-02 05:30:43,402 Variable recovered. Time: 2.0543734232584637e-06m
2023-08-02 05:30:43,402 Recovering variable...
2023-08-02 05:30:43,402 fastDTW between vertices (10, 9). Time: 2.8848648071289062e-05s
2023-08-02 05:30:43,402 Recovering variable...
2023-08-02 05:30:43,403 fastDTW between vertices (1, 10). Time: 0.00023508071899414062s
2023-08-02 05:30:43,403 fastDTW between vertices (10, 2). Time: 3.552436828613281e-05s
2023-08-02 05:30:43,403 Executing part 8...
2023-08-02 05:30:43,403 fastDTW between vertices (1, 9). Time: 2.8848648071289062e-05s
2023-08-02 05:30:43,403 Variable recovered. Time: 1.0728836059570312e-06m
2023-08-02 05:30:43,403 Recovering variable...
2023-08-02 05:30:43,403 fastDTW between vertices (10, 8). Time: 4.4345855712890625e-05s
2023-08-02 05:30:43,403 fastDTW between vertices (1, 2). Time: 3.719329833984375e-05s
2023-08-02 05:30:43,403 Receiving results...
2023-08-02 05:30:43,403 fastDTW between vertices (10, 3). Time: 4.220008850097656e-05s
2023-08-02 05:30:43,403 Variable recovered. Time: 3.3855438232421873e-06m
2023-08-02 05:30:43,403 fastDTW between vertices (1, 8). Time: 2.7179718017578125e-05s
2023-08-02 05:30:43,403 fastDTW between vertices (1, 3). Time: 2.3603439331054688e-05s
2023-08-02 05:30:43,403 fastDTW between vertices (10, 7). Time: 4.1961669921875e-05s
2023-08-02 05:30:43,403 fastDTW between vertices (1, 7). Time: 2.5987625122070312e-05s
2023-08-02 05:30:43,403 fastDTW between vertices (10, 4). Time: 3.790855407714844e-05s
2023-08-02 05:30:43,403 fastDTW between vertices (1, 4). Time: 2.288818359375e-05s
2023-08-02 05:30:43,403 Variable recovered. Time: 3.147125244140625e-06m
2023-08-02 05:30:43,403 Consolidating distances...
2023-08-02 05:30:43,403 Consolidating distances...
2023-08-02 05:30:43,403 Recovering variable...
2023-08-02 05:30:43,403 Distances consolidated.
2023-08-02 05:30:43,403 Recovering variable...
2023-08-02 05:30:43,403 Distances consolidated.
2023-08-02 05:30:43,403 Saving variable on disk...
2023-08-02 05:30:43,403 Saving variable on disk...
2023-08-02 05:30:43,403 fastDTW between vertices (9, 10). Time: 0.0002651214599609375s
2023-08-02 05:30:43,403 fastDTW between vertices (9, 1). Time: 2.7894973754882812e-05s
2023-08-02 05:30:43,403 Variable recovered. Time: 8.702278137207031e-07m
2023-08-02 05:30:43,403 Recovering variable...
2023-08-02 05:30:43,403 Variable recovered. Time: 1.0569890340169271e-06m
2023-08-02 05:30:43,403 Recovering variable...
2023-08-02 05:30:43,403 fastDTW between vertices (9, 2). Time: 4.315376281738281e-05s
2023-08-02 05:30:43,403 fastDTW between vertices (8, 10). Time: 0.00023937225341796875s
2023-08-02 05:30:43,403 fastDTW between vertices (9, 8). Time: 2.4318695068359375e-05s
2023-08-02 05:30:43,403 fastDTW between vertices (8, 1). Time: 3.0517578125e-05s
2023-08-02 05:30:43,403 fastDTW between vertices (9, 3). Time: 2.2172927856445312e-05s
2023-08-02 05:30:43,403 Variable saved. Time: 4.359086354573568e-06m
2023-08-02 05:30:43,403 fastDTW between vertices (8, 9). Time: 2.7179718017578125e-05s
2023-08-02 05:30:43,403 Variable saved. Time: 4.665056864420573e-06m
2023-08-02 05:30:43,403 fastDTW between vertices (9, 7). Time: 3.647804260253906e-05s
2023-08-02 05:30:43,403 Variable recovered. Time: 3.258387247721354e-06m
2023-08-02 05:30:43,403 fastDTW between vertices (8, 2). Time: 2.3126602172851562e-05s
2023-08-02 05:30:43,403 fastDTW between vertices (9, 4). Time: 3.123283386230469e-05s
2023-08-02 05:30:43,403 fastDTW between vertices (8, 3). Time: 2.2649765014648438e-05s
2023-08-02 05:30:43,403 Variable recovered. Time: 3.711382548014323e-06m
2023-08-02 05:30:43,403 fastDTW between vertices (8, 7). Time: 2.5033950805664062e-05s
2023-08-02 05:30:43,403 fastDTW between vertices (2, 10). Time: 3.2901763916015625e-05s
2023-08-02 05:30:43,404 fastDTW between vertices (8, 4). Time: 2.3365020751953125e-05s
2023-08-02 05:30:43,404 fastDTW between vertices (2, 1). Time: 3.3855438232421875e-05s
2023-08-02 05:30:43,404 Consolidating distances...
2023-08-02 05:30:43,404 Distances consolidated.
2023-08-02 05:30:43,404 fastDTW between vertices (2, 9). Time: 3.5762786865234375e-05s
2023-08-02 05:30:43,404 Saving variable on disk...
2023-08-02 05:30:43,403 Recovering variable...
2023-08-02 05:30:43,404 fastDTW between vertices (7, 10). Time: 0.00028777122497558594s
2023-08-02 05:30:43,403 Recovering variable...
2023-08-02 05:30:43,404 fastDTW between vertices (2, 8). Time: 3.886222839355469e-05s
2023-08-02 05:30:43,404 fastDTW between vertices (7, 1). Time: 4.1961669921875e-05s
2023-08-02 05:30:43,404 fastDTW between vertices (2, 3). Time: 3.743171691894531e-05s
2023-08-02 05:30:43,404 fastDTW between vertices (3, 10). Time: 0.00030994415283203125s
2023-08-02 05:30:43,404 Variable recovered. Time: 1.1165936787923178e-06m
2023-08-02 05:30:43,404 fastDTW between vertices (7, 9). Time: 2.574920654296875e-05s
2023-08-02 05:30:43,404 Variable recovered. Time: 1.0967254638671874e-06m
2023-08-02 05:30:43,404 fastDTW between vertices (2, 7). Time: 2.5033950805664062e-05s
2023-08-02 05:30:43,404 Recovering variable...
2023-08-02 05:30:43,404 Recovering variable...
2023-08-02 05:30:43,404 Part 1 completed.
2023-08-02 05:30:43,404 fastDTW between vertices (7, 2). Time: 2.288818359375e-05s
2023-08-02 05:30:43,404 fastDTW between vertices (3, 1). Time: 4.100799560546875e-05s
2023-08-02 05:30:43,404 fastDTW between vertices (2, 4). Time: 4.863739013671875e-05s
2023-08-02 05:30:43,404 Variable saved. Time: 4.34716542561849e-06m
2023-08-02 05:30:43,404 Consolidating distances...
2023-08-02 05:30:43,404 fastDTW between vertices (7, 8). Time: 3.600120544433594e-05s
2023-08-02 05:30:43,404 fastDTW between vertices (3, 9). Time: 4.076957702636719e-05s
2023-08-02 05:30:43,404 Distances consolidated.
2023-08-02 05:30:43,404 Saving variable on disk...
2023-08-02 05:30:43,404 fastDTW between vertices (3, 2). Time: 3.62396240234375e-05s
2023-08-02 05:30:43,404 fastDTW between vertices (7, 3). Time: 4.649162292480469e-05s
2023-08-02 05:30:43,404 fastDTW between vertices (3, 8). Time: 3.5762786865234375e-05s
2023-08-02 05:30:43,404 fastDTW between vertices (7, 4). Time: 4.1484832763671875e-05s
2023-08-02 05:30:43,404 Variable recovered. Time: 4.239877065022787e-06m
2023-08-02 05:30:43,404 Variable recovered. Time: 3.846486409505208e-06m
2023-08-02 05:30:43,404 Part 2 completed.
2023-08-02 05:30:43,404 fastDTW between vertices (4, 10). Time: 2.4557113647460938e-05s
2023-08-02 05:30:43,404 fastDTW between vertices (3, 7). Time: 4.029273986816406e-05s
2023-08-02 05:30:43,404 fastDTW between vertices (4, 1). Time: 2.384185791015625e-05s
2023-08-02 05:30:43,404 fastDTW between vertices (3, 4). Time: 3.552436828613281e-05s
2023-08-02 05:30:43,404 fastDTW between vertices (4, 9). Time: 2.288818359375e-05s
2023-08-02 05:30:43,404 Consolidating distances...
2023-08-02 05:30:43,404 Variable saved. Time: 4.692872365315755e-06m
2023-08-02 05:30:43,404 fastDTW between vertices (4, 2). Time: 3.0994415283203125e-05s
2023-08-02 05:30:43,404 Distances consolidated.
2023-08-02 05:30:43,404 Part 4 completed.
2023-08-02 05:30:43,404 Saving variable on disk...
2023-08-02 05:30:43,404 fastDTW between vertices (4, 8). Time: 2.5033950805664062e-05s
2023-08-02 05:30:43,404 fastDTW between vertices (5, 10). Time: 0.0002288818359375s
2023-08-02 05:30:43,404 fastDTW between vertices (4, 3). Time: 2.3126602172851562e-05s
2023-08-02 05:30:43,404 fastDTW between vertices (6, 10). Time: 0.000247955322265625s
2023-08-02 05:30:43,405 fastDTW between vertices (5, 1). Time: 2.8133392333984375e-05s
2023-08-02 05:30:43,405 fastDTW between vertices (4, 7). Time: 2.2172927856445312e-05s
2023-08-02 05:30:43,405 Consolidating distances...
2023-08-02 05:30:43,405 fastDTW between vertices (6, 1). Time: 2.86102294921875e-05s
2023-08-02 05:30:43,405 fastDTW between vertices (5, 9). Time: 2.4080276489257812e-05s
2023-08-02 05:30:43,405 Distances consolidated.
2023-08-02 05:30:43,405 fastDTW between vertices (6, 9). Time: 2.384185791015625e-05s
2023-08-02 05:30:43,405 fastDTW between vertices (5, 2). Time: 2.288818359375e-05s
2023-08-02 05:30:43,405 Saving variable on disk...
2023-08-02 05:30:43,405 fastDTW between vertices (6, 2). Time: 2.4080276489257812e-05s
2023-08-02 05:30:43,405 fastDTW between vertices (5, 8). Time: 2.3365020751953125e-05s
2023-08-02 05:30:43,405 Variable saved. Time: 3.703435262044271e-06m
2023-08-02 05:30:43,405 Part 3 completed.
2023-08-02 05:30:43,405 fastDTW between vertices (6, 8). Time: 2.4080276489257812e-05s
2023-08-02 05:30:43,405 fastDTW between vertices (5, 3). Time: 2.4080276489257812e-05s
2023-08-02 05:30:43,405 fastDTW between vertices (5, 7). Time: 2.3126602172851562e-05s
2023-08-02 05:30:43,405 fastDTW between vertices (6, 3). Time: 2.4080276489257812e-05s
2023-08-02 05:30:43,405 Consolidating distances...
2023-08-02 05:30:43,405 fastDTW between vertices (6, 7). Time: 2.3365020751953125e-05s
2023-08-02 05:30:43,405 Distances consolidated.
2023-08-02 05:30:43,405 Consolidating distances...
2023-08-02 05:30:43,405 Saving variable on disk...
2023-08-02 05:30:43,405 Variable saved. Time: 4.132588704427083e-06m
2023-08-02 05:30:43,405 Distances consolidated.
2023-08-02 05:30:43,405 Saving variable on disk...
2023-08-02 05:30:43,405 Part 5 completed.
2023-08-02 05:30:43,405 Variable saved. Time: 2.9126803080240886e-06m
2023-08-02 05:30:43,405 Variable saved. Time: 3.441174825032552e-06m
2023-08-02 05:30:43,405 Part 6 completed.
2023-08-02 05:30:43,406 Part 8 completed.
2023-08-02 05:30:43,406 Part 7 completed.
2023-08-02 05:30:43,413 Creating distance network...
2023-08-02 05:30:43,418 Executing part 1...
2023-08-02 05:30:43,418 Recovering variable...
2023-08-02 05:30:43,418 Variable recovered. Time: 2.26895014444987e-06m
2023-08-02 05:30:43,419 Part 1 executed.
2023-08-02 05:30:43,419 Executing part 2...
2023-08-02 05:30:43,419 Recovering variable...
2023-08-02 05:30:43,419 Variable recovered. Time: 5.7220458984375e-07m
2023-08-02 05:30:43,419 Part 2 executed.
2023-08-02 05:30:43,419 Executing part 3...
2023-08-02 05:30:43,419 Recovering variable...
2023-08-02 05:30:43,419 Variable recovered. Time: 8.861223856608073e-07m
2023-08-02 05:30:43,419 Part 3 executed.
2023-08-02 05:30:43,419 Executing part 4...
2023-08-02 05:30:43,419 Recovering variable...
2023-08-02 05:30:43,419 Variable recovered. Time: 4.569689432779948e-07m
2023-08-02 05:30:43,419 Part 4 executed.
2023-08-02 05:30:43,419 Executing part 5...
2023-08-02 05:30:43,419 Recovering variable...
2023-08-02 05:30:43,419 Variable recovered. Time: 5.165735880533854e-07m
2023-08-02 05:30:43,419 Part 5 executed.
2023-08-02 05:30:43,419 Executing part 6...
2023-08-02 05:30:43,419 Recovering variable...
2023-08-02 05:30:43,419 Variable recovered. Time: 4.967053731282552e-07m
2023-08-02 05:30:43,419 Part 6 executed.
2023-08-02 05:30:43,419 Executing part 7...
2023-08-02 05:30:43,419 Recovering variable...
2023-08-02 05:30:43,419 Variable recovered. Time: 5.086263020833333e-07m
2023-08-02 05:30:43,419 Part 7 executed.
2023-08-02 05:30:43,419 Executing part 8...
2023-08-02 05:30:43,419 Recovering variable...
2023-08-02 05:30:43,419 Variable recovered. Time: 6.159146626790365e-07m
2023-08-02 05:30:43,419 Part 8 executed.
2023-08-02 05:30:43,419 Saving variable on disk...
2023-08-02 05:30:43,420 Variable saved. Time: 5.284945170084636e-06m
2023-08-02 05:30:43,420 Saving variable on disk...
2023-08-02 05:30:43,420 Variable saved. Time: 5.1657358805338544e-06m
2023-08-02 05:30:43,422 - Time - part 1: 0.009560823440551758s
2023-08-02 05:30:43,427 Executing part 1...
2023-08-02 05:30:43,427 Recovering variable...
2023-08-02 05:30:43,427 Variable recovered. Time: 2.562999725341797e-06m
2023-08-02 05:30:43,427 Part 1 executed.
2023-08-02 05:30:43,427 Executing part 2...
2023-08-02 05:30:43,427 Recovering variable...
2023-08-02 05:30:43,427 Variable recovered. Time: 7.430712381998698e-07m
2023-08-02 05:30:43,428 Part 2 executed.
2023-08-02 05:30:43,428 Executing part 3...
2023-08-02 05:30:43,428 Recovering variable...
2023-08-02 05:30:43,428 Variable recovered. Time: 8.54333241780599e-07m
2023-08-02 05:30:43,428 Part 3 executed.
2023-08-02 05:30:43,428 Executing part 4...
2023-08-02 05:30:43,428 Recovering variable...
2023-08-02 05:30:43,428 Variable recovered. Time: 3.6557515462239586e-07m
2023-08-02 05:30:43,428 Part 4 executed.
2023-08-02 05:30:43,428 Executing part 5...
2023-08-02 05:30:43,428 Recovering variable...
2023-08-02 05:30:43,428 Variable recovered. Time: 3.218650817871094e-07m
2023-08-02 05:30:43,428 Part 5 executed.
2023-08-02 05:30:43,428 Executing part 6...
2023-08-02 05:30:43,428 Recovering variable...
2023-08-02 05:30:43,428 Variable recovered. Time: 5.404154459635417e-07m
2023-08-02 05:30:43,428 Part 6 executed.
2023-08-02 05:30:43,428 Executing part 7...
2023-08-02 05:30:43,428 Recovering variable...
2023-08-02 05:30:43,428 Variable recovered. Time: 3.337860107421875e-07m
2023-08-02 05:30:43,428 Part 7 executed.
2023-08-02 05:30:43,428 Executing part 8...
2023-08-02 05:30:43,428 Recovering variable...
2023-08-02 05:30:43,428 Variable recovered. Time: 3.0597050984700523e-07m
2023-08-02 05:30:43,428 Part 8 executed.
2023-08-02 05:30:43,428 Saving variable on disk...
2023-08-02 05:30:43,428 Variable saved. Time: 7.430712381998698e-07m
2023-08-02 05:30:43,428 Saving variable on disk...
2023-08-02 05:30:43,428 Variable saved. Time: 4.6491622924804686e-07m
2023-08-02 05:30:43,431 - Time - part 2: 0.008352279663085938s
2023-08-02 05:30:43,431 distance network created.
2023-08-02 05:30:43,431 Transforming distances into weights...
2023-08-02 05:30:43,436 Recovering variable...
2023-08-02 05:30:43,437 Variable recovered. Time: 1.136461893717448e-06m
2023-08-02 05:30:43,437 Recovering variable...
2023-08-02 05:30:43,437 Variable recovered. Time: 1.986821492513021e-06m
2023-08-02 05:30:43,437 Executing layer 0...
2023-08-02 05:30:43,437 Saving variable on disk...
2023-08-02 05:30:43,438 Variable saved. Time: 9.59634780883789e-06m
2023-08-02 05:30:43,438 Saving variable on disk...
2023-08-02 05:30:43,438 Variable saved. Time: 2.781550089518229e-06m
2023-08-02 05:30:43,438 Saving variable on disk...
2023-08-02 05:30:43,438 Variable saved. Time: 1.1960665384928385e-06m
2023-08-02 05:30:43,438 Layer 0 executed.
2023-08-02 05:30:43,438 Recovering variable...
2023-08-02 05:30:43,438 Variable recovered. Time: 3.8544336954752605e-07m
2023-08-02 05:30:43,438 Recovering variable...
2023-08-02 05:30:43,439 Variable recovered. Time: 9.65595245361328e-07m
2023-08-02 05:30:43,439 Executing layer 1...
2023-08-02 05:30:43,439 Saving variable on disk...
2023-08-02 05:30:43,439 Variable saved. Time: 4.649162292480469e-06m
2023-08-02 05:30:43,439 Saving variable on disk...
2023-08-02 05:30:43,439 Variable saved. Time: 1.2755393981933593e-06m
2023-08-02 05:30:43,439 Saving variable on disk...
2023-08-02 05:30:43,439 Variable saved. Time: 1.5854835510253907e-06m
2023-08-02 05:30:43,439 Layer 1 executed.
2023-08-02 05:30:43,440 Weights created.
2023-08-02 05:30:43,444 - Time - part 3: 0.013262748718261719s
2023-08-02 05:30:43,447 Consolidating graphs...
2023-08-02 05:30:43,448 Executing layer 0...
2023-08-02 05:30:43,448 Recovering variable...
2023-08-02 05:30:43,448 Variable recovered. Time: 1.0887781778971354e-06m
2023-08-02 05:30:43,448 Layer 0 executed.
2023-08-02 05:30:43,448 Executing layer 1...
2023-08-02 05:30:43,448 Recovering variable...
2023-08-02 05:30:43,448 Variable recovered. Time: 3.0199686686197915e-07m
2023-08-02 05:30:43,448 Layer 1 executed.
2023-08-02 05:30:43,448 Saving distancesNets on disk...
2023-08-02 05:30:43,448 Saving variable on disk...
2023-08-02 05:30:43,448 Variable saved. Time: 1.903374989827474e-06m
2023-08-02 05:30:43,448 Graphs consolidated.
2023-08-02 05:30:43,451 - Time - part 4: 0.006405353546142578s
2023-08-02 05:30:43,454 Executing layer 0...
2023-08-02 05:30:43,454 Recovering variable...
2023-08-02 05:30:43,455 Variable recovered. Time: 6.369749704996744e-06m
2023-08-02 05:30:43,455 Layer 0 executed.
2023-08-02 05:30:43,455 Executing layer 1...
2023-08-02 05:30:43,455 Recovering variable...
2023-08-02 05:30:43,455 Variable recovered. Time: 1.7881393432617188e-06m
2023-08-02 05:30:43,455 Layer 1 executed.
2023-08-02 05:30:43,455 Saving nets_weights_alias_method_j on disk...
2023-08-02 05:30:43,455 Saving variable on disk...
2023-08-02 05:30:43,456 Variable saved. Time: 8.042653401692709e-06m
2023-08-02 05:30:43,459 - Time - part 5: 0.008379697799682617s
2023-08-02 05:30:43,467 Executing layer 0...
2023-08-02 05:30:43,468 Recovering variable...
2023-08-02 05:30:43,468 Variable recovered. Time: 4.506111145019531e-06m
2023-08-02 05:30:43,468 Layer 0 executed.
2023-08-02 05:30:43,468 Executing layer 1...
2023-08-02 05:30:43,468 Recovering variable...
2023-08-02 05:30:43,468 Variable recovered. Time: 1.3470649719238282e-06m
2023-08-02 05:30:43,468 Layer 1 executed.
2023-08-02 05:30:43,468 Saving nets_weights_alias_method_q on disk...
2023-08-02 05:30:43,468 Saving variable on disk...
2023-08-02 05:30:43,469 Variable saved. Time: 6.016095479329427e-06m
2023-08-02 05:30:43,472 - Time - part 6: 0.012121200561523438s
2023-08-02 05:30:43,479 Loading distances_nets from disk...
2023-08-02 05:30:43,479 Executing layer 0...
2023-08-02 05:30:43,479 Recovering variable...
2023-08-02 05:30:43,479 Variable recovered. Time: 2.642472585042318e-06m
2023-08-02 05:30:43,479 Layer 0 executed.
2023-08-02 05:30:43,479 Executing layer 1...
2023-08-02 05:30:43,479 Recovering variable...
2023-08-02 05:30:43,479 Variable recovered. Time: 8.106231689453125e-07m
2023-08-02 05:30:43,480 Layer 1 executed.
2023-08-02 05:30:43,480 Saving average_weights on disk...
2023-08-02 05:30:43,480 Saving variable on disk...
2023-08-02 05:30:43,480 Variable saved. Time: 2.1537144978841146e-06m
2023-08-02 05:30:43,480 Executing layer 0...
2023-08-02 05:30:43,480 Recovering variable...
2023-08-02 05:30:43,480 Variable recovered. Time: 6.953875223795573e-07m
2023-08-02 05:30:43,480 Layer 0 executed.
2023-08-02 05:30:43,480 Executing layer 1...
2023-08-02 05:30:43,480 Recovering variable...
2023-08-02 05:30:43,480 Variable recovered. Time: 6.874402364095052e-07m
2023-08-02 05:30:43,480 Layer 1 executed.
2023-08-02 05:30:43,480 Saving amount_neighbours on disk...
2023-08-02 05:30:43,480 Saving variable on disk...
2023-08-02 05:30:43,480 Variable saved. Time: 7.351239522298177e-07m
2023-08-02 05:30:43,485 Loading distances_nets on disk...
2023-08-02 05:30:43,486 Recovering variable...
2023-08-02 05:30:43,486 Variable recovered. Time: 1.6411145528157553e-06m
2023-08-02 05:30:43,486 Recovering variable...
2023-08-02 05:30:43,486 Variable recovered. Time: 3.151098887125651e-06m
2023-08-02 05:30:43,486 Recovering variable...
2023-08-02 05:30:43,486 Variable recovered. Time: 1.430511474609375e-06m
2023-08-02 05:30:43,486 Recovering variable...
2023-08-02 05:30:43,486 Variable recovered. Time: 2.2649765014648436e-07m
2023-08-02 05:30:43,486 Creating RWs...
2023-08-02 05:30:43,501 Receiving results...
2023-08-02 05:30:43,502 RW - vertex 2. Time : 0.0003864765167236328s
2023-08-02 05:30:43,503 RW - vertex 3. Time : 0.0002532005310058594s
2023-08-02 05:30:43,503 RW - vertex 1. Time : 0.00020265579223632812s
2023-08-02 05:30:43,503 RW - vertex 4. Time : 0.0002086162567138672s
2023-08-02 05:30:43,503 RW - vertex 2. Time : 0.00037097930908203125s
2023-08-02 05:30:43,504 RW - vertex 2. Time : 0.00036716461181640625s
2023-08-02 05:30:43,504 RW - vertex 8. Time : 0.0002868175506591797s
2023-08-02 05:30:43,504 RW - vertex 3. Time : 0.0004646778106689453s
2023-08-02 05:30:43,504 RW - vertex 3. Time : 0.00040841102600097656s
2023-08-02 05:30:43,504 RW - vertex 2. Time : 0.000423431396484375s
2023-08-02 05:30:43,504 RW - vertex 5. Time : 0.0004277229309082031s
2023-08-02 05:30:43,504 RW - vertex 2. Time : 0.000583648681640625s
2023-08-02 05:30:43,504 RW - vertex 2. Time : 0.0004954338073730469s
2023-08-02 05:30:43,505 RW - vertex 1. Time : 0.0002522468566894531s
2023-08-02 05:30:43,505 RW - vertex 9. Time : 0.00021767616271972656s
2023-08-02 05:30:43,505 RW - vertex 1. Time : 0.0004096031188964844s
2023-08-02 05:30:43,505 RW - vertex 2. Time : 0.0003669261932373047s
2023-08-02 05:30:43,505 RW - vertex 3. Time : 0.0003962516784667969s
2023-08-02 05:30:43,505 RW - vertex 4. Time : 0.0002052783966064453s
2023-08-02 05:30:43,505 RW - vertex 7. Time : 0.000339508056640625s
2023-08-02 05:30:43,505 RW - vertex 3. Time : 0.0004000663757324219s
2023-08-02 05:30:43,505 RW - vertex 4. Time : 0.0004153251647949219s
2023-08-02 05:30:43,505 RW - vertex 2. Time : 0.0006682872772216797s
2023-08-02 05:30:43,505 RW - vertex 3. Time : 0.0004899501800537109s
2023-08-02 05:30:43,505 RW - vertex 8. Time : 0.0002949237823486328s
2023-08-02 05:30:43,505 RW - vertex 3. Time : 0.000362396240234375s
2023-08-02 05:30:43,505 RW - vertex 6. Time : 0.0002300739288330078s
2023-08-02 05:30:43,505 RW - vertex 1. Time : 0.0004582405090332031s
2023-08-02 05:30:43,505 RW - vertex 1. Time : 0.0003809928894042969s
2023-08-02 05:30:43,505 RW - vertex 5. Time : 0.0002181529998779297s
2023-08-02 05:30:43,505 RW - vertex 8. Time : 0.0004162788391113281s
2023-08-02 05:30:43,506 RW - vertex 3. Time : 0.00043892860412597656s
2023-08-02 05:30:43,506 RW - vertex 10. Time : 0.0003273487091064453s
2023-08-02 05:30:43,506 RW - vertex 9. Time : 0.00020885467529296875s
2023-08-02 05:30:43,506 RW - vertex 1. Time : 0.0004260540008544922s
2023-08-02 05:30:43,506 RW - vertex 1. Time : 0.0005681514739990234s
2023-08-02 05:30:43,506 RW - vertex 4. Time : 0.0004267692565917969s
2023-08-02 05:30:43,506 RW - vertex 4. Time : 0.00035309791564941406s
2023-08-02 05:30:43,506 RW - vertex 7. Time : 0.0002713203430175781s
2023-08-02 05:30:43,506 RW - vertex 5. Time : 0.0004429817199707031s
2023-08-02 05:30:43,506 RW - vertex 4. Time : 0.0003364086151123047s
2023-08-02 05:30:43,506 RW - vertex 1. Time : 0.0004665851593017578s
2023-08-02 05:30:43,506 RW - vertex 6. Time : 0.00022125244140625s
2023-08-02 05:30:43,506 RW - vertex 2. Time : 0.00022745132446289062s
2023-08-02 05:30:43,506 Iteration 0 executed.
2023-08-02 05:30:43,506 RW - vertex 4. Time : 0.00045299530029296875s
2023-08-02 05:30:43,506 RW - vertex 8. Time : 0.0004112720489501953s
2023-08-02 05:30:43,506 RW - vertex 8. Time : 0.0004184246063232422s
2023-08-02 05:30:43,506 RW - vertex 8. Time : 0.00031256675720214844s
2023-08-02 05:30:43,506 RW - vertex 10. Time : 0.0001990795135498047s
2023-08-02 05:30:43,506 RW - vertex 3. Time : 0.00022125244140625s
2023-08-02 05:30:43,506 RW - vertex 9. Time : 0.00041985511779785156s
2023-08-02 05:30:43,507 RW - vertex 4. Time : 0.00041484832763671875s
2023-08-02 05:30:43,507 RW - vertex 5. Time : 0.00023412704467773438s
2023-08-02 05:30:43,507 RW - vertex 5. Time : 0.0003826618194580078s
2023-08-02 05:30:43,507 RW - vertex 8. Time : 0.0004360675811767578s
2023-08-02 05:30:43,507 RW - vertex 1. Time : 0.00021529197692871094s
2023-08-02 05:30:43,507 RW - vertex 5. Time : 0.0004448890686035156s
2023-08-02 05:30:43,507 Iteration 2 executed.
2023-08-02 05:30:43,507 RW - vertex 4. Time : 0.00023746490478515625s
2023-08-02 05:30:43,507 RW - vertex 9. Time : 0.0002956390380859375s
2023-08-02 05:30:43,507 RW - vertex 7. Time : 0.0005040168762207031s
2023-08-02 05:30:43,507 RW - vertex 8. Time : 0.00045609474182128906s
2023-08-02 05:30:43,507 RW - vertex 9. Time : 0.0003762245178222656s
2023-08-02 05:30:43,507 RW - vertex 2. Time : 0.00029206275939941406s
2023-08-02 05:30:43,507 RW - vertex 5. Time : 0.0004405975341796875s
2023-08-02 05:30:43,507 RW - vertex 9. Time : 0.00042366981506347656s
2023-08-02 05:30:43,507 RW - vertex 8. Time : 0.00027871131896972656s
2023-08-02 05:30:43,507 RW - vertex 7. Time : 0.00029754638671875s
2023-08-02 05:30:43,507 RW - vertex 3. Time : 0.0002448558807373047s
2023-08-02 05:30:43,507 RW - vertex 6. Time : 0.0004458427429199219s
2023-08-02 05:30:43,507 RW - vertex 7. Time : 0.0004048347473144531s
2023-08-02 05:30:43,508 RW - vertex 5. Time : 0.0004551410675048828s
2023-08-02 05:30:43,508 RW - vertex 6. Time : 0.00021696090698242188s
2023-08-02 05:30:43,508 RW - vertex 1. Time : 0.00019598007202148438s
2023-08-02 05:30:43,508 RW - vertex 5. Time : 0.000377655029296875s
2023-08-02 05:30:43,508 RW - vertex 9. Time : 0.0004904270172119141s
2023-08-02 05:30:43,508 RW - vertex 7. Time : 0.00047779083251953125s
2023-08-02 05:30:43,508 RW - vertex 10. Time : 0.0002300739288330078s
2023-08-02 05:30:43,508 RW - vertex 4. Time : 0.0002384185791015625s
2023-08-02 05:30:43,508 RW - vertex 6. Time : 0.0004062652587890625s
2023-08-02 05:30:43,508 RW - vertex 9. Time : 0.0002541542053222656s
2023-08-02 05:30:43,508 RW - vertex 10. Time : 0.0004742145538330078s
2023-08-02 05:30:43,508 RW - vertex 9. Time : 0.0004794597625732422s
2023-08-02 05:30:43,508 RW - vertex 8. Time : 0.0002257823944091797s
2023-08-02 05:30:43,508 RW - vertex 7. Time : 0.0004439353942871094s
2023-08-02 05:30:43,508 RW - vertex 7. Time : 0.00021600723266601562s
2023-08-02 05:30:43,508 RW - vertex 6. Time : 0.0004911422729492188s
2023-08-02 05:30:43,508 Iteration 6 executed.
2023-08-02 05:30:43,508 RW - vertex 10. Time : 0.00036907196044921875s
2023-08-02 05:30:43,508 RW - vertex 5. Time : 0.00020360946655273438s
2023-08-02 05:30:43,508 RW - vertex 7. Time : 0.00037217140197753906s
2023-08-02 05:30:43,508 RW - vertex 6. Time : 0.00022602081298828125s
2023-08-02 05:30:43,509 RW - vertex 9. Time : 0.00019598007202148438s
2023-08-02 05:30:43,509 Iteration 1 executed.
2023-08-02 05:30:43,509 RW - vertex 6. Time : 0.0004138946533203125s
2023-08-02 05:30:43,509 RW - vertex 10. Time : 0.000438690185546875s
2023-08-02 05:30:43,509 RW - vertex 6. Time : 0.0002505779266357422s
2023-08-02 05:30:43,509 RW - vertex 10. Time : 0.00027632713317871094s
2023-08-02 05:30:43,509 Iteration 4 executed.
2023-08-02 05:30:43,509 RW - vertex 7. Time : 0.0003497600555419922s
2023-08-02 05:30:43,509 RW - vertex 10. Time : 0.00024056434631347656s
2023-08-02 05:30:43,509 RW - vertex 10. Time : 0.0004124641418457031s
2023-08-02 05:30:43,509 RW - vertex 6. Time : 0.00020956993103027344s
2023-08-02 05:30:43,509 RW - vertex 10. Time : 0.00021195411682128906s
2023-08-02 05:30:43,510 Iteration 8 executed.
2023-08-02 05:30:43,510 Iteration 3 executed.
2023-08-02 05:30:43,510 Iteration 7 executed.
2023-08-02 05:30:43,510 Iteration 5 executed.
2023-08-02 05:30:43,510 Iteration 9 executed.
2023-08-02 05:30:43,514 RWs created. Time: 0.000455017884572347m
2023-08-02 05:30:43,514 Saving Random Walks on disk...
2023-08-02 05:30:43,517 Initializing creation of the representations...
2023-08-02 05:30:43,518 collecting all words and their counts
2023-08-02 05:30:43,518 {'uri': 'random_walks.txt', 'mode': 'rb', 'buffering': -1, 'encoding': None, 'errors': None, 'newline': None, 'closefd': True, 'opener': None, 'compression': 'infer_from_extension', 'transport_params': None}
2023-08-02 05:30:43,518 PROGRESS: at sentence #0, processed 0 words, keeping 0 word types
2023-08-02 05:30:43,519 collected 10 word types from a corpus of 8000 raw words and 100 sentences
2023-08-02 05:30:43,519 Creating a fresh vocabulary
2023-08-02 05:30:43,520 starting a new internal lifecycle event log for Word2Vec
2023-08-02 05:30:43,520 Word2Vec lifecycle event {'msg': 'effective_min_count=0 retains 10 unique words (100.00% of original 10, drops 0)', 'datetime': '2023-08-02T05:30:43.519434', 'gensim': '4.3.1', 'python': '3.10.9 (main, Mar  1 2023, 18:23:06) [GCC 11.2.0]', 'platform': 'Linux-5.15.90.1-microsoft-standard-WSL2-x86_64-with-glibc2.35', 'event': 'prepare_vocab'}
2023-08-02 05:30:43,520 Word2Vec lifecycle event {'msg': 'effective_min_count=0 leaves 8000 word corpus (100.00% of original 8000, drops 0)', 'datetime': '2023-08-02T05:30:43.520640', 'gensim': '4.3.1', 'python': '3.10.9 (main, Mar  1 2023, 18:23:06) [GCC 11.2.0]', 'platform': 'Linux-5.15.90.1-microsoft-standard-WSL2-x86_64-with-glibc2.35', 'event': 'prepare_vocab'}
2023-08-02 05:30:43,520 deleting the raw counts dictionary of 10 items
2023-08-02 05:30:43,520 sample=0.001 downsamples 10 most-common words
2023-08-02 05:30:43,520 Word2Vec lifecycle event {'msg': 'downsampling leaves estimated 868.4790758449794 word corpus (10.9%% of prior 8000)', 'datetime': '2023-08-02T05:30:43.520830', 'gensim': '4.3.1', 'python': '3.10.9 (main, Mar  1 2023, 18:23:06) [GCC 11.2.0]', 'platform': 'Linux-5.15.90.1-microsoft-standard-WSL2-x86_64-with-glibc2.35', 'event': 'prepare_vocab'}
2023-08-02 05:30:43,520 constructing a huffman tree from 10 words
2023-08-02 05:30:43,521 built huffman tree with maximum node depth 5
2023-08-02 05:30:43,521 estimated required memory for 10 words and 128 dimensions: 22360 bytes
2023-08-02 05:30:43,521 resetting layer weights
2023-08-02 05:30:43,521 Word2Vec lifecycle event {'update': False, 'trim_rule': 'None', 'datetime': '2023-08-02T05:30:43.521532', 'gensim': '4.3.1', 'python': '3.10.9 (main, Mar  1 2023, 18:23:06) [GCC 11.2.0]', 'platform': 'Linux-5.15.90.1-microsoft-standard-WSL2-x86_64-with-glibc2.35', 'event': 'build_vocab'}
2023-08-02 05:30:43,521 Both hierarchical softmax and negative sampling are activated. This is probably a mistake. You should set either 'hs=0' or 'negative=0' to disable one of them. 
2023-08-02 05:30:43,521 Word2Vec lifecycle event {'msg': 'training model with 8 workers on 10 vocabulary and 128 features, using sg=1 hs=1 sample=0.001 negative=5 window=10 shrink_windows=True', 'datetime': '2023-08-02T05:30:43.521653', 'gensim': '4.3.1', 'python': '3.10.9 (main, Mar  1 2023, 18:23:06) [GCC 11.2.0]', 'platform': 'Linux-5.15.90.1-microsoft-standard-WSL2-x86_64-with-glibc2.35', 'event': 'train'}
2023-08-02 05:30:43,523 {'uri': 'random_walks.txt', 'mode': 'rb', 'buffering': -1, 'encoding': None, 'errors': None, 'newline': None, 'closefd': True, 'opener': None, 'compression': 'infer_from_extension', 'transport_params': None}
2023-08-02 05:30:43,523 job loop exiting, total 1 jobs
2023-08-02 05:30:43,524 worker exiting, processed 0 jobs
2023-08-02 05:30:43,524 worker exiting, processed 0 jobs
2023-08-02 05:30:43,524 worker exiting, processed 0 jobs
2023-08-02 05:30:43,524 worker exiting, processed 0 jobs
2023-08-02 05:30:43,525 worker thread finished; awaiting finish of 7 more threads
2023-08-02 05:30:43,525 worker thread finished; awaiting finish of 6 more threads
2023-08-02 05:30:43,525 worker thread finished; awaiting finish of 5 more threads
2023-08-02 05:30:43,525 worker thread finished; awaiting finish of 4 more threads
2023-08-02 05:30:43,525 worker exiting, processed 0 jobs
2023-08-02 05:30:43,525 worker exiting, processed 0 jobs
2023-08-02 05:30:43,525 worker thread finished; awaiting finish of 3 more threads
2023-08-02 05:30:43,525 worker thread finished; awaiting finish of 2 more threads
2023-08-02 05:30:43,525 worker exiting, processed 0 jobs
2023-08-02 05:30:43,525 worker thread finished; awaiting finish of 1 more threads
2023-08-02 05:30:43,529 worker exiting, processed 1 jobs
2023-08-02 05:30:43,529 worker thread finished; awaiting finish of 0 more threads
2023-08-02 05:30:43,529 EPOCH 0: training on 8000 raw words (839 effective words) took 0.0s, 129079 effective words/s
2023-08-02 05:30:43,531 {'uri': 'random_walks.txt', 'mode': 'rb', 'buffering': -1, 'encoding': None, 'errors': None, 'newline': None, 'closefd': True, 'opener': None, 'compression': 'infer_from_extension', 'transport_params': None}
2023-08-02 05:30:43,531 job loop exiting, total 1 jobs
2023-08-02 05:30:43,532 worker exiting, processed 0 jobs
2023-08-02 05:30:43,532 worker exiting, processed 0 jobs
2023-08-02 05:30:43,532 worker exiting, processed 0 jobs
2023-08-02 05:30:43,532 worker exiting, processed 0 jobs
2023-08-02 05:30:43,532 worker exiting, processed 0 jobs
2023-08-02 05:30:43,532 worker exiting, processed 0 jobs
2023-08-02 05:30:43,532 worker exiting, processed 0 jobs
2023-08-02 05:30:43,532 worker thread finished; awaiting finish of 7 more threads
2023-08-02 05:30:43,533 worker thread finished; awaiting finish of 6 more threads
2023-08-02 05:30:43,533 worker thread finished; awaiting finish of 5 more threads
2023-08-02 05:30:43,533 worker thread finished; awaiting finish of 4 more threads
2023-08-02 05:30:43,533 worker thread finished; awaiting finish of 3 more threads
2023-08-02 05:30:43,533 worker thread finished; awaiting finish of 2 more threads
2023-08-02 05:30:43,533 worker thread finished; awaiting finish of 1 more threads
2023-08-02 05:30:43,535 worker exiting, processed 1 jobs
2023-08-02 05:30:43,535 worker thread finished; awaiting finish of 0 more threads
2023-08-02 05:30:43,535 EPOCH 1: training on 8000 raw words (884 effective words) took 0.0s, 190050 effective words/s
2023-08-02 05:30:43,537 {'uri': 'random_walks.txt', 'mode': 'rb', 'buffering': -1, 'encoding': None, 'errors': None, 'newline': None, 'closefd': True, 'opener': None, 'compression': 'infer_from_extension', 'transport_params': None}
2023-08-02 05:30:43,538 job loop exiting, total 1 jobs
2023-08-02 05:30:43,538 worker exiting, processed 0 jobs
2023-08-02 05:30:43,538 worker exiting, processed 0 jobs
2023-08-02 05:30:43,539 worker exiting, processed 0 jobs
2023-08-02 05:30:43,539 worker exiting, processed 0 jobs
2023-08-02 05:30:43,539 worker exiting, processed 0 jobs
2023-08-02 05:30:43,539 worker exiting, processed 0 jobs
2023-08-02 05:30:43,539 worker exiting, processed 0 jobs
2023-08-02 05:30:43,539 worker thread finished; awaiting finish of 7 more threads
2023-08-02 05:30:43,539 worker thread finished; awaiting finish of 6 more threads
2023-08-02 05:30:43,539 worker thread finished; awaiting finish of 5 more threads
2023-08-02 05:30:43,539 worker thread finished; awaiting finish of 4 more threads
2023-08-02 05:30:43,539 worker thread finished; awaiting finish of 3 more threads
2023-08-02 05:30:43,539 worker thread finished; awaiting finish of 2 more threads
2023-08-02 05:30:43,539 worker thread finished; awaiting finish of 1 more threads
2023-08-02 05:30:43,541 worker exiting, processed 1 jobs
2023-08-02 05:30:43,541 worker thread finished; awaiting finish of 0 more threads
2023-08-02 05:30:43,542 EPOCH 2: training on 8000 raw words (821 effective words) took 0.0s, 190970 effective words/s
2023-08-02 05:30:43,543 {'uri': 'random_walks.txt', 'mode': 'rb', 'buffering': -1, 'encoding': None, 'errors': None, 'newline': None, 'closefd': True, 'opener': None, 'compression': 'infer_from_extension', 'transport_params': None}
2023-08-02 05:30:43,544 job loop exiting, total 1 jobs
2023-08-02 05:30:43,544 worker exiting, processed 0 jobs
2023-08-02 05:30:43,544 worker exiting, processed 0 jobs
2023-08-02 05:30:43,545 worker exiting, processed 0 jobs
2023-08-02 05:30:43,545 worker exiting, processed 0 jobs
2023-08-02 05:30:43,545 worker thread finished; awaiting finish of 7 more threads
2023-08-02 05:30:43,545 worker thread finished; awaiting finish of 6 more threads
2023-08-02 05:30:43,545 worker thread finished; awaiting finish of 5 more threads
2023-08-02 05:30:43,545 worker thread finished; awaiting finish of 4 more threads
2023-08-02 05:30:43,545 worker exiting, processed 0 jobs
2023-08-02 05:30:43,545 worker exiting, processed 0 jobs
2023-08-02 05:30:43,545 worker exiting, processed 0 jobs
2023-08-02 05:30:43,545 worker thread finished; awaiting finish of 3 more threads
2023-08-02 05:30:43,545 worker thread finished; awaiting finish of 2 more threads
2023-08-02 05:30:43,545 worker thread finished; awaiting finish of 1 more threads
2023-08-02 05:30:43,548 worker exiting, processed 1 jobs
2023-08-02 05:30:43,548 worker thread finished; awaiting finish of 0 more threads
2023-08-02 05:30:43,548 EPOCH 3: training on 8000 raw words (903 effective words) took 0.0s, 171977 effective words/s
2023-08-02 05:30:43,550 {'uri': 'random_walks.txt', 'mode': 'rb', 'buffering': -1, 'encoding': None, 'errors': None, 'newline': None, 'closefd': True, 'opener': None, 'compression': 'infer_from_extension', 'transport_params': None}
2023-08-02 05:30:43,550 job loop exiting, total 1 jobs
2023-08-02 05:30:43,551 worker exiting, processed 0 jobs
2023-08-02 05:30:43,551 worker exiting, processed 0 jobs
2023-08-02 05:30:43,551 worker exiting, processed 0 jobs
2023-08-02 05:30:43,551 worker exiting, processed 0 jobs
2023-08-02 05:30:43,551 worker exiting, processed 0 jobs
2023-08-02 05:30:43,551 worker exiting, processed 0 jobs
2023-08-02 05:30:43,551 worker exiting, processed 0 jobs
2023-08-02 05:30:43,552 worker thread finished; awaiting finish of 7 more threads
2023-08-02 05:30:43,552 worker thread finished; awaiting finish of 6 more threads
2023-08-02 05:30:43,552 worker thread finished; awaiting finish of 5 more threads
2023-08-02 05:30:43,552 worker thread finished; awaiting finish of 4 more threads
2023-08-02 05:30:43,552 worker thread finished; awaiting finish of 3 more threads
2023-08-02 05:30:43,552 worker thread finished; awaiting finish of 2 more threads
2023-08-02 05:30:43,552 worker thread finished; awaiting finish of 1 more threads
2023-08-02 05:30:43,554 worker exiting, processed 1 jobs
2023-08-02 05:30:43,554 worker thread finished; awaiting finish of 0 more threads
2023-08-02 05:30:43,555 EPOCH 4: training on 8000 raw words (854 effective words) took 0.0s, 180500 effective words/s
2023-08-02 05:30:43,555 Word2Vec lifecycle event {'msg': 'training on 40000 raw words (4301 effective words) took 0.0s, 128592 effective words/s', 'datetime': '2023-08-02T05:30:43.555140', 'gensim': '4.3.1', 'python': '3.10.9 (main, Mar  1 2023, 18:23:06) [GCC 11.2.0]', 'platform': 'Linux-5.15.90.1-microsoft-standard-WSL2-x86_64-with-glibc2.35', 'event': 'train'}
2023-08-02 05:30:43,555 Word2Vec lifecycle event {'params': 'Word2Vec<vocab=10, vector_size=128, alpha=0.025>', 'datetime': '2023-08-02T05:30:43.555197', 'gensim': '4.3.1', 'python': '3.10.9 (main, Mar  1 2023, 18:23:06) [GCC 11.2.0]', 'platform': 'Linux-5.15.90.1-microsoft-standard-WSL2-x86_64-with-glibc2.35', 'event': 'created'}
2023-08-02 05:30:43,555 storing 10x128 projection weights into temp_graph.emb
2023-08-02 05:30:43,555 {'uri': 'temp_graph.emb', 'mode': 'wb', 'buffering': -1, 'encoding': None, 'errors': None, 'newline': None, 'closefd': True, 'opener': None, 'compression': 'infer_from_extension', 'transport_params': None}
2023-08-02 05:30:43,555 Representations created.
