2023-08-02 05:30:44,256  - Loading graph...
2023-08-02 05:30:44,257  - Graph loaded.
2023-08-02 05:30:44,257  - Converting graph to dict...
2023-08-02 05:30:44,257 Graph converted.
2023-08-02 05:30:44,257 Graph - Number of vertices: 20
2023-08-02 05:30:44,257 Graph - Number of edges: 15.0
2023-08-02 05:30:44,275 Capturing larger degree...
2023-08-02 05:30:44,276 Larger degree captured
2023-08-02 05:30:44,294 BFS vertex 10. Time: 0.00014328956604003906s
2023-08-02 05:30:44,294 BFS vertex 1. Time: 2.7418136596679688e-05s
2023-08-02 05:30:44,294 BFS vertex 3. Time: 0.00011157989501953125s
2023-08-02 05:30:44,294 BFS vertex 17. Time: 0.00017905235290527344s
2023-08-02 05:30:44,295 BFS vertex 14. Time: 4.6253204345703125e-05s
2023-08-02 05:30:44,295 BFS vertex 2. Time: 7.009506225585938e-05s
2023-08-02 05:30:44,295 BFS vertex 4. Time: 2.574920654296875e-05s
2023-08-02 05:30:44,295 BFS vertex 6. Time: 0.0001442432403564453s
2023-08-02 05:30:44,295 BFS vertex 15. Time: 0.00017189979553222656s
2023-08-02 05:30:44,295 BFS vertex 16. Time: 1.0967254638671875e-05s
2023-08-02 05:30:44,295 BFS vertex 20. Time: 0.00011897087097167969s
2023-08-02 05:30:44,295 BFS vertex 7. Time: 4.363059997558594e-05s
2023-08-02 05:30:44,295 BFS vertex 8. Time: 2.4318695068359375e-05s
2023-08-02 05:30:44,295 BFS vertex 5. Time: 6.556510925292969e-05s
2023-08-02 05:30:44,295 BFS vertex 9. Time: 7.772445678710938e-05s
2023-08-02 05:30:44,295 BFS vertex 18. Time: 0.00014972686767578125s
2023-08-02 05:30:44,295 BFS vertex 13. Time: 0.00016021728515625s
2023-08-02 05:30:44,295 BFS vertex 11. Time: 2.7418136596679688e-05s
2023-08-02 05:30:44,295 BFS vertex 12. Time: 4.7206878662109375e-05s
2023-08-02 05:30:44,295 BFS vertex 19. Time: 6.175041198730469e-05s
2023-08-02 05:30:44,302 Saving degreeList on disk...
2023-08-02 05:30:44,302 Saving variable on disk...
2023-08-02 05:30:44,303 Variable saved. Time: 1.1523564656575521e-05m
2023-08-02 05:30:44,303 Execution time - BFS: 0.00045682986577351886m
2023-08-02 05:30:44,308 Creating degree vectors...
2023-08-02 05:30:44,308 Degree vectors created.
2023-08-02 05:30:44,308 Saving degree vectors...
2023-08-02 05:30:44,308 Saving variable on disk...
2023-08-02 05:30:44,309 Variable saved. Time: 2.7418136596679688e-06m
2023-08-02 05:30:44,309 Using compactDegree: True
2023-08-02 05:30:44,309 Calculations until layer: 6
2023-08-02 05:30:44,309 Split degree List...
2023-08-02 05:30:44,312 Recovering compactDegreeList from disk...
2023-08-02 05:30:44,312 Recovering variable...
2023-08-02 05:30:44,312 Variable recovered. Time: 4.3352444966634115e-06m
2023-08-02 05:30:44,313 Recovering degree vector from disk...
2023-08-02 05:30:44,313 Recovering variable...
2023-08-02 05:30:44,313 Variable recovered. Time: 9.139378865559896e-07m
2023-08-02 05:30:44,313 Saving variable on disk...
2023-08-02 05:30:44,313 Variable saved. Time: 1.2596448262532552e-06m
2023-08-02 05:30:44,313 Saving variable on disk...
2023-08-02 05:30:44,313 Variable saved. Time: 3.2623608907063803e-06m
2023-08-02 05:30:44,313 degreeList 1 completed.
2023-08-02 05:30:44,314 Recovering compactDegreeList from disk...
2023-08-02 05:30:44,314 Recovering variable...
2023-08-02 05:30:44,314 Variable recovered. Time: 1.152356465657552e-06m
2023-08-02 05:30:44,314 Recovering degree vector from disk...
2023-08-02 05:30:44,314 Recovering variable...
2023-08-02 05:30:44,314 Variable recovered. Time: 4.847844441731771e-07m
