2023-08-02 05:30:43,377  - Loading graph...
2023-08-02 05:30:43,377  - Graph loaded.
2023-08-02 05:30:43,377  - Converting graph to dict...
2023-08-02 05:30:43,377 Graph converted.
2023-08-02 05:30:43,377 Graph - Number of vertices: 4
2023-08-02 05:30:43,377 Graph - Number of edges: 4.0
2023-08-02 05:30:43,392 Capturing larger degree...
2023-08-02 05:30:43,392 Larger degree captured
2023-08-02 05:30:43,413 BFS vertex 1. Time: 0.00011897087097167969s
2023-08-02 05:30:43,413 BFS vertex 3. Time: 0.0001251697540283203s
2023-08-02 05:30:43,413 BFS vertex 4. Time: 0.00015282630920410156s
2023-08-02 05:30:43,413 BFS vertex 2. Time: 0.00012683868408203125s
2023-08-02 05:30:43,418 Saving degreeList on disk...
2023-08-02 05:30:43,418 Saving variable on disk...
2023-08-02 05:30:43,418 Variable saved. Time: 4.180272420247396e-06m
2023-08-02 05:30:43,418 Execution time - BFS: 0.0004410862922668457m
2023-08-02 05:30:43,422 Creating degree vectors...
2023-08-02 05:30:43,422 Degree vectors created.
2023-08-02 05:30:43,422 Saving degree vectors...
2023-08-02 05:30:43,422 Saving variable on disk...
2023-08-02 05:30:43,422 Variable saved. Time: 2.3404757181803385e-06m
2023-08-02 05:30:43,422 Using compactDegree: True
2023-08-02 05:30:43,422 Calculations until layer: 6
2023-08-02 05:30:43,423 Split degree List...
2023-08-02 05:30:43,425 Recovering compactDegreeList from disk...
2023-08-02 05:30:43,426 Recovering variable...
2023-08-02 05:30:43,426 Variable recovered. Time: 6.087621053059896e-06m
2023-08-02 05:30:43,426 Recovering degree vector from disk...
2023-08-02 05:30:43,426 Recovering variable...
2023-08-02 05:30:43,426 Variable recovered. Time: 1.5576680501302083e-06m
2023-08-02 05:30:43,427 Saving variable on disk...
2023-08-02 05:30:43,427 Variable saved. Time: 1.6927719116210937e-06m
2023-08-02 05:30:43,427 Saving variable on disk...
2023-08-02 05:30:43,427 Variable saved. Time: 8.106231689453125e-07m
2023-08-02 05:30:43,427 degreeList 1 completed.
2023-08-02 05:30:43,428 Recovering compactDegreeList from disk...
2023-08-02 05:30:43,428 Recovering variable...
2023-08-02 05:30:43,428 Variable recovered. Time: 7.073084513346354e-07m
2023-08-02 05:30:43,428 Recovering degree vector from disk...
2023-08-02 05:30:43,428 Recovering variable...
2023-08-02 05:30:43,428 Variable recovered. Time: 3.933906555175781e-07m
2023-08-02 05:30:43,428 Saving variable on disk...
2023-08-02 05:30:43,428 Variable saved. Time: 8.463859558105468e-07m
2023-08-02 05:30:43,428 Saving variable on disk...
2023-08-02 05:30:43,428 Variable saved. Time: 2.6981035868326822e-06m
2023-08-02 05:30:43,428 degreeList 2 completed.
2023-08-02 05:30:43,429 Recovering compactDegreeList from disk...
2023-08-02 05:30:43,429 Recovering variable...
2023-08-02 05:30:43,429 Variable recovered. Time: 6.635983784993489e-07m
2023-08-02 05:30:43,429 Recovering degree vector from disk...
2023-08-02 05:30:43,429 Recovering variable...
2023-08-02 05:30:43,429 Variable recovered. Time: 6.357828776041666e-07m
2023-08-02 05:30:43,429 Saving variable on disk...
2023-08-02 05:30:43,429 Variable saved. Time: 6.437301635742188e-07m
2023-08-02 05:30:43,429 Saving variable on disk...
2023-08-02 05:30:43,429 Variable saved. Time: 2.018610636393229e-06m
2023-08-02 05:30:43,429 degreeList 3 completed.
2023-08-02 05:30:43,430 Recovering compactDegreeList from disk...
2023-08-02 05:30:43,430 Recovering variable...
2023-08-02 05:30:43,430 Variable recovered. Time: 6.000200907389323e-07m
2023-08-02 05:30:43,430 Recovering degree vector from disk...
2023-08-02 05:30:43,430 Recovering variable...
2023-08-02 05:30:43,430 Variable recovered. Time: 5.642573038736979e-07m
2023-08-02 05:30:43,430 Saving variable on disk...
2023-08-02 05:30:43,430 Variable saved. Time: 6.715456644694011e-07m
2023-08-02 05:30:43,430 Saving variable on disk...
2023-08-02 05:30:43,430 Variable saved. Time: 5.443890889485677e-07m
2023-08-02 05:30:43,430 degreeList 4 completed.
2023-08-02 05:30:43,431 Recovering compactDegreeList from disk...
2023-08-02 05:30:43,431 Recovering variable...
2023-08-02 05:30:43,431 Variable recovered. Time: 6.67572021484375e-07m
2023-08-02 05:30:43,431 Recovering degree vector from disk...
2023-08-02 05:30:43,431 Recovering variable...
2023-08-02 05:30:43,431 Variable recovered. Time: 4.0531158447265624e-07m
2023-08-02 05:30:43,431 Saving variable on disk...
2023-08-02 05:30:43,431 Variable saved. Time: 6.477038065592448e-07m
2023-08-02 05:30:43,431 Saving variable on disk...
2023-08-02 05:30:43,431 Variable saved. Time: 5.483627319335937e-07m
2023-08-02 05:30:43,431 degreeList 5 completed.
2023-08-02 05:30:43,431 Recovering compactDegreeList from disk...
2023-08-02 05:30:43,431 Recovering variable...
2023-08-02 05:30:43,432 Variable recovered. Time: 8.463859558105468e-07m
2023-08-02 05:30:43,432 Recovering degree vector from disk...
2023-08-02 05:30:43,432 Recovering variable...
2023-08-02 05:30:43,432 Variable recovered. Time: 4.1325887044270835e-07m
2023-08-02 05:30:43,432 Saving variable on disk...
2023-08-02 05:30:43,432 Variable saved. Time: 6.635983784993489e-07m
2023-08-02 05:30:43,432 Saving variable on disk...
2023-08-02 05:30:43,432 Variable saved. Time: 1.6729036966959635e-06m
2023-08-02 05:30:43,432 degreeList 6 completed.
2023-08-02 05:30:43,432 Recovering compactDegreeList from disk...
2023-08-02 05:30:43,432 Recovering variable...
2023-08-02 05:30:43,432 Variable recovered. Time: 6.000200907389323e-07m
2023-08-02 05:30:43,432 Recovering degree vector from disk...
2023-08-02 05:30:43,432 Recovering variable...
2023-08-02 05:30:43,433 Variable recovered. Time: 4.172325134277344e-07m
2023-08-02 05:30:43,433 Saving variable on disk...
2023-08-02 05:30:43,433 Variable saved. Time: 6.238619486490885e-07m
2023-08-02 05:30:43,433 Saving variable on disk...
2023-08-02 05:30:43,433 Variable saved. Time: 1.8318494160970053e-06m
2023-08-02 05:30:43,433 degreeList 7 completed.
2023-08-02 05:30:43,433 Recovering compactDegreeList from disk...
2023-08-02 05:30:43,433 Recovering variable...
2023-08-02 05:30:43,433 Variable recovered. Time: 6.119410196940105e-07m
2023-08-02 05:30:43,433 Recovering degree vector from disk...
2023-08-02 05:30:43,433 Recovering variable...
2023-08-02 05:30:43,433 Variable recovered. Time: 3.695487976074219e-07m
2023-08-02 05:30:43,433 Saving variable on disk...
2023-08-02 05:30:43,433 Variable saved. Time: 7.867813110351562e-07m
2023-08-02 05:30:43,434 Saving variable on disk...
2023-08-02 05:30:43,434 Variable saved. Time: 5.523363749186198e-07m
2023-08-02 05:30:43,434 degreeList 8 completed.
2023-08-02 05:30:43,436 Executing part 1...
2023-08-02 05:30:43,452 Executing part 2...
2023-08-02 05:30:43,453 Executing part 3...
2023-08-02 05:30:43,453 Executing part 4...
2023-08-02 05:30:43,453 Executing part 5...
2023-08-02 05:30:43,453 Executing part 6...
2023-08-02 05:30:43,453 Executing part 7...
2023-08-02 05:30:43,453 Executing part 8...
2023-08-02 05:30:43,454 Receiving results...
2023-08-02 05:30:43,454 Recovering variable...
2023-08-02 05:30:43,454 Variable recovered. Time: 1.0887781778971354e-06m
2023-08-02 05:30:43,454 Recovering variable...
2023-08-02 05:30:43,454 Variable recovered. Time: 3.139177958170573e-07m
2023-08-02 05:30:43,454 Consolidating distances...
2023-08-02 05:30:43,454 Distances consolidated.
2023-08-02 05:30:43,454 Saving variable on disk...
2023-08-02 05:30:43,454 Recovering variable...
2023-08-02 05:30:43,454 Variable recovered. Time: 1.1722246805826824e-06m
2023-08-02 05:30:43,454 Variable saved. Time: 2.47955322265625e-06m
2023-08-02 05:30:43,455 Recovering variable...
2023-08-02 05:30:43,454 Recovering variable...
2023-08-02 05:30:43,455 Variable recovered. Time: 4.875659942626953e-06m
2023-08-02 05:30:43,455 Variable recovered. Time: 1.3828277587890625e-06m
2023-08-02 05:30:43,455 Recovering variable...
2023-08-02 05:30:43,455 Recovering variable...
2023-08-02 05:30:43,455 Variable recovered. Time: 5.594889322916666e-06m
2023-08-02 05:30:43,455 fastDTW between vertices (3, 1). Time: 0.0005013942718505859s
2023-08-02 05:30:43,455 Variable recovered. Time: 1.2715657552083333e-06m
2023-08-02 05:30:43,455 Part 1 completed.
2023-08-02 05:30:43,455 Recovering variable...
2023-08-02 05:30:43,456 fastDTW between vertices (3, 4). Time: 6.532669067382812e-05s
2023-08-02 05:30:43,455 Recovering variable...
2023-08-02 05:30:43,456 Variable recovered. Time: 4.847844441731771e-07m
2023-08-02 05:30:43,456 fastDTW between vertices (3, 2). Time: 3.170967102050781e-05s
2023-08-02 05:30:43,456 Consolidating distances...
2023-08-02 05:30:43,456 Consolidating distances...
2023-08-02 05:30:43,456 Distances consolidated.
2023-08-02 05:30:43,456 Distances consolidated.
2023-08-02 05:30:43,456 Saving variable on disk...
2023-08-02 05:30:43,456 Variable recovered. Time: 1.0689099629720052e-06m
2023-08-02 05:30:43,456 Saving variable on disk...
2023-08-02 05:30:43,456 Recovering variable...
2023-08-02 05:30:43,456 Variable recovered. Time: 2.384185791015625e-07m
2023-08-02 05:30:43,456 Consolidating distances...
2023-08-02 05:30:43,456 Distances consolidated.
2023-08-02 05:30:43,456 fastDTW between vertices (1, 4). Time: 0.0004887580871582031s
2023-08-02 05:30:43,456 Saving variable on disk...
2023-08-02 05:30:43,456 Variable saved. Time: 2.5312105814615887e-06m
2023-08-02 05:30:43,456 Variable saved. Time: 1.1086463928222657e-06m
2023-08-02 05:30:43,456 fastDTW between vertices (1, 3). Time: 6.67572021484375e-05s
2023-08-02 05:30:43,456 Variable saved. Time: 3.977616628011068e-06m
2023-08-02 05:30:43,456 Recovering variable...
2023-08-02 05:30:43,456 fastDTW between vertices (1, 2). Time: 9.322166442871094e-05s
2023-08-02 05:30:43,456 Recovering variable...
2023-08-02 05:30:43,456 Recovering variable...
2023-08-02 05:30:43,456 Variable recovered. Time: 1.0291735331217447e-06m
2023-08-02 05:30:43,456 Consolidating distances...
2023-08-02 05:30:43,456 Recovering variable...
2023-08-02 05:30:43,456 Distances consolidated.
2023-08-02 05:30:43,456 Saving variable on disk...
2023-08-02 05:30:43,456 Variable recovered. Time: 8.821487426757813e-07m
2023-08-02 05:30:43,456 Variable recovered. Time: 1.1205673217773438e-06m
2023-08-02 05:30:43,456 Recovering variable...
2023-08-02 05:30:43,456 Recovering variable...
2023-08-02 05:30:43,456 Variable recovered. Time: 2.5431315104166666e-07m
2023-08-02 05:30:43,456 Consolidating distances...
2023-08-02 05:30:43,456 Distances consolidated.
2023-08-02 05:30:43,456 Saving variable on disk...
2023-08-02 05:30:43,456 Variable recovered. Time: 3.854433695475261e-06m
2023-08-02 05:30:43,456 Variable saved. Time: 3.258387247721354e-06m
2023-08-02 05:30:43,457 Variable saved. Time: 1.3271967569986979e-06m
2023-08-02 05:30:43,457 Part 2 completed.
2023-08-02 05:30:43,457 Variable recovered. Time: 6.2068303426106775e-06m
2023-08-02 05:30:43,457 Part 5 completed.
2023-08-02 05:30:43,457 fastDTW between vertices (4, 1). Time: 0.000438690185546875s
2023-08-02 05:30:43,457 Part 4 completed.
2023-08-02 05:30:43,457 Part 3 completed.
2023-08-02 05:30:43,457 fastDTW between vertices (4, 3). Time: 5.340576171875e-05s
2023-08-02 05:30:43,457 fastDTW between vertices (2, 1). Time: 0.00030159950256347656s
2023-08-02 05:30:43,457 fastDTW between vertices (4, 2). Time: 5.054473876953125e-05s
2023-08-02 05:30:43,457 Consolidating distances...
2023-08-02 05:30:43,457 Part 8 completed.
2023-08-02 05:30:43,457 Distances consolidated.
2023-08-02 05:30:43,457 fastDTW between vertices (2, 4). Time: 6.365776062011719e-05s
2023-08-02 05:30:43,457 Saving variable on disk...
2023-08-02 05:30:43,457 fastDTW between vertices (2, 3). Time: 4.887580871582031e-05s
2023-08-02 05:30:43,457 Consolidating distances...
2023-08-02 05:30:43,457 Distances consolidated.
2023-08-02 05:30:43,457 Variable saved. Time: 3.1987826029459634e-06m
2023-08-02 05:30:43,457 Saving variable on disk...
2023-08-02 05:30:43,458 Variable saved. Time: 2.9206275939941406e-06m
2023-08-02 05:30:43,458 Part 6 completed.
2023-08-02 05:30:43,458 Part 7 completed.
2023-08-02 05:30:43,469 Creating distance network...
2023-08-02 05:30:43,474 Executing part 1...
2023-08-02 05:30:43,474 Recovering variable...
2023-08-02 05:30:43,474 Variable recovered. Time: 1.0013580322265625e-06m
2023-08-02 05:30:43,474 Part 1 executed.
2023-08-02 05:30:43,474 Executing part 2...
2023-08-02 05:30:43,474 Recovering variable...
2023-08-02 05:30:43,474 Variable recovered. Time: 1.8556912740071614e-06m
2023-08-02 05:30:43,474 Part 2 executed.
2023-08-02 05:30:43,474 Executing part 3...
2023-08-02 05:30:43,475 Recovering variable...
2023-08-02 05:30:43,475 Variable recovered. Time: 8.54333241780599e-07m
2023-08-02 05:30:43,475 Part 3 executed.
2023-08-02 05:30:43,475 Executing part 4...
2023-08-02 05:30:43,475 Recovering variable...
2023-08-02 05:30:43,475 Variable recovered. Time: 2.940495808919271e-07m
2023-08-02 05:30:43,475 Part 4 executed.
2023-08-02 05:30:43,475 Executing part 5...
2023-08-02 05:30:43,475 Recovering variable...
2023-08-02 05:30:43,475 Variable recovered. Time: 3.0597050984700523e-07m
2023-08-02 05:30:43,475 Part 5 executed.
2023-08-02 05:30:43,475 Executing part 6...
2023-08-02 05:30:43,475 Recovering variable...
2023-08-02 05:30:43,475 Variable recovered. Time: 5.483627319335937e-07m
2023-08-02 05:30:43,475 Part 6 executed.
2023-08-02 05:30:43,475 Executing part 7...
2023-08-02 05:30:43,475 Recovering variable...
2023-08-02 05:30:43,475 Variable recovered. Time: 6.914138793945312e-07m
2023-08-02 05:30:43,475 Part 7 executed.
2023-08-02 05:30:43,475 Executing part 8...
2023-08-02 05:30:43,475 Recovering variable...
2023-08-02 05:30:43,476 Variable recovered. Time: 3.178914388020833e-07m
2023-08-02 05:30:43,476 Part 8 executed.
2023-08-02 05:30:43,476 Saving variable on disk...
2023-08-02 05:30:43,476 Variable saved. Time: 4.665056864420573e-06m
2023-08-02 05:30:43,476 Saving variable on disk...
2023-08-02 05:30:43,476 Variable saved. Time: 1.9192695617675783e-06m
2023-08-02 05:30:43,476 Saving variable on disk...
2023-08-02 05:30:43,476 Variable saved. Time: 1.6570091247558594e-06m
2023-08-02 05:30:43,479 - Time - part 1: 0.010481119155883789s
2023-08-02 05:30:43,484 Executing part 1...
2023-08-02 05:30:43,484 Recovering variable...
2023-08-02 05:30:43,484 Variable recovered. Time: 1.1245409647623698e-06m
2023-08-02 05:30:43,484 Part 1 executed.
2023-08-02 05:30:43,484 Executing part 2...
2023-08-02 05:30:43,484 Recovering variable...
2023-08-02 05:30:43,484 Variable recovered. Time: 1.899401346842448e-06m
2023-08-02 05:30:43,484 Part 2 executed.
2023-08-02 05:30:43,484 Executing part 3...
2023-08-02 05:30:43,484 Recovering variable...
2023-08-02 05:30:43,484 Variable recovered. Time: 5.642573038736979e-07m
2023-08-02 05:30:43,484 Part 3 executed.
2023-08-02 05:30:43,484 Executing part 4...
2023-08-02 05:30:43,484 Recovering variable...
2023-08-02 05:30:43,484 Variable recovered. Time: 1.8676122029622396e-07m
2023-08-02 05:30:43,484 Part 4 executed.
2023-08-02 05:30:43,484 Executing part 5...
2023-08-02 05:30:43,484 Recovering variable...
2023-08-02 05:30:43,484 Variable recovered. Time: 1.629193623860677e-07m
2023-08-02 05:30:43,485 Part 5 executed.
2023-08-02 05:30:43,485 Executing part 6...
2023-08-02 05:30:43,485 Recovering variable...
2023-08-02 05:30:43,485 Variable recovered. Time: 3.7749608357747394e-07m
2023-08-02 05:30:43,485 Part 6 executed.
2023-08-02 05:30:43,485 Executing part 7...
2023-08-02 05:30:43,485 Recovering variable...
2023-08-02 05:30:43,485 Variable recovered. Time: 4.0531158447265624e-07m
2023-08-02 05:30:43,485 Part 7 executed.
2023-08-02 05:30:43,485 Executing part 8...
2023-08-02 05:30:43,485 Recovering variable...
2023-08-02 05:30:43,485 Variable recovered. Time: 1.7484029134114582e-07m
2023-08-02 05:30:43,485 Part 8 executed.
2023-08-02 05:30:43,485 Saving variable on disk...
2023-08-02 05:30:43,485 Variable saved. Time: 6.397565205891927e-07m
2023-08-02 05:30:43,485 Saving variable on disk...
2023-08-02 05:30:43,485 Variable saved. Time: 4.013379414876302e-07m
2023-08-02 05:30:43,485 Saving variable on disk...
2023-08-02 05:30:43,485 Variable saved. Time: 3.5762786865234375e-07m
2023-08-02 05:30:43,487 - Time - part 2: 0.0075337886810302734s
2023-08-02 05:30:43,487 distance network created.
2023-08-02 05:30:43,487 Transforming distances into weights...
2023-08-02 05:30:43,496 Recovering variable...
2023-08-02 05:30:43,496 Variable recovered. Time: 1.0132789611816406e-06m
2023-08-02 05:30:43,496 Recovering variable...
2023-08-02 05:30:43,497 Variable recovered. Time: 2.5510787963867186e-06m
2023-08-02 05:30:43,497 Executing layer 0...
2023-08-02 05:30:43,497 Saving variable on disk...
2023-08-02 05:30:43,497 Variable saved. Time: 3.6597251892089843e-06m
2023-08-02 05:30:43,497 Saving variable on disk...
2023-08-02 05:30:43,497 Variable saved. Time: 1.9113222757975262e-06m
2023-08-02 05:30:43,497 Saving variable on disk...
2023-08-02 05:30:43,498 Variable saved. Time: 9.735425313313801e-07m
2023-08-02 05:30:43,498 Layer 0 executed.
2023-08-02 05:30:43,498 Recovering variable...
2023-08-02 05:30:43,498 Variable recovered. Time: 2.86102294921875e-07m
2023-08-02 05:30:43,498 Recovering variable...
2023-08-02 05:30:43,498 Variable recovered. Time: 4.688898722330729e-07m
2023-08-02 05:30:43,498 Executing layer 1...
2023-08-02 05:30:43,498 Saving variable on disk...
2023-08-02 05:30:43,498 Variable saved. Time: 1.8000602722167968e-06m
2023-08-02 05:30:43,498 Saving variable on disk...
2023-08-02 05:30:43,498 Variable saved. Time: 9.298324584960937e-07m
2023-08-02 05:30:43,498 Saving variable on disk...
2023-08-02 05:30:43,498 Variable saved. Time: 9.49700673421224e-07m
2023-08-02 05:30:43,498 Layer 1 executed.
2023-08-02 05:30:43,498 Recovering variable...
2023-08-02 05:30:43,498 Variable recovered. Time: 2.3047129313151042e-07m
2023-08-02 05:30:43,498 Recovering variable...
2023-08-02 05:30:43,498 Variable recovered. Time: 3.933906555175781e-07m
2023-08-02 05:30:43,498 Executing layer 2...
2023-08-02 05:30:43,498 Saving variable on disk...
2023-08-02 05:30:43,499 Variable saved. Time: 1.1960665384928385e-06m
2023-08-02 05:30:43,499 Saving variable on disk...
2023-08-02 05:30:43,499 Variable saved. Time: 9.338061014811198e-07m
2023-08-02 05:30:43,499 Saving variable on disk...
2023-08-02 05:30:43,499 Variable saved. Time: 8.54333241780599e-07m
2023-08-02 05:30:43,499 Layer 2 executed.
2023-08-02 05:30:43,499 Weights created.
2023-08-02 05:30:43,501 - Time - part 3: 0.013513565063476562s
2023-08-02 05:30:43,504 Consolidating graphs...
2023-08-02 05:30:43,504 Executing layer 0...
2023-08-02 05:30:43,505 Recovering variable...
2023-08-02 05:30:43,505 Variable recovered. Time: 1.2516975402832031e-06m
2023-08-02 05:30:43,505 Layer 0 executed.
2023-08-02 05:30:43,505 Executing layer 1...
2023-08-02 05:30:43,505 Recovering variable...
2023-08-02 05:30:43,505 Variable recovered. Time: 3.139177958170573e-07m
2023-08-02 05:30:43,505 Layer 1 executed.
2023-08-02 05:30:43,505 Executing layer 2...
2023-08-02 05:30:43,505 Recovering variable...
2023-08-02 05:30:43,505 Variable recovered. Time: 2.582867940266927e-07m
2023-08-02 05:30:43,505 Layer 2 executed.
2023-08-02 05:30:43,505 Saving distancesNets on disk...
2023-08-02 05:30:43,505 Saving variable on disk...
2023-08-02 05:30:43,505 Variable saved. Time: 9.973843892415365e-07m
2023-08-02 05:30:43,505 Graphs consolidated.
2023-08-02 05:30:43,508 - Time - part 4: 0.006598234176635742s
2023-08-02 05:30:43,511 Executing layer 0...
2023-08-02 05:30:43,512 Recovering variable...
2023-08-02 05:30:43,512 Variable recovered. Time: 4.712740580240885e-06m
2023-08-02 05:30:43,512 Layer 0 executed.
2023-08-02 05:30:43,512 Executing layer 1...
2023-08-02 05:30:43,512 Recovering variable...
2023-08-02 05:30:43,512 Variable recovered. Time: 9.417533874511719e-07m
2023-08-02 05:30:43,512 Layer 1 executed.
2023-08-02 05:30:43,512 Executing layer 2...
2023-08-02 05:30:43,512 Recovering variable...
2023-08-02 05:30:43,512 Variable recovered. Time: 9.814898173014322e-07m
2023-08-02 05:30:43,512 Layer 2 executed.
2023-08-02 05:30:43,513 Saving nets_weights_alias_method_j on disk...
2023-08-02 05:30:43,513 Saving variable on disk...
2023-08-02 05:30:43,513 Variable saved. Time: 6.620089213053385e-06m
2023-08-02 05:30:43,515 - Time - part 5: 0.007714509963989258s
2023-08-02 05:30:43,518 Executing layer 0...
2023-08-02 05:30:43,518 Recovering variable...
2023-08-02 05:30:43,519 Variable recovered. Time: 2.745787302652995e-06m
2023-08-02 05:30:43,519 Layer 0 executed.
2023-08-02 05:30:43,519 Executing layer 1...
2023-08-02 05:30:43,519 Recovering variable...
2023-08-02 05:30:43,519 Variable recovered. Time: 6.834665934244792e-07m
2023-08-02 05:30:43,519 Layer 1 executed.
2023-08-02 05:30:43,519 Executing layer 2...
2023-08-02 05:30:43,519 Recovering variable...
2023-08-02 05:30:43,519 Variable recovered. Time: 6.596247355143229e-07m
2023-08-02 05:30:43,519 Layer 2 executed.
2023-08-02 05:30:43,519 Saving nets_weights_alias_method_q on disk...
2023-08-02 05:30:43,519 Saving variable on disk...
2023-08-02 05:30:43,519 Variable saved. Time: 3.981590270996094e-06m
2023-08-02 05:30:43,521 - Time - part 6: 0.005660533905029297s
2023-08-02 05:30:43,527 Loading distances_nets from disk...
2023-08-02 05:30:43,527 Executing layer 0...
2023-08-02 05:30:43,527 Recovering variable...
2023-08-02 05:30:43,528 Variable recovered. Time: 2.6305516560872396e-06m
2023-08-02 05:30:43,528 Layer 0 executed.
2023-08-02 05:30:43,528 Executing layer 1...
2023-08-02 05:30:43,528 Recovering variable...
2023-08-02 05:30:43,528 Variable recovered. Time: 6.914138793945312e-07m
2023-08-02 05:30:43,528 Layer 1 executed.
2023-08-02 05:30:43,528 Executing layer 2...
2023-08-02 05:30:43,528 Recovering variable...
2023-08-02 05:30:43,528 Variable recovered. Time: 6.278355916341146e-07m
2023-08-02 05:30:43,528 Layer 2 executed.
2023-08-02 05:30:43,528 Saving average_weights on disk...
2023-08-02 05:30:43,528 Saving variable on disk...
2023-08-02 05:30:43,528 Variable saved. Time: 2.8292338053385418e-06m
2023-08-02 05:30:43,528 Executing layer 0...
2023-08-02 05:30:43,528 Recovering variable...
2023-08-02 05:30:43,528 Variable recovered. Time: 4.7286351521809897e-07m
2023-08-02 05:30:43,528 Layer 0 executed.
2023-08-02 05:30:43,529 Executing layer 1...
2023-08-02 05:30:43,529 Recovering variable...
2023-08-02 05:30:43,529 Variable recovered. Time: 4.0531158447265624e-07m
2023-08-02 05:30:43,529 Layer 1 executed.
2023-08-02 05:30:43,529 Executing layer 2...
2023-08-02 05:30:43,529 Recovering variable...
2023-08-02 05:30:43,529 Variable recovered. Time: 4.291534423828125e-07m
2023-08-02 05:30:43,529 Layer 2 executed.
2023-08-02 05:30:43,529 Saving amount_neighbours on disk...
2023-08-02 05:30:43,529 Saving variable on disk...
2023-08-02 05:30:43,529 Variable saved. Time: 6.477038065592448e-07m
2023-08-02 05:30:43,533 Loading distances_nets on disk...
2023-08-02 05:30:43,533 Recovering variable...
2023-08-02 05:30:43,533 Variable recovered. Time: 9.65595245361328e-07m
2023-08-02 05:30:43,534 Recovering variable...
2023-08-02 05:30:43,534 Variable recovered. Time: 3.274281819661458e-06m
2023-08-02 05:30:43,534 Recovering variable...
2023-08-02 05:30:43,534 Variable recovered. Time: 1.3907750447591145e-06m
2023-08-02 05:30:43,534 Recovering variable...
2023-08-02 05:30:43,534 Variable recovered. Time: 3.7749608357747394e-07m
2023-08-02 05:30:43,534 Creating RWs...
2023-08-02 05:30:43,544 Receiving results...
2023-08-02 05:30:43,546 RW - vertex 3. Time : 0.0003650188446044922s
2023-08-02 05:30:43,546 RW - vertex 1. Time : 0.0002071857452392578s
2023-08-02 05:30:43,547 RW - vertex 2. Time : 0.00020599365234375s
2023-08-02 05:30:43,547 RW - vertex 4. Time : 0.00022482872009277344s
2023-08-02 05:30:43,547 RW - vertex 3. Time : 0.00033211708068847656s
2023-08-02 05:30:43,547 RW - vertex 3. Time : 0.0003249645233154297s
2023-08-02 05:30:43,547 RW - vertex 1. Time : 0.00027489662170410156s
2023-08-02 05:30:43,547 RW - vertex 1. Time : 0.00023436546325683594s
2023-08-02 05:30:43,547 RW - vertex 3. Time : 0.0004546642303466797s
2023-08-02 05:30:43,547 RW - vertex 2. Time : 0.00021719932556152344s
2023-08-02 05:30:43,547 RW - vertex 3. Time : 0.00021004676818847656s
2023-08-02 05:30:43,547 RW - vertex 3. Time : 0.0005385875701904297s
2023-08-02 05:30:43,548 Iteration 0 executed.
2023-08-02 05:30:43,548 RW - vertex 2. Time : 0.0003046989440917969s
2023-08-02 05:30:43,548 RW - vertex 4. Time : 0.0001976490020751953s
2023-08-02 05:30:43,548 RW - vertex 1. Time : 0.0001888275146484375s
2023-08-02 05:30:43,548 RW - vertex 3. Time : 0.0005040168762207031s
2023-08-02 05:30:43,548 RW - vertex 1. Time : 0.0004215240478515625s
2023-08-02 05:30:43,548 RW - vertex 4. Time : 0.00022912025451660156s
2023-08-02 05:30:43,548 RW - vertex 1. Time : 0.00027680397033691406s
2023-08-02 05:30:43,548 RW - vertex 2. Time : 0.00025010108947753906s
2023-08-02 05:30:43,548 Iteration 1 executed.
2023-08-02 05:30:43,548 RW - vertex 3. Time : 0.0005819797515869141s
2023-08-02 05:30:43,548 RW - vertex 3. Time : 0.0004851818084716797s
2023-08-02 05:30:43,548 RW - vertex 4. Time : 0.00021314620971679688s
2023-08-02 05:30:43,548 RW - vertex 1. Time : 0.0003829002380371094s
2023-08-02 05:30:43,548 RW - vertex 3. Time : 0.00028896331787109375s
2023-08-02 05:30:43,548 Iteration 2 executed.
2023-08-02 05:30:43,548 RW - vertex 1. Time : 0.00026345252990722656s
2023-08-02 05:30:43,548 RW - vertex 2. Time : 0.0004258155822753906s
2023-08-02 05:30:43,548 RW - vertex 2. Time : 0.000408172607421875s
2023-08-02 05:30:43,549 Iteration 8 executed.
2023-08-02 05:30:43,549 RW - vertex 1. Time : 0.00041413307189941406s
2023-08-02 05:30:43,549 RW - vertex 2. Time : 0.00021648406982421875s
2023-08-02 05:30:43,549 RW - vertex 1. Time : 0.00032591819763183594s
2023-08-02 05:30:43,549 RW - vertex 2. Time : 0.00034046173095703125s
2023-08-02 05:30:43,549 RW - vertex 4. Time : 0.00020122528076171875s
2023-08-02 05:30:43,549 RW - vertex 4. Time : 0.00042128562927246094s
2023-08-02 05:30:43,549 RW - vertex 2. Time : 0.00020122528076171875s
2023-08-02 05:30:43,549 RW - vertex 4. Time : 0.0002205371856689453s
2023-08-02 05:30:43,549 Iteration 4 executed.
2023-08-02 05:30:43,549 RW - vertex 2. Time : 0.0004436969757080078s
2023-08-02 05:30:43,549 RW - vertex 4. Time : 0.0003695487976074219s
2023-08-02 05:30:43,549 RW - vertex 4. Time : 0.000225067138671875s
2023-08-02 05:30:43,549 RW - vertex 4. Time : 0.0002532005310058594s
2023-08-02 05:30:43,550 Iteration 7 executed.
2023-08-02 05:30:43,550 Iteration 3 executed.
2023-08-02 05:30:43,550 Iteration 9 executed.
2023-08-02 05:30:43,550 Iteration 5 executed.
2023-08-02 05:30:43,550 Iteration 6 executed.
2023-08-02 05:30:43,553 RWs created. Time: 0.00031803051630655926m
2023-08-02 05:30:43,553 Saving Random Walks on disk...
2023-08-02 05:30:43,556 Initializing creation of the representations...
2023-08-02 05:30:43,556 collecting all words and their counts
2023-08-02 05:30:43,556 {'uri': 'random_walks.txt', 'mode': 'rb', 'buffering': -1, 'encoding': None, 'errors': None, 'newline': None, 'closefd': True, 'opener': None, 'compression': 'infer_from_extension', 'transport_params': None}
2023-08-02 05:30:43,556 PROGRESS: at sentence #0, processed 0 words, keeping 0 word types
2023-08-02 05:30:43,557 collected 4 word types from a corpus of 3200 raw words and 40 sentences
2023-08-02 05:30:43,557 Creating a fresh vocabulary
2023-08-02 05:30:43,557 starting a new internal lifecycle event log for Word2Vec
2023-08-02 05:30:43,558 Word2Vec lifecycle event {'msg': 'effective_min_count=0 retains 4 unique words (100.00% of original 4, drops 0)', 'datetime': '2023-08-02T05:30:43.557123', 'gensim': '4.3.1', 'python': '3.10.9 (main, Mar  1 2023, 18:23:06) [GCC 11.2.0]', 'platform': 'Linux-5.15.90.1-microsoft-standard-WSL2-x86_64-with-glibc2.35', 'event': 'prepare_vocab'}
2023-08-02 05:30:43,558 Word2Vec lifecycle event {'msg': 'effective_min_count=0 leaves 3200 word corpus (100.00% of original 3200, drops 0)', 'datetime': '2023-08-02T05:30:43.558157', 'gensim': '4.3.1', 'python': '3.10.9 (main, Mar  1 2023, 18:23:06) [GCC 11.2.0]', 'platform': 'Linux-5.15.90.1-microsoft-standard-WSL2-x86_64-with-glibc2.35', 'event': 'prepare_vocab'}
2023-08-02 05:30:43,558 deleting the raw counts dictionary of 4 items
2023-08-02 05:30:43,558 sample=0.001 downsamples 4 most-common words
2023-08-02 05:30:43,558 Word2Vec lifecycle event {'msg': 'downsampling leaves estimated 205.98541095180832 word corpus (6.4%% of prior 3200)', 'datetime': '2023-08-02T05:30:43.558324', 'gensim': '4.3.1', 'python': '3.10.9 (main, Mar  1 2023, 18:23:06) [GCC 11.2.0]', 'platform': 'Linux-5.15.90.1-microsoft-standard-WSL2-x86_64-with-glibc2.35', 'event': 'prepare_vocab'}
2023-08-02 05:30:43,558 constructing a huffman tree from 4 words
2023-08-02 05:30:43,558 built huffman tree with maximum node depth 3
2023-08-02 05:30:43,558 estimated required memory for 4 words and 128 dimensions: 8944 bytes
2023-08-02 05:30:43,558 resetting layer weights
2023-08-02 05:30:43,558 Word2Vec lifecycle event {'update': False, 'trim_rule': 'None', 'datetime': '2023-08-02T05:30:43.558832', 'gensim': '4.3.1', 'python': '3.10.9 (main, Mar  1 2023, 18:23:06) [GCC 11.2.0]', 'platform': 'Linux-5.15.90.1-microsoft-standard-WSL2-x86_64-with-glibc2.35', 'event': 'build_vocab'}
2023-08-02 05:30:43,558 Both hierarchical softmax and negative sampling are activated. This is probably a mistake. You should set either 'hs=0' or 'negative=0' to disable one of them. 
2023-08-02 05:30:43,558 Word2Vec lifecycle event {'msg': 'training model with 8 workers on 4 vocabulary and 128 features, using sg=1 hs=1 sample=0.001 negative=5 window=10 shrink_windows=True', 'datetime': '2023-08-02T05:30:43.558917', 'gensim': '4.3.1', 'python': '3.10.9 (main, Mar  1 2023, 18:23:06) [GCC 11.2.0]', 'platform': 'Linux-5.15.90.1-microsoft-standard-WSL2-x86_64-with-glibc2.35', 'event': 'train'}
2023-08-02 05:30:43,560 {'uri': 'random_walks.txt', 'mode': 'rb', 'buffering': -1, 'encoding': None, 'errors': None, 'newline': None, 'closefd': True, 'opener': None, 'compression': 'infer_from_extension', 'transport_params': None}
2023-08-02 05:30:43,560 job loop exiting, total 1 jobs
2023-08-02 05:30:43,561 worker exiting, processed 0 jobs
2023-08-02 05:30:43,561 worker exiting, processed 0 jobs
2023-08-02 05:30:43,561 worker exiting, processed 0 jobs
2023-08-02 05:30:43,561 worker exiting, processed 0 jobs
2023-08-02 05:30:43,561 worker exiting, processed 0 jobs
2023-08-02 05:30:43,561 worker exiting, processed 0 jobs
2023-08-02 05:30:43,561 worker exiting, processed 0 jobs
2023-08-02 05:30:43,561 worker thread finished; awaiting finish of 7 more threads
2023-08-02 05:30:43,561 worker exiting, processed 1 jobs
2023-08-02 05:30:43,561 worker thread finished; awaiting finish of 6 more threads
2023-08-02 05:30:43,562 worker thread finished; awaiting finish of 5 more threads
2023-08-02 05:30:43,562 worker thread finished; awaiting finish of 4 more threads
2023-08-02 05:30:43,562 worker thread finished; awaiting finish of 3 more threads
2023-08-02 05:30:43,562 worker thread finished; awaiting finish of 2 more threads
2023-08-02 05:30:43,562 worker thread finished; awaiting finish of 1 more threads
2023-08-02 05:30:43,562 worker thread finished; awaiting finish of 0 more threads
2023-08-02 05:30:43,562 EPOCH 0: training on 3200 raw words (170 effective words) took 0.0s, 89719 effective words/s
2023-08-02 05:30:43,563 {'uri': 'random_walks.txt', 'mode': 'rb', 'buffering': -1, 'encoding': None, 'errors': None, 'newline': None, 'closefd': True, 'opener': None, 'compression': 'infer_from_extension', 'transport_params': None}
2023-08-02 05:30:43,563 job loop exiting, total 1 jobs
2023-08-02 05:30:43,564 worker exiting, processed 0 jobs
2023-08-02 05:30:43,564 worker exiting, processed 0 jobs
2023-08-02 05:30:43,564 worker exiting, processed 0 jobs
2023-08-02 05:30:43,564 worker exiting, processed 0 jobs
2023-08-02 05:30:43,564 worker exiting, processed 0 jobs
2023-08-02 05:30:43,564 worker exiting, processed 0 jobs
2023-08-02 05:30:43,564 worker exiting, processed 0 jobs
2023-08-02 05:30:43,564 worker thread finished; awaiting finish of 7 more threads
2023-08-02 05:30:43,564 worker exiting, processed 1 jobs
2023-08-02 05:30:43,565 worker thread finished; awaiting finish of 6 more threads
2023-08-02 05:30:43,565 worker thread finished; awaiting finish of 5 more threads
2023-08-02 05:30:43,565 worker thread finished; awaiting finish of 4 more threads
2023-08-02 05:30:43,565 worker thread finished; awaiting finish of 3 more threads
2023-08-02 05:30:43,565 worker thread finished; awaiting finish of 2 more threads
2023-08-02 05:30:43,565 worker thread finished; awaiting finish of 1 more threads
2023-08-02 05:30:43,565 worker thread finished; awaiting finish of 0 more threads
2023-08-02 05:30:43,565 EPOCH 1: training on 3200 raw words (222 effective words) took 0.0s, 116578 effective words/s
2023-08-02 05:30:43,566 {'uri': 'random_walks.txt', 'mode': 'rb', 'buffering': -1, 'encoding': None, 'errors': None, 'newline': None, 'closefd': True, 'opener': None, 'compression': 'infer_from_extension', 'transport_params': None}
2023-08-02 05:30:43,566 job loop exiting, total 1 jobs
2023-08-02 05:30:43,567 worker exiting, processed 0 jobs
2023-08-02 05:30:43,567 worker exiting, processed 0 jobs
2023-08-02 05:30:43,567 worker exiting, processed 0 jobs
2023-08-02 05:30:43,567 worker exiting, processed 0 jobs
2023-08-02 05:30:43,567 worker exiting, processed 0 jobs
2023-08-02 05:30:43,567 worker exiting, processed 0 jobs
2023-08-02 05:30:43,567 worker exiting, processed 0 jobs
2023-08-02 05:30:43,567 worker thread finished; awaiting finish of 7 more threads
2023-08-02 05:30:43,568 worker exiting, processed 1 jobs
2023-08-02 05:30:43,568 worker thread finished; awaiting finish of 6 more threads
2023-08-02 05:30:43,568 worker thread finished; awaiting finish of 5 more threads
2023-08-02 05:30:43,568 worker thread finished; awaiting finish of 4 more threads
2023-08-02 05:30:43,568 worker thread finished; awaiting finish of 3 more threads
2023-08-02 05:30:43,568 worker thread finished; awaiting finish of 2 more threads
2023-08-02 05:30:43,568 worker thread finished; awaiting finish of 1 more threads
2023-08-02 05:30:43,568 worker thread finished; awaiting finish of 0 more threads
2023-08-02 05:30:43,568 EPOCH 2: training on 3200 raw words (213 effective words) took 0.0s, 104468 effective words/s
2023-08-02 05:30:43,569 {'uri': 'random_walks.txt', 'mode': 'rb', 'buffering': -1, 'encoding': None, 'errors': None, 'newline': None, 'closefd': True, 'opener': None, 'compression': 'infer_from_extension', 'transport_params': None}
2023-08-02 05:30:43,570 job loop exiting, total 1 jobs
2023-08-02 05:30:43,570 worker exiting, processed 0 jobs
2023-08-02 05:30:43,570 worker exiting, processed 0 jobs
2023-08-02 05:30:43,570 worker exiting, processed 0 jobs
2023-08-02 05:30:43,570 worker exiting, processed 0 jobs
2023-08-02 05:30:43,570 worker exiting, processed 0 jobs
2023-08-02 05:30:43,570 worker exiting, processed 0 jobs
2023-08-02 05:30:43,570 worker exiting, processed 0 jobs
2023-08-02 05:30:43,570 worker thread finished; awaiting finish of 7 more threads
2023-08-02 05:30:43,570 worker exiting, processed 1 jobs
2023-08-02 05:30:43,571 worker thread finished; awaiting finish of 6 more threads
2023-08-02 05:30:43,571 worker thread finished; awaiting finish of 5 more threads
2023-08-02 05:30:43,571 worker thread finished; awaiting finish of 4 more threads
2023-08-02 05:30:43,571 worker thread finished; awaiting finish of 3 more threads
2023-08-02 05:30:43,571 worker thread finished; awaiting finish of 2 more threads
2023-08-02 05:30:43,571 worker thread finished; awaiting finish of 1 more threads
2023-08-02 05:30:43,571 worker thread finished; awaiting finish of 0 more threads
2023-08-02 05:30:43,571 EPOCH 3: training on 3200 raw words (204 effective words) took 0.0s, 116832 effective words/s
2023-08-02 05:30:43,572 {'uri': 'random_walks.txt', 'mode': 'rb', 'buffering': -1, 'encoding': None, 'errors': None, 'newline': None, 'closefd': True, 'opener': None, 'compression': 'infer_from_extension', 'transport_params': None}
2023-08-02 05:30:43,573 job loop exiting, total 1 jobs
2023-08-02 05:30:43,573 worker exiting, processed 0 jobs
2023-08-02 05:30:43,573 worker exiting, processed 0 jobs
2023-08-02 05:30:43,573 worker exiting, processed 0 jobs
2023-08-02 05:30:43,573 worker exiting, processed 0 jobs
2023-08-02 05:30:43,573 worker exiting, processed 0 jobs
2023-08-02 05:30:43,573 worker exiting, processed 0 jobs
2023-08-02 05:30:43,573 worker exiting, processed 0 jobs
2023-08-02 05:30:43,573 worker thread finished; awaiting finish of 7 more threads
2023-08-02 05:30:43,573 worker exiting, processed 1 jobs
2023-08-02 05:30:43,574 worker thread finished; awaiting finish of 6 more threads
2023-08-02 05:30:43,574 worker thread finished; awaiting finish of 5 more threads
2023-08-02 05:30:43,574 worker thread finished; awaiting finish of 4 more threads
2023-08-02 05:30:43,574 worker thread finished; awaiting finish of 3 more threads
2023-08-02 05:30:43,574 worker thread finished; awaiting finish of 2 more threads
2023-08-02 05:30:43,574 worker thread finished; awaiting finish of 1 more threads
2023-08-02 05:30:43,574 worker thread finished; awaiting finish of 0 more threads
2023-08-02 05:30:43,574 EPOCH 4: training on 3200 raw words (214 effective words) took 0.0s, 115432 effective words/s
2023-08-02 05:30:43,574 Word2Vec lifecycle event {'msg': 'training on 16000 raw words (1023 effective words) took 0.0s, 64950 effective words/s', 'datetime': '2023-08-02T05:30:43.574708', 'gensim': '4.3.1', 'python': '3.10.9 (main, Mar  1 2023, 18:23:06) [GCC 11.2.0]', 'platform': 'Linux-5.15.90.1-microsoft-standard-WSL2-x86_64-with-glibc2.35', 'event': 'train'}
2023-08-02 05:30:43,574 Word2Vec lifecycle event {'params': 'Word2Vec<vocab=4, vector_size=128, alpha=0.025>', 'datetime': '2023-08-02T05:30:43.574769', 'gensim': '4.3.1', 'python': '3.10.9 (main, Mar  1 2023, 18:23:06) [GCC 11.2.0]', 'platform': 'Linux-5.15.90.1-microsoft-standard-WSL2-x86_64-with-glibc2.35', 'event': 'created'}
2023-08-02 05:30:43,574 storing 4x128 projection weights into temp_graph.emb
2023-08-02 05:30:43,574 {'uri': 'temp_graph.emb', 'mode': 'wb', 'buffering': -1, 'encoding': None, 'errors': None, 'newline': None, 'closefd': True, 'opener': None, 'compression': 'infer_from_extension', 'transport_params': None}
2023-08-02 05:30:43,575 Representations created.
